{"/home/ncurtis/code/kidsloop/client_integration_layer_backend/cil-lib/src/index.ts":{"path":"/home/ncurtis/code/kidsloop/client_integration_layer_backend/cil-lib/src/index.ts","statementMap":{"0":{"start":{"line":2,"column":22},"end":{"line":8,"column":3}},"1":{"start":{"line":3,"column":4},"end":{"line":3,"column":33}},"2":{"start":{"line":3,"column":26},"end":{"line":3,"column":33}},"3":{"start":{"line":4,"column":4},"end":{"line":4,"column":89}},"4":{"start":{"line":4,"column":71},"end":{"line":4,"column":83}},"5":{"start":{"line":6,"column":4},"end":{"line":6,"column":33}},"6":{"start":{"line":6,"column":26},"end":{"line":6,"column":33}},"7":{"start":{"line":7,"column":4},"end":{"line":7,"column":17}},"8":{"start":{"line":9,"column":25},"end":{"line":13,"column":2}},"9":{"start":{"line":10,"column":4},"end":{"line":10,"column":72}},"10":{"start":{"line":12,"column":4},"end":{"line":12,"column":21}},"11":{"start":{"line":14,"column":19},"end":{"line":16,"column":1}},"12":{"start":{"line":15,"column":4},"end":{"line":15,"column":126}},"13":{"start":{"line":15,"column":21},"end":{"line":15,"column":126}},"14":{"start":{"line":15,"column":95},"end":{"line":15,"column":126}},"15":{"start":{"line":17,"column":19},"end":{"line":23,"column":1}},"16":{"start":{"line":18,"column":4},"end":{"line":18,"column":42}},"17":{"start":{"line":18,"column":31},"end":{"line":18,"column":42}},"18":{"start":{"line":19,"column":17},"end":{"line":19,"column":19}},"19":{"start":{"line":20,"column":4},"end":{"line":20,"column":141}},"20":{"start":{"line":20,"column":21},"end":{"line":20,"column":141}},"21":{"start":{"line":20,"column":40},"end":{"line":20,"column":141}},"22":{"start":{"line":20,"column":109},"end":{"line":20,"column":141}},"23":{"start":{"line":21,"column":4},"end":{"line":21,"column":36}},"24":{"start":{"line":22,"column":4},"end":{"line":22,"column":18}},"25":{"start":{"line":24,"column":0},"end":{"line":24,"column":62}},"26":{"start":{"line":25,"column":0},"end":{"line":25,"column":77}},"27":{"start":{"line":26,"column":0},"end":{"line":26,"column":49}},"28":{"start":{"line":27,"column":0},"end":{"line":27,"column":47}},"29":{"start":{"line":28,"column":0},"end":{"line":28,"column":54}},"30":{"start":{"line":29,"column":0},"end":{"line":29,"column":46}},"31":{"start":{"line":30,"column":0},"end":{"line":30,"column":51}},"32":{"start":{"line":31,"column":0},"end":{"line":31,"column":46}},"33":{"start":{"line":32,"column":0},"end":{"line":32,"column":46}},"34":{"start":{"line":33,"column":0},"end":{"line":33,"column":49}},"35":{"start":{"line":34,"column":14},"end":{"line":34,"column":36}},"36":{"start":{"line":35,"column":0},"end":{"line":35,"column":102}},"37":{"start":{"line":35,"column":77},"end":{"line":35,"column":96}},"38":{"start":{"line":36,"column":15},"end":{"line":36,"column":40}},"39":{"start":{"line":37,"column":0},"end":{"line":37,"column":109}},"40":{"start":{"line":37,"column":80},"end":{"line":37,"column":103}},"41":{"start":{"line":38,"column":0},"end":{"line":38,"column":121}},"42":{"start":{"line":38,"column":86},"end":{"line":38,"column":115}}},"fnMap":{"0":{"name":"(anonymous_0)","decl":{"start":{"line":2,"column":74},"end":{"line":2,"column":75}},"loc":{"start":{"line":2,"column":96},"end":{"line":5,"column":1}},"line":2},"1":{"name":"(anonymous_1)","decl":{"start":{"line":4,"column":58},"end":{"line":4,"column":59}},"loc":{"start":{"line":4,"column":69},"end":{"line":4,"column":85}},"line":4},"2":{"name":"(anonymous_2)","decl":{"start":{"line":5,"column":6},"end":{"line":5,"column":7}},"loc":{"start":{"line":5,"column":28},"end":{"line":8,"column":1}},"line":5},"3":{"name":"(anonymous_3)","decl":{"start":{"line":9,"column":80},"end":{"line":9,"column":81}},"loc":{"start":{"line":9,"column":95},"end":{"line":11,"column":1}},"line":9},"4":{"name":"(anonymous_4)","decl":{"start":{"line":11,"column":5},"end":{"line":11,"column":6}},"loc":{"start":{"line":11,"column":20},"end":{"line":13,"column":1}},"line":11},"5":{"name":"(anonymous_5)","decl":{"start":{"line":14,"column":50},"end":{"line":14,"column":51}},"loc":{"start":{"line":14,"column":71},"end":{"line":16,"column":1}},"line":14},"6":{"name":"(anonymous_6)","decl":{"start":{"line":17,"column":50},"end":{"line":17,"column":51}},"loc":{"start":{"line":17,"column":65},"end":{"line":23,"column":1}},"line":17},"7":{"name":"(anonymous_7)","decl":{"start":{"line":35,"column":63},"end":{"line":35,"column":64}},"loc":{"start":{"line":35,"column":75},"end":{"line":35,"column":98}},"line":35},"8":{"name":"(anonymous_8)","decl":{"start":{"line":37,"column":66},"end":{"line":37,"column":67}},"loc":{"start":{"line":37,"column":78},"end":{"line":37,"column":105}},"line":37},"9":{"name":"(anonymous_9)","decl":{"start":{"line":38,"column":72},"end":{"line":38,"column":73}},"loc":{"start":{"line":38,"column":84},"end":{"line":38,"column":117}},"line":38}},"branchMap":{"0":{"loc":{"start":{"line":2,"column":22},"end":{"line":8,"column":3}},"type":"binary-expr","locations":[{"start":{"line":2,"column":23},"end":{"line":2,"column":27}},{"start":{"line":2,"column":31},"end":{"line":2,"column":51}},{"start":{"line":2,"column":57},"end":{"line":8,"column":2}}],"line":2},"1":{"loc":{"start":{"line":2,"column":57},"end":{"line":8,"column":2}},"type":"cond-expr","locations":[{"start":{"line":2,"column":74},"end":{"line":5,"column":1}},{"start":{"line":5,"column":6},"end":{"line":8,"column":1}}],"line":2},"2":{"loc":{"start":{"line":3,"column":4},"end":{"line":3,"column":33}},"type":"if","locations":[{"start":{"line":3,"column":4},"end":{"line":3,"column":33}},{"start":{"line":3,"column":4},"end":{"line":3,"column":33}}],"line":3},"3":{"loc":{"start":{"line":6,"column":4},"end":{"line":6,"column":33}},"type":"if","locations":[{"start":{"line":6,"column":4},"end":{"line":6,"column":33}},{"start":{"line":6,"column":4},"end":{"line":6,"column":33}}],"line":6},"4":{"loc":{"start":{"line":9,"column":25},"end":{"line":13,"column":2}},"type":"binary-expr","locations":[{"start":{"line":9,"column":26},"end":{"line":9,"column":30}},{"start":{"line":9,"column":34},"end":{"line":9,"column":57}},{"start":{"line":9,"column":63},"end":{"line":13,"column":1}}],"line":9},"5":{"loc":{"start":{"line":9,"column":63},"end":{"line":13,"column":1}},"type":"cond-expr","locations":[{"start":{"line":9,"column":80},"end":{"line":11,"column":1}},{"start":{"line":11,"column":5},"end":{"line":13,"column":1}}],"line":9},"6":{"loc":{"start":{"line":14,"column":19},"end":{"line":16,"column":1}},"type":"binary-expr","locations":[{"start":{"line":14,"column":20},"end":{"line":14,"column":24}},{"start":{"line":14,"column":28},"end":{"line":14,"column":45}},{"start":{"line":14,"column":50},"end":{"line":16,"column":1}}],"line":14},"7":{"loc":{"start":{"line":15,"column":21},"end":{"line":15,"column":126}},"type":"if","locations":[{"start":{"line":15,"column":21},"end":{"line":15,"column":126}},{"start":{"line":15,"column":21},"end":{"line":15,"column":126}}],"line":15},"8":{"loc":{"start":{"line":15,"column":25},"end":{"line":15,"column":93}},"type":"binary-expr","locations":[{"start":{"line":15,"column":25},"end":{"line":15,"column":40}},{"start":{"line":15,"column":44},"end":{"line":15,"column":93}}],"line":15},"9":{"loc":{"start":{"line":17,"column":19},"end":{"line":23,"column":1}},"type":"binary-expr","locations":[{"start":{"line":17,"column":20},"end":{"line":17,"column":24}},{"start":{"line":17,"column":28},"end":{"line":17,"column":45}},{"start":{"line":17,"column":50},"end":{"line":23,"column":1}}],"line":17},"10":{"loc":{"start":{"line":18,"column":4},"end":{"line":18,"column":42}},"type":"if","locations":[{"start":{"line":18,"column":4},"end":{"line":18,"column":42}},{"start":{"line":18,"column":4},"end":{"line":18,"column":42}}],"line":18},"11":{"loc":{"start":{"line":18,"column":8},"end":{"line":18,"column":29}},"type":"binary-expr","locations":[{"start":{"line":18,"column":8},"end":{"line":18,"column":11}},{"start":{"line":18,"column":15},"end":{"line":18,"column":29}}],"line":18},"12":{"loc":{"start":{"line":20,"column":4},"end":{"line":20,"column":141}},"type":"if","locations":[{"start":{"line":20,"column":4},"end":{"line":20,"column":141}},{"start":{"line":20,"column":4},"end":{"line":20,"column":141}}],"line":20},"13":{"loc":{"start":{"line":20,"column":40},"end":{"line":20,"column":141}},"type":"if","locations":[{"start":{"line":20,"column":40},"end":{"line":20,"column":141}},{"start":{"line":20,"column":40},"end":{"line":20,"column":141}}],"line":20},"14":{"loc":{"start":{"line":20,"column":44},"end":{"line":20,"column":107}},"type":"binary-expr","locations":[{"start":{"line":20,"column":44},"end":{"line":20,"column":59}},{"start":{"line":20,"column":63},"end":{"line":20,"column":107}}],"line":20}},"s":{"0":1,"1":31,"2":31,"3":31,"4":254,"5":0,"6":0,"7":0,"8":1,"9":0,"10":0,"11":1,"12":7,"13":32,"14":31,"15":1,"16":1,"17":1,"18":0,"19":0,"20":0,"21":0,"22":0,"23":0,"24":0,"25":1,"26":1,"27":1,"28":1,"29":1,"30":1,"31":1,"32":1,"33":1,"34":1,"35":1,"36":1,"37":6,"38":1,"39":1,"40":0,"41":1,"42":0},"f":{"0":31,"1":254,"2":0,"3":0,"4":0,"5":7,"6":1,"7":6,"8":0,"9":0},"b":{"0":[1,1,1],"1":[1,0],"2":[31,0],"3":[0,0],"4":[1,1,1],"5":[1,0],"6":[1,1,1],"7":[31,1],"8":[32,32],"9":[1,1,1],"10":[1,0],"11":[1,1],"12":[0,0],"13":[0,0],"14":[0,0]},"inputSourceMap":{"version":3,"file":"/home/ncurtis/code/kidsloop/client_integration_layer_backend/cil-lib/src/index.ts","sources":["/home/ncurtis/code/kidsloop/client_integration_layer_backend/cil-lib/src/index.ts"],"names":[],"mappings":";;;;;;;;;;;;;;;;;;;;;;;;;AAAA,iDAA+B;AAC/B,+CAA6B;AAC7B,sDAAsC;AACtC,8CAA4B;AAC5B,mDAAiC;AACjC,8CAA4B;AAC5B,8CAA4B;AAC5B,iDAA+B;AAC/B,qCAAkC;AAAzB,4FAAA,GAAG,OAAA;AACZ,yCAAsD;AAA7C,gGAAA,MAAM,OAAA;AAAE,sGAAA,YAAY,OAAA","sourcesContent":["export * from './lib/entities';\nexport * from './lib/errors';\nexport * as proto from './lib/protos';\nexport * from './lib/redis';\nexport * from './lib/validation';\nexport * from './lib/utils';\nexport * from './lib/types';\nexport * from './lib/services';\nexport { log } from './lib/utils';\nexport { Prisma, PrismaClient } from '@prisma/client';\n"]},"_coverageSchema":"1a1c01bbd47fc00a2c39e90264f33305004495a9","hash":"4fba96d597ce4979237ce4b50113fca6437df31e"},"/home/ncurtis/code/kidsloop/client_integration_layer_backend/cil-lib/src/lib/entities/index.ts":{"path":"/home/ncurtis/code/kidsloop/client_integration_layer_backend/cil-lib/src/lib/entities/index.ts","statementMap":{"0":{"start":{"line":2,"column":0},"end":{"line":2,"column":62}},"1":{"start":{"line":3,"column":0},"end":{"line":3,"column":111}},"2":{"start":{"line":4,"column":21},"end":{"line":4,"column":46}},"3":{"start":{"line":5,"column":0},"end":{"line":5,"column":127}},"4":{"start":{"line":5,"column":86},"end":{"line":5,"column":121}},"5":{"start":{"line":6,"column":15},"end":{"line":6,"column":34}},"6":{"start":{"line":7,"column":0},"end":{"line":7,"column":109}},"7":{"start":{"line":7,"column":80},"end":{"line":7,"column":103}},"8":{"start":{"line":8,"column":14},"end":{"line":8,"column":32}},"9":{"start":{"line":9,"column":0},"end":{"line":9,"column":106}},"10":{"start":{"line":9,"column":79},"end":{"line":9,"column":100}},"11":{"start":{"line":10,"column":13},"end":{"line":10,"column":30}},"12":{"start":{"line":11,"column":0},"end":{"line":11,"column":103}},"13":{"start":{"line":11,"column":78},"end":{"line":11,"column":97}},"14":{"start":{"line":12,"column":16},"end":{"line":12,"column":36}},"15":{"start":{"line":13,"column":0},"end":{"line":13,"column":112}},"16":{"start":{"line":13,"column":81},"end":{"line":13,"column":106}},"17":{"start":{"line":14,"column":13},"end":{"line":14,"column":30}},"18":{"start":{"line":15,"column":0},"end":{"line":15,"column":103}},"19":{"start":{"line":15,"column":78},"end":{"line":15,"column":97}}},"fnMap":{"0":{"name":"(anonymous_0)","decl":{"start":{"line":5,"column":72},"end":{"line":5,"column":73}},"loc":{"start":{"line":5,"column":84},"end":{"line":5,"column":123}},"line":5},"1":{"name":"(anonymous_1)","decl":{"start":{"line":7,"column":66},"end":{"line":7,"column":67}},"loc":{"start":{"line":7,"column":78},"end":{"line":7,"column":105}},"line":7},"2":{"name":"(anonymous_2)","decl":{"start":{"line":9,"column":65},"end":{"line":9,"column":66}},"loc":{"start":{"line":9,"column":77},"end":{"line":9,"column":102}},"line":9},"3":{"name":"(anonymous_3)","decl":{"start":{"line":11,"column":64},"end":{"line":11,"column":65}},"loc":{"start":{"line":11,"column":76},"end":{"line":11,"column":99}},"line":11},"4":{"name":"(anonymous_4)","decl":{"start":{"line":13,"column":67},"end":{"line":13,"column":68}},"loc":{"start":{"line":13,"column":79},"end":{"line":13,"column":108}},"line":13},"5":{"name":"(anonymous_5)","decl":{"start":{"line":15,"column":64},"end":{"line":15,"column":65}},"loc":{"start":{"line":15,"column":76},"end":{"line":15,"column":99}},"line":15}},"branchMap":{},"s":{"0":1,"1":1,"2":1,"3":1,"4":11,"5":1,"6":1,"7":0,"8":1,"9":1,"10":0,"11":1,"12":1,"13":0,"14":1,"15":1,"16":0,"17":1,"18":1,"19":0},"f":{"0":11,"1":0,"2":0,"3":0,"4":0,"5":0},"b":{},"inputSourceMap":{"version":3,"file":"/home/ncurtis/code/kidsloop/client_integration_layer_backend/cil-lib/src/lib/entities/index.ts","sources":["/home/ncurtis/code/kidsloop/client_integration_layer_backend/cil-lib/src/lib/entities/index.ts"],"names":[],"mappings":";;;AAAA,+CAA8C;AAArC,4GAAA,YAAY,OAAA;AACrB,mCAAkC;AAAzB,gGAAA,MAAM,OAAA;AACf,iCAAgC;AAAvB,8FAAA,KAAK,OAAA;AACd,+BAA8B;AAArB,4FAAA,IAAI,OAAA;AACb,qCAAoC;AAA3B,kGAAA,OAAO,OAAA;AAChB,+BAA8B;AAArB,4FAAA,IAAI,OAAA","sourcesContent":["export { Organization } from './organization';\nexport { School } from './school';\nexport { Class } from './class';\nexport { User } from './user';\nexport { Program } from './program';\nexport { Role } from './role';\n"]},"_coverageSchema":"1a1c01bbd47fc00a2c39e90264f33305004495a9","hash":"e18434ff39033f357626265170745dbf6d5b4f11"},"/home/ncurtis/code/kidsloop/client_integration_layer_backend/cil-lib/src/lib/entities/organization.ts":{"path":"/home/ncurtis/code/kidsloop/client_integration_layer_backend/cil-lib/src/lib/entities/organization.ts","statementMap":{"0":{"start":{"line":2,"column":0},"end":{"line":2,"column":62}},"1":{"start":{"line":3,"column":0},"end":{"line":3,"column":30}},"2":{"start":{"line":4,"column":17},"end":{"line":4,"column":42}},"3":{"start":{"line":5,"column":17},"end":{"line":5,"column":37}},"4":{"start":{"line":6,"column":23},"end":{"line":6,"column":58}},"5":{"start":{"line":7,"column":16},"end":{"line":7,"column":35}},"6":{"start":{"line":8,"column":18},"end":{"line":8,"column":38}},"7":{"start":{"line":9,"column":15},"end":{"line":9,"column":32}},"8":{"start":{"line":10,"column":15},"end":{"line":10,"column":42}},"9":{"start":{"line":13,"column":8},"end":{"line":21,"column":9}},"10":{"start":{"line":14,"column":12},"end":{"line":16,"column":15}},"11":{"start":{"line":19,"column":24},"end":{"line":19,"column":80}},"12":{"start":{"line":20,"column":12},"end":{"line":20,"column":184}},"13":{"start":{"line":24,"column":8},"end":{"line":37,"column":9}},"14":{"start":{"line":25,"column":24},"end":{"line":29,"column":14}},"15":{"start":{"line":30,"column":12},"end":{"line":31,"column":75}},"16":{"start":{"line":31,"column":16},"end":{"line":31,"column":75}},"17":{"start":{"line":32,"column":12},"end":{"line":32,"column":23}},"18":{"start":{"line":35,"column":24},"end":{"line":35,"column":80}},"19":{"start":{"line":36,"column":12},"end":{"line":36,"column":158}},"20":{"start":{"line":40,"column":8},"end":{"line":56,"column":9}},"21":{"start":{"line":41,"column":27},"end":{"line":48,"column":14}},"22":{"start":{"line":49,"column":12},"end":{"line":50,"column":28}},"23":{"start":{"line":50,"column":16},"end":{"line":50,"column":28}},"24":{"start":{"line":51,"column":12},"end":{"line":51,"column":71}},"25":{"start":{"line":54,"column":24},"end":{"line":54,"column":80}},"26":{"start":{"line":55,"column":12},"end":{"line":55,"column":83}},"27":{"start":{"line":59,"column":8},"end":{"line":75,"column":9}},"28":{"start":{"line":60,"column":27},"end":{"line":67,"column":14}},"29":{"start":{"line":68,"column":12},"end":{"line":69,"column":37}},"30":{"start":{"line":69,"column":16},"end":{"line":69,"column":37}},"31":{"start":{"line":70,"column":12},"end":{"line":70,"column":71}},"32":{"start":{"line":73,"column":24},"end":{"line":73,"column":80}},"33":{"start":{"line":74,"column":12},"end":{"line":74,"column":90}},"34":{"start":{"line":78,"column":8},"end":{"line":98,"column":9}},"35":{"start":{"line":79,"column":29},"end":{"line":90,"column":14}},"36":{"start":{"line":91,"column":12},"end":{"line":92,"column":75}},"37":{"start":{"line":92,"column":16},"end":{"line":92,"column":75}},"38":{"start":{"line":93,"column":12},"end":{"line":93,"column":58}},"39":{"start":{"line":93,"column":48},"end":{"line":93,"column":56}},"40":{"start":{"line":96,"column":24},"end":{"line":96,"column":80}},"41":{"start":{"line":97,"column":12},"end":{"line":97,"column":162}},"42":{"start":{"line":101,"column":30},"end":{"line":101,"column":81}},"43":{"start":{"line":102,"column":32},"end":{"line":102,"column":34}},"44":{"start":{"line":103,"column":8},"end":{"line":106,"column":9}},"45":{"start":{"line":104,"column":12},"end":{"line":105,"column":46}},"46":{"start":{"line":105,"column":16},"end":{"line":105,"column":46}},"47":{"start":{"line":107,"column":8},"end":{"line":108,"column":281}},"48":{"start":{"line":108,"column":12},"end":{"line":108,"column":281}},"49":{"start":{"line":111,"column":8},"end":{"line":131,"column":9}},"50":{"start":{"line":112,"column":26},"end":{"line":123,"column":14}},"51":{"start":{"line":124,"column":12},"end":{"line":125,"column":75}},"52":{"start":{"line":125,"column":16},"end":{"line":125,"column":75}},"53":{"start":{"line":126,"column":12},"end":{"line":126,"column":52}},"54":{"start":{"line":126,"column":42},"end":{"line":126,"column":50}},"55":{"start":{"line":129,"column":24},"end":{"line":129,"column":80}},"56":{"start":{"line":130,"column":12},"end":{"line":130,"column":159}},"57":{"start":{"line":134,"column":8},"end":{"line":155,"column":9}},"58":{"start":{"line":135,"column":26},"end":{"line":135,"column":73}},"59":{"start":{"line":136,"column":43},"end":{"line":136,"column":46}},"60":{"start":{"line":137,"column":27},"end":{"line":137,"column":65}},"61":{"start":{"line":138,"column":35},"end":{"line":138,"column":69}},"62":{"start":{"line":139,"column":32},"end":{"line":139,"column":63}},"63":{"start":{"line":140,"column":35},"end":{"line":140,"column":83}},"64":{"start":{"line":141,"column":32},"end":{"line":141,"column":77}},"65":{"start":{"line":142,"column":33},"end":{"line":142,"column":70}},"66":{"start":{"line":143,"column":30},"end":{"line":143,"column":61}},"67":{"start":{"line":144,"column":12},"end":{"line":148,"column":20}},"68":{"start":{"line":149,"column":12},"end":{"line":149,"column":80}},"69":{"start":{"line":150,"column":12},"end":{"line":150,"column":71}},"70":{"start":{"line":153,"column":24},"end":{"line":153,"column":80}},"71":{"start":{"line":154,"column":12},"end":{"line":154,"column":118}},"72":{"start":{"line":158,"column":0},"end":{"line":158,"column":36}},"73":{"start":{"line":159,"column":0},"end":{"line":159,"column":50}}},"fnMap":{"0":{"name":"(anonymous_0)","decl":{"start":{"line":12,"column":4},"end":{"line":12,"column":5}},"loc":{"start":{"line":12,"column":46},"end":{"line":22,"column":5}},"line":12},"1":{"name":"(anonymous_1)","decl":{"start":{"line":23,"column":4},"end":{"line":23,"column":5}},"loc":{"start":{"line":23,"column":34},"end":{"line":38,"column":5}},"line":23},"2":{"name":"(anonymous_2)","decl":{"start":{"line":39,"column":4},"end":{"line":39,"column":5}},"loc":{"start":{"line":39,"column":34},"end":{"line":57,"column":5}},"line":39},"3":{"name":"(anonymous_3)","decl":{"start":{"line":58,"column":4},"end":{"line":58,"column":5}},"loc":{"start":{"line":58,"column":32},"end":{"line":76,"column":5}},"line":58},"4":{"name":"(anonymous_4)","decl":{"start":{"line":77,"column":4},"end":{"line":77,"column":5}},"loc":{"start":{"line":77,"column":38},"end":{"line":99,"column":5}},"line":77},"5":{"name":"(anonymous_5)","decl":{"start":{"line":93,"column":41},"end":{"line":93,"column":42}},"loc":{"start":{"line":93,"column":48},"end":{"line":93,"column":56}},"line":93},"6":{"name":"(anonymous_6)","decl":{"start":{"line":100,"column":4},"end":{"line":100,"column":5}},"loc":{"start":{"line":100,"column":56},"end":{"line":109,"column":5}},"line":100},"7":{"name":"(anonymous_7)","decl":{"start":{"line":110,"column":4},"end":{"line":110,"column":5}},"loc":{"start":{"line":110,"column":35},"end":{"line":132,"column":5}},"line":110},"8":{"name":"(anonymous_8)","decl":{"start":{"line":126,"column":35},"end":{"line":126,"column":36}},"loc":{"start":{"line":126,"column":42},"end":{"line":126,"column":50}},"line":126},"9":{"name":"(anonymous_9)","decl":{"start":{"line":133,"column":4},"end":{"line":133,"column":5}},"loc":{"start":{"line":133,"column":50},"end":{"line":156,"column":5}},"line":133}},"branchMap":{"0":{"loc":{"start":{"line":30,"column":12},"end":{"line":31,"column":75}},"type":"if","locations":[{"start":{"line":30,"column":12},"end":{"line":31,"column":75}},{"start":{"line":30,"column":12},"end":{"line":31,"column":75}}],"line":30},"1":{"loc":{"start":{"line":49,"column":12},"end":{"line":50,"column":28}},"type":"if","locations":[{"start":{"line":49,"column":12},"end":{"line":50,"column":28}},{"start":{"line":49,"column":12},"end":{"line":50,"column":28}}],"line":49},"2":{"loc":{"start":{"line":68,"column":12},"end":{"line":69,"column":37}},"type":"if","locations":[{"start":{"line":68,"column":12},"end":{"line":69,"column":37}},{"start":{"line":68,"column":12},"end":{"line":69,"column":37}}],"line":68},"3":{"loc":{"start":{"line":68,"column":16},"end":{"line":68,"column":39}},"type":"binary-expr","locations":[{"start":{"line":68,"column":16},"end":{"line":68,"column":22}},{"start":{"line":68,"column":26},"end":{"line":68,"column":39}}],"line":68},"4":{"loc":{"start":{"line":91,"column":12},"end":{"line":92,"column":75}},"type":"if","locations":[{"start":{"line":91,"column":12},"end":{"line":92,"column":75}},{"start":{"line":91,"column":12},"end":{"line":92,"column":75}}],"line":91},"5":{"loc":{"start":{"line":104,"column":12},"end":{"line":105,"column":46}},"type":"if","locations":[{"start":{"line":104,"column":12},"end":{"line":105,"column":46}},{"start":{"line":104,"column":12},"end":{"line":105,"column":46}}],"line":104},"6":{"loc":{"start":{"line":107,"column":8},"end":{"line":108,"column":281}},"type":"if","locations":[{"start":{"line":107,"column":8},"end":{"line":108,"column":281}},{"start":{"line":107,"column":8},"end":{"line":108,"column":281}}],"line":107},"7":{"loc":{"start":{"line":124,"column":12},"end":{"line":125,"column":75}},"type":"if","locations":[{"start":{"line":124,"column":12},"end":{"line":125,"column":75}},{"start":{"line":124,"column":12},"end":{"line":125,"column":75}}],"line":124}},"s":{"0":1,"1":1,"2":1,"3":1,"4":1,"5":1,"6":1,"7":1,"8":1,"9":0,"10":0,"11":0,"12":0,"13":0,"14":0,"15":0,"16":0,"17":0,"18":0,"19":0,"20":0,"21":0,"22":0,"23":0,"24":0,"25":0,"26":0,"27":0,"28":0,"29":0,"30":0,"31":0,"32":0,"33":0,"34":0,"35":0,"36":0,"37":0,"38":0,"39":0,"40":0,"41":0,"42":0,"43":0,"44":0,"45":0,"46":0,"47":0,"48":0,"49":0,"50":0,"51":0,"52":0,"53":0,"54":0,"55":0,"56":0,"57":0,"58":0,"59":0,"60":0,"61":0,"62":0,"63":0,"64":0,"65":0,"66":0,"67":0,"68":0,"69":0,"70":0,"71":0,"72":1,"73":1},"f":{"0":0,"1":0,"2":0,"3":0,"4":0,"5":0,"6":0,"7":0,"8":0,"9":0},"b":{"0":[0,0],"1":[0,0],"2":[0,0],"3":[0,0],"4":[0,0],"5":[0,0],"6":[0,0],"7":[0,0]},"inputSourceMap":{"version":3,"file":"/home/ncurtis/code/kidsloop/client_integration_layer_backend/cil-lib/src/lib/entities/organization.ts","sources":["/home/ncurtis/code/kidsloop/client_integration_layer_backend/cil-lib/src/lib/entities/organization.ts"],"names":[],"mappings":";;;AAAA,2CAA6E;AAG7E,sCAQmB;AAEnB,2DAAwD;AACxD,oCAAkC;AAGlC,uCAAoC;AACpC,iCAA8B;AAE9B,MAAM,MAAM,GAAG,IAAI,qBAAY,EAAE,CAAC;AAElC,MAAa,YAAY;IAGhB,MAAM,CAAC,KAAK,CAAC,SAAS,CAC3B,YAA4C,EAC5C,GAAW;QAEX,IAAI;YACF,MAAM,MAAM,CAAC,YAAY,CAAC,MAAM,CAAC;gBAC/B,IAAI,EAAE,YAAY;aACnB,CAAC,CAAC;SACJ;QAAC,OAAO,KAAK,EAAE;YACd,MAAM,GAAG,GAAG,IAAA,4CAAmC,EAAC,KAAK,CAAC,CAAC;YACvD,MAAM,IAAI,wBAAe,CACvB,qBAAY,CAAC,KAAK,EAClB,GAAG,EACH,iBAAQ,CAAC,QAAQ,EACjB,GAAG,EACH,EAAE,EACF,EAAE,QAAQ,EAAE,YAAY,CAAC,YAAY,EAAE,SAAS,EAAE,YAAY,EAAE,CACjE,CAAC;SACH;IACH,CAAC;IAEM,MAAM,CAAC,KAAK,CAAC,OAAO,CAAC,EAAgB,EAAE,GAAW;QACvD,IAAI;YACF,MAAM,GAAG,GAAG,MAAM,MAAM,CAAC,YAAY,CAAC,UAAU,CAAC;gBAC/C,KAAK,EAAE;oBACL,YAAY,EAAE,EAAE;iBACjB;aACF,CAAC,CAAC;YACH,IAAI,CAAC,GAAG;gBAAE,MAAM,IAAA,yBAAgB,EAAC,EAAE,EAAE,IAAI,CAAC,MAAM,EAAE,GAAG,CAAC,CAAC;YACvD,OAAO,GAAG,CAAC;SACZ;QAAC,OAAO,KAAK,EAAE;YACd,MAAM,GAAG,GAAG,IAAA,4CAAmC,EAAC,KAAK,CAAC,CAAC;YACvD,MAAM,IAAI,wBAAe,CACvB,qBAAY,CAAC,IAAI,EACjB,GAAG,EACH,iBAAQ,CAAC,QAAQ,EACjB,GAAG,EACH,EAAE,EACF,EAAE,QAAQ,EAAE,EAAE,EAAE,SAAS,EAAE,UAAU,EAAE,CACxC,CAAC;SACH;IACH,CAAC;IAEM,MAAM,CAAC,KAAK,CAAC,OAAO,CAAC,EAAgB,EAAE,GAAW;QACvD,IAAI;YACF,MAAM,MAAM,GAAG,MAAM,MAAM,CAAC,YAAY,CAAC,UAAU,CAAC;gBAClD,KAAK,EAAE;oBACL,YAAY,EAAE,EAAE;iBACjB;gBACD,MAAM,EAAE;oBACN,YAAY,EAAE,IAAI;iBACnB;aACF,CAAC,CAAC;YACH,IAAI,MAAM;gBAAE,OAAO,IAAI,CAAC;YACxB,MAAM,IAAA,yBAAgB,EAAC,EAAE,EAAE,IAAI,CAAC,MAAM,EAAE,GAAG,CAAC,CAAC;SAC9C;QAAC,OAAO,KAAK,EAAE;YACd,MAAM,GAAG,GAAG,IAAA,4CAAmC,EAAC,KAAK,CAAC,CAAC;YACvD,MAAM,IAAA,gCAAuB,EAAC,EAAE,EAAE,IAAI,CAAC,MAAM,EAAE,GAAG,EAAE,GAAG,CAAC,CAAC;SAC1D;IACH,CAAC;IAEM,MAAM,CAAC,KAAK,CAAC,KAAK,CAAC,EAAgB,EAAE,GAAW;QACrD,IAAI;YACF,MAAM,MAAM,GAAG,MAAM,MAAM,CAAC,YAAY,CAAC,UAAU,CAAC;gBAClD,KAAK,EAAE;oBACL,YAAY,EAAE,EAAE;iBACjB;gBACD,MAAM,EAAE;oBACN,MAAM,EAAE,IAAI;iBACb;aACF,CAAC,CAAC;YACH,IAAI,MAAM,IAAI,MAAM,CAAC,MAAM;gBAAE,OAAO,MAAM,CAAC,MAAM,CAAC;YAClD,MAAM,IAAA,yBAAgB,EAAC,EAAE,EAAE,IAAI,CAAC,MAAM,EAAE,GAAG,CAAC,CAAC;SAC9C;QAAC,OAAO,KAAK,EAAE;YACd,MAAM,GAAG,GAAG,IAAA,4CAAmC,EAAC,KAAK,CAAC,CAAC;YACvD,MAAM,IAAA,uCAA8B,EAAC,EAAE,EAAE,IAAI,CAAC,MAAM,EAAE,GAAG,EAAE,GAAG,CAAC,CAAC;SACjE;IACH,CAAC;IAEM,MAAM,CAAC,KAAK,CAAC,WAAW,CAC7B,EAAgB,EAChB,GAAW;QAEX,IAAI;YACF,MAAM,QAAQ,GAAG,MAAM,MAAM,CAAC,YAAY,CAAC,UAAU,CAAC;gBACpD,KAAK,EAAE;oBACL,YAAY,EAAE,EAAE;iBACjB;gBACD,MAAM,EAAE;oBACN,QAAQ,EAAE;wBACR,MAAM,EAAE;4BACN,MAAM,EAAE,IAAI;yBACb;qBACF;iBACF;aACF,CAAC,CAAC;YACH,IAAI,CAAC,QAAQ;gBAAE,MAAM,IAAA,yBAAgB,EAAC,EAAE,EAAE,IAAI,CAAC,MAAM,EAAE,GAAG,CAAC,CAAC;YAC5D,OAAO,QAAQ,CAAC,QAAQ,CAAC,GAAG,CAAC,CAAC,CAAC,EAAE,EAAE,CAAC,CAAC,CAAC,MAAM,CAAC,CAAC;SAC/C;QAAC,OAAO,KAAK,EAAE;YACd,MAAM,GAAG,GAAG,IAAA,4CAAmC,EAAC,KAAK,CAAC,CAAC;YACvD,MAAM,IAAI,wBAAe,CACvB,qBAAY,CAAC,IAAI,EACjB,GAAG,EACH,iBAAQ,CAAC,QAAQ,EACjB,GAAG,EACH,EAAE,EACF,EAAE,QAAQ,EAAE,EAAE,EAAE,SAAS,EAAE,cAAc,EAAE,CAC5C,CAAC;SACH;IACH,CAAC;IAEM,MAAM,CAAC,KAAK,CAAC,gBAAgB,CAClC,KAAmB,EACnB,QAAwB,EACxB,GAAW;QAEX,MAAM,aAAa,GAAG,IAAI,GAAG,CAAC,MAAM,YAAY,CAAC,WAAW,CAAC,KAAK,EAAE,GAAG,CAAC,CAAC,CAAC;QAC1E,MAAM,eAAe,GAAG,EAAE,CAAC;QAC3B,KAAK,MAAM,OAAO,IAAI,QAAQ,EAAE;YAC9B,IAAI,CAAC,aAAa,CAAC,GAAG,CAAC,OAAO,CAAC;gBAAE,eAAe,CAAC,IAAI,CAAC,OAAO,CAAC,CAAC;SAChE;QACD,IAAI,eAAe,CAAC,MAAM,GAAG,CAAC;YAC5B,MAAM,IAAI,wBAAe,CACvB,qBAAY,CAAC,UAAU,EACvB,aAAa,eAAe,CAAC,IAAI,CAC/B,IAAI,CACL,0DAA0D,KAAK,EAAE,EAClE,iBAAQ,CAAC,OAAO,EAChB,GAAG,EACH,EAAE,EACF,EAAE,SAAS,EAAE,QAAQ,EAAE,SAAS,EAAE,oBAAoB,EAAE,CACzD,CAAC;IACN,CAAC;IAEM,MAAM,CAAC,KAAK,CAAC,QAAQ,CAC1B,EAAgB,EAChB,GAAW;QAEX,IAAI;YACF,MAAM,KAAK,GAAG,MAAM,MAAM,CAAC,YAAY,CAAC,UAAU,CAAC;gBACjD,KAAK,EAAE;oBACL,YAAY,EAAE,EAAE;iBACjB;gBACD,MAAM,EAAE;oBACN,KAAK,EAAE;wBACL,MAAM,EAAE;4BACN,MAAM,EAAE,IAAI;yBACb;qBACF;iBACF;aACF,CAAC,CAAC;YACH,IAAI,CAAC,KAAK;gBAAE,MAAM,IAAA,yBAAgB,EAAC,EAAE,EAAE,IAAI,CAAC,MAAM,EAAE,GAAG,CAAC,CAAC;YACzD,OAAO,KAAK,CAAC,KAAK,CAAC,GAAG,CAAC,CAAC,CAAC,EAAE,EAAE,CAAC,CAAC,CAAC,MAAM,CAAC,CAAC;SACzC;QAAC,OAAO,KAAK,EAAE;YACd,MAAM,GAAG,GAAG,IAAA,4CAAmC,EAAC,KAAK,CAAC,CAAC;YACvD,MAAM,IAAI,wBAAe,CACvB,qBAAY,CAAC,IAAI,EACjB,GAAG,EACH,iBAAQ,CAAC,QAAQ,EACjB,GAAG,EACH,EAAE,EACF,EAAE,QAAQ,EAAE,EAAE,EAAE,SAAS,EAAE,WAAW,EAAE,CACzC,CAAC;SACH;IACH,CAAC;IAEM,MAAM,CAAC,KAAK,CAAC,sBAAsB,CACxC,GAAiB,EACjB,GAAW;QAEX,IAAI;YACF,MAAM,KAAK,GAAG,MAAM,2BAAY,CAAC,WAAW,EAAE,CAAC;YAC/C,MAAM,EAAE,IAAI,EAAE,YAAY,EAAE,GAAG,GAAG,CAAC;YACnC,MAAM,MAAM,GAAG,MAAM,KAAK,CAAC,eAAe,CAAC,IAAI,EAAE,GAAG,CAAC,CAAC;YACtD,MAAM,cAAc,GAAG,MAAM,KAAK,CAAC,iBAAiB,CAAC,GAAG,CAAC,CAAC;YAC1D,MAAM,WAAW,GAAG,MAAM,KAAK,CAAC,cAAc,CAAC,GAAG,CAAC,CAAC;YACpD,MAAM,cAAc,GAAG,MAAM,KAAK,CAAC,uBAAuB,CAAC,MAAM,EAAE,GAAG,CAAC,CAAC;YACxE,MAAM,WAAW,GAAG,MAAM,KAAK,CAAC,oBAAoB,CAAC,MAAM,EAAE,GAAG,CAAC,CAAC;YAClE,MAAM,YAAY,GAAG,cAAc,CAAC,MAAM,CAAC,cAAc,CAAC,CAAC;YAC3D,MAAM,SAAS,GAAG,WAAW,CAAC,MAAM,CAAC,WAAW,CAAC,CAAC;YAElD,MAAM,YAAY,CAAC,SAAS,CAC1B;gBACE,YAAY;gBACZ,MAAM;gBACN,IAAI;aACL,EACD,GAAG,CACJ,CAAC;YACF,MAAM,iBAAO,CAAC,UAAU,CAAC,YAAY,EAAE,YAAY,EAAE,GAAG,CAAC,CAAC;YAC1D,MAAM,WAAI,CAAC,UAAU,CAAC,SAAS,EAAE,YAAY,EAAE,GAAG,CAAC,CAAC;SACrD;QAAC,OAAO,KAAK,EAAE;YACd,MAAM,GAAG,GAAG,IAAA,4CAAmC,EAAC,KAAK,CAAC,CAAC;YACvD,MAAM,IAAI,wBAAe,CACvB,qBAAY,CAAC,UAAU,EACvB,GAAG,EACH,iBAAQ,CAAC,OAAO,EAChB,GAAG,CACJ,CAAC;SACH;IACH,CAAC;;AA3MH,oCA4MC;AA3Me,mBAAM,GAAG,cAAM,CAAC,YAAY,CAAC","sourcesContent":["import { Organization as DbOrg, Prisma, PrismaClient } from '@prisma/client';\nimport { Logger } from 'pino';\n\nimport {\n  Category,\n  ENTITY_NOT_FOUND,\n  MachineError,\n  OnboardingError,\n  POSTGRES_GET_KIDSLOOP_ID_QUERY,\n  POSTGRES_IS_VALID_QUERY,\n  returnMessageOrThrowOnboardingError,\n} from '../errors';\nimport { Organization as Org } from '../protos/api_pb';\nimport { AdminService } from '../services/adminService';\nimport { Entity } from '../types';\nimport { ExternalUuid, Uuid } from '../utils';\n\nimport { Program } from './program';\nimport { Role } from './role';\n\nconst prisma = new PrismaClient();\n\nexport class Organization {\n  public static entity = Entity.ORGANIZATION;\n\n  public static async insertOne(\n    organization: Prisma.OrganizationCreateInput,\n    log: Logger\n  ): Promise<void> {\n    try {\n      await prisma.organization.create({\n        data: organization,\n      });\n    } catch (error) {\n      const msg = returnMessageOrThrowOnboardingError(error);\n      throw new OnboardingError(\n        MachineError.WRITE,\n        msg,\n        Category.POSTGRES,\n        log,\n        [],\n        { entityId: organization.externalUuid, operation: 'INSERT ONE' }\n      );\n    }\n  }\n\n  public static async findOne(id: ExternalUuid, log: Logger): Promise<DbOrg> {\n    try {\n      const org = await prisma.organization.findUnique({\n        where: {\n          externalUuid: id,\n        },\n      });\n      if (!org) throw ENTITY_NOT_FOUND(id, this.entity, log);\n      return org;\n    } catch (error) {\n      const msg = returnMessageOrThrowOnboardingError(error);\n      throw new OnboardingError(\n        MachineError.READ,\n        msg,\n        Category.POSTGRES,\n        log,\n        [],\n        { entityId: id, operation: 'FIND ONE' }\n      );\n    }\n  }\n\n  public static async isValid(id: ExternalUuid, log: Logger): Promise<boolean> {\n    try {\n      const school = await prisma.organization.findUnique({\n        where: {\n          externalUuid: id,\n        },\n        select: {\n          externalUuid: true,\n        },\n      });\n      if (school) return true;\n      throw ENTITY_NOT_FOUND(id, this.entity, log);\n    } catch (error) {\n      const msg = returnMessageOrThrowOnboardingError(error);\n      throw POSTGRES_IS_VALID_QUERY(id, this.entity, msg, log);\n    }\n  }\n\n  public static async getId(id: ExternalUuid, log: Logger): Promise<Uuid> {\n    try {\n      const klUuid = await prisma.organization.findUnique({\n        where: {\n          externalUuid: id,\n        },\n        select: {\n          klUuid: true,\n        },\n      });\n      if (klUuid && klUuid.klUuid) return klUuid.klUuid;\n      throw ENTITY_NOT_FOUND(id, this.entity, log);\n    } catch (error) {\n      const msg = returnMessageOrThrowOnboardingError(error);\n      throw POSTGRES_GET_KIDSLOOP_ID_QUERY(id, this.entity, msg, log);\n    }\n  }\n\n  public static async getPrograms(\n    id: ExternalUuid,\n    log: Logger\n  ): Promise<string[]> {\n    try {\n      const programs = await prisma.organization.findUnique({\n        where: {\n          externalUuid: id,\n        },\n        select: {\n          programs: {\n            select: {\n              klUuid: true,\n            },\n          },\n        },\n      });\n      if (!programs) throw ENTITY_NOT_FOUND(id, this.entity, log);\n      return programs.programs.map((p) => p.klUuid);\n    } catch (error) {\n      const msg = returnMessageOrThrowOnboardingError(error);\n      throw new OnboardingError(\n        MachineError.READ,\n        msg,\n        Category.POSTGRES,\n        log,\n        [],\n        { entityId: id, operation: 'GET PROGRAMS' }\n      );\n    }\n  }\n\n  public static async programsAreValid(\n    orgId: ExternalUuid,\n    programs: ExternalUuid[],\n    log: Logger\n  ): Promise<void> {\n    const validPrograms = new Set(await Organization.getPrograms(orgId, log));\n    const invalidPrograms = [];\n    for (const program of programs) {\n      if (!validPrograms.has(program)) invalidPrograms.push(program);\n    }\n    if (invalidPrograms.length > 0)\n      throw new OnboardingError(\n        MachineError.VALIDATION,\n        `Programs: ${invalidPrograms.join(\n          ', '\n        )} are invalid when comparing to the parent Organization ${orgId}`,\n        Category.REQUEST,\n        log,\n        [],\n        { entityIds: programs, operation: 'PROGRAMS ARE VALID' }\n      );\n  }\n\n  public static async getRoles(\n    id: ExternalUuid,\n    log: Logger\n  ): Promise<ExternalUuid[]> {\n    try {\n      const roles = await prisma.organization.findUnique({\n        where: {\n          externalUuid: id,\n        },\n        select: {\n          roles: {\n            select: {\n              klUuid: true,\n            },\n          },\n        },\n      });\n      if (!roles) throw ENTITY_NOT_FOUND(id, this.entity, log);\n      return roles.roles.map((r) => r.klUuid);\n    } catch (error) {\n      const msg = returnMessageOrThrowOnboardingError(error);\n      throw new OnboardingError(\n        MachineError.READ,\n        msg,\n        Category.POSTGRES,\n        log,\n        [],\n        { entityId: id, operation: 'GET ROLES' }\n      );\n    }\n  }\n\n  public static async initializeOrganization(\n    org: Org.AsObject,\n    log: Logger\n  ): Promise<void> {\n    try {\n      const admin = await AdminService.getInstance();\n      const { name, externalUuid } = org;\n      const klUuid = await admin.getOrganization(name, log);\n      const systemPrograms = await admin.getSystemPrograms(log);\n      const systemRoles = await admin.getSystemRoles(log);\n      const customPrograms = await admin.getOrganizationPrograms(klUuid, log);\n      const customRoles = await admin.getOrganizationRoles(klUuid, log);\n      const programUuids = systemPrograms.concat(customPrograms);\n      const roleUuids = systemRoles.concat(customRoles);\n\n      await Organization.insertOne(\n        {\n          externalUuid,\n          klUuid,\n          name,\n        },\n        log\n      );\n      await Program.insertMany(programUuids, externalUuid, log);\n      await Role.insertMany(roleUuids, externalUuid, log);\n    } catch (error) {\n      const msg = returnMessageOrThrowOnboardingError(error);\n      throw new OnboardingError(\n        MachineError.VALIDATION,\n        msg,\n        Category.REQUEST,\n        log\n      );\n    }\n  }\n}\n"]},"_coverageSchema":"1a1c01bbd47fc00a2c39e90264f33305004495a9","hash":"0b7cd6ae7b32ebc2624fa91e28e4e78eb77dca9f"},"/home/ncurtis/code/kidsloop/client_integration_layer_backend/cil-lib/src/lib/errors.ts":{"path":"/home/ncurtis/code/kidsloop/client_integration_layer_backend/cil-lib/src/lib/errors.ts","statementMap":{"0":{"start":{"line":2,"column":0},"end":{"line":2,"column":62}},"1":{"start":{"line":3,"column":0},"end":{"line":3,"column":396}},"2":{"start":{"line":4,"column":12},"end":{"line":4,"column":25}},"3":{"start":{"line":5,"column":17},"end":{"line":5,"column":36}},"4":{"start":{"line":6,"column":0},"end":{"line":6,"column":41}},"5":{"start":{"line":8,"column":0},"end":{"line":16,"column":59}},"6":{"start":{"line":9,"column":4},"end":{"line":9,"column":36}},"7":{"start":{"line":10,"column":4},"end":{"line":10,"column":36}},"8":{"start":{"line":11,"column":4},"end":{"line":11,"column":32}},"9":{"start":{"line":12,"column":4},"end":{"line":12,"column":38}},"10":{"start":{"line":13,"column":4},"end":{"line":13,"column":48}},"11":{"start":{"line":14,"column":4},"end":{"line":14,"column":36}},"12":{"start":{"line":15,"column":4},"end":{"line":15,"column":38}},"13":{"start":{"line":18,"column":0},"end":{"line":31,"column":71}},"14":{"start":{"line":19,"column":4},"end":{"line":19,"column":46}},"15":{"start":{"line":20,"column":4},"end":{"line":20,"column":68}},"16":{"start":{"line":21,"column":4},"end":{"line":21,"column":68}},"17":{"start":{"line":22,"column":4},"end":{"line":22,"column":53}},"18":{"start":{"line":23,"column":4},"end":{"line":23,"column":44}},"19":{"start":{"line":24,"column":4},"end":{"line":24,"column":46}},"20":{"start":{"line":25,"column":4},"end":{"line":25,"column":43}},"21":{"start":{"line":26,"column":4},"end":{"line":26,"column":61}},"22":{"start":{"line":27,"column":4},"end":{"line":27,"column":36}},"23":{"start":{"line":28,"column":4},"end":{"line":28,"column":40}},"24":{"start":{"line":29,"column":4},"end":{"line":29,"column":44}},"25":{"start":{"line":30,"column":4},"end":{"line":30,"column":44}},"26":{"start":{"line":34,"column":8},"end":{"line":34,"column":29}},"27":{"start":{"line":38,"column":18},"end":{"line":38,"column":38}},"28":{"start":{"line":39,"column":33},"end":{"line":39,"column":35}},"29":{"start":{"line":40,"column":34},"end":{"line":40,"column":38}},"30":{"start":{"line":41,"column":33},"end":{"line":41,"column":37}},"31":{"start":{"line":42,"column":20},"end":{"line":42,"column":24}},"32":{"start":{"line":43,"column":8},"end":{"line":73,"column":9}},"33":{"start":{"line":44,"column":12},"end":{"line":72,"column":13}},"34":{"start":{"line":46,"column":38},"end":{"line":46,"column":67}},"35":{"start":{"line":47,"column":20},"end":{"line":47,"column":59}},"36":{"start":{"line":48,"column":20},"end":{"line":48,"column":58}},"37":{"start":{"line":49,"column":20},"end":{"line":49,"column":53}},"38":{"start":{"line":50,"column":20},"end":{"line":50,"column":26}},"39":{"start":{"line":53,"column":34},"end":{"line":53,"column":73}},"40":{"start":{"line":54,"column":20},"end":{"line":54,"column":54}},"41":{"start":{"line":55,"column":20},"end":{"line":55,"column":48}},"42":{"start":{"line":56,"column":20},"end":{"line":56,"column":26}},"43":{"start":{"line":59,"column":34},"end":{"line":59,"column":72}},"44":{"start":{"line":60,"column":20},"end":{"line":60,"column":54}},"45":{"start":{"line":61,"column":20},"end":{"line":61,"column":47}},"46":{"start":{"line":62,"column":20},"end":{"line":62,"column":26}},"47":{"start":{"line":65,"column":34},"end":{"line":65,"column":68}},"48":{"start":{"line":66,"column":20},"end":{"line":68,"column":23}},"49":{"start":{"line":69,"column":20},"end":{"line":69,"column":34}},"50":{"start":{"line":70,"column":20},"end":{"line":70,"column":26}},"51":{"start":{"line":74,"column":8},"end":{"line":87,"column":9}},"52":{"start":{"line":75,"column":24},"end":{"line":75,"column":54}},"53":{"start":{"line":76,"column":12},"end":{"line":76,"column":48}},"54":{"start":{"line":77,"column":12},"end":{"line":77,"column":33}},"55":{"start":{"line":79,"column":13},"end":{"line":87,"column":9}},"56":{"start":{"line":80,"column":12},"end":{"line":80,"column":51}},"57":{"start":{"line":82,"column":13},"end":{"line":87,"column":9}},"58":{"start":{"line":83,"column":12},"end":{"line":83,"column":56}},"59":{"start":{"line":85,"column":13},"end":{"line":87,"column":9}},"60":{"start":{"line":86,"column":12},"end":{"line":86,"column":39}},"61":{"start":{"line":88,"column":8},"end":{"line":88,"column":17}},"62":{"start":{"line":91,"column":0},"end":{"line":91,"column":24}},"63":{"start":{"line":94,"column":8},"end":{"line":94,"column":27}},"64":{"start":{"line":95,"column":8},"end":{"line":95,"column":23}},"65":{"start":{"line":96,"column":8},"end":{"line":96,"column":33}},"66":{"start":{"line":97,"column":8},"end":{"line":97,"column":29}},"67":{"start":{"line":98,"column":8},"end":{"line":98,"column":25}},"68":{"start":{"line":99,"column":8},"end":{"line":99,"column":37}},"69":{"start":{"line":100,"column":8},"end":{"line":100,"column":31}},"70":{"start":{"line":101,"column":8},"end":{"line":101,"column":33}},"71":{"start":{"line":102,"column":8},"end":{"line":102,"column":43}},"72":{"start":{"line":103,"column":8},"end":{"line":103,"column":35}},"73":{"start":{"line":104,"column":8},"end":{"line":105,"column":23}},"74":{"start":{"line":105,"column":12},"end":{"line":105,"column":23}},"75":{"start":{"line":108,"column":8},"end":{"line":109,"column":19}},"76":{"start":{"line":109,"column":12},"end":{"line":109,"column":19}},"77":{"start":{"line":110,"column":22},"end":{"line":110,"column":146}},"78":{"start":{"line":111,"column":8},"end":{"line":112,"column":44}},"79":{"start":{"line":112,"column":12},"end":{"line":112,"column":44}},"80":{"start":{"line":113,"column":8},"end":{"line":130,"column":9}},"81":{"start":{"line":115,"column":16},"end":{"line":115,"column":50}},"82":{"start":{"line":116,"column":16},"end":{"line":116,"column":22}},"83":{"start":{"line":118,"column":16},"end":{"line":118,"column":50}},"84":{"start":{"line":119,"column":16},"end":{"line":119,"column":22}},"85":{"start":{"line":121,"column":16},"end":{"line":121,"column":51}},"86":{"start":{"line":122,"column":16},"end":{"line":122,"column":22}},"87":{"start":{"line":124,"column":16},"end":{"line":124,"column":51}},"88":{"start":{"line":125,"column":16},"end":{"line":125,"column":22}},"89":{"start":{"line":128,"column":16},"end":{"line":128,"column":51}},"90":{"start":{"line":129,"column":16},"end":{"line":129,"column":22}},"91":{"start":{"line":131,"column":8},"end":{"line":131,"column":34}},"92":{"start":{"line":134,"column":18},"end":{"line":134,"column":38}},"93":{"start":{"line":135,"column":8},"end":{"line":165,"column":9}},"94":{"start":{"line":137,"column":30},"end":{"line":137,"column":60}},"95":{"start":{"line":138,"column":34},"end":{"line":138,"column":63}},"96":{"start":{"line":139,"column":16},"end":{"line":139,"column":56}},"97":{"start":{"line":140,"column":16},"end":{"line":140,"column":55}},"98":{"start":{"line":141,"column":16},"end":{"line":141,"column":49}},"99":{"start":{"line":142,"column":16},"end":{"line":142,"column":39}},"100":{"start":{"line":143,"column":16},"end":{"line":143,"column":22}},"101":{"start":{"line":146,"column":30},"end":{"line":146,"column":69}},"102":{"start":{"line":147,"column":16},"end":{"line":147,"column":51}},"103":{"start":{"line":148,"column":16},"end":{"line":148,"column":41}},"104":{"start":{"line":149,"column":16},"end":{"line":149,"column":22}},"105":{"start":{"line":152,"column":30},"end":{"line":152,"column":68}},"106":{"start":{"line":153,"column":16},"end":{"line":153,"column":51}},"107":{"start":{"line":154,"column":16},"end":{"line":154,"column":47}},"108":{"start":{"line":155,"column":16},"end":{"line":155,"column":22}},"109":{"start":{"line":158,"column":30},"end":{"line":158,"column":64}},"110":{"start":{"line":159,"column":16},"end":{"line":161,"column":19}},"111":{"start":{"line":162,"column":16},"end":{"line":162,"column":43}},"112":{"start":{"line":163,"column":16},"end":{"line":163,"column":22}},"113":{"start":{"line":166,"column":8},"end":{"line":166,"column":17}},"114":{"start":{"line":169,"column":0},"end":{"line":169,"column":42}},"115":{"start":{"line":170,"column":20},"end":{"line":170,"column":128}},"116":{"start":{"line":170,"column":26},"end":{"line":170,"column":128}},"117":{"start":{"line":171,"column":0},"end":{"line":171,"column":34}},"118":{"start":{"line":172,"column":35},"end":{"line":172,"column":155}},"119":{"start":{"line":172,"column":47},"end":{"line":172,"column":155}},"120":{"start":{"line":173,"column":0},"end":{"line":173,"column":64}},"121":{"start":{"line":174,"column":20},"end":{"line":174,"column":134}},"122":{"start":{"line":174,"column":52},"end":{"line":174,"column":134}},"123":{"start":{"line":175,"column":0},"end":{"line":175,"column":34}},"124":{"start":{"line":176,"column":25},"end":{"line":176,"column":166}},"125":{"start":{"line":176,"column":46},"end":{"line":176,"column":166}},"126":{"start":{"line":177,"column":0},"end":{"line":177,"column":44}},"127":{"start":{"line":178,"column":30},"end":{"line":178,"column":171}},"128":{"start":{"line":178,"column":51},"end":{"line":178,"column":171}},"129":{"start":{"line":179,"column":0},"end":{"line":179,"column":54}},"130":{"start":{"line":180,"column":32},"end":{"line":185,"column":1}},"131":{"start":{"line":181,"column":4},"end":{"line":183,"column":5}},"132":{"start":{"line":182,"column":8},"end":{"line":182,"column":166}},"133":{"start":{"line":184,"column":4},"end":{"line":184,"column":150}},"134":{"start":{"line":186,"column":0},"end":{"line":186,"column":58}},"135":{"start":{"line":187,"column":39},"end":{"line":200,"column":1}},"136":{"start":{"line":188,"column":4},"end":{"line":194,"column":5}},"137":{"start":{"line":189,"column":8},"end":{"line":193,"column":11}},"138":{"start":{"line":195,"column":4},"end":{"line":199,"column":7}},"139":{"start":{"line":201,"column":0},"end":{"line":201,"column":72}},"140":{"start":{"line":203,"column":4},"end":{"line":204,"column":138}},"141":{"start":{"line":204,"column":8},"end":{"line":204,"column":138}},"142":{"start":{"line":205,"column":4},"end":{"line":205,"column":13}},"143":{"start":{"line":207,"column":0},"end":{"line":207,"column":36}},"144":{"start":{"line":208,"column":44},"end":{"line":212,"column":1}},"145":{"start":{"line":209,"column":4},"end":{"line":210,"column":16}},"146":{"start":{"line":210,"column":8},"end":{"line":210,"column":16}},"147":{"start":{"line":211,"column":4},"end":{"line":211,"column":51}},"148":{"start":{"line":213,"column":0},"end":{"line":213,"column":82}}},"fnMap":{"0":{"name":"(anonymous_0)","decl":{"start":{"line":8,"column":1},"end":{"line":8,"column":2}},"loc":{"start":{"line":8,"column":21},"end":{"line":16,"column":1}},"line":8},"1":{"name":"(anonymous_1)","decl":{"start":{"line":18,"column":1},"end":{"line":18,"column":2}},"loc":{"start":{"line":18,"column":25},"end":{"line":31,"column":1}},"line":18},"2":{"name":"(anonymous_2)","decl":{"start":{"line":33,"column":4},"end":{"line":33,"column":5}},"loc":{"start":{"line":33,"column":24},"end":{"line":35,"column":5}},"line":33},"3":{"name":"(anonymous_3)","decl":{"start":{"line":37,"column":4},"end":{"line":37,"column":5}},"loc":{"start":{"line":37,"column":22},"end":{"line":89,"column":5}},"line":37},"4":{"name":"(anonymous_4)","decl":{"start":{"line":93,"column":4},"end":{"line":93,"column":5}},"loc":{"start":{"line":93,"column":140},"end":{"line":106,"column":5}},"line":93},"5":{"name":"(anonymous_5)","decl":{"start":{"line":107,"column":4},"end":{"line":107,"column":5}},"loc":{"start":{"line":107,"column":10},"end":{"line":132,"column":5}},"line":107},"6":{"name":"(anonymous_6)","decl":{"start":{"line":133,"column":4},"end":{"line":133,"column":5}},"loc":{"start":{"line":133,"column":22},"end":{"line":167,"column":5}},"line":133},"7":{"name":"(anonymous_7)","decl":{"start":{"line":170,"column":20},"end":{"line":170,"column":21}},"loc":{"start":{"line":170,"column":26},"end":{"line":170,"column":128}},"line":170},"8":{"name":"(anonymous_8)","decl":{"start":{"line":172,"column":35},"end":{"line":172,"column":36}},"loc":{"start":{"line":172,"column":47},"end":{"line":172,"column":155}},"line":172},"9":{"name":"(anonymous_9)","decl":{"start":{"line":174,"column":20},"end":{"line":174,"column":21}},"loc":{"start":{"line":174,"column":52},"end":{"line":174,"column":134}},"line":174},"10":{"name":"(anonymous_10)","decl":{"start":{"line":176,"column":25},"end":{"line":176,"column":26}},"loc":{"start":{"line":176,"column":46},"end":{"line":176,"column":166}},"line":176},"11":{"name":"(anonymous_11)","decl":{"start":{"line":178,"column":30},"end":{"line":178,"column":31}},"loc":{"start":{"line":178,"column":51},"end":{"line":178,"column":171}},"line":178},"12":{"name":"(anonymous_12)","decl":{"start":{"line":180,"column":32},"end":{"line":180,"column":33}},"loc":{"start":{"line":180,"column":64},"end":{"line":185,"column":1}},"line":180},"13":{"name":"(anonymous_13)","decl":{"start":{"line":187,"column":39},"end":{"line":187,"column":40}},"loc":{"start":{"line":187,"column":71},"end":{"line":200,"column":1}},"line":187},"14":{"name":"tryGetMember","decl":{"start":{"line":202,"column":9},"end":{"line":202,"column":21}},"loc":{"start":{"line":202,"column":41},"end":{"line":206,"column":1}},"line":202},"15":{"name":"(anonymous_15)","decl":{"start":{"line":208,"column":44},"end":{"line":208,"column":45}},"loc":{"start":{"line":208,"column":51},"end":{"line":212,"column":1}},"line":208}},"branchMap":{"0":{"loc":{"start":{"line":16,"column":14},"end":{"line":16,"column":57}},"type":"binary-expr","locations":[{"start":{"line":16,"column":14},"end":{"line":16,"column":30}},{"start":{"line":16,"column":35},"end":{"line":16,"column":56}}],"line":16},"1":{"loc":{"start":{"line":31,"column":18},"end":{"line":31,"column":69}},"type":"binary-expr","locations":[{"start":{"line":31,"column":18},"end":{"line":31,"column":38}},{"start":{"line":31,"column":43},"end":{"line":31,"column":68}}],"line":31},"2":{"loc":{"start":{"line":44,"column":12},"end":{"line":72,"column":13}},"type":"switch","locations":[{"start":{"line":45,"column":16},"end":{"line":51,"column":17}},{"start":{"line":52,"column":16},"end":{"line":57,"column":17}},{"start":{"line":58,"column":16},"end":{"line":63,"column":17}},{"start":{"line":64,"column":16},"end":{"line":71,"column":17}}],"line":44},"3":{"loc":{"start":{"line":74,"column":8},"end":{"line":87,"column":9}},"type":"if","locations":[{"start":{"line":74,"column":8},"end":{"line":87,"column":9}},{"start":{"line":74,"column":8},"end":{"line":87,"column":9}}],"line":74},"4":{"loc":{"start":{"line":79,"column":13},"end":{"line":87,"column":9}},"type":"if","locations":[{"start":{"line":79,"column":13},"end":{"line":87,"column":9}},{"start":{"line":79,"column":13},"end":{"line":87,"column":9}}],"line":79},"5":{"loc":{"start":{"line":82,"column":13},"end":{"line":87,"column":9}},"type":"if","locations":[{"start":{"line":82,"column":13},"end":{"line":87,"column":9}},{"start":{"line":82,"column":13},"end":{"line":87,"column":9}}],"line":82},"6":{"loc":{"start":{"line":85,"column":13},"end":{"line":87,"column":9}},"type":"if","locations":[{"start":{"line":85,"column":13},"end":{"line":87,"column":9}},{"start":{"line":85,"column":13},"end":{"line":87,"column":9}}],"line":85},"7":{"loc":{"start":{"line":93,"column":38},"end":{"line":93,"column":54}},"type":"default-arg","locations":[{"start":{"line":93,"column":47},"end":{"line":93,"column":54}}],"line":93},"8":{"loc":{"start":{"line":93,"column":56},"end":{"line":93,"column":65}},"type":"default-arg","locations":[{"start":{"line":93,"column":63},"end":{"line":93,"column":65}}],"line":93},"9":{"loc":{"start":{"line":93,"column":67},"end":{"line":93,"column":82}},"type":"default-arg","locations":[{"start":{"line":93,"column":80},"end":{"line":93,"column":82}}],"line":93},"10":{"loc":{"start":{"line":93,"column":84},"end":{"line":93,"column":96}},"type":"default-arg","locations":[{"start":{"line":93,"column":94},"end":{"line":93,"column":96}}],"line":93},"11":{"loc":{"start":{"line":93,"column":98},"end":{"line":93,"column":116}},"type":"default-arg","locations":[{"start":{"line":93,"column":109},"end":{"line":93,"column":116}}],"line":93},"12":{"loc":{"start":{"line":93,"column":118},"end":{"line":93,"column":138}},"type":"default-arg","locations":[{"start":{"line":93,"column":134},"end":{"line":93,"column":138}}],"line":93},"13":{"loc":{"start":{"line":104,"column":8},"end":{"line":105,"column":23}},"type":"if","locations":[{"start":{"line":104,"column":8},"end":{"line":105,"column":23}},{"start":{"line":104,"column":8},"end":{"line":105,"column":23}}],"line":104},"14":{"loc":{"start":{"line":108,"column":8},"end":{"line":109,"column":19}},"type":"if","locations":[{"start":{"line":108,"column":8},"end":{"line":109,"column":19}},{"start":{"line":108,"column":8},"end":{"line":109,"column":19}}],"line":108},"15":{"loc":{"start":{"line":111,"column":8},"end":{"line":112,"column":44}},"type":"if","locations":[{"start":{"line":111,"column":8},"end":{"line":112,"column":44}},{"start":{"line":111,"column":8},"end":{"line":112,"column":44}}],"line":111},"16":{"loc":{"start":{"line":113,"column":8},"end":{"line":130,"column":9}},"type":"switch","locations":[{"start":{"line":114,"column":12},"end":{"line":116,"column":22}},{"start":{"line":117,"column":12},"end":{"line":119,"column":22}},{"start":{"line":120,"column":12},"end":{"line":122,"column":22}},{"start":{"line":123,"column":12},"end":{"line":125,"column":22}},{"start":{"line":126,"column":12},"end":{"line":126,"column":25}},{"start":{"line":127,"column":12},"end":{"line":129,"column":22}}],"line":113},"17":{"loc":{"start":{"line":135,"column":8},"end":{"line":165,"column":9}},"type":"switch","locations":[{"start":{"line":136,"column":12},"end":{"line":144,"column":13}},{"start":{"line":145,"column":12},"end":{"line":150,"column":13}},{"start":{"line":151,"column":12},"end":{"line":156,"column":13}},{"start":{"line":157,"column":12},"end":{"line":164,"column":13}}],"line":135},"18":{"loc":{"start":{"line":174,"column":37},"end":{"line":174,"column":47}},"type":"default-arg","locations":[{"start":{"line":174,"column":45},"end":{"line":174,"column":47}}],"line":174},"19":{"loc":{"start":{"line":181,"column":4},"end":{"line":183,"column":5}},"type":"if","locations":[{"start":{"line":181,"column":4},"end":{"line":183,"column":5}},{"start":{"line":181,"column":4},"end":{"line":183,"column":5}}],"line":181},"20":{"loc":{"start":{"line":188,"column":4},"end":{"line":194,"column":5}},"type":"if","locations":[{"start":{"line":188,"column":4},"end":{"line":194,"column":5}},{"start":{"line":188,"column":4},"end":{"line":194,"column":5}}],"line":188},"21":{"loc":{"start":{"line":202,"column":30},"end":{"line":202,"column":39}},"type":"default-arg","locations":[{"start":{"line":202,"column":37},"end":{"line":202,"column":39}}],"line":202},"22":{"loc":{"start":{"line":203,"column":4},"end":{"line":204,"column":138}},"type":"if","locations":[{"start":{"line":203,"column":4},"end":{"line":204,"column":138}},{"start":{"line":203,"column":4},"end":{"line":204,"column":138}}],"line":203},"23":{"loc":{"start":{"line":209,"column":4},"end":{"line":210,"column":16}},"type":"if","locations":[{"start":{"line":209,"column":4},"end":{"line":210,"column":16}},{"start":{"line":209,"column":4},"end":{"line":210,"column":16}}],"line":209},"24":{"loc":{"start":{"line":209,"column":8},"end":{"line":209,"column":59}},"type":"binary-expr","locations":[{"start":{"line":209,"column":8},"end":{"line":209,"column":36}},{"start":{"line":209,"column":40},"end":{"line":209,"column":59}}],"line":209},"25":{"loc":{"start":{"line":211,"column":11},"end":{"line":211,"column":50}},"type":"cond-expr","locations":[{"start":{"line":211,"column":32},"end":{"line":211,"column":41}},{"start":{"line":211,"column":44},"end":{"line":211,"column":50}}],"line":211}},"s":{"0":1,"1":1,"2":1,"3":1,"4":1,"5":1,"6":1,"7":1,"8":1,"9":1,"10":1,"11":1,"12":1,"13":1,"14":1,"15":1,"16":1,"17":1,"18":1,"19":1,"20":1,"21":1,"22":1,"23":1,"24":1,"25":1,"26":48,"27":0,"28":0,"29":0,"30":0,"31":0,"32":0,"33":0,"34":0,"35":0,"36":0,"37":0,"38":0,"39":0,"40":0,"41":0,"42":0,"43":0,"44":0,"45":0,"46":0,"47":0,"48":0,"49":0,"50":0,"51":0,"52":0,"53":0,"54":0,"55":0,"56":0,"57":0,"58":0,"59":0,"60":0,"61":0,"62":1,"63":58,"64":58,"65":58,"66":58,"67":58,"68":58,"69":58,"70":58,"71":58,"72":58,"73":58,"74":58,"75":58,"76":0,"77":58,"78":58,"79":1,"80":58,"81":0,"82":0,"83":0,"84":0,"85":0,"86":0,"87":0,"88":0,"89":58,"90":58,"91":58,"92":0,"93":0,"94":0,"95":0,"96":0,"97":0,"98":0,"99":0,"100":0,"101":0,"102":0,"103":0,"104":0,"105":0,"106":0,"107":0,"108":0,"109":0,"110":0,"111":0,"112":0,"113":0,"114":1,"115":1,"116":0,"117":1,"118":1,"119":0,"120":1,"121":1,"122":0,"123":1,"124":1,"125":0,"126":1,"127":1,"128":3,"129":1,"130":1,"131":0,"132":0,"133":0,"134":1,"135":1,"136":0,"137":0,"138":0,"139":1,"140":63,"141":0,"142":63,"143":1,"144":1,"145":0,"146":0,"147":0,"148":1},"f":{"0":1,"1":1,"2":48,"3":0,"4":58,"5":58,"6":0,"7":0,"8":0,"9":0,"10":0,"11":3,"12":0,"13":0,"14":63,"15":0},"b":{"0":[1,1],"1":[1,1],"2":[0,0,0,0],"3":[0,0],"4":[0,0],"5":[0,0],"6":[0,0],"7":[6],"8":[9],"9":[9],"10":[57],"11":[58],"12":[58],"13":[58,0],"14":[0,58],"15":[1,57],"16":[0,0,0,0,58,58],"17":[0,0,0,0],"18":[0],"19":[0,0],"20":[0,0],"21":[0],"22":[0,63],"23":[0,0],"24":[0,0],"25":[0,0]},"inputSourceMap":{"version":3,"file":"/home/ncurtis/code/kidsloop/client_integration_layer_backend/cil-lib/src/lib/errors.ts","sources":["/home/ncurtis/code/kidsloop/client_integration_layer_backend/cil-lib/src/lib/errors.ts"],"names":[],"mappings":";;;AAEA,0BAA+C;AAE/C,qCAOkB;AAEL,QAAA,SAAS,GAAG,MAAM,CAAC,MAAM,CAAC,CAAC,GAAG,CAAC,CAAC,CAAC;AAE9C,IAAY,QAQX;AARD,WAAY,QAAQ;IAClB,+BAAmB,CAAA;IACnB,+BAAmB,CAAA;IACnB,2BAAe,CAAA;IACf,iCAAqB,CAAA;IACrB,2CAA+B,CAAA;IAC/B,+BAAmB,CAAA;IACnB,iCAAqB,CAAA;AACvB,CAAC,EARW,QAAQ,GAAR,gBAAQ,KAAR,gBAAQ,QAQnB;AAED,IAAY,YAaX;AAbD,WAAY,YAAY;IACtB,yCAAyB,CAAA;IACzB,+DAA+C,CAAA;IAC/C,+DAA+C,CAAA;IAC/C,gDAAgC,CAAA;IAChC,uCAAuB,CAAA;IACvB,yCAAyB,CAAA;IACzB,sCAAsB,CAAA;IACtB,wDAAwC,CAAA;IACxC,+BAAe,CAAA;IACf,mCAAmB,CAAA;IACnB,uCAAuB,CAAA;IACvB,uCAAuB,CAAA;AACzB,CAAC,EAbW,YAAY,GAAZ,oBAAY,KAAZ,oBAAY,QAavB;AAMD,MAAa,MAAM;IACjB,YAAmB,MAAyB;QAAzB,WAAM,GAAN,MAAM,CAAmB;IAAG,CAAC;IAEhD,0CAA0C;IACnC,eAAe;QACpB,MAAM,CAAC,GAAG,IAAI,cAAO,EAAE,CAAC;QACxB,MAAM,gBAAgB,GAAG,EAAE,CAAC;QAC5B,IAAI,mBAAmB,GAAG,IAAI,CAAC;QAC/B,IAAI,kBAAkB,GAAG,IAAI,CAAC;QAC9B,IAAI,KAAK,GAAG,IAAI,CAAC;QACjB,KAAK,MAAM,GAAG,IAAI,IAAI,CAAC,MAAM,EAAE;YAC7B,QAAQ,GAAG,CAAC,KAAK,EAAE;gBACjB,KAAK,YAAY,CAAC,UAAU,CAAC,CAAC;oBAC5B,MAAM,SAAS,GAAG,IAAI,uBAAc,EAAE,CAAC;oBACvC,SAAS,CAAC,OAAO,CAAC,GAAG,CAAC,IAAI,CAAC,IAAI,CAAC,IAAI,CAAC,CAAC,CAAC;oBACvC,SAAS,CAAC,cAAc,CAAC,GAAG,CAAC,OAAO,CAAC,CAAC;oBACtC,gBAAgB,CAAC,IAAI,CAAC,SAAS,CAAC,CAAC;oBACjC,MAAM;iBACP;gBACD,KAAK,YAAY,CAAC,qBAAqB,CAAC,CAAC;oBACvC,MAAM,KAAK,GAAG,IAAI,iCAAwB,EAAE,CAAC;oBAC7C,KAAK,CAAC,cAAc,CAAC,GAAG,CAAC,OAAO,CAAC,CAAC;oBAClC,mBAAmB,GAAG,KAAK,CAAC;oBAC5B,MAAM;iBACP;gBACD,KAAK,YAAY,CAAC,qBAAqB,CAAC,CAAC;oBACvC,MAAM,KAAK,GAAG,IAAI,gCAAuB,EAAE,CAAC;oBAC5C,KAAK,CAAC,cAAc,CAAC,GAAG,CAAC,OAAO,CAAC,CAAC;oBAClC,kBAAkB,GAAG,KAAK,CAAC;oBAC3B,MAAM;iBACP;gBACD,OAAO,CAAC,CAAC;oBACP,MAAM,KAAK,GAAG,IAAI,4BAAmB,EAAE,CAAC;oBACxC,KAAK,CAAC,cAAc,CAAC;wBACnB,8DAA8D;qBAC/D,CAAC,CAAC;oBACH,KAAK,GAAG,KAAK,CAAC;oBACd,MAAM;iBACP;aACF;SACF;QACD,IAAI,gBAAgB,CAAC,MAAM,GAAG,CAAC,EAAE;YAC/B,MAAM,GAAG,GAAG,IAAI,wBAAe,EAAE,CAAC;YAClC,GAAG,CAAC,aAAa,CAAC,gBAAgB,CAAC,CAAC;YACpC,CAAC,CAAC,aAAa,CAAC,GAAG,CAAC,CAAC;SACtB;aAAM,IAAI,mBAAmB,EAAE;YAC9B,CAAC,CAAC,eAAe,CAAC,mBAAmB,CAAC,CAAC;SACxC;aAAM,IAAI,kBAAkB,EAAE;YAC7B,CAAC,CAAC,qBAAqB,CAAC,kBAAkB,CAAC,CAAC;SAC7C;aAAM,IAAI,KAAK,EAAE;YAChB,CAAC,CAAC,iBAAiB,CAAC,KAAK,CAAC,CAAC;SAC5B;QACD,OAAO,CAAC,CAAC;IACX,CAAC;CACF;AAtDD,wBAsDC;AAED,MAAa,eAAe;IAE1B,YACkB,KAAmB,EACnB,GAAW,EACX,QAAkB,EAC3B,SAAiB,OAAG,EACX,OAAiB,EAAE,EACnB,aAAa,EAAE,EACxB,UAAoB,EAAE,EACb,WAAqB,OAAO,EAC5B,gBAAgB,IAAI;QARpB,UAAK,GAAL,KAAK,CAAc;QACnB,QAAG,GAAH,GAAG,CAAQ;QACX,aAAQ,GAAR,QAAQ,CAAU;QAC3B,WAAM,GAAN,MAAM,CAAc;QACX,SAAI,GAAJ,IAAI,CAAe;QACnB,eAAU,GAAV,UAAU,CAAK;QACxB,YAAO,GAAP,OAAO,CAAe;QACb,aAAQ,GAAR,QAAQ,CAAoB;QAC5B,kBAAa,GAAb,aAAa,CAAO;QAV9B,kBAAa,GAAG,KAAK,CAAC;QAY5B,IAAI,aAAa;YAAE,IAAI,CAAC,GAAG,EAAE,CAAC;IAChC,CAAC;IAEM,GAAG;QACR,IAAI,IAAI,CAAC,aAAa;YAAE,OAAO;QAC/B,MAAM,KAAK,mCACN,IAAI,CAAC,UAAU,KAClB,QAAQ,EAAE,IAAI,CAAC,QAAQ,EACvB,KAAK,EAAE,IAAI,CAAC,KAAK,EACjB,IAAI,EAAE,IAAI,CAAC,IAAI,CAAC,IAAI,CAAC,GAAG,CAAC,GAC1B,CAAC;QACF,IAAI,IAAI,CAAC,OAAO,CAAC,MAAM,GAAG,CAAC;YAAE,KAAK,CAAC,SAAS,CAAC,GAAG,IAAI,CAAC,OAAO,CAAC;QAC7D,QAAQ,IAAI,CAAC,QAAQ,EAAE;YACrB,KAAK,MAAM;gBACT,IAAI,CAAC,MAAM,CAAC,IAAI,CAAC,KAAK,EAAE,IAAI,CAAC,GAAG,CAAC,CAAC;gBAClC,MAAM;YACR,KAAK,MAAM;gBACT,IAAI,CAAC,MAAM,CAAC,IAAI,CAAC,KAAK,EAAE,IAAI,CAAC,GAAG,CAAC,CAAC;gBAClC,MAAM;YACR,KAAK,OAAO;gBACV,IAAI,CAAC,MAAM,CAAC,KAAK,CAAC,KAAK,EAAE,IAAI,CAAC,GAAG,CAAC,CAAC;gBACnC,MAAM;YACR,KAAK,OAAO;gBACV,IAAI,CAAC,MAAM,CAAC,KAAK,CAAC,KAAK,EAAE,IAAI,CAAC,GAAG,CAAC,CAAC;gBACnC,MAAM;YACR,KAAK,OAAO,CAAC;YACb;gBACE,IAAI,CAAC,MAAM,CAAC,KAAK,CAAC,KAAK,EAAE,IAAI,CAAC,GAAG,CAAC,CAAC;gBACnC,MAAM;SACT;QACD,IAAI,CAAC,aAAa,GAAG,IAAI,CAAC;IAC5B,CAAC;IAEM,eAAe;QACpB,MAAM,CAAC,GAAG,IAAI,cAAO,EAAE,CAAC;QACxB,QAAQ,IAAI,CAAC,KAAK,EAAE;YAClB,KAAK,YAAY,CAAC,UAAU,CAAC,CAAC;gBAC5B,MAAM,KAAK,GAAG,IAAI,wBAAe,EAAE,CAAC;gBACpC,MAAM,SAAS,GAAG,IAAI,uBAAc,EAAE,CAAC;gBACvC,SAAS,CAAC,OAAO,CAAC,IAAI,CAAC,IAAI,CAAC,IAAI,CAAC,IAAI,CAAC,CAAC,CAAC;gBACxC,SAAS,CAAC,cAAc,CAAC,IAAI,CAAC,OAAO,CAAC,CAAC;gBACvC,KAAK,CAAC,aAAa,CAAC,CAAC,SAAS,CAAC,CAAC,CAAC;gBACjC,CAAC,CAAC,aAAa,CAAC,KAAK,CAAC,CAAC;gBACvB,MAAM;aACP;YACD,KAAK,YAAY,CAAC,qBAAqB,CAAC,CAAC;gBACvC,MAAM,KAAK,GAAG,IAAI,iCAAwB,EAAE,CAAC;gBAC7C,KAAK,CAAC,cAAc,CAAC,IAAI,CAAC,OAAO,CAAC,CAAC;gBACnC,CAAC,CAAC,eAAe,CAAC,KAAK,CAAC,CAAC;gBACzB,MAAM;aACP;YACD,KAAK,YAAY,CAAC,qBAAqB,CAAC,CAAC;gBACvC,MAAM,KAAK,GAAG,IAAI,gCAAuB,EAAE,CAAC;gBAC5C,KAAK,CAAC,cAAc,CAAC,IAAI,CAAC,OAAO,CAAC,CAAC;gBACnC,CAAC,CAAC,qBAAqB,CAAC,KAAK,CAAC,CAAC;gBAC/B,MAAM;aACP;YACD,OAAO,CAAC,CAAC;gBACP,MAAM,KAAK,GAAG,IAAI,4BAAmB,EAAE,CAAC;gBACxC,KAAK,CAAC,cAAc,CAAC;oBACnB,8DAA8D;iBAC/D,CAAC,CAAC;gBACH,CAAC,CAAC,iBAAiB,CAAC,KAAK,CAAC,CAAC;gBAC3B,MAAM;aACP;SACF;QACD,OAAO,CAAC,CAAC;IACX,CAAC;CACF;AAjFD,0CAiFC;AAEM,MAAM,WAAW,GAAG,GAAG,EAAE,CAC9B,IAAI,eAAe,CACjB,YAAY,CAAC,gBAAgB,EAC7B,oCAAoC,EACpC,QAAQ,CAAC,GAAG,CACb,CAAC;AALS,QAAA,WAAW,eAKpB;AAEG,MAAM,0BAA0B,GAAG,CAAC,MAAc,EAAE,EAAE,CAC3D,IAAI,eAAe,CACjB,YAAY,CAAC,UAAU,EACvB,wBAAwB,MAAM,kBAAkB,EAChD,QAAQ,CAAC,GAAG,CACb,CAAC;AALS,QAAA,0BAA0B,8BAKnC;AAEG,MAAM,WAAW,GAAG,CACzB,GAAW,EACX,IAAc,EACd,GAAW,EACX,QAAe,EAAE,EACjB,EAAE,CACF,IAAI,eAAe,CACjB,YAAY,CAAC,OAAO,EACpB,GAAG,EACH,QAAQ,CAAC,OAAO,EAChB,GAAG,EACH,IAAI,EACJ,KAAK,CACN,CAAC;AAbS,QAAA,WAAW,eAapB;AAEG,MAAM,gBAAgB,GAAG,CAC9B,EAAgB,EAChB,MAAc,EACd,GAAW,EACX,EAAE,CACF,IAAI,eAAe,CACjB,YAAY,CAAC,qBAAqB,EAClC,GAAG,MAAM,YAAY,EAAE,iBAAiB,EACxC,QAAQ,CAAC,OAAO,EAChB,GAAG,CACJ,CAAC;AAVS,QAAA,gBAAgB,oBAUzB;AAEG,MAAM,qBAAqB,GAAG,CACnC,EAAgB,EAChB,MAAc,EACd,GAAW,EACX,EAAE,CACF,IAAI,eAAe,CACjB,YAAY,CAAC,qBAAqB,EAClC,GAAG,MAAM,YAAY,EAAE,iBAAiB,EACxC,QAAQ,CAAC,OAAO,EAChB,GAAG,CACJ,CAAC;AAVS,QAAA,qBAAqB,yBAU9B;AAEG,MAAM,uBAAuB,GAAG,CACrC,EAAiC,EACjC,YAAoB,EACpB,GAAW,EACX,GAAW,EACX,EAAE;IACF,IAAI,KAAK,CAAC,OAAO,CAAC,EAAE,CAAC,EAAE;QACrB,OAAO,IAAI,eAAe,CACxB,YAAY,CAAC,UAAU,EACvB,GAAG,EACH,QAAQ,CAAC,QAAQ,EACjB,GAAG,EACH,EAAE,EACF,EAAE,SAAS,EAAE,UAAU,EAAE,YAAY,EAAE,eAAe,EAAE,EAAE,CAAC,IAAI,CAAC,IAAI,CAAC,EAAE,CACxE,CAAC;KACH;IAED,OAAO,IAAI,eAAe,CACxB,YAAY,CAAC,UAAU,EACvB,GAAG,EACH,QAAQ,CAAC,QAAQ,EACjB,GAAG,EACH,EAAE,EACF,EAAE,SAAS,EAAE,UAAU,EAAE,YAAY,EAAE,cAAc,EAAE,EAAE,EAAE,CAC5D,CAAC;AACJ,CAAC,CAAC;AAzBW,QAAA,uBAAuB,2BAyBlC;AAEK,MAAM,8BAA8B,GAAG,CAC5C,EAAiC,EACjC,YAAoB,EACpB,GAAW,EACX,GAAW,EACX,EAAE;IACF,IAAI,KAAK,CAAC,OAAO,CAAC,EAAE,CAAC,EAAE;QACrB,OAAO,IAAI,eAAe,CACxB,YAAY,CAAC,IAAI,EACjB,GAAG,EACH,QAAQ,CAAC,QAAQ,EACjB,GAAG,EACH,EAAE,EACF;YACE,SAAS,EAAE,kBAAkB;YAC7B,YAAY;YACZ,eAAe,EAAE,EAAE,CAAC,IAAI,CAAC,IAAI,CAAC;SAC/B,CACF,CAAC;KACH;IACD,OAAO,IAAI,eAAe,CACxB,YAAY,CAAC,IAAI,EACjB,GAAG,EACH,QAAQ,CAAC,QAAQ,EACjB,GAAG,EACH,EAAE,EACF;QACE,SAAS,EAAE,iBAAiB;QAC5B,YAAY;QACZ,cAAc,EAAE,EAAE;KACnB,CACF,CAAC;AACJ,CAAC,CAAC;AAhCW,QAAA,8BAA8B,kCAgCzC;AAEF,SAAgB,YAAY,CAC1B,CAAgB,EAChB,GAAW,EACX,OAAiB,EAAE;IAEnB,IAAI,CAAC,KAAK,SAAS;QACjB,MAAM,IAAI,eAAe,CACvB,YAAY,CAAC,UAAU,EACvB,gDAAgD,EAChD,QAAQ,CAAC,OAAO,EAChB,GAAG,EACH,IAAI,CACL,CAAC;IACJ,OAAO,CAAC,CAAC;AACX,CAAC;AAdD,oCAcC;AAEM,MAAM,mCAAmC,GAAG,CAAC,CAAU,EAAU,EAAE;IACxE,IAAI,CAAC,YAAY,eAAe,IAAI,CAAC,YAAY,MAAM;QAAE,MAAM,CAAC,CAAC;IACjE,OAAO,CAAC,YAAY,KAAK,CAAC,CAAC,CAAC,CAAC,CAAC,OAAO,CAAC,CAAC,CAAC,GAAG,CAAC,EAAE,CAAC;AACjD,CAAC,CAAC;AAHW,QAAA,mCAAmC,uCAG9C","sourcesContent":["import { Logger } from 'pino';\n\nimport { Entity, ExternalUuid, log } from '..';\n\nimport {\n  EntityAlreadyExistsError,\n  EntityDoesNotExistError,\n  InternalServerError,\n  PathBasedError,\n  Error as PbError,\n  ValidationError,\n} from './protos';\n\nexport const BASE_PATH = Object.freeze(['$']);\n\nexport enum Category {\n  REQUEST = 'REQUEST',\n  APP = 'APPLICATION',\n  REDIS = 'REDIS',\n  POSTGRES = 'POSTGRES',\n  ADMIN_SERVICE = 'ADMIN SERVICE',\n  UNKNOWN = 'UNKNOWN',\n  PROTOBUF = 'PROTOBUF',\n}\n\nexport enum MachineError {\n  VALIDATION = 'validation',\n  ENTITY_ALREADY_EXISTS = 'entity already exists',\n  ENTITY_DOES_NOT_EXIST = 'entity does not exist',\n  UNREACHABLE_CODE = 'unreachable',\n  READ = 'read operation',\n  WRITE = 'write operation',\n  STREAM = 'data stream',\n  APP_CONFIG = 'application configuration',\n  SERDE = 'serde',\n  NETWORK = 'network',\n  NOT_FOUND = 'not found',\n  REQUEST = 'bad request',\n}\n\ntype LogLevel = 'error' | 'warn' | 'info' | 'debug' | 'trace';\n\nexport type Props = Record<string, string | string[] | number | boolean>;\n\nexport class Errors {\n  constructor(public errors: OnboardingError[]) {}\n\n  // @TODO - Rework this, it's pretty gnarly\n  public toProtobufError(): PbError {\n    const e = new PbError();\n    const validationErrors = [];\n    let entityAlreadyExists = null;\n    let entityDoesntExists = null;\n    let other = null;\n    for (const err of this.errors) {\n      switch (err.error) {\n        case MachineError.VALIDATION: {\n          const pathBased = new PathBasedError();\n          pathBased.setPath(err.path.join(', '));\n          pathBased.setDetailsList(err.details);\n          validationErrors.push(pathBased);\n          break;\n        }\n        case MachineError.ENTITY_ALREADY_EXISTS: {\n          const error = new EntityAlreadyExistsError();\n          error.setDetailsList(err.details);\n          entityAlreadyExists = error;\n          break;\n        }\n        case MachineError.ENTITY_DOES_NOT_EXIST: {\n          const error = new EntityDoesNotExistError();\n          error.setDetailsList(err.details);\n          entityDoesntExists = error;\n          break;\n        }\n        default: {\n          const error = new InternalServerError();\n          error.setDetailsList([\n            'Unexpected error occurred when attempting to process request',\n          ]);\n          other = error;\n          break;\n        }\n      }\n    }\n    if (validationErrors.length > 0) {\n      const err = new ValidationError();\n      err.setErrorsList(validationErrors);\n      e.setValidation(err);\n    } else if (entityAlreadyExists) {\n      e.setEntityExists(entityAlreadyExists);\n    } else if (entityDoesntExists) {\n      e.setEntityDoesNotExist(entityDoesntExists);\n    } else if (other) {\n      e.setInternalServer(other);\n    }\n    return e;\n  }\n}\n\nexport class OnboardingError {\n  private hasBeenLogged = false;\n  constructor(\n    public readonly error: MachineError,\n    public readonly msg: string,\n    public readonly category: Category,\n    public logger: Logger = log,\n    public readonly path: string[] = [],\n    public readonly properties = {},\n    public details: string[] = [],\n    public readonly logLevel: LogLevel = 'error',\n    public readonly logOnCreation = true\n  ) {\n    if (logOnCreation) this.log();\n  }\n\n  public log(): void {\n    if (this.hasBeenLogged) return;\n    const props: Props = {\n      ...this.properties,\n      category: this.category,\n      error: this.error,\n      path: this.path.join('.'),\n    };\n    if (this.details.length > 0) props['details'] = this.details;\n    switch (this.logLevel) {\n      case 'warn':\n        this.logger.warn(props, this.msg);\n        break;\n      case 'info':\n        this.logger.info(props, this.msg);\n        break;\n      case 'trace':\n        this.logger.trace(props, this.msg);\n        break;\n      case 'debug':\n        this.logger.debug(props, this.msg);\n        break;\n      case 'error':\n      default:\n        this.logger.error(props, this.msg);\n        break;\n    }\n    this.hasBeenLogged = true;\n  }\n\n  public toProtobufError(): PbError {\n    const e = new PbError();\n    switch (this.error) {\n      case MachineError.VALIDATION: {\n        const error = new ValidationError();\n        const pathBased = new PathBasedError();\n        pathBased.setPath(this.path.join(', '));\n        pathBased.setDetailsList(this.details);\n        error.setErrorsList([pathBased]);\n        e.setValidation(error);\n        break;\n      }\n      case MachineError.ENTITY_ALREADY_EXISTS: {\n        const error = new EntityAlreadyExistsError();\n        error.setDetailsList(this.details);\n        e.setEntityExists(error);\n        break;\n      }\n      case MachineError.ENTITY_DOES_NOT_EXIST: {\n        const error = new EntityDoesNotExistError();\n        error.setDetailsList(this.details);\n        e.setEntityDoesNotExist(error);\n        break;\n      }\n      default: {\n        const error = new InternalServerError();\n        error.setDetailsList([\n          'Unexpected error occurred when attempting to process request',\n        ]);\n        e.setInternalServer(error);\n        break;\n      }\n    }\n    return e;\n  }\n}\n\nexport const UNREACHABLE = () =>\n  new OnboardingError(\n    MachineError.UNREACHABLE_CODE,\n    'This error should not be reachable',\n    Category.APP\n  );\n\nexport const ENVIRONMENT_VARIABLE_ERROR = (envVar: string) =>\n  new OnboardingError(\n    MachineError.APP_CONFIG,\n    `Environment Variable ${envVar} set incorrectly`,\n    Category.APP\n  );\n\nexport const BAD_REQUEST = (\n  msg: string,\n  path: string[],\n  log: Logger,\n  props: Props = {}\n) =>\n  new OnboardingError(\n    MachineError.REQUEST,\n    msg,\n    Category.REQUEST,\n    log,\n    path,\n    props\n  );\n\nexport const ENTITY_NOT_FOUND = (\n  id: ExternalUuid,\n  entity: Entity,\n  log: Logger\n) =>\n  new OnboardingError(\n    MachineError.ENTITY_DOES_NOT_EXIST,\n    `${entity} with id ${id} does not exist`,\n    Category.REQUEST,\n    log\n  );\n\nexport const ENTITY_ALREADY_EXISTS = (\n  id: ExternalUuid,\n  entity: Entity,\n  log: Logger\n) =>\n  new OnboardingError(\n    MachineError.ENTITY_ALREADY_EXISTS,\n    `${entity} with id ${id} already exists`,\n    Category.REQUEST,\n    log\n  );\n\nexport const POSTGRES_IS_VALID_QUERY = (\n  id: ExternalUuid | ExternalUuid[],\n  targetEntity: Entity,\n  msg: string,\n  log: Logger\n) => {\n  if (Array.isArray(id)) {\n    return new OnboardingError(\n      MachineError.VALIDATION,\n      msg,\n      Category.POSTGRES,\n      log,\n      [],\n      { operation: 'IS VALID', targetEntity, targetEntityIds: id.join(', ') }\n    );\n  }\n\n  return new OnboardingError(\n    MachineError.VALIDATION,\n    msg,\n    Category.POSTGRES,\n    log,\n    [],\n    { operation: 'IS VALID', targetEntity, targetEntityId: id }\n  );\n};\n\nexport const POSTGRES_GET_KIDSLOOP_ID_QUERY = (\n  id: ExternalUuid | ExternalUuid[],\n  targetEntity: Entity,\n  msg: string,\n  log: Logger\n) => {\n  if (Array.isArray(id)) {\n    return new OnboardingError(\n      MachineError.READ,\n      msg,\n      Category.POSTGRES,\n      log,\n      [],\n      {\n        operation: 'GET KIDSLOOP IDS',\n        targetEntity,\n        targetEntityIds: id.join(', '),\n      }\n    );\n  }\n  return new OnboardingError(\n    MachineError.READ,\n    msg,\n    Category.POSTGRES,\n    log,\n    [],\n    {\n      operation: 'GET KIDSLOOP ID',\n      targetEntity,\n      targetEntityId: id,\n    }\n  );\n};\n\nexport function tryGetMember<T>(\n  e: T | undefined,\n  log: Logger,\n  path: string[] = []\n): T {\n  if (e === undefined)\n    throw new OnboardingError(\n      MachineError.VALIDATION,\n      `Expected to find data however it was undefined`,\n      Category.REQUEST,\n      log,\n      path\n    );\n  return e;\n}\n\nexport const returnMessageOrThrowOnboardingError = (e: unknown): string => {\n  if (e instanceof OnboardingError || e instanceof Errors) throw e;\n  return e instanceof Error ? e.message : `${e}`;\n};\n"]},"_coverageSchema":"1a1c01bbd47fc00a2c39e90264f33305004495a9","hash":"c8e674f971fecb630ef418c6190bcb3381f198c6"},"/home/ncurtis/code/kidsloop/client_integration_layer_backend/cil-lib/src/lib/protos/index.ts":{"path":"/home/ncurtis/code/kidsloop/client_integration_layer_backend/cil-lib/src/lib/protos/index.ts","statementMap":{"0":{"start":{"line":2,"column":22},"end":{"line":8,"column":3}},"1":{"start":{"line":3,"column":4},"end":{"line":3,"column":33}},"2":{"start":{"line":3,"column":26},"end":{"line":3,"column":33}},"3":{"start":{"line":4,"column":4},"end":{"line":4,"column":89}},"4":{"start":{"line":4,"column":71},"end":{"line":4,"column":83}},"5":{"start":{"line":6,"column":4},"end":{"line":6,"column":33}},"6":{"start":{"line":6,"column":26},"end":{"line":6,"column":33}},"7":{"start":{"line":7,"column":4},"end":{"line":7,"column":17}},"8":{"start":{"line":9,"column":19},"end":{"line":11,"column":1}},"9":{"start":{"line":10,"column":4},"end":{"line":10,"column":126}},"10":{"start":{"line":10,"column":21},"end":{"line":10,"column":126}},"11":{"start":{"line":10,"column":95},"end":{"line":10,"column":126}},"12":{"start":{"line":12,"column":0},"end":{"line":12,"column":62}},"13":{"start":{"line":13,"column":0},"end":{"line":13,"column":48}},"14":{"start":{"line":14,"column":0},"end":{"line":14,"column":43}},"15":{"start":{"line":15,"column":0},"end":{"line":15,"column":43}}},"fnMap":{"0":{"name":"(anonymous_0)","decl":{"start":{"line":2,"column":74},"end":{"line":2,"column":75}},"loc":{"start":{"line":2,"column":96},"end":{"line":5,"column":1}},"line":2},"1":{"name":"(anonymous_1)","decl":{"start":{"line":4,"column":58},"end":{"line":4,"column":59}},"loc":{"start":{"line":4,"column":69},"end":{"line":4,"column":85}},"line":4},"2":{"name":"(anonymous_2)","decl":{"start":{"line":5,"column":6},"end":{"line":5,"column":7}},"loc":{"start":{"line":5,"column":28},"end":{"line":8,"column":1}},"line":5},"3":{"name":"(anonymous_3)","decl":{"start":{"line":9,"column":50},"end":{"line":9,"column":51}},"loc":{"start":{"line":9,"column":71},"end":{"line":11,"column":1}},"line":9}},"branchMap":{"0":{"loc":{"start":{"line":2,"column":22},"end":{"line":8,"column":3}},"type":"binary-expr","locations":[{"start":{"line":2,"column":23},"end":{"line":2,"column":27}},{"start":{"line":2,"column":31},"end":{"line":2,"column":51}},{"start":{"line":2,"column":57},"end":{"line":8,"column":2}}],"line":2},"1":{"loc":{"start":{"line":2,"column":57},"end":{"line":8,"column":2}},"type":"cond-expr","locations":[{"start":{"line":2,"column":74},"end":{"line":5,"column":1}},{"start":{"line":5,"column":6},"end":{"line":8,"column":1}}],"line":2},"2":{"loc":{"start":{"line":3,"column":4},"end":{"line":3,"column":33}},"type":"if","locations":[{"start":{"line":3,"column":4},"end":{"line":3,"column":33}},{"start":{"line":3,"column":4},"end":{"line":3,"column":33}}],"line":3},"3":{"loc":{"start":{"line":6,"column":4},"end":{"line":6,"column":33}},"type":"if","locations":[{"start":{"line":6,"column":4},"end":{"line":6,"column":33}},{"start":{"line":6,"column":4},"end":{"line":6,"column":33}}],"line":6},"4":{"loc":{"start":{"line":9,"column":19},"end":{"line":11,"column":1}},"type":"binary-expr","locations":[{"start":{"line":9,"column":20},"end":{"line":9,"column":24}},{"start":{"line":9,"column":28},"end":{"line":9,"column":45}},{"start":{"line":9,"column":50},"end":{"line":11,"column":1}}],"line":9},"5":{"loc":{"start":{"line":10,"column":21},"end":{"line":10,"column":126}},"type":"if","locations":[{"start":{"line":10,"column":21},"end":{"line":10,"column":126}},{"start":{"line":10,"column":21},"end":{"line":10,"column":126}}],"line":10},"6":{"loc":{"start":{"line":10,"column":25},"end":{"line":10,"column":93}},"type":"binary-expr","locations":[{"start":{"line":10,"column":25},"end":{"line":10,"column":40}},{"start":{"line":10,"column":44},"end":{"line":10,"column":93}}],"line":10}},"s":{"0":1,"1":25,"2":25,"3":25,"4":454,"5":0,"6":0,"7":0,"8":1,"9":3,"10":25,"11":25,"12":1,"13":1,"14":1,"15":1},"f":{"0":25,"1":454,"2":0,"3":3},"b":{"0":[1,1,1],"1":[1,0],"2":[25,0],"3":[0,0],"4":[1,1,1],"5":[25,0],"6":[25,25]},"inputSourceMap":{"version":3,"file":"/home/ncurtis/code/kidsloop/client_integration_layer_backend/cil-lib/src/lib/protos/index.ts","sources":["/home/ncurtis/code/kidsloop/client_integration_layer_backend/cil-lib/src/lib/protos/index.ts"],"names":[],"mappings":";;;;;;;;;;;;AAAA,gDAA8B;AAC9B,2CAAyB;AACzB,2CAAyB","sourcesContent":["export * from './api_grpc_pb';\nexport * from './api_pb';\nexport * from './job_pb';\n"]},"_coverageSchema":"1a1c01bbd47fc00a2c39e90264f33305004495a9","hash":"e95474903c77f4665bb39d30aa4e972eff9dae6f"},"/home/ncurtis/code/kidsloop/client_integration_layer_backend/cil-lib/src/lib/protos/api_grpc_pb.js":{"path":"/home/ncurtis/code/kidsloop/client_integration_layer_backend/cil-lib/src/lib/protos/api_grpc_pb.js","statementMap":{"0":{"start":{"line":4,"column":11},"end":{"line":4,"column":35}},"1":{"start":{"line":5,"column":13},"end":{"line":5,"column":35}},"2":{"start":{"line":8,"column":2},"end":{"line":10,"column":3}},"3":{"start":{"line":9,"column":4},"end":{"line":9,"column":84}},"4":{"start":{"line":11,"column":2},"end":{"line":11,"column":44}},"5":{"start":{"line":15,"column":2},"end":{"line":15,"column":78}},"6":{"start":{"line":19,"column":2},"end":{"line":21,"column":3}},"7":{"start":{"line":20,"column":4},"end":{"line":20,"column":77}},"8":{"start":{"line":22,"column":2},"end":{"line":22,"column":44}},"9":{"start":{"line":26,"column":2},"end":{"line":26,"column":71}},"10":{"start":{"line":30,"column":2},"end":{"line":32,"column":3}},"11":{"start":{"line":31,"column":4},"end":{"line":31,"column":78}},"12":{"start":{"line":33,"column":2},"end":{"line":33,"column":44}},"13":{"start":{"line":37,"column":2},"end":{"line":37,"column":72}},"14":{"start":{"line":41,"column":24},"end":{"line":64,"column":1}},"15":{"start":{"line":66,"column":0},"end":{"line":66,"column":80}}},"fnMap":{"0":{"name":"serialize_cil_onboarding_api_BatchOnboarding","decl":{"start":{"line":7,"column":9},"end":{"line":7,"column":53}},"loc":{"start":{"line":7,"column":59},"end":{"line":12,"column":1}},"line":7},"1":{"name":"deserialize_cil_onboarding_api_BatchOnboarding","decl":{"start":{"line":14,"column":9},"end":{"line":14,"column":55}},"loc":{"start":{"line":14,"column":68},"end":{"line":16,"column":1}},"line":14},"2":{"name":"serialize_cil_onboarding_api_Response","decl":{"start":{"line":18,"column":9},"end":{"line":18,"column":46}},"loc":{"start":{"line":18,"column":52},"end":{"line":23,"column":1}},"line":18},"3":{"name":"deserialize_cil_onboarding_api_Response","decl":{"start":{"line":25,"column":9},"end":{"line":25,"column":48}},"loc":{"start":{"line":25,"column":61},"end":{"line":27,"column":1}},"line":25},"4":{"name":"serialize_cil_onboarding_api_Responses","decl":{"start":{"line":29,"column":9},"end":{"line":29,"column":47}},"loc":{"start":{"line":29,"column":53},"end":{"line":34,"column":1}},"line":29},"5":{"name":"deserialize_cil_onboarding_api_Responses","decl":{"start":{"line":36,"column":9},"end":{"line":36,"column":49}},"loc":{"start":{"line":36,"column":62},"end":{"line":38,"column":1}},"line":36}},"branchMap":{"0":{"loc":{"start":{"
[...]
"type":"if","locations":[{"start":{"line":65,"column":12},"end":{"line":66,"column":37}},{"start":{"line":65,"column":12},"end":{"line":66,"column":37}}],"line":65},"3":{"loc":{"start":{"line":65,"column":16},"end":{"line":65,"column":39}},"type":"binary-expr","locations":[{"start":{"line":65,"column":16},"end":{"line":65,"column":22}},{"start":{"line":65,"column":26},"end":{"line":65,"column":39}}],"line":65},"4":{"loc":{"start":{"line":87,"column":12},"end":{"line":88,"column":23}},"type":"if","locations":[{"start":{"line":87,"column":12},"end":{"line":88,"column":23}},{"start":{"line":87,"column":12},"end":{"line":88,"column":23}}],"line":87},"5":{"loc":{"start":{"line":96,"column":24},"end":{"line":96,"column":75}},"type":"cond-expr","locations":[{"start":{"line":96,"column":49},"end":{"line":96,"column":62}},{"start":{"line":96,"column":65},"end":{"line":96,"column":75}}],"line":96}},"s":{"0":1,"1":1,"2":1,"3":1,"4":1,"5":1,"6":0,"7":0,"8":0,"9":0,"10":0,"11":0,"12":0,"13":0,"14":0,"15":0,"16":0,"17":0,"18":0,"19":0,"20":0,"21":0,"22":0,"23":0,"24":0,"25":0,"26":0,"27":0,"28":0,"29":0,"30":0,"31":0,"32":0,"33":0,"34":0,"35":0,"36":0,"37":0,"38":0,"39":0,"40":0,"41":0,"42":1,"43":1},"f":{"0":0,"1":0,"2":0,"3":0,"4":0,"5":0},"b":{"0":[0,0],"1":[0,0],"2":[0,0],"3":[0,0],"4":[0,0],"5":[0,0]},"inputSourceMap":{"version":3,"file":"/home/ncurtis/code/kidsloop/client_integration_layer_backend/cil-lib/src/lib/entities/class.ts","sources":["/home/ncurtis/code/kidsloop/client_integration_layer_backend/cil-lib/src/lib/entities/class.ts"],"names":[],"mappings":";;;AAAA,2CAAwE;AAGxE,sCAQmB;AACnB,oCAAkC;AAGlC,MAAM,MAAM,GAAG,IAAI,qBAAY,EAAE,CAAC;AAElC,MAAa,KAAK;IAET,MAAM,CAAC,KAAK,CAAC,SAAS,CAC3B,CAA0B,EAC1B,GAAW;QAEX,IAAI;YACF,MAAM,MAAM,CAAC,KAAK,CAAC,MAAM,CAAC;gBACxB,IAAI,EAAE,CAAC;aACR,CAAC,CAAC;SACJ;QAAC,OAAO,KAAK,EAAE;YACd,MAAM,GAAG,GAAG,IAAA,4CAAmC,EAAC,KAAK,CAAC,CAAC;YACvD,MAAM,IAAI,wBAAe,CACvB,qBAAY,CAAC,KAAK,EAClB,GAAG,EACH,iBAAQ,CAAC,QAAQ,EACjB,GAAG,EACH,EAAE,EACF,EAAE,QAAQ,EAAE,CAAC,CAAC,YAAY,EAAE,SAAS,EAAE,YAAY,EAAE,CACtD,CAAC;SACH;IACH,CAAC;IAEM,MAAM,CAAC,KAAK,CAAC,OAAO,CAAC,EAAgB,EAAE,GAAW;QACvD,IAAI;YACF,MAAM,CAAC,GAAG,MAAM,MAAM,CAAC,KAAK,CAAC,UAAU,CAAC;gBACtC,KAAK,EAAE;oBACL,YAAY,EAAE,EAAE;iBACjB;aACF,CAAC,CAAC;YACH,IAAI,CAAC,CAAC;gBAAE,MAAM,IAAA,yBAAgB,EAAC,EAAE,EAAE,IAAI,CAAC,MAAM,EAAE,GAAG,CAAC,CAAC;YACrD,OAAO,CAAC,CAAC;SACV;QAAC,OAAO,KAAK,EAAE;YACd,MAAM,GAAG,GAAG,IAAA,4CAAmC,EAAC,KAAK,CAAC,CAAC;YACvD,MAAM,IAAI,wBAAe,CACvB,qBAAY,CAAC,IAAI,EACjB,GAAG,EACH,iBAAQ,CAAC,QAAQ,EACjB,GAAG,EACH,EAAE,EACF,EAAE,QAAQ,EAAE,EAAE,EAAE,SAAS,EAAE,UAAU,EAAE,CACxC,CAAC;SACH;IACH,CAAC;IAEM,MAAM,CAAC,KAAK,CAAC,OAAO,CAAC,EAAgB,EAAE,GAAW;QACvD,IAAI;YACF,MAAM,MAAM,GAAG,MAAM,MAAM,CAAC,KAAK,CAAC,UAAU,CAAC;gBAC3C,KAAK,EAAE;oBACL,YAAY,EAAE,EAAE;iBACjB;gBACD,MAAM,EAAE;oBACN,YAAY,EAAE,IAAI;iBACnB;aACF,CAAC,CAAC;YACH,IAAI,MAAM;gBAAE,OAAO,IAAI,CAAC;YACxB,MAAM,IAAA,yBAAgB,EAAC,EAAE,EAAE,IAAI,CAAC,MAAM,EAAE,GAAG,CAAC,CAAC;SAC9C;QAAC,OAAO,KAAK,EAAE;YACd,MAAM,GAAG,GAAG,IAAA,4CAAmC,EAAC,KAAK,CAAC,CAAC;YACvD,MAAM,IAAA,gCAAuB,EAAC,EAAE,EAAE,IAAI,CAAC,MAAM,EAAE,GAAG,EAAE,GAAG,CAAC,CAAC;SAC1D;IACH,CAAC;IAEM,MAAM,CAAC,KAAK,CAAC,KAAK,CAAC,EAAgB,EAAE,GAAW;QACrD,IAAI;YACF,MAAM,MAAM,GAAG,MAAM,MAAM,CAAC,YAAY,CAAC,UAAU,CAAC;gBAClD,KAAK,EAAE;oBACL,YAAY,EAAE,EAAE;iBACjB;gBACD,MAAM,EAAE;oBACN,MAAM,EAAE,IAAI;iBACb;aACF,CAAC,CAAC;YACH,IAAI,MAAM,IAAI,MAAM,CAAC,MAAM;gBAAE,OAAO,MAAM,CAAC,MAAM,CAAC;YAClD,MAAM,IAAA,yBAAgB,EAAC,EAAE,EAAE,IAAI,CAAC,MAAM,EAAE,GAAG,CAAC,CAAC;SAC9C;QAAC,OAAO,KAAK,EAAE;YACd,MAAM,GAAG,GAAG,IAAA,4CAAmC,EAAC,KAAK,CAAC,CAAC;YACvD,MAAM,IAAA,uCAA8B,EAAC,EAAE,EAAE,IAAI,CAAC,MAAM,EAAE,GAAG,EAAE,GAAG,CAAC,CAAC;SACjE;IACH,CAAC;IAEM,MAAM,CAAC,KAAK,CAAC,QAAQ,CAC1B,QAAsB,EACtB,GAAmB,EACnB,GAAW;QAEX,IAAI;YACF,MAAM,KAAK,GAAG,CACZ,MAAM,MAAM,CAAC,KAAK,CAAC,QAAQ,CAAC;gBAC1B,KAAK,EAAE;oBACL,YAAY,EAAE;wBACZ,EAAE,EAAE,GAAG;qBACR;oBACD,kBAAkB,EAAE,QAAQ;iBAC7B;gBACD,MAAM,EAAE;oBACN,YAAY,EAAE,IAAI;iBACnB;aACF,CAAC,CACH,CAAC,GAAG,CAAC,CAAC,CAAC,EAAE,EAAE,CAAC,CAAC,CAAC,YAAY,CAAC,CAAC;YAC7B,IAAI,KAAK,CAAC,MAAM,KAAK,GAAG,CAAC,MAAM;gBAAE,OAAO;YACxC,MAAM,KAAK,GAAG,IAAI,GAAG,CAAC,GAAG,CAAC,CAAC;YAC3B,KAAK,MAAM,EAAE,IAAI,KAAK,EAAE;gBACtB,KAAK,CAAC,MAAM,CAAC,EAAE,CAAC,CAAC;aAClB;YACD,MAAM,IAAI,KAAK,CACb,YAAY,CAAC,KAAK,CAAC,IAAI,CAAC,KAAK,CAAC,CAAC,IAAI,CAAC,IAAI,CAAC,CAAC,gBAAgB,CAC3D,CAAC;SACH;QAAC,OAAO,KAAK,EAAE;YACd,MAAM,GAAG,GAAG,KAAK,YAAY,KAAK,CAAC,CAAC,CAAC,KAAK,CAAC,OAAO,CAAC,CAAC,CAAC,GAAG,KAAK,EAAE,CAAC;YAChE,MAAM,IAAI,wBAAe,CACvB,qBAAY,CAAC,qBAAqB,EAClC,GAAG,EACH,iBAAQ,CAAC,OAAO,EAChB,GAAG,EACH,EAAE,EACF,EAAE,SAAS,EAAE,GAAG,EAAE,SAAS,EAAE,WAAW,EAAE,CAC3C,CAAC;SACH;IACH,CAAC;;AAvHH,sBAwHC;AAvHe,YAAM,GAAG,cAAM,CAAC,KAAK,CAAC","sourcesContent":["import { Class as DbClass, Prisma, PrismaClient } from '@prisma/client';\nimport { Logger } from 'pino';\n\nimport {\n  Category,\n  ENTITY_NOT_FOUND,\n  MachineError,\n  OnboardingError,\n  POSTGRES_GET_KIDSLOOP_ID_QUERY,\n  POSTGRES_IS_VALID_QUERY,\n  returnMessageOrThrowOnboardingError,\n} from '../errors';\nimport { Entity } from '../types';\nimport { ExternalUuid, Uuid } from '../utils';\n\nconst prisma = new PrismaClient();\n\nexport class Class {\n  public static entity = Entity.CLASS;\n  public static async insertOne(\n    c: Prisma.ClassCreateInput,\n    log: Logger\n  ): Promise<void> {\n    try {\n      await prisma.class.create({\n        data: c,\n      });\n    } catch (error) {\n      const msg = returnMessageOrThrowOnboardingError(error);\n      throw new OnboardingError(\n        MachineError.WRITE,\n        msg,\n        Category.POSTGRES,\n        log,\n        [],\n        { entityId: c.externalUuid, operation: 'INSERT ONE' }\n      );\n    }\n  }\n\n  public static async findOne(id: ExternalUuid, log: Logger): Promise<DbClass> {\n    try {\n      const c = await prisma.class.findUnique({\n        where: {\n          externalUuid: id,\n        },\n      });\n      if (!c) throw ENTITY_NOT_FOUND(id, this.entity, log);\n      return c;\n    } catch (error) {\n      const msg = returnMessageOrThrowOnboardingError(error);\n      throw new OnboardingError(\n        MachineError.READ,\n        msg,\n        Category.POSTGRES,\n        log,\n        [],\n        { entityId: id, operation: 'FIND ONE' }\n      );\n    }\n  }\n\n  public static async isValid(id: ExternalUuid, log: Logger): Promise<boolean> {\n    try {\n      const entity = await prisma.class.findUnique({\n        where: {\n          externalUuid: id,\n        },\n        select: {\n          externalUuid: true,\n        },\n      });\n      if (entity) return true;\n      throw ENTITY_NOT_FOUND(id, this.entity, log);\n    } catch (error) {\n      const msg = returnMessageOrThrowOnboardingError(error);\n      throw POSTGRES_IS_VALID_QUERY(id, this.entity, msg, log);\n    }\n  }\n\n  public static async getId(id: ExternalUuid, log: Logger): Promise<Uuid> {\n    try {\n      const klUuid = await prisma.organization.findUnique({\n        where: {\n          externalUuid: id,\n        },\n        select: {\n          klUuid: true,\n        },\n      });\n      if (klUuid && klUuid.klUuid) return klUuid.klUuid;\n      throw ENTITY_NOT_FOUND(id, this.entity, log);\n    } catch (error) {\n      const msg = returnMessageOrThrowOnboardingError(error);\n      throw POSTGRES_GET_KIDSLOOP_ID_QUERY(id, this.entity, msg, log);\n    }\n  }\n\n  public static async areValid(\n    schoolId: ExternalUuid,\n    ids: ExternalUuid[],\n    log: Logger\n  ): Promise<void> {\n    try {\n      const count = (\n        await prisma.class.findMany({\n          where: {\n            externalUuid: {\n              in: ids,\n            },\n            externalSchoolUuid: schoolId,\n          },\n          select: {\n            externalUuid: true,\n          },\n        })\n      ).map((c) => c.externalUuid);\n      if (count.length === ids.length) return;\n      const idSet = new Set(ids);\n      for (const id of count) {\n        idSet.delete(id);\n      }\n      throw new Error(\n        `Classes: ${[Array.from(idSet).join(', ')]} are not valid`\n      );\n    } catch (error) {\n      const msg = error instanceof Error ? error.message : `${error}`;\n      throw new OnboardingError(\n        MachineError.ENTITY_DOES_NOT_EXIST,\n        msg,\n        Category.REQUEST,\n        log,\n        [],\n        { entityIds: ids, operation: 'ARE VALID' }\n      );\n    }\n  }\n}\n"]},"_coverageSchema":"1a1c01bbd47fc00a2c39e90264f33305004495a9","hash":"49908df55da570d7a8cbd3a5423bef0e4b463ea2"},"/home/ncurtis/code/kidsloop/client_integration_layer_backend/cil-lib/src/lib/entities/user.ts":{"path":"/home/ncurtis/code/kidsloop/client_integration_layer_backend/cil-lib/src/lib/entities/user.ts","statementMap":{"0":{"start":{"line":2,"column":0},"end":{"line":2,"column":62}},"1":{"start":{"line":3,"column":0},"end":{"line":3,"column":22}},"2":{"start":{"line":4,"column":17},"end":{"line":4,"column":42}},"3":{"start":{"line":5,"column":17},"end":{"line":5,"column":37}},"4":{"start":{"line":6,"column":16},"end":{"line":6,"column":35}},"5":{"start":{"line":7,"column":15},"end":{"line":7,"column":42}},"6":{"start":{"line":10,"column":8},"end":{"line":18,"column":9}},"7":{"start":{"line":11,"column":12},"end":{"line":13,"column":15}},"8":{"start":{"line":16,"column":24},"end":{"line":16,"column":80}},"9":{"start":{"line":17,"column":12},"end":{"line":17,"column":176}},"10":{"start":{"line":21,"column":8},"end":{"line":34,"column":9}},"11":{"start":{"line":22,"column":25},"end":{"line":26,"column":14}},"12":{"start":{"line":27,"column":12},"end":{"line":28,"column":75}},"13":{"start":{"line":28,"column":16},"end":{"line":28,"column":75}},"14":{"start":{"line":29,"column":12},"end":{"line":29,"column":24}},"15":{"start":{"line":32,"column":24},"end":{"line":32,"column":80}},"16":{"start":{"line":33,"column":12},"end":{"line":33,"column":158}},"17":{"start":{"line":37,"column":8},"end":{"line":53,"column":9}},"18":{"start":{"line":38,"column":27},"end":{"line":45,"column":14}},"19":{"start":{"line":46,"column":12},"end":{"line":47,"column":28}},"20":{"start":{"line":47,"column":16},"end":{"line":47,"column":28}},"21":{"start":{"line":48,"column":12},"end":{"line":48,"column":71}},"22":{"start":{"line":51,"column":24},"end":{"line":51,"column":80}},"23":{"start":{"line":52,"column":12},"end":{"line":52,"column":83}},"24":{"start":{"line":56,"column":8},"end":{"line":74,"column":9}},"25":{"start":{"line":57,"column":27},"end":{"line":64,"column":14}},"26":{"start":{"line":65,"column":12},"end":{"line":66,"column":70}},"27":{"start":{"line":66,"column":16},"end":{"line":66,"column":70}},"28":{"start":{"line":67,"column":12},"end":{"line":68,"column":37}},"29":{"start":{"line":68,"column":16},"end":{"line":68,"column":37}},"30":{"start":{"line":69,"column":12},"end":{"line":69,"column":71}},"31":{"start":{"line":72,"column":24},"end":{"line":72,"column":80}},"32":{"start":{"line":73,"column":12},"end":{"line":73,"column":90}},"33":{"start":{"line":77,"column":0},"end":{"line":77,"column":20}},"34":{"start":{"line":78,"column":0},"end":{"line":78,"column":34}}},"fnMap":{"0":{"name":"(anonymous_0)","decl":{"start":{"line":9,"column":4},"end":{"line":9,"column":5}},"loc":{"start":{"line":9,"column":38},"end":{"line":19,"column":5}},"line":9},"1":{"name":"(anonymous_1)","decl":{"start":{"line":20,"column":4},"end":{"line":20,"column":5}},"loc":{"start":{"line":20,"column":34},"end":{"line":35,"column":5}},"line":20},"2":{"name":"(anonymous_2)","decl":{"start":{"line":36,"column":4},"end":{"line":36,"column":5}},"loc":{"start":{"line":36,"column":34},"end":{"line":54,"column":5}},"line":36},"3":{"name":"(anonymous_3)","decl":{"start":{"line":55,"column":4},"end":{"line":55,"column":5}},"loc":{"start":{"line":55,"column":32},"end":{"line":75,"column":5}},"line":55}},"branchMap":{"0":{"loc":{"start":{"line":27,"column":12},"end":{"line":28,"column":75}},"type":"if","locations":[{"start":{"line":27,"column":12},"end":{"line":28,"column":75}},{"start":{"line":27,"column":12},"end":{"line":28,"column":75}}],"line":27},"1":{"loc":{"start":{"line":46,"column":12},"end":{"line":47,"column":28}},"type":"if","locations":[{"start":{"line":46,"column":12},"end":{"line":47,"column":28}},{"start":{"line":46,"column":12},"end":{"line":47,"column":28}}],"line":46},"2":{"loc":{"start":{"line":65,"column":12},"end":{"line":66,"column":70}},"type":"if","locations":[{"start":{"line":65,"column":12},"end":{"line":66,"column":70}},{"start":{"line":65,"column":12},"end":{"line":66,"column":70}}],"line":65},"3":{"loc":{"start":{"line":67,"column":12},"end":{"line":68,"column":37}},"type":"if","locations":[{"start":{"line":67,"column":12},"end":{"line":68,"column":37}},{"start":{"line":67,"column":12},"end":{"line":68,"column":37}}],"line":67},"4":{"loc":{"start":{"line":67,"column":16},"end":{"line":67,"column":39}},"type":"binary-expr","locations":[{"start":{"line":67,"column":16},"end":{"line":67,"column":22}},{"start":{"line":67,"column":26},"end":{"line":67,"column":39}}],"line":67}},"s":{"0":1,"1":1,"2":1,"3":1,"4":1,"5":1,"6":0,"7":0,"8":0,"9":0,"10":0,"11":0,"12":0,"13":0,"14":0,"15":0,"16":0,"17":0,"18":0,"19":0,"20":0,"21":0,"22":0,"23":0,"24":0,"25":0,"26":0,"27":0,"28":0,"29":0,"30":0,"31":0,"32":0,"33":1,"34":1},"f":{"0":0,"1":0,"2":0,"3":0},"b":{"0":[0,0],"1":[0,0],"2":[0,0],"3":[0,0],"4":[0,0]},"inputSourceMap":{"version":3,"file":"/home/ncurtis/code/kidsloop/client_integration_layer_backend/cil-lib/src/lib/entities/user.ts","sources":["/home/ncurtis/code/kidsloop/client_integration_layer_backend/cil-lib/src/lib/entities/user.ts"],"names":[],"mappings":";;;AAAA,2CAAsE;AAGtE,sCAQmB;AACnB,oCAAkC;AAGlC,MAAM,MAAM,GAAG,IAAI,qBAAY,EAAE,CAAC;AAElC,MAAa,IAAI;IAER,MAAM,CAAC,KAAK,CAAC,SAAS,CAC3B,IAA4B,EAC5B,GAAW;QAEX,IAAI;YACF,MAAM,MAAM,CAAC,IAAI,CAAC,MAAM,CAAC;gBACvB,IAAI,EAAE,IAAI;aACX,CAAC,CAAC;SACJ;QAAC,OAAO,KAAK,EAAE;YACd,MAAM,GAAG,GAAG,IAAA,4CAAmC,EAAC,KAAK,CAAC,CAAC;YACvD,MAAM,IAAI,wBAAe,CACvB,qBAAY,CAAC,KAAK,EAClB,GAAG,EACH,iBAAQ,CAAC,QAAQ,EACjB,GAAG,EACH,EAAE,EACF,EAAE,QAAQ,EAAE,IAAI,CAAC,YAAY,EAAE,SAAS,EAAE,YAAY,EAAE,CACzD,CAAC;SACH;IACH,CAAC;IAEM,MAAM,CAAC,KAAK,CAAC,OAAO,CAAC,EAAgB,EAAE,GAAW;QACvD,IAAI;YACF,MAAM,IAAI,GAAG,MAAM,MAAM,CAAC,IAAI,CAAC,UAAU,CAAC;gBACxC,KAAK,EAAE;oBACL,YAAY,EAAE,EAAE;iBACjB;aACF,CAAC,CAAC;YACH,IAAI,CAAC,IAAI;gBAAE,MAAM,IAAA,yBAAgB,EAAC,EAAE,EAAE,IAAI,CAAC,MAAM,EAAE,GAAG,CAAC,CAAC;YACxD,OAAO,IAAI,CAAC;SACb;QAAC,OAAO,KAAK,EAAE;YACd,MAAM,GAAG,GAAG,IAAA,4CAAmC,EAAC,KAAK,CAAC,CAAC;YACvD,MAAM,IAAI,wBAAe,CACvB,qBAAY,CAAC,IAAI,EACjB,GAAG,EACH,iBAAQ,CAAC,QAAQ,EACjB,GAAG,EACH,EAAE,EACF,EAAE,QAAQ,EAAE,EAAE,EAAE,SAAS,EAAE,UAAU,EAAE,CACxC,CAAC;SACH;IACH,CAAC;IAEM,MAAM,CAAC,KAAK,CAAC,OAAO,CAAC,EAAgB,EAAE,GAAW;QACvD,IAAI;YACF,MAAM,MAAM,GAAG,MAAM,MAAM,CAAC,IAAI,CAAC,UAAU,CAAC;gBAC1C,KAAK,EAAE;oBACL,YAAY,EAAE,EAAE;iBACjB;gBACD,MAAM,EAAE;oBACN,YAAY,EAAE,IAAI;iBACnB;aACF,CAAC,CAAC;YACH,IAAI,MAAM;gBAAE,OAAO,IAAI,CAAC;YACxB,MAAM,IAAA,yBAAgB,EAAC,EAAE,EAAE,IAAI,CAAC,MAAM,EAAE,GAAG,CAAC,CAAC;SAC9C;QAAC,OAAO,KAAK,EAAE;YACd,MAAM,GAAG,GAAG,IAAA,4CAAmC,EAAC,KAAK,CAAC,CAAC;YACvD,MAAM,IAAA,gCAAuB,EAAC,EAAE,EAAE,IAAI,CAAC,MAAM,EAAE,GAAG,EAAE,GAAG,CAAC,CAAC;SAC1D;IACH,CAAC;IAEM,MAAM,CAAC,KAAK,CAAC,KAAK,CAAC,EAAgB,EAAE,GAAW;QACrD,IAAI;YACF,MAAM,MAAM,GAAG,MAAM,MAAM,CAAC,IAAI,CAAC,UAAU,CAAC;gBAC1C,KAAK,EAAE;oBACL,YAAY,EAAE,EAAE;iBACjB;gBACD,MAAM,EAAE;oBACN,MAAM,EAAE,IAAI;iBACb;aACF,CAAC,CAAC;YACH,IAAI,CAAC,MAAM;gBAAE,MAAM,IAAI,KAAK,CAAC,GAAG,IAAI,CAAC,MAAM,KAAK,EAAE,eAAe,CAAC,CAAC;YACnE,IAAI,MAAM,IAAI,MAAM,CAAC,MAAM;gBAAE,OAAO,MAAM,CAAC,MAAM,CAAC;YAClD,MAAM,IAAA,yBAAgB,EAAC,EAAE,EAAE,IAAI,CAAC,MAAM,EAAE,GAAG,CAAC,CAAC;SAC9C;QAAC,OAAO,KAAK,EAAE;YACd,MAAM,GAAG,GAAG,IAAA,4CAAmC,EAAC,KAAK,CAAC,CAAC;YACvD,MAAM,IAAA,uCAA8B,EAAC,EAAE,EAAE,IAAI,CAAC,MAAM,EAAE,GAAG,EAAE,GAAG,CAAC,CAAC;SACjE;IACH,CAAC;;AAhFH,oBAiFC;AAhFe,WAAM,GAAG,cAAM,CAAC,IAAI,CAAC","sourcesContent":["import { User as DbUser, Prisma, PrismaClient } from '@prisma/client';\nimport { Logger } from 'pino';\n\nimport {\n  Category,\n  ENTITY_NOT_FOUND,\n  MachineError,\n  OnboardingError,\n  POSTGRES_GET_KIDSLOOP_ID_QUERY,\n  POSTGRES_IS_VALID_QUERY,\n  returnMessageOrThrowOnboardingError,\n} from '../errors';\nimport { Entity } from '../types';\nimport { ExternalUuid, Uuid } from '../utils';\n\nconst prisma = new PrismaClient();\n\nexport class User {\n  public static entity = Entity.USER;\n  public static async insertOne(\n    user: Prisma.UserCreateInput,\n    log: Logger\n  ): Promise<void> {\n    try {\n      await prisma.user.create({\n        data: user,\n      });\n    } catch (error) {\n      const msg = returnMessageOrThrowOnboardingError(error);\n      throw new OnboardingError(\n        MachineError.WRITE,\n        msg,\n        Category.POSTGRES,\n        log,\n        [],\n        { entityId: user.externalUuid, operation: 'INSERT ONE' }\n      );\n    }\n  }\n\n  public static async findOne(id: ExternalUuid, log: Logger): Promise<DbUser> {\n    try {\n      const user = await prisma.user.findUnique({\n        where: {\n          externalUuid: id,\n        },\n      });\n      if (!user) throw ENTITY_NOT_FOUND(id, this.entity, log);\n      return user;\n    } catch (error) {\n      const msg = returnMessageOrThrowOnboardingError(error);\n      throw new OnboardingError(\n        MachineError.READ,\n        msg,\n        Category.POSTGRES,\n        log,\n        [],\n        { entityId: id, operation: 'FIND ONE' }\n      );\n    }\n  }\n\n  public static async isValid(id: ExternalUuid, log: Logger): Promise<boolean> {\n    try {\n      const entity = await prisma.user.findUnique({\n        where: {\n          externalUuid: id,\n        },\n        select: {\n          externalUuid: true,\n        },\n      });\n      if (entity) return true;\n      throw ENTITY_NOT_FOUND(id, this.entity, log);\n    } catch (error) {\n      const msg = returnMessageOrThrowOnboardingError(error);\n      throw POSTGRES_IS_VALID_QUERY(id, this.entity, msg, log);\n    }\n  }\n\n  public static async getId(id: ExternalUuid, log: Logger): Promise<Uuid> {\n    try {\n      const klUuid = await prisma.user.findUnique({\n        where: {\n          externalUuid: id,\n        },\n        select: {\n          klUuid: true,\n        },\n      });\n      if (!klUuid) throw new Error(`${this.entity}: ${id} is not valid`);\n      if (klUuid && klUuid.klUuid) return klUuid.klUuid;\n      throw ENTITY_NOT_FOUND(id, this.entity, log);\n    } catch (error) {\n      const msg = returnMessageOrThrowOnboardingError(error);\n      throw POSTGRES_GET_KIDSLOOP_ID_QUERY(id, this.entity, msg, log);\n    }\n  }\n}\n"]},"_coverageSchema":"1a1c01bbd47fc00a2c39e90264f33305004495a9","hash":"65f61505b24112199a46a8bab0884f26875c2661"},"/home/ncurtis/code/kidsloop/client_integration_layer_backend/cil-lib/src/lib/services/index.ts":{"path":"/home/ncurtis/code/kidsloop/client_integration_layer_backend/cil-lib/src/lib/services/index.ts","statementMap":{"0":{"start":{"line":2,"column":0},"end":{"line":2,"column":62}},"1":{"start":{"line":3,"column":0},"end":{"line":3,"column":30}},"2":{"start":{"line":4,"column":21},"end":{"line":4,"column":46}},"3":{"start":{"line":5,"column":0},"end":{"line":5,"column":127}},"4":{"start":{"line":5,"column":86},"end":{"line":5,"column":121}}},"fnMap":{"0":{"name":"(anonymous_0)","decl":{"start":{"line":5,"column":72},"end":{"line":5,"column":73}},"loc":{"start":{"line":5,"column":84},"end":{"line":5,"column":123}},"line":5}},"branchMap":{},"s":{"0":1,"1":1,"2":1,"3":1,"4":0},"f":{"0":0},"b":{},"inputSourceMap":{"version":3,"file":"/home/ncurtis/code/kidsloop/client_integration_layer_backend/cil-lib/src/lib/services/index.ts","sources":["/home/ncurtis/code/kidsloop/client_integration_layer_backend/cil-lib/src/lib/services/index.ts"],"names":[],"mappings":";;;AAAA,+CAA8C;AAArC,4GAAA,YAAY,OAAA","sourcesContent":["export { AdminService } from './adminService';\n"]},"_coverageSchema":"1a1c01bbd47fc00a2c39e90264f33305004495a9","hash":"4d8cbd489e4be5b95b4d829c4ab9ddf334f1c06b"}}