{"/home/ncurtis/code/kidsloop/client_integration_layer_backend/cil-lib/src/index.ts":{"path":"/home/ncurtis/code/kidsloop/client_integration_layer_backend/cil-lib/src/index.ts","statementMap":{"0":{"start":{"line":2,"column":22},"end":{"line":8,"column":3}},"1":{"start":{"line":3,"column":4},"end":{"line":3,"column":33}},"2":{"start":{"line":3,"column":26},"end":{"line":3,"column":33}},"3":{"start":{"line":4,"column":4},"end":{"line":4,"column":89}},"4":{"start":{"line":4,"column":71},"end":{"line":4,"column":83}},"5":{"start":{"line":6,"column":4},"end":{"line":6,"column":33}},"6":{"start":{"line":6,"column":26},"end":{"line":6,"column":33}},"7":{"start":{"line":7,"column":4},"end":{"line":7,"column":17}},"8":{"start":{"line":9,"column":25},"end":{"line":13,"column":2}},"9":{"start":{"line":10,"column":4},"end":{"line":10,"column":72}},"10":{"start":{"line":12,"column":4},"end":{"line":12,"column":21}},"11":{"start":{"line":14,"column":19},"end":{"line":16,"column":1}},"12":{"start":{"line":15,"column":4},"end":{"line":15,"column":126}},"13":{"start":{"line":15,"column":21},"end":{"line":15,"column":126}},"14":{"start":{"line":15,"column":95},"end":{"line":15,"column":126}},"15":{"start":{"line":17,"column":19},"end":{"line":23,"column":1}},"16":{"start":{"line":18,"column":4},"end":{"line":18,"column":42}},"17":{"start":{"line":18,"column":31},"end":{"line":18,"column":42}},"18":{"start":{"line":19,"column":17},"end":{"line":19,"column":19}},"19":{"start":{"line":20,"column":4},"end":{"line":20,"column":141}},"20":{"start":{"line":20,"column":21},"end":{"line":20,"column":141}},"21":{"start":{"line":20,"column":40},"end":{"line":20,"column":141}},"22":{"start":{"line":20,"column":109},"end":{"line":20,"column":141}},"23":{"start":{"line":21,"column":4},"end":{"line":21,"column":36}},"24":{"start":{"line":22,"column":4},"end":{"line":22,"column":18}},"25":{"start":{"line":24,"column":0},"end":{"line":24,"column":62}},"26":{"start":{"line":25,"column":0},"end":{"line":25,"column":77}},"27":{"start":{"line":26,"column":0},"end":{"line":26,"column":49}},"28":{"start":{"line":27,"column":0},"end":{"line":27,"column":47}},"29":{"start":{"line":28,"column":0},"end":{"line":28,"column":54}},"30":{"start":{"line":29,"column":0},"end":{"line":29,"column":46}},"31":{"start":{"line":30,"column":0},"end":{"line":30,"column":51}},"32":{"start":{"line":31,"column":0},"end":{"line":31,"column":46}},"33":{"start":{"line":32,"column":0},"end":{"line":32,"column":46}},"34":{"start":{"line":33,"column":0},"end":{"line":33,"column":49}},"35":{"start":{"line":34,"column":14},"end":{"line":34,"column":36}},"36":{"start":{"line":35,"column":0},"end":{"line":35,"column":102}},"37":{"start":{"line":35,"column":77},"end":{"line":35,"column":96}},"38":{"start":{"line":36,"column":15},"end":{"line":36,"column":40}},"39":{"start":{"line":37,"column":0},"end":{"line":37,"column":109}},"40":{"start":{"line":37,"column":80},"end":{"line":37,"column":103}},"41":{"start":{"line":38,"column":0},"end":{"line":38,"column":121}},"42":{"start":{"line":38,"column":86},"end":{"line":38,"column":115}}},"fnMap":{"0":{"name":"(anonymous_0)","decl":{"start":{"line":2,"column":74},"end":{"line":2,"column":75}},"loc":{"start":{"line":2,"column":96},"end":{"line":5,"column":1}},"line":2},"1":{"name":"(anonymous_1)","decl":{"start":{"line":4,"column":58},"end":{"line":4,"column":59}},"loc":{"start":{"line":4,"column":69},"end":{"line":4,"column":85}},"line":4},"2":{"name":"(anonymous_2)","decl":{"start":{"line":5,"column":6},"end":{"line":5,"column":7}},"loc":{"start":{"line":5,"column":28},"end":{"line":8,"column":1}},"line":5},"3":{"name":"(anonymous_3)","decl":{"start":{"line":9,"column":80},"end":{"line":9,"column":81}},"loc":{"start":{"line":9,"column":95},"end":{"line":11,"column":1}},"line":9},"4":{"name":"(anonymous_4)","decl":{"start":{"line":11,"column":5},"end":{"line":11,"column":6}},"loc":{"start":{"line":11,"column":20},"end":{"line":13,"column":1}},"line":11},"5":{"name":"(anonymous_5)","decl":{"start":{"line":14,"column":50},"end":{"line":14,"column":51}},"loc":{"start":{"line":14,"column":71},"end":{"line":16,"column":1}},"line":14},"6":{"name":"(anonymous_6)","decl":{"start":{"line":17,"column":50},"end":{"line":17,"column":51}},"loc":{"start":{"line":17,"column":65},"end":{"line":23,"column":1}},"line":17},"7":{"name":"(anonymous_7)","decl":{"start":{"line":35,"column":63},"end":{"line":35,"column":64}},"loc":{"start":{"line":35,"column":75},"end":{"line":35,"column":98}},"line":35},"8":{"name":"(anonymous_8)","decl":{"start":{"line":37,"column":66},"end":{"line":37,"column":67}},"loc":{"start":{"line":37,"column":78},"end":{"line":37,"column":105}},"line":37},"9":{"name":"(anonymous_9)","decl":{"start":{"line":38,"column":72},"end":{"line":38,"column":73}},"loc":{"start":{"line":38,"column":84},"end":{"line":38,"column":117}},"line":38}},"branchMap":{"0":{"loc":{"start":{"line":2,"column":22},"end":{"line":8,"column":3}},"type":"binary-expr","locations":[{"start":{"line":2,"column":23},"end":{"line":2,"column":27}},{"start":{"line":2,"column":31},"end":{"line":2,"column":51}},{"start":{"line":2,"column":57},"end":{"line":8,"column":2}}],"line":2},"1":{"loc":{"start":{"line":2,"column":57},"end":{"line":8,"column":2}},"type":"cond-expr","locations":[{"start":{"line":2,"column":74},"end":{"line":5,"column":1}},{"start":{"line":5,"column":6},"end":{"line":8,"column":1}}],"line":2},"2":{"loc":{"start":{"line":3,"column":4},"end":{"line":3,"column":33}},"type":"if","locations":[{"start":{"line":3,"column":4},"end":{"line":3,"column":33}},{"start":{"line":3,"column":4},"end":{"line":3,"column":33}}],"line":3},"3":{"loc":{"start":{"line":6,"column":4},"end":{"line":6,"column":33}},"type":"if","locations":[{"start":{"line":6,"column":4},"end":{"line":6,"column":33}},{"start":{"line":6,"column":4},"end":{"line":6,"column":33}}],"line":6},"4":{"loc":{"start":{"line":9,"column":25},"end":{"line":13,"column":2}},"type":"binary-expr","locations":[{"start":{"line":9,"column":26},"end":{"line":9,"column":30}},{"start":{"line":9,"column":34},"end":{"line":9,"column":57}},{"start":{"line":9,"column":63},"end":{"line":13,"column":1}}],"line":9},"5":{"loc":{"start":{"line":9,"column":63},"end":{"line":13,"column":1}},"type":"cond-expr","locations":[{"start":{"line":9,"column":80},"end":{"line":11,"column":1}},{"start":{"line":11,"column":5},"end":{"line":13,"column":1}}],"line":9},"6":{"loc":{"start":{"line":14,"column":19},"end":{"line":16,"column":1}},"type":"binary-expr","locations":[{"start":{"line":14,"column":20},"end":{"line":14,"column":24}},{"start":{"line":14,"column":28},"end":{"line":14,"column":45}},{"start":{"line":14,"column":50},"end":{"line":16,"column":1}}],"line":14},"7":{"loc":{"start":{"line":15,"column":21},"end":{"line":15,"column":126}},"type":"if","locations":[{"start":{"line":15,"column":21},"end":{"line":15,"column":126}},{"start":{"line":15,"column":21},"end":{"line":15,"column":126}}],"line":15},"8":{"loc":{"start":{"line":15,"column":25},"end":{"line":15,"column":93}},"type":"binary-expr","locations":[{"start":{"line":15,"column":25},"end":{"line":15,"column":40}},{"start":{"line":15,"column":44},"end":{"line":15,"column":93}}],"line":15},"9":{"loc":{"start":{"line":17,"column":19},"end":{"line":23,"column":1}},"type":"binary-expr","locations":[{"start":{"line":17,"column":20},"end":{"line":17,"column":24}},{"start":{"line":17,"column":28},"end":{"line":17,"column":45}},{"start":{"line":17,"column":50},"end":{"line":23,"column":1}}],"line":17},"10":{"loc":{"start":{"line":18,"column":4},"end":{"line":18,"column":42}},"type":"if","locations":[{"start":{"line":18,"column":4},"end":{"line":18,"column":42}},{"start":{"line":18,"column":4},"end":{"line":18,"column":42}}],"line":18},"11":{"loc":{"start":{"line":18,"column":8},"end":{"line":18,"column":29}},"type":"binary-expr","locations":[{"start":{"line":18,"column":8},"end":{"line":18,"column":11}},{"start":{"line":18,"column":15},"end":{"line":18,"column":29}}],"line":18},"12":{"loc":{"start":{"line":20,"column":4},"end":{"line":20,"column":141}},"type":"if","locations":[{"start":{"line":20,"column":4},"end":{"line":20,"column":141}},{"start":{"line":20,"column":4},"end":{"line":20,"column":141}}],"line":20},"13":{"loc":{"start":{"line":20,"column":40},"end":{"line":20,"column":141}},"type":"if","locations":[{"start":{"line":20,"column":40},"end":{"line":20,"column":141}},{"start":{"line":20,"column":40},"end":{"line":20,"column":141}}],"line":20},"14":{"loc":{"start":{"line":20,"column":44},"end":{"line":20,"column":107}},"type":"binary-expr","locations":[{"start":{"line":20,"column":44},"end":{"line":20,"column":59}},{"start":{"line":20,"column":63},"end":{"line":20,"column":107}}],"line":20}},"s":{"0":1,"1":23,"2":23,"3":23,"4":8,"5":0,"6":0,"7":0,"8":1,"9":0,"10":0,"11":1,"12":7,"13":24,"14":23,"15":1,"16":1,"17":1,"18":0,"19":0,"20":0,"21":0,"22":0,"23":0,"24":0,"25":1,"26":1,"27":1,"28":1,"29":1,"30":1,"31":1,"32":1,"33":1,"34":1,"35":1,"36":1,"37":0,"38":1,"39":1,"40":0,"41":1,"42":0},"f":{"0":23,"1":8,"2":0,"3":0,"4":0,"5":7,"6":1,"7":0,"8":0,"9":0},"b":{"0":[1,1,1],"1":[1,0],"2":[23,0],"3":[0,0],"4":[1,1,1],"5":[1,0],"6":[1,1,1],"7":[23,1],"8":[24,24],"9":[1,1,1],"10":[1,0],"11":[1,1],"12":[0,0],"13":[0,0],"14":[0,0]},"inputSourceMap":{"version":3,"file":"/home/ncurtis/code/kidsloop/client_integration_layer_backend/cil-lib/src/index.ts","sources":["/home/ncurtis/code/kidsloop/client_integration_layer_backend/cil-lib/src/index.ts"],"names":[],"mappings":";;;;;;;;;;;;;;;;;;;;;;;;;AAAA,iDAA+B;AAC/B,+CAA6B;AAC7B,sDAAsC;AACtC,8CAA4B;AAC5B,mDAAiC;AACjC,8CAA4B;AAC5B,8CAA4B;AAC5B,iDAA+B;AAC/B,qCAAkC;AAAzB,4FAAA,GAAG,OAAA;AACZ,yCAAsD;AAA7C,gGAAA,MAAM,OAAA;AAAE,sGAAA,YAAY,OAAA","sourcesContent":["export * from './lib/entities';\nexport * from './lib/errors';\nexport * as proto from './lib/protos';\nexport * from './lib/redis';\nexport * from './lib/validation';\nexport * from './lib/utils';\nexport * from './lib/types';\nexport * from './lib/services';\nexport { log } from './lib/utils';\nexport { Prisma, PrismaClient } from '@prisma/client';\n"]},"_coverageSchema":"1a1c01bbd47fc00a2c39e90264f33305004495a9","hash":"4fba96d597ce4979237ce4b50113fca6437df31e"},"/home/ncurtis/code/kidsloop/client_integration_layer_backend/cil-lib/src/lib/entities/index.ts":{"path":"/home/ncurtis/code/kidsloop/client_integration_layer_backend/cil-lib/src/lib/entities/index.ts","statementMap":{"0":{"start":{"line":2,"column":0},"end":{"line":2,"column":62}},"1":{"start":{"line":3,"column":0},"end":{"line":3,"column":78}},"2":{"start":{"line":4,"column":21},"end":{"line":4,"column":46}},"3":{"start":{"line":5,"column":0},"end":{"line":5,"column":127}},"4":{"start":{"line":5,"column":86},"end":{"line":5,"column":121}},"5":{"start":{"line":6,"column":15},"end":{"line":6,"column":34}},"6":{"start":{"line":7,"column":0},"end":{"line":7,"column":109}},"7":{"start":{"line":7,"column":80},"end":{"line":7,"column":103}},"8":{"start":{"line":8,"column":14},"end":{"line":8,"column":32}},"9":{"start":{"line":9,"column":0},"end":{"line":9,"column":106}},"10":{"start":{"line":9,"column":79},"end":{"line":9,"column":100}},"11":{"start":{"line":10,"column":13},"end":{"line":10,"column":30}},"12":{"start":{"line":11,"column":0},"end":{"line":11,"column":103}},"13":{"start":{"line":11,"column":78},"end":{"line":11,"column":97}}},"fnMap":{"0":{"name":"(anonymous_0)","decl":{"start":{"line":5,"column":72},"end":{"line":5,"column":73}},"loc":{"start":{"line":5,"column":84},"end":{"line":5,"column":123}},"line":5},"1":{"name":"(anonymous_1)","decl":{"start":{"line":7,"column":66},"end":{"line":7,"column":67}},"loc":{"start":{"line":7,"column":78},"end":{"line":7,"column":105}},"line":7},"2":{"name":"(anonymous_2)","decl":{"start":{"line":9,"column":65},"end":{"line":9,"column":66}},"loc":{"start":{"line":9,"column":77},"end":{"line":9,"column":102}},"line":9},"3":{"name":"(anonymous_3)","decl":{"start":{"line":11,"column":64},"end":{"line":11,"column":65}},"loc":{"start":{"line":11,"column":76},"end":{"line":11,"column":99}},"line":11}},"branchMap":{},"s":{"0":1,"1":1,"2":1,"3":1,"4":0,"5":1,"6":1,"7":0,"8":1,"9":1,"10":0,"11":1,"12":1,"13":0},"f":{"0":0,"1":0,"2":0,"3":0},"b":{},"inputSourceMap":{"version":3,"file":"/home/ncurtis/code/kidsloop/client_integration_layer_backend/cil-lib/src/lib/entities/index.ts","sources":["/home/ncurtis/code/kidsloop/client_integration_layer_backend/cil-lib/src/lib/entities/index.ts"],"names":[],"mappings":";;;AAAA,+CAA8C;AAArC,4GAAA,YAAY,OAAA;AACrB,mCAAkC;AAAzB,gGAAA,MAAM,OAAA;AACf,iCAAgC;AAAvB,8FAAA,KAAK,OAAA;AACd,+BAA8B;AAArB,4FAAA,IAAI,OAAA","sourcesContent":["export { Organization } from './organization';\nexport { School } from './school';\nexport { Class } from './class';\nexport { User } from './user';\n"]},"_coverageSchema":"1a1c01bbd47fc00a2c39e90264f33305004495a9","hash":"5241bf6800ff676600ff57c06dc0bce94311d2ea"},"/home/ncurtis/code/kidsloop/client_integration_layer_backend/cil-lib/src/lib/entities/organization.ts":{"path":"/home/ncurtis/code/kidsloop/client_integration_layer_backend/cil-lib/src/lib/entities/organization.ts","statementMap":{"0":{"start":{"line":2,"column":0},"end":{"line":2,"column":62}},"1":{"start":{"line":3,"column":0},"end":{"line":3,"column":30}},"2":{"start":{"line":4,"column":17},"end":{"line":4,"column":42}},"3":{"start":{"line":5,"column":17},"end":{"line":5,"column":37}},"4":{"start":{"line":6,"column":23},"end":{"line":6,"column":58}},"5":{"start":{"line":7,"column":16},"end":{"line":7,"column":35}},"6":{"start":{"line":8,"column":18},"end":{"line":8,"column":38}},"7":{"start":{"line":9,"column":15},"end":{"line":9,"column":32}},"8":{"start":{"line":10,"column":15},"end":{"line":10,"column":42}},"9":{"start":{"line":13,"column":8},"end":{"line":21,"column":9}},"10":{"start":{"line":14,"column":12},"end":{"line":16,"column":15}},"11":{"start":{"line":19,"column":24},"end":{"line":19,"column":75}},"12":{"start":{"line":20,"column":12},"end":{"line":20,"column":204}},"13":{"start":{"line":24,"column":8},"end":{"line":37,"column":9}},"14":{"start":{"line":25,"column":24},"end":{"line":29,"column":14}},"15":{"start":{"line":30,"column":12},"end":{"line":31,"column":65}},"16":{"start":{"line":31,"column":16},"end":{"line":31,"column":65}},"17":{"start":{"line":32,"column":12},"end":{"line":32,"column":23}},"18":{"start":{"line":35,"column":24},"end":{"line":35,"column":75}},"19":{"start":{"line":36,"column":12},"end":{"line":36,"column":178}},"20":{"start":{"line":40,"column":8},"end":{"line":53,"column":9}},"21":{"start":{"line":41,"column":26},"end":{"line":45,"column":14}},"22":{"start":{"line":46,"column":12},"end":{"line":47,"column":23}},"23":{"start":{"line":47,"column":16},"end":{"line":47,"column":23}},"24":{"start":{"line":48,"column":12},"end":{"line":48,"column":64}},"25":{"start":{"line":51,"column":24},"end":{"line":51,"column":75}},"26":{"start":{"line":52,"column":12},"end":{"line":52,"column":184}},"27":{"start":{"line":56,"column":8},"end":{"line":76,"column":9}},"28":{"start":{"line":57,"column":29},"end":{"line":68,"column":14}},"29":{"start":{"line":69,"column":12},"end":{"line":70,"column":65}},"30":{"start":{"line":70,"column":16},"end":{"line":70,"column":65}},"31":{"start":{"line":71,"column":12},"end":{"line":71,"column":58}},"32":{"start":{"line":71,"column":48},"end":{"line":71,"column":56}},"33":{"start":{"line":74,"column":24},"end":{"line":74,"column":75}},"34":{"start":{"line":75,"column":12},"end":{"line":75,"column":182}},"35":{"start":{"line":79,"column":30},"end":{"line":79,"column":76}},"36":{"start":{"line":80,"column":32},"end":{"line":80,"column":34}},"37":{"start":{"line":81,"column":8},"end":{"line":84,"column":9}},"38":{"start":{"line":82,"column":12},"end":{"line":83,"column":46}},"39":{"start":{"line":83,"column":16},"end":{"line":83,"column":46}},"40":{"start":{"line":85,"column":8},"end":{"line":86,"column":296}},"41":{"start":{"line":86,"column":12},"end":{"line":86,"column":296}},"42":{"start":{"line":89,"column":8},"end":{"line":109,"column":9}},"43":{"start":{"line":90,"column":26},"end":{"line":101,"column":14}},"44":{"start":{"line":102,"column":12},"end":{"line":103,"column":65}},"45":{"start":{"line":103,"column":16},"end":{"line":103,"column":65}},"46":{"start":{"line":104,"column":12},"end":{"line":104,"column":52}},"47":{"start":{"line":104,"column":42},"end":{"line":104,"column":50}},"48":{"start":{"line":107,"column":24},"end":{"line":107,"column":75}},"49":{"start":{"line":108,"column":12},"end":{"line":108,"column":179}},"50":{"start":{"line":112,"column":27},"end":{"line":112,"column":70}},"51":{"start":{"line":113,"column":29},"end":{"line":113,"column":31}},"52":{"start":{"line":114,"column":8},"end":{"line":117,"column":9}},"53":{"start":{"line":115,"column":12},"end":{"line":116,"column":40}},"54":{"start":{"line":116,"column":16},"end":{"line":116,"column":40}},"55":{"start":{"line":118,"column":8},"end":{"line":119,"column":230}},"56":{"start":{"line":119,"column":12},"end":{"line":119,"column":230}},"57":{"start":{"line":122,"column":22},"end":{"line":122,"column":69}},"58":{"start":{"line":123,"column":21},"end":{"line":123,"column":34}},"59":{"start":{"line":124,"column":29},"end":{"line":124,"column":50}},"60":{"start":{"line":125,"column":23},"end":{"line":125,"column":56}},"61":{"start":{"line":126,"column":31},"end":{"line":126,"column":62}},"62":{"start":{"line":127,"column":28},"end":{"line":127,"column":56}},"63":{"start":{"line":128,"column":31},"end":{"line":128,"column":74}},"64":{"start":{"line":129,"column":28},"end":{"line":129,"column":68}},"65":{"start":{"line":130,"column":29},"end":{"line":130,"column":66}},"66":{"start":{"line":131,"column":26},"end":{"line":131,"column":57}},"67":{"start":{"line":132,"column":8},"end":{"line":136,"column":11}},"68":{"start":{"line":137,"column":8},"end":{"line":137,"column":71}},"69":{"start":{"line":138,"column":8},"end":{"line":138,"column":62}},"70":{"start":{"line":141,"column":0},"end":{"line":141,"column":36}}},"fnMap":{"0":{"name":"(anonymous_0)","decl":{"start":{"line":12,"column":4},"end":{"line":12,"column":5}},"loc":{"start":{"line":12,"column":41},"end":{"line":22,"column":5}},"line":12},"1":{"name":"(anonymous_1)","decl":{"start":{"line":23,"column":4},"end":{"line":23,"column":5}},"loc":{"start":{"line":23,"column":29},"end":{"line":38,"column":5}},"line":23},"2":{"name":"(anonymous_2)","decl":{"start":{"line":39,"column":4},"end":{"line":39,"column":5}},"loc":{"start":{"line":39,"column":29},"end":{"line":54,"column":5}},"line":39},"3":{"name":"(anonymous_3)","decl":{"start":{"line":55,"column":4},"end":{"line":55,"column":5}},"loc":{"start":{"line":55,"column":33},"end":{"line":77,"column":5}},"line":55},"4":{"name":"(anonymous_4)","decl":{"start":{"line":71,"column":41},"end":{"line":71,"column":42}},"loc":{"start":{"line":71,"column":48},"end":{"line":71,"column":56}},"line":71},"5":{"name":"(anonymous_5)","decl":{"start":{"line":78,"column":4},"end":{"line":78,"column":5}},"loc":{"start":{"line":78,"column":51},"end":{"line":87,"column":5}},"line":78},"6":{"name":"(anonymous_6)","decl":{"start":{"line":88,"column":4},"end":{"line":88,"column":5}},"loc":{"start":{"line":88,"column":30},"end":{"line":110,"column":5}},"line":88},"7":{"name":"(anonymous_7)","decl":{"start":{"line":104,"column":35},"end":{"line":104,"column":36}},"loc":{"start":{"line":104,"column":42},"end":{"line":104,"column":50}},"line":104},"8":{"name":"(anonymous_8)","decl":{"start":{"line":111,"column":4},"end":{"line":111,"column":5}},"loc":{"start":{"line":111,"column":45},"end":{"line":120,"column":5}},"line":111},"9":{"name":"(anonymous_9)","decl":{"start":{"line":121,"column":4},"end":{"line":121,"column":5}},"loc":{"start":{"line":121,"column":45},"end":{"line":139,"column":5}},"line":121}},"branchMap":{"0":{"loc":{"start":{"line":19,"column":24},"end":{"line":19,"column":75}},"type":"cond-expr","locations":[{"start":{"line":19,"column":49},"end":{"line":19,"column":62}},{"start":{"line":19,"column":65},"end":{"line":19,"column":75}}],"line":19},"1":{"loc":{"start":{"line":30,"column":12},"end":{"line":31,"column":65}},"type":"if","locations":[{"start":{"line":30,"column":12},"end":{"line":31,"column":65}},{"start":{"line":30,"column":12},"end":{"line":31,"column":65}}],"line":30},"2":{"loc":{"start":{"line":35,"column":24},"end":{"line":35,"column":75}},"type":"cond-expr","locations":[{"start":{"line":35,"column":49},"end":{"line":35,"column":62}},{"start":{"line":35,"column":65},"end":{"line":35,"column":75}}],"line":35},"3":{"loc":{"start":{"line":46,"column":12},"end":{"line":47,"column":23}},"type":"if","locations":[{"start":{"line":46,"column":12},"end":{"line":47,"column":23}},{"start":{"line":46,"column":12},"end":{"line":47,"column":23}}],"line":46},"4":{"loc":{"start":{"line":51,"column":24},"end":{"line":51,"column":75}},"type":"cond-expr","locations":[{"start":{"line":51,"column":49},"end":{"line":51,"column":62}},{"start":{"line":51,"column":65},"end":{"line":51,"column":75}}],"line":51},"5":{"loc":{"start":{"line":69,"column":12},"end":{"line":70,"column":65}},"type":"if","locations":[{"start":{"line":69,"column":12},"end":{"line":70,"column":65}},{"start":{"line":69,"column":12},"end":{"line":70,"column":65}}],"line":69},"6":{"loc":{"start":{"line":74,"column":24},"end":{"line":74,"column":75}},"type":"cond-expr","locations":[{"start":{"line":74,"column":49},"end":{"line":74,"column":62}},{"start":{"line":74,"column":65},"end":{"line":74,"column":75}}],"line":74},"7":{"loc":{"start":{"line":82,"column":12},"end":{"line":83,"column":46}},"type":"if","locations":[{"start":{"line":82,"column":12},"end":{"line":83,"column":46}},{"start":{"line":82,"column":12},"end":{"line":83,"column":46}}],"line":82},"8":{"loc":{"start":{"line":85,"column":8},"end":{"line":86,"column":296}},"type":"if","locations":[{"start":{"line":85,"column":8},"end":{"line":86,"column":296}},{"start":{"line":85,"column":8},"end":{"line":86,"column":296}}],"line":85},"9":{"loc":{"start":{"line":102,"column":12},"end":{"line":103,"column":65}},"type":"if","locations":[{"start":{"line":102,"column":12},"end":{"line":103,"column":65}},{"start":{"line":102,"column":12},"end":{"line":103,"column":65}}],"line":102},"10":{"loc":{"start":{"line":107,"column":24},"end":{"line":107,"column":75}},"type":"cond-expr","locations":[{"start":{"line":107,"column":49},"end":{"line":107,"column":62}},{"start":{"line":107,"column":65},"end":{"line":107,"column":75}}],"line":107},"11":{"loc":{"start":{"line":115,"column":12},"end":{"line":116,"column":40}},"type":"if","locations":[{"start":{"line":115,"column":12},"end":{"line":116,"column":40}},{"start":{"line":115,"column":12},"end":{"line":116,"column":40}}],"line":115},"12":{"loc":{"start":{"line":118,"column":8},"end":{"line":119,"column":230}},"type":"if","locations":[{"start":{"line":118,"column":8},"end":{"line":119,"column":230}},{"start":{"line":118,"column":8},"end":{"line":119,"column":230}}],"line":118}},"s":{"0":1,"1":1,"2":1,"3":1,"4":1,"5":1,"6":1,"7":1,"8":1,"9":0,"10":0,"11":0,"12":0,"13":0,"14":0,"15":0,"16":0,"17":0,"18":0,"19":0,"20":0,"21":0,"22":0,"23":0,"24":0,"25":0,"26":0,"27":0,"28":0,"29":0,"30":0,"31":0,"32":0,"33":0,"34":0,"35":0,"36":0,"37":0,"38":0,"39":0,"40":0,"41":0,"42":0,"43":0,"44":0,"45":0,"46":0,"47":0,"48":0,"49":0,"50":0,"51":0,"52":0,"53":0,"54":0,"55":0,"56":0,"57":0,"58":0,"59":0,"60":0,"61":0,"62":0,"63":0,"64":0,"65":0,"66":0,"67":0,"68":0,"69":0,"70":1},"f":{"0":0,"1":0,"2":0,"3":0,"4":0,"5":0,"6":0,"7":0,"8":0,"9":0},"b":{"0":[0,0],"1":[0,0],"2":[0,0],"3":[0,0],"4":[0,0],"5":[0,0],"6":[0,0],"7":[0,0],"8":[0,0],"9":[0,0],"10":[0,0],"11":[0,0],"12":[0,0]},"inputSourceMap":{"version":3,"file":"/home/ncurtis/code/kidsloop/client_integration_layer_backend/cil-lib/src/lib/entities/organization.ts","sources":["/home/ncurtis/code/kidsloop/client_integration_layer_backend/cil-lib/src/lib/entities/organization.ts"],"names":[],"mappings":";;;AAAA,2CAA6E;AAE7E,sCAAoE;AAEpE,2DAAwD;AACxD,oCAAkC;AAGlC,uCAAoC;AACpC,iCAA8B;AAE9B,MAAM,MAAM,GAAG,IAAI,qBAAY,EAAE,CAAC;AAElC,MAAa,YAAY;IAChB,MAAM,CAAC,KAAK,CAAC,SAAS,CAC3B,YAA4C;QAE5C,IAAI;YACF,MAAM,MAAM,CAAC,YAAY,CAAC,MAAM,CAAC;gBAC/B,IAAI,EAAE,YAAY;aACnB,CAAC,CAAC;SACJ;QAAC,OAAO,KAAK,EAAE;YACd,MAAM,GAAG,GAAG,KAAK,YAAY,KAAK,CAAC,CAAC,CAAC,KAAK,CAAC,OAAO,CAAC,CAAC,CAAC,GAAG,KAAK,EAAE,CAAC;YAChE,MAAM,IAAI,wBAAe,CACvB,qBAAY,CAAC,KAAK,EAClB,GAAG,EACH,cAAM,CAAC,YAAY,EACnB,iBAAQ,CAAC,QAAQ,EACjB,EAAE,QAAQ,EAAE,YAAY,CAAC,YAAY,EAAE,SAAS,EAAE,YAAY,EAAE,CACjE,CAAC;SACH;IACH,CAAC;IAEM,MAAM,CAAC,KAAK,CAAC,OAAO,CAAC,EAAgB;QAC1C,IAAI;YACF,MAAM,GAAG,GAAG,MAAM,MAAM,CAAC,YAAY,CAAC,UAAU,CAAC;gBAC/C,KAAK,EAAE;oBACL,YAAY,EAAE,EAAE;iBACjB;aACF,CAAC,CAAC;YACH,IAAI,CAAC,GAAG;gBAAE,MAAM,IAAI,KAAK,CAAC,iBAAiB,EAAE,YAAY,CAAC,CAAC;YAC3D,OAAO,GAAG,CAAC;SACZ;QAAC,OAAO,KAAK,EAAE;YACd,MAAM,GAAG,GAAG,KAAK,YAAY,KAAK,CAAC,CAAC,CAAC,KAAK,CAAC,OAAO,CAAC,CAAC,CAAC,GAAG,KAAK,EAAE,CAAC;YAChE,MAAM,IAAI,wBAAe,CACvB,qBAAY,CAAC,IAAI,EACjB,GAAG,EACH,cAAM,CAAC,YAAY,EACnB,iBAAQ,CAAC,QAAQ,EACjB,EAAE,QAAQ,EAAE,EAAE,EAAE,SAAS,EAAE,UAAU,EAAE,CACxC,CAAC;SACH;IACH,CAAC;IAEM,MAAM,CAAC,KAAK,CAAC,OAAO,CAAC,EAAgB;QAC1C,IAAI;YACF,MAAM,KAAK,GAAG,MAAM,MAAM,CAAC,YAAY,CAAC,KAAK,CAAC;gBAC5C,KAAK,EAAE;oBACL,YAAY,EAAE,EAAE;iBACjB;aACF,CAAC,CAAC;YACH,IAAI,KAAK,KAAK,CAAC;gBAAE,OAAO;YACxB,MAAM,IAAI,KAAK,CAAC,iBAAiB,EAAE,eAAe,CAAC,CAAC;SACrD;QAAC,OAAO,KAAK,EAAE;YACd,MAAM,GAAG,GAAG,KAAK,YAAY,KAAK,CAAC,CAAC,CAAC,KAAK,CAAC,OAAO,CAAC,CAAC,CAAC,GAAG,KAAK,EAAE,CAAC;YAChE,MAAM,IAAI,wBAAe,CACvB,qBAAY,CAAC,UAAU,EACvB,GAAG,EACH,cAAM,CAAC,YAAY,EACnB,iBAAQ,CAAC,QAAQ,EACjB,EAAE,QAAQ,EAAE,EAAE,EAAE,SAAS,EAAE,UAAU,EAAE,CACxC,CAAC;SACH;IACH,CAAC;IAEM,MAAM,CAAC,KAAK,CAAC,WAAW,CAAC,EAAgB;QAC9C,IAAI;YACF,MAAM,QAAQ,GAAG,MAAM,MAAM,CAAC,YAAY,CAAC,UAAU,CAAC;gBACpD,KAAK,EAAE;oBACL,YAAY,EAAE,EAAE;iBACjB;gBACD,MAAM,EAAE;oBACN,QAAQ,EAAE;wBACR,MAAM,EAAE;4BACN,MAAM,EAAE,IAAI;yBACb;qBACF;iBACF;aACF,CAAC,CAAC;YACH,IAAI,CAAC,QAAQ;gBAAE,MAAM,IAAI,KAAK,CAAC,iBAAiB,EAAE,YAAY,CAAC,CAAC;YAChE,OAAO,QAAQ,CAAC,QAAQ,CAAC,GAAG,CAAC,CAAC,CAAC,EAAE,EAAE,CAAC,CAAC,CAAC,MAAM,CAAC,CAAC;SAC/C;QAAC,OAAO,KAAK,EAAE;YACd,MAAM,GAAG,GAAG,KAAK,YAAY,KAAK,CAAC,CAAC,CAAC,KAAK,CAAC,OAAO,CAAC,CAAC,CAAC,GAAG,KAAK,EAAE,CAAC;YAChE,MAAM,IAAI,wBAAe,CACvB,qBAAY,CAAC,IAAI,EACjB,GAAG,EACH,cAAM,CAAC,YAAY,EACnB,iBAAQ,CAAC,QAAQ,EACjB,EAAE,QAAQ,EAAE,EAAE,EAAE,SAAS,EAAE,cAAc,EAAE,CAC5C,CAAC;SACH;IACH,CAAC;IAEM,MAAM,CAAC,KAAK,CAAC,gBAAgB,CAClC,KAAmB,EACnB,QAAwB;QAExB,MAAM,aAAa,GAAG,IAAI,GAAG,CAAC,MAAM,YAAY,CAAC,WAAW,CAAC,KAAK,CAAC,CAAC,CAAC;QACrE,MAAM,eAAe,GAAG,EAAE,CAAC;QAC3B,KAAK,MAAM,OAAO,IAAI,QAAQ,EAAE;YAC9B,IAAI,CAAC,aAAa,CAAC,GAAG,CAAC,OAAO,CAAC;gBAAE,eAAe,CAAC,IAAI,CAAC,OAAO,CAAC,CAAC;SAChE;QACD,IAAI,eAAe,CAAC,MAAM,GAAG,CAAC;YAC5B,MAAM,IAAI,wBAAe,CACvB,qBAAY,CAAC,UAAU,EACvB,aAAa,eAAe,CAAC,IAAI,CAC/B,IAAI,CACL,0DAA0D,KAAK,EAAE,EAClE,cAAM,CAAC,OAAO,EACd,iBAAQ,CAAC,OAAO,EAChB,EAAE,SAAS,EAAE,QAAQ,EAAE,SAAS,EAAE,oBAAoB,EAAE,CACzD,CAAC;IACN,CAAC;IAEM,MAAM,CAAC,KAAK,CAAC,QAAQ,CAAC,EAAgB;QAC3C,IAAI;YACF,MAAM,KAAK,GAAG,MAAM,MAAM,CAAC,YAAY,CAAC,UAAU,CAAC;gBACjD,KAAK,EAAE;oBACL,YAAY,EAAE,EAAE;iBACjB;gBACD,MAAM,EAAE;oBACN,KAAK,EAAE;wBACL,MAAM,EAAE;4BACN,MAAM,EAAE,IAAI;yBACb;qBACF;iBACF;aACF,CAAC,CAAC;YACH,IAAI,CAAC,KAAK;gBAAE,MAAM,IAAI,KAAK,CAAC,iBAAiB,EAAE,YAAY,CAAC,CAAC;YAC7D,OAAO,KAAK,CAAC,KAAK,CAAC,GAAG,CAAC,CAAC,CAAC,EAAE,EAAE,CAAC,CAAC,CAAC,MAAM,CAAC,CAAC;SACzC;QAAC,OAAO,KAAK,EAAE;YACd,MAAM,GAAG,GAAG,KAAK,YAAY,KAAK,CAAC,CAAC,CAAC,KAAK,CAAC,OAAO,CAAC,CAAC,CAAC,GAAG,KAAK,EAAE,CAAC;YAChE,MAAM,IAAI,wBAAe,CACvB,qBAAY,CAAC,IAAI,EACjB,GAAG,EACH,cAAM,CAAC,YAAY,EACnB,iBAAQ,CAAC,QAAQ,EACjB,EAAE,QAAQ,EAAE,EAAE,EAAE,SAAS,EAAE,WAAW,EAAE,CACzC,CAAC;SACH;IACH,CAAC;IAEM,MAAM,CAAC,KAAK,CAAC,aAAa,CAC/B,KAAmB,EACnB,KAAqB;QAErB,MAAM,UAAU,GAAG,IAAI,GAAG,CAAC,MAAM,YAAY,CAAC,QAAQ,CAAC,KAAK,CAAC,CAAC,CAAC;QAC/D,MAAM,YAAY,GAAG,EAAE,CAAC;QACxB,KAAK,MAAM,IAAI,IAAI,KAAK,EAAE;YACxB,IAAI,CAAC,UAAU,CAAC,GAAG,CAAC,IAAI,CAAC;gBAAE,YAAY,CAAC,IAAI,CAAC,IAAI,CAAC,CAAC;SACpD;QACD,IAAI,YAAY,CAAC,MAAM,GAAG,CAAC;YACzB,MAAM,IAAI,wBAAe,CACvB,qBAAY,CAAC,UAAU,EACvB,UAAU,YAAY,CAAC,IAAI,CAAC,IAAI,CAAC,cAAc,EAC/C,cAAM,CAAC,IAAI,EACX,iBAAQ,CAAC,OAAO,EAChB,EAAE,SAAS,EAAE,KAAK,EAAE,SAAS,EAAE,iBAAiB,EAAE,CACnD,CAAC;IACN,CAAC;IAEM,MAAM,CAAC,KAAK,CAAC,sBAAsB,CAAC,GAAQ;QACjD,MAAM,KAAK,GAAG,MAAM,2BAAY,CAAC,WAAW,EAAE,CAAC;QAC/C,MAAM,IAAI,GAAG,GAAG,CAAC,OAAO,EAAE,CAAC;QAC3B,MAAM,YAAY,GAAG,GAAG,CAAC,eAAe,EAAE,CAAC;QAC3C,MAAM,MAAM,GAAG,MAAM,KAAK,CAAC,eAAe,CAAC,IAAI,CAAC,CAAC;QACjD,MAAM,cAAc,GAAG,MAAM,KAAK,CAAC,iBAAiB,EAAE,CAAC;QACvD,MAAM,WAAW,GAAG,MAAM,KAAK,CAAC,cAAc,EAAE,CAAC;QACjD,MAAM,cAAc,GAAG,MAAM,KAAK,CAAC,uBAAuB,CAAC,MAAM,CAAC,CAAC;QACnE,MAAM,WAAW,GAAG,MAAM,KAAK,CAAC,oBAAoB,CAAC,MAAM,CAAC,CAAC;QAC7D,MAAM,YAAY,GAAG,cAAc,CAAC,MAAM,CAAC,cAAc,CAAC,CAAC;QAC3D,MAAM,SAAS,GAAG,WAAW,CAAC,MAAM,CAAC,WAAW,CAAC,CAAC;QAElD,MAAM,YAAY,CAAC,SAAS,CAAC;YAC3B,YAAY;YACZ,MAAM;YACN,IAAI;SACL,CAAC,CAAC;QACH,MAAM,iBAAO,CAAC,UAAU,CAAC,YAAY,EAAE,YAAY,CAAC,CAAC;QACrD,MAAM,WAAI,CAAC,UAAU,CAAC,SAAS,EAAE,YAAY,CAAC,CAAC;IACjD,CAAC;CACF;AAlLD,oCAkLC","sourcesContent":["import { Organization as DbOrg, Prisma, PrismaClient } from '@prisma/client';\n\nimport { Category, MachineError, OnboardingError } from '../errors';\nimport { Organization as Org } from '../protos/api_pb';\nimport { AdminService } from '../services/adminService';\nimport { Entity } from '../types';\nimport { ExternalUuid } from '../utils';\n\nimport { Program } from './program';\nimport { Role } from './role';\n\nconst prisma = new PrismaClient();\n\nexport class Organization {\n  public static async insertOne(\n    organization: Prisma.OrganizationCreateInput\n  ): Promise<void> {\n    try {\n      await prisma.organization.create({\n        data: organization,\n      });\n    } catch (error) {\n      const msg = error instanceof Error ? error.message : `${error}`;\n      throw new OnboardingError(\n        MachineError.WRITE,\n        msg,\n        Entity.ORGANIZATION,\n        Category.POSTGRES,\n        { entityId: organization.externalUuid, operation: 'INSERT ONE' }\n      );\n    }\n  }\n\n  public static async findOne(id: ExternalUuid): Promise<DbOrg> {\n    try {\n      const org = await prisma.organization.findUnique({\n        where: {\n          externalUuid: id,\n        },\n      });\n      if (!org) throw new Error(`Organization: ${id} not found`);\n      return org;\n    } catch (error) {\n      const msg = error instanceof Error ? error.message : `${error}`;\n      throw new OnboardingError(\n        MachineError.READ,\n        msg,\n        Entity.ORGANIZATION,\n        Category.POSTGRES,\n        { entityId: id, operation: 'FIND ONE' }\n      );\n    }\n  }\n\n  public static async isValid(id: ExternalUuid): Promise<void> {\n    try {\n      const count = await prisma.organization.count({\n        where: {\n          externalUuid: id,\n        },\n      });\n      if (count === 1) return;\n      throw new Error(`Organization: ${id} is not valid`);\n    } catch (error) {\n      const msg = error instanceof Error ? error.message : `${error}`;\n      throw new OnboardingError(\n        MachineError.VALIDATION,\n        msg,\n        Entity.ORGANIZATION,\n        Category.POSTGRES,\n        { entityId: id, operation: 'IS VALID' }\n      );\n    }\n  }\n\n  public static async getPrograms(id: ExternalUuid): Promise<string[]> {\n    try {\n      const programs = await prisma.organization.findUnique({\n        where: {\n          externalUuid: id,\n        },\n        select: {\n          programs: {\n            select: {\n              klUuid: true,\n            },\n          },\n        },\n      });\n      if (!programs) throw new Error(`Organization: ${id} not found`);\n      return programs.programs.map((p) => p.klUuid);\n    } catch (error) {\n      const msg = error instanceof Error ? error.message : `${error}`;\n      throw new OnboardingError(\n        MachineError.READ,\n        msg,\n        Entity.ORGANIZATION,\n        Category.POSTGRES,\n        { entityId: id, operation: 'GET PROGRAMS' }\n      );\n    }\n  }\n\n  public static async programsAreValid(\n    orgId: ExternalUuid,\n    programs: ExternalUuid[]\n  ): Promise<void> {\n    const validPrograms = new Set(await Organization.getPrograms(orgId));\n    const invalidPrograms = [];\n    for (const program of programs) {\n      if (!validPrograms.has(program)) invalidPrograms.push(program);\n    }\n    if (invalidPrograms.length > 0)\n      throw new OnboardingError(\n        MachineError.VALIDATION,\n        `Programs: ${invalidPrograms.join(\n          ', '\n        )} are invalid when comparing to the parent Organization ${orgId}`,\n        Entity.PROGRAM,\n        Category.REQUEST,\n        { entityIds: programs, operation: 'PROGRAMS ARE VALID' }\n      );\n  }\n\n  public static async getRoles(id: ExternalUuid): Promise<ExternalUuid[]> {\n    try {\n      const roles = await prisma.organization.findUnique({\n        where: {\n          externalUuid: id,\n        },\n        select: {\n          roles: {\n            select: {\n              klUuid: true,\n            },\n          },\n        },\n      });\n      if (!roles) throw new Error(`Organization: ${id} not found`);\n      return roles.roles.map((r) => r.klUuid);\n    } catch (error) {\n      const msg = error instanceof Error ? error.message : `${error}`;\n      throw new OnboardingError(\n        MachineError.READ,\n        msg,\n        Entity.ORGANIZATION,\n        Category.POSTGRES,\n        { entityId: id, operation: 'GET ROLES' }\n      );\n    }\n  }\n\n  public static async rolesAreValid(\n    orgId: ExternalUuid,\n    roles: ExternalUuid[]\n  ): Promise<void> {\n    const validRoles = new Set(await Organization.getRoles(orgId));\n    const invalidRoles = [];\n    for (const role of roles) {\n      if (!validRoles.has(role)) invalidRoles.push(role);\n    }\n    if (invalidRoles.length > 0)\n      throw new OnboardingError(\n        MachineError.VALIDATION,\n        `Roles: ${invalidRoles.join(', ')} are invalid`,\n        Entity.ROLE,\n        Category.REQUEST,\n        { entityIds: roles, operation: 'ROLES ARE VALID' }\n      );\n  }\n\n  public static async initializeOrganization(org: Org): Promise<void> {\n    const admin = await AdminService.getInstance();\n    const name = org.getName();\n    const externalUuid = org.getExternalUuid();\n    const klUuid = await admin.getOrganization(name);\n    const systemPrograms = await admin.getSystemPrograms();\n    const systemRoles = await admin.getSystemRoles();\n    const customPrograms = await admin.getOrganizationPrograms(klUuid);\n    const customRoles = await admin.getOrganizationRoles(klUuid);\n    const programUuids = systemPrograms.concat(customPrograms);\n    const roleUuids = systemRoles.concat(customRoles);\n\n    await Organization.insertOne({\n      externalUuid,\n      klUuid,\n      name,\n    });\n    await Program.insertMany(programUuids, externalUuid);\n    await Role.insertMany(roleUuids, externalUuid);\n  }\n}\n"]},"_coverageSchema":"1a1c01bbd47fc00a2c39e90264f33305004495a9","hash":"c234d73270ee1a27353926447c2ca29ed829881d"},"/home/ncurtis/code/kidsloop/client_integration_layer_backend/cil-lib/src/lib/errors.ts":{"path":"/home/ncurtis/code/kidsloop/client_integration_layer_backend/cil-lib/src/lib/errors.ts","statementMap":{"0":{"start":{"line":2,"column":0},"end":{"line":2,"column":62}},"1":{"start":{"line":3,"column":0},"end":{"line":3,"column":151}},"2":{"start":{"line":4,"column":12},"end":{"line":4,"column":25}},"3":{"start":{"line":5,"column":16},"end":{"line":5,"column":34}},"4":{"start":{"line":7,"column":0},"end":{"line":16,"column":59}},"5":{"start":{"line":8,"column":4},"end":{"line":8,"column":36}},"6":{"start":{"line":9,"column":4},"end":{"line":9,"column":36}},"7":{"start":{"line":10,"column":4},"end":{"line":10,"column":32}},"8":{"start":{"line":11,"column":4},"end":{"line":11,"column":38}},"9":{"start":{"line":12,"column":4},"end":{"line":12,"column":48}},"10":{"start":{"line":13,"column":4},"end":{"line":13,"column":34}},"11":{"start":{"line":14,"column":4},"end":{"line":14,"column":36}},"12":{"start":{"line":15,"column":4},"end":{"line":15,"column":38}},"13":{"start":{"line":18,"column":0},"end":{"line":28,"column":71}},"14":{"start":{"line":19,"column":4},"end":{"line":19,"column":46}},"15":{"start":{"line":20,"column":4},"end":{"line":20,"column":53}},"16":{"start":{"line":21,"column":4},"end":{"line":21,"column":44}},"17":{"start":{"line":22,"column":4},"end":{"line":22,"column":46}},"18":{"start":{"line":23,"column":4},"end":{"line":23,"column":43}},"19":{"start":{"line":24,"column":4},"end":{"line":24,"column":61}},"20":{"start":{"line":25,"column":4},"end":{"line":25,"column":36}},"21":{"start":{"line":26,"column":4},"end":{"line":26,"column":40}},"22":{"start":{"line":27,"column":4},"end":{"line":27,"column":44}},"23":{"start":{"line":31,"column":8},"end":{"line":31,"column":29}},"24":{"start":{"line":34,"column":0},"end":{"line":34,"column":24}},"25":{"start":{"line":37,"column":8},"end":{"line":37,"column":27}},"26":{"start":{"line":38,"column":8},"end":{"line":38,"column":23}},"27":{"start":{"line":39,"column":8},"end":{"line":39,"column":29}},"28":{"start":{"line":40,"column":8},"end":{"line":40,"column":33}},"29":{"start":{"line":41,"column":8},"end":{"line":41,"column":37}},"30":{"start":{"line":42,"column":8},"end":{"line":42,"column":31}},"31":{"start":{"line":43,"column":8},"end":{"line":43,"column":33}},"32":{"start":{"line":44,"column":8},"end":{"line":44,"column":43}},"33":{"start":{"line":45,"column":8},"end":{"line":45,"column":35}},"34":{"start":{"line":46,"column":8},"end":{"line":47,"column":23}},"35":{"start":{"line":47,"column":12},"end":{"line":47,"column":23}},"36":{"start":{"line":50,"column":8},"end":{"line":51,"column":19}},"37":{"start":{"line":51,"column":12},"end":{"line":51,"column":19}},"38":{"start":{"line":52,"column":22},"end":{"line":52,"column":151}},"39":{"start":{"line":53,"column":8},"end":{"line":54,"column":44}},"40":{"start":{"line":54,"column":12},"end":{"line":54,"column":44}},"41":{"start":{"line":55,"column":8},"end":{"line":72,"column":9}},"42":{"start":{"line":57,"column":16},"end":{"line":57,"column":46}},"43":{"start":{"line":58,"column":16},"end":{"line":58,"column":22}},"44":{"start":{"line":60,"column":16},"end":{"line":60,"column":46}},"45":{"start":{"line":61,"column":16},"end":{"line":61,"column":22}},"46":{"start":{"line":63,"column":16},"end":{"line":63,"column":47}},"47":{"start":{"line":64,"column":16},"end":{"line":64,"column":22}},"48":{"start":{"line":66,"column":16},"end":{"line":66,"column":47}},"49":{"start":{"line":67,"column":16},"end":{"line":67,"column":22}},"50":{"start":{"line":70,"column":16},"end":{"line":70,"column":47}},"51":{"start":{"line":71,"column":16},"end":{"line":71,"column":22}},"52":{"start":{"line":73,"column":8},"end":{"line":73,"column":34}},"53":{"start":{"line":76,"column":0},"end":{"line":76,"column":42}},"54":{"start":{"line":77,"column":20},"end":{"line":77,"column":152}},"55":{"start":{"line":77,"column":26},"end":{"line":77,"column":152}},"56":{"start":{"line":78,"column":0},"end":{"line":78,"column":34}},"57":{"start":{"line":79,"column":35},"end":{"line":79,"column":179}},"58":{"start":{"line":79,"column":47},"end":{"line":79,"column":179}},"59":{"start":{"line":80,"column":0},"end":{"line":80,"column":64}}},"fnMap":{"0":{"name":"(anonymous_0)","decl":{"start":{"line":7,"column":1},"end":{"line":7,"column":2}},"loc":{"start":{"line":7,"column":21},"end":{"line":16,"column":1}},"line":7},"1":{"name":"(anonymous_1)","decl":{"start":{"line":18,"column":1},"end":{"line":18,"column":2}},"loc":{"start":{"line":18,"column":25},"end":{"line":28,"column":1}},"line":18},"2":{"name":"(anonymous_2)","decl":{"start":{"line":30,"column":4},"end":{"line":30,"column":5}},"loc":{"start":{"line":30,"column":24},"end":{"line":32,"column":5}},"line":30},"3":{"name":"(anonymous_3)","decl":{"start":{"line":36,"column":4},"end":{"line":36,"column":5}},"loc":{"start":{"line":36,"column":119},"end":{"line":48,"column":5}},"line":36},"4":{"name":"(anonymous_4)","decl":{"start":{"line":49,"column":4},"end":{"line":49,"column":5}},"loc":{"start":{"line":49,"column":10},"end":{"line":74,"column":5}},"line":49},"5":{"name":"(anonymous_5)","decl":{"start":{"line":77,"column":20},"end":{"line":77,"column":21}},"loc":{"start":{"line":77,"column":26},"end":{"line":77,"column":152}},"line":77},"6":{"name":"(anonymous_6)","decl":{"start":{"line":79,"column":35},"end":{"line":79,"column":36}},"loc":{"start":{"line":79,"column":47},"end":{"line":79,"column":179}},"line":79}},"branchMap":{"0":{"loc":{"start":{"line":16,"column":14},"end":{"line":16,"column":57}},"type":"binary-expr","locations":[{"start":{"line":16,"column":14},"end":{"line":16,"column":30}},{"start":{"line":16,"column":35},"end":{"line":16,"column":56}}],"line":16},"1":{"loc":{"start":{"line":28,"column":18},"end":{"line":28,"column":69}},"type":"binary-expr","locations":[{"start":{"line":28,"column":18},"end":{"line":28,"column":38}},{"start":{"line":28,"column":43},"end":{"line":28,"column":68}}],"line":28},"2":{"loc":{"start":{"line":36,"column":46},"end":{"line":36,"column":61}},"type":"default-arg","locations":[{"start":{"line":36,"column":59},"end":{"line":36,"column":61}}],"line":36},"3":{"loc":{"start":{"line":36,"column":63},"end":{"line":36,"column":75}},"type":"default-arg","locations":[{"start":{"line":36,"column":73},"end":{"line":36,"column":75}}],"line":36},"4":{"loc":{"start":{"line":36,"column":77},"end":{"line":36,"column":95}},"type":"default-arg","locations":[{"start":{"line":36,"column":88},"end":{"line":36,"column":95}}],"line":36},"5":{"loc":{"start":{"line":36,"column":97},"end":{"line":36,"column":117}},"type":"default-arg","locations":[{"start":{"line":36,"column":113},"end":{"line":36,"column":117}}],"line":36},"6":{"loc":{"start":{"line":46,"column":8},"end":{"line":47,"column":23}},"type":"if","locations":[{"start":{"line":46,"column":8},"end":{"line":47,"column":23}},{"start":{"line":46,"column":8},"end":{"line":47,"column":23}}],"line":46},"7":{"loc":{"start":{"line":50,"column":8},"end":{"line":51,"column":19}},"type":"if","locations":[{"start":{"line":50,"column":8},"end":{"line":51,"column":19}},{"start":{"line":50,"column":8},"end":{"line":51,"column":19}}],"line":50},"8":{"loc":{"start":{"line":53,"column":8},"end":{"line":54,"column":44}},"type":"if","locations":[{"start":{"line":53,"column":8},"end":{"line":54,"column":44}},{"start":{"line":53,"column":8},"end":{"line":54,"column":44}}],"line":53},"9":{"loc":{"start":{"line":55,"column":8},"end":{"line":72,"column":9}},"type":"switch","locations":[{"start":{"line":56,"column":12},"end":{"line":58,"column":22}},{"start":{"line":59,"column":12},"end":{"line":61,"column":22}},{"start":{"line":62,"column":12},"end":{"line":64,"column":22}},{"start":{"line":65,"column":12},"end":{"line":67,"column":22}},{"start":{"line":68,"column":12},"end":{"line":68,"column":25}},{"start":{"line":69,"column":12},"end":{"line":71,"column":22}}],"line":55}},"s":{"0":1,"1":1,"2":1,"3":1,"4":1,"5":1,"6":1,"7":1,"8":1,"9":1,"10":1,"11":1,"12":1,"13":1,"14":1,"15":1,"16":1,"17":1,"18":1,"19":1,"20":1,"21":1,"22":1,"23":0,"24":1,"25":0,"26":0,"27":0,"28":0,"29":0,"30":0,"31":0,"32":0,"33":0,"34":0,"35":0,"36":0,"37":0,"38":0,"39":0,"40":0,"41":0,"42":0,"43":0,"44":0,"45":0,"46":0,"47":0,"48":0,"49":0,"50":0,"51":0,"52":0,"53":1,"54":1,"55":0,"56":1,"57":1,"58":0,"59":1},"f":{"0":1,"1":1,"2":0,"3":0,"4":0,"5":0,"6":0},"b":{"0":[1,1],"1":[1,1],"2":[0],"3":[0],"4":[0],"5":[0],"6":[0,0],"7":[0,0],"8":[0,0],"9":[0,0,0,0,0,0]},"inputSourceMap":{"version":3,"file":"/home/ncurtis/code/kidsloop/client_integration_layer_backend/cil-lib/src/lib/errors.ts","sources":["/home/ncurtis/code/kidsloop/client_integration_layer_backend/cil-lib/src/lib/errors.ts"],"names":[],"mappings":";;;AAAA,0BAAyB;AAEzB,mCAAiC;AAEjC,IAAY,QASX;AATD,WAAY,QAAQ;IAClB,+BAAmB,CAAA;IACnB,+BAAmB,CAAA;IACnB,2BAAe,CAAA;IACf,iCAAqB,CAAA;IACrB,2CAA+B,CAAA;IAC/B,6BAAiB,CAAA;IACjB,+BAAmB,CAAA;IACnB,iCAAqB,CAAA;AACvB,CAAC,EATW,QAAQ,GAAR,gBAAQ,KAAR,gBAAQ,QASnB;AAED,IAAY,YAUX;AAVD,WAAY,YAAY;IACtB,yCAAyB,CAAA;IACzB,gDAAgC,CAAA;IAChC,uCAAuB,CAAA;IACvB,yCAAyB,CAAA;IACzB,sCAAsB,CAAA;IACtB,wDAAwC,CAAA;IACxC,+BAAe,CAAA;IACf,mCAAmB,CAAA;IACnB,uCAAuB,CAAA;AACzB,CAAC,EAVW,YAAY,GAAZ,oBAAY,KAAZ,oBAAY,QAUvB;AAID,MAAa,MAAM;IACjB,YAAmB,MAAyB;QAAzB,WAAM,GAAN,MAAM,CAAmB;IAAG,CAAC;CACjD;AAFD,wBAEC;AAED,MAAa,eAAe;IAE1B,YACkB,KAAmB,EACnB,GAAW,EACX,MAAc,EACd,QAAkB,EAClB,aAAa,EAAE,EACf,UAAoB,EAAE,EACtB,WAAqB,OAAO,EAC5B,gBAAgB,IAAI;QAPpB,UAAK,GAAL,KAAK,CAAc;QACnB,QAAG,GAAH,GAAG,CAAQ;QACX,WAAM,GAAN,MAAM,CAAQ;QACd,aAAQ,GAAR,QAAQ,CAAU;QAClB,eAAU,GAAV,UAAU,CAAK;QACf,YAAO,GAAP,OAAO,CAAe;QACtB,aAAQ,GAAR,QAAQ,CAAoB;QAC5B,kBAAa,GAAb,aAAa,CAAO;QAT9B,kBAAa,GAAG,KAAK,CAAC;QAW5B,IAAI,aAAa;YAAE,IAAI,CAAC,GAAG,EAAE,CAAC;IAChC,CAAC;IAEM,GAAG;QACR,IAAI,IAAI,CAAC,aAAa;YAAE,OAAO;QAC/B,MAAM,KAAK,mCACN,IAAI,CAAC,UAAU,KAClB,QAAQ,EAAE,IAAI,CAAC,QAAQ,EACvB,KAAK,EAAE,IAAI,CAAC,KAAK,EACjB,MAAM,EAAE,IAAI,CAAC,MAAM,CAAC,QAAQ,EAAE,GAC/B,CAAC;QACF,IAAI,IAAI,CAAC,OAAO,CAAC,MAAM,GAAG,CAAC;YAAE,KAAK,CAAC,SAAS,CAAC,GAAG,IAAI,CAAC,OAAO,CAAC;QAC7D,QAAQ,IAAI,CAAC,QAAQ,EAAE;YACrB,KAAK,MAAM;gBACT,OAAG,CAAC,IAAI,CAAC,KAAK,EAAE,IAAI,CAAC,GAAG,CAAC,CAAC;gBAC1B,MAAM;YACR,KAAK,MAAM;gBACT,OAAG,CAAC,IAAI,CAAC,KAAK,EAAE,IAAI,CAAC,GAAG,CAAC,CAAC;gBAC1B,MAAM;YACR,KAAK,OAAO;gBACV,OAAG,CAAC,KAAK,CAAC,KAAK,EAAE,IAAI,CAAC,GAAG,CAAC,CAAC;gBAC3B,MAAM;YACR,KAAK,OAAO;gBACV,OAAG,CAAC,KAAK,CAAC,KAAK,EAAE,IAAI,CAAC,GAAG,CAAC,CAAC;gBAC3B,MAAM;YACR,KAAK,OAAO,CAAC;YACb;gBACE,OAAG,CAAC,KAAK,CAAC,KAAK,EAAE,IAAI,CAAC,GAAG,CAAC,CAAC;gBAC3B,MAAM;SACT;QACD,IAAI,CAAC,aAAa,GAAG,IAAI,CAAC;IAC5B,CAAC;CACF;AA5CD,0CA4CC;AAEM,MAAM,WAAW,GAAG,GAAG,EAAE,CAC9B,IAAI,eAAe,CACjB,YAAY,CAAC,gBAAgB,EAC7B,oCAAoC,EACpC,cAAM,CAAC,OAAO,EACd,QAAQ,CAAC,GAAG,CACb,CAAC;AANS,QAAA,WAAW,eAMpB;AAEG,MAAM,0BAA0B,GAAG,CAAC,MAAc,EAAE,EAAE,CAC3D,IAAI,eAAe,CACjB,YAAY,CAAC,UAAU,EACvB,wBAAwB,MAAM,kBAAkB,EAChD,cAAM,CAAC,OAAO,EACd,QAAQ,CAAC,GAAG,CACb,CAAC;AANS,QAAA,0BAA0B,8BAMnC","sourcesContent":["import { log } from '..';\n\nimport { Entity } from './types';\n\nexport enum Category {\n  REQUEST = 'REQUEST',\n  APP = 'APPLICATION',\n  REDIS = 'REDIS',\n  POSTGRES = 'POSTGRES',\n  ADMIN_SERVICE = 'ADMIN SERVICE',\n  C1_API = 'C1 API',\n  UNKNOWN = 'UNKNOWN',\n  PROTOBUF = 'PROTOBUF',\n}\n\nexport enum MachineError {\n  VALIDATION = 'Validation',\n  UNREACHABLE_CODE = 'Unreachable',\n  READ = 'Read Operation',\n  WRITE = 'Write Operation',\n  STREAM = 'Data Stream',\n  APP_CONFIG = 'Application Configuration',\n  SERDE = 'Serde',\n  NETWORK = 'Network',\n  NOT_FOUND = 'Not Found',\n}\n\ntype LogLevel = 'error' | 'warn' | 'info' | 'debug' | 'trace';\n\nexport class Errors {\n  constructor(public errors: OnboardingError[]) {}\n}\n\nexport class OnboardingError {\n  private hasBeenLogged = false;\n  constructor(\n    public readonly error: MachineError,\n    public readonly msg: string,\n    public readonly entity: Entity,\n    public readonly category: Category,\n    public readonly properties = {},\n    public readonly details: string[] = [],\n    public readonly logLevel: LogLevel = 'error',\n    public readonly logOnCreation = true\n  ) {\n    if (logOnCreation) this.log();\n  }\n\n  public log(): void {\n    if (this.hasBeenLogged) return;\n    const props: Record<string, string | string[] | number | boolean> = {\n      ...this.properties,\n      category: this.category,\n      error: this.error,\n      entity: this.entity.toString(),\n    };\n    if (this.details.length > 0) props['details'] = this.details;\n    switch (this.logLevel) {\n      case 'warn':\n        log.warn(props, this.msg);\n        break;\n      case 'info':\n        log.info(props, this.msg);\n        break;\n      case 'trace':\n        log.trace(props, this.msg);\n        break;\n      case 'debug':\n        log.debug(props, this.msg);\n        break;\n      case 'error':\n      default:\n        log.error(props, this.msg);\n        break;\n    }\n    this.hasBeenLogged = true;\n  }\n}\n\nexport const UNREACHABLE = () =>\n  new OnboardingError(\n    MachineError.UNREACHABLE_CODE,\n    'This error should not be reachable',\n    Entity.UNKNOWN,\n    Category.APP\n  );\n\nexport const ENVIRONMENT_VARIABLE_ERROR = (envVar: string) =>\n  new OnboardingError(\n    MachineError.APP_CONFIG,\n    `Environment Variable ${envVar} set incorrectly`,\n    Entity.UNKNOWN,\n    Category.APP\n  );\n"]},"_coverageSchema":"1a1c01bbd47fc00a2c39e90264f33305004495a9","hash":"4a69d45af816a33f99592d30ee6e34277df5a47b"},"/home/ncurtis/code/kidsloop/client_integration_layer_backend/cil-lib/src/lib/types/index.ts":{"path":"/home/ncurtis/code/kidsloop/client_integration_layer_backend/cil-lib/src/lib/types/index.ts","statementMap":{"0":{"start":{"line":2,"column":0},"end":{"line":2,"column":62}},"1":{"start":{"line":3,"column":0},"end":{"line":3,"column":42}},"2":{"start":{"line":4,"column":15},"end":{"line":4,"column":34}},"3":{"start":{"line":5,"column":0},"end":{"line":5,"column":109}},"4":{"start":{"line":5,"column":80},"end":{"line":5,"column":103}},"5":{"start":{"line":6,"column":16},"end":{"line":6,"column":36}},"6":{"start":{"line":7,"column":0},"end":{"line":7,"column":112}},"7":{"start":{"line":7,"column":81},"end":{"line":7,"column":106}}},"fnMap":{"0":{"name":"(anonymous_0)","decl":{"start":{"line":5,"column":66},"end":{"line":5,"column":67}},"loc":{"start":{"line":5,"column":78},"end":{"line":5,"column":105}},"line":5},"1":{"name":"(anonymous_1)","decl":{"start":{"line":7,"column":67},"end":{"line":7,"column":68}},"loc":{"start":{"line":7,"column":79},"end":{"line":7,"column":108}},"line":7}},"branchMap":{},"s":{"0":1,"1":1,"2":1,"3":1,"4":0,"5":1,"6":1,"7":0},"f":{"0":0,"1":0},"b":{},"inputSourceMap":{"version":3,"file":"/home/ncurtis/code/kidsloop/client_integration_layer_backend/cil-lib/src/lib/types/index.ts","sources":["/home/ncurtis/code/kidsloop/client_integration_layer_backend/cil-lib/src/lib/types/index.ts"],"names":[],"mappings":";;;AAAA,mCAAkC;AAAzB,gGAAA,MAAM,OAAA;AACf,qCAAoC;AAA3B,kGAAA,OAAO,OAAA","sourcesContent":["export { Entity } from './entity';\nexport { Message } from './message';\n"]},"_coverageSchema":"1a1c01bbd47fc00a2c39e90264f33305004495a9","hash":"fa6c4375c437c819088778df0e287555e8ca7760"},"/home/ncurtis/code/kidsloop/client_integration_layer_backend/cil-lib/src/lib/types/entity.ts":{"path":"/home/ncurtis/code/kidsloop/client_integration_layer_backend/cil-lib/src/lib/types/entity.ts","statementMap":{"0":{"start":{"line":2,"column":0},"end":{"line":2,"column":62}},"1":{"start":{"line":3,"column":0},"end":{"line":3,"column":51}},"2":{"start":{"line":4,"column":12},"end":{"line":4,"column":28}},"3":{"start":{"line":5,"column":17},"end":{"line":5,"column":37}},"4":{"start":{"line":7,"column":0},"end":{"line":15,"column":53}},"5":{"start":{"line":8,"column":4},"end":{"line":8,"column":44}},"6":{"start":{"line":9,"column":4},"end":{"line":9,"column":32}},"7":{"start":{"line":10,"column":4},"end":{"line":10,"column":30}},"8":{"start":{"line":11,"column":4},"end":{"line":11,"column":28}},"9":{"start":{"line":12,"column":4},"end":{"line":12,"column":28}},"10":{"start":{"line":13,"column":4},"end":{"line":13,"column":34}},"11":{"start":{"line":14,"column":4},"end":{"line":14,"column":34}},"12":{"start":{"line":17,"column":4},"end":{"line":32,"column":5}},"13":{"start":{"line":19,"column":12},"end":{"line":19,"column":49}},"14":{"start":{"line":21,"column":12},"end":{"line":21,"column":43}},"15":{"start":{"line":23,"column":12},"end":{"line":23,"column":42}},"16":{"start":{"line":25,"column":12},"end":{"line":25,"column":41}},"17":{"start":{"line":27,"column":12},"end":{"line":27,"column":44}},"18":{"start":{"line":29,"column":12},"end":{"line":29,"column":41}},"19":{"start":{"line":31,"column":12},"end":{"line":31,"column":167}},"20":{"start":{"line":34,"column":0},"end":{"line":34,"column":44}}},"fnMap":{"0":{"name":"(anonymous_0)","decl":{"start":{"line":7,"column":1},"end":{"line":7,"column":2}},"loc":{"start":{"line":7,"column":19},"end":{"line":15,"column":1}},"line":7},"1":{"name":"entityToProtobuf","decl":{"start":{"line":16,"column":9},"end":{"line":16,"column":25}},"loc":{"start":{"line":16,"column":29},"end":{"line":33,"column":1}},"line":16}},"branchMap":{"0":{"loc":{"start":{"line":15,"column":12},"end":{"line":15,"column":51}},"type":"binary-expr","locations":[{"start":{"line":15,"column":12},"end":{"line":15,"column":26}},{"start":{"line":15,"column":31},"end":{"line":15,"column":50}}],"line":15},"1":{"loc":{"start":{"line":17,"column":4},"end":{"line":32,"column":5}},"type":"switch","locations":[{"start":{"line":18,"column":8},"end":{"line":19,"column":49}},{"start":{"line":20,"column":8},"end":{"line":21,"column":43}},{"start":{"line":22,"column":8},"end":{"line":23,"column":42}},{"start":{"line":24,"column":8},"end":{"line":25,"column":41}},{"start":{"line":26,"column":8},"end":{"line":27,"column":44}},{"start":{"line":28,"column":8},"end":{"line":29,"column":41}},{"start":{"line":30,"column":8},"end":{"line":31,"column":167}}],"line":17}},"s":{"0":1,"1":1,"2":1,"3":1,"4":1,"5":1,"6":1,"7":1,"8":1,"9":1,"10":1,"11":1,"12":0,"13":0,"14":0,"15":0,"16":0,"17":0,"18":0,"19":0,"20":1},"f":{"0":1,"1":0},"b":{"0":[1,1],"1":[0,0,0,0,0,0,0]},"inputSourceMap":{"version":3,"file":"/home/ncurtis/code/kidsloop/client_integration_layer_backend/cil-lib/src/lib/types/entity.ts","sources":["/home/ncurtis/code/kidsloop/client_integration_layer_backend/cil-lib/src/lib/types/entity.ts"],"names":[],"mappings":";;;AAAA,6BAA8B;AAC9B,sCAAoE;AAEpE,IAAY,MAQX;AARD,WAAY,MAAM;IAChB,uCAA6B,CAAA;IAC7B,2BAAiB,CAAA;IACjB,yBAAe,CAAA;IACf,uBAAa,CAAA;IACb,uBAAa,CAAA;IACb,6BAAmB,CAAA;IACnB,6BAAmB,CAAA;AACrB,CAAC,EARW,MAAM,GAAN,cAAM,KAAN,cAAM,QAQjB;AAED,SAAgB,gBAAgB,CAAC,CAAS;IACxC,QAAQ,CAAC,EAAE;QACT,KAAK,MAAM,CAAC,YAAY;YACtB,OAAO,SAAK,CAAC,MAAM,CAAC,YAAY,CAAC;QACnC,KAAK,MAAM,CAAC,MAAM;YAChB,OAAO,SAAK,CAAC,MAAM,CAAC,MAAM,CAAC;QAC7B,KAAK,MAAM,CAAC,KAAK;YACf,OAAO,SAAK,CAAC,MAAM,CAAC,KAAK,CAAC;QAC5B,KAAK,MAAM,CAAC,IAAI;YACd,OAAO,SAAK,CAAC,MAAM,CAAC,IAAI,CAAC;QAC3B,KAAK,MAAM,CAAC,OAAO;YACjB,OAAO,SAAK,CAAC,MAAM,CAAC,OAAO,CAAC;QAC9B,KAAK,MAAM,CAAC,IAAI;YACd,OAAO,SAAK,CAAC,MAAM,CAAC,IAAI,CAAC;QAC3B;YACE,MAAM,IAAI,wBAAe,CACvB,qBAAY,CAAC,UAAU,EACvB,6CAA6C,EAC7C,MAAM,CAAC,OAAO,EACd,iBAAQ,CAAC,GAAG,CACb,CAAC;KACL;AACH,CAAC;AAtBD,4CAsBC","sourcesContent":["import { proto } from '../..';\nimport { Category, MachineError, OnboardingError } from '../errors';\n\nexport enum Entity {\n  ORGANIZATION = 'Organization',\n  SCHOOL = 'School',\n  CLASS = 'Class',\n  USER = 'User',\n  ROLE = 'Role',\n  PROGRAM = 'Program',\n  UNKNOWN = 'Unknown',\n}\n\nexport function entityToProtobuf(e: Entity): proto.Entity {\n  switch (e) {\n    case Entity.ORGANIZATION:\n      return proto.Entity.ORGANIZATION;\n    case Entity.SCHOOL:\n      return proto.Entity.SCHOOL;\n    case Entity.CLASS:\n      return proto.Entity.CLASS;\n    case Entity.USER:\n      return proto.Entity.USER;\n    case Entity.PROGRAM:\n      return proto.Entity.PROGRAM;\n    case Entity.ROLE:\n      return proto.Entity.ROLE;\n    default:\n      throw new OnboardingError(\n        MachineError.APP_CONFIG,\n        'Unable to map app Entity to protobuf Entity',\n        Entity.UNKNOWN,\n        Category.APP\n      );\n  }\n}\n"]},"_coverageSchema":"1a1c01bbd47fc00a2c39e90264f33305004495a9","hash":"f851f59cf1d506ba816c17a2040f9dfcee808253"},"/home/ncurtis/code/kidsloop/client_integration_layer_backend/cil-lib/src/lib/types/message.ts":{"path":"/home/ncurtis/code/kidsloop/client_integration_layer_backend/cil-lib/src/lib/types/message.ts","statementMap":{"0":{"start":{"line":2,"column":0},"end":{"line":2,"column":62}},"1":{"start":{"line":3,"column":0},"end":{"line":3,"column":25}},"2":{"start":{"line":4,"column":17},"end":{"line":4,"column":37}},"3":{"start":{"line":5,"column":17},"end":{"line":5,"column":44}},"4":{"start":{"line":6,"column":20},"end":{"line":6,"column":50}},"5":{"start":{"line":7,"column":11},"end":{"line":7,"column":23}},"6":{"start":{"line":10,"column":8},"end":{"line":10,"column":25}},"7":{"start":{"line":11,"column":8},"end":{"line":11,"column":33}},"8":{"start":{"line":12,"column":8},"end":{"line":12,"column":45}},"9":{"start":{"line":15,"column":8},"end":{"line":27,"column":9}},"10":{"start":{"line":17,"column":16},"end":{"line":17,"column":46}},"11":{"start":{"line":19,"column":16},"end":{"line":19,"column":40}},"12":{"start":{"line":21,"column":16},"end":{"line":21,"column":39}},"13":{"start":{"line":23,"column":16},"end":{"line":23,"column":38}},"14":{"start":{"line":26,"column":16},"end":{"line":26,"column":50}},"15":{"start":{"line":30,"column":18},"end":{"line":30,"column":55}},"16":{"start":{"line":30,"column":45},"end":{"line":30,"column":54}},"17":{"start":{"line":31,"column":22},"end":{"line":31,"column":39}},"18":{"start":{"line":32,"column":20},"end":{"line":32,"column":62}},"19":{"start":{"line":33,"column":24},"end":{"line":33,"column":37}},"20":{"start":{"line":34,"column":8},"end":{"line":35,"column":175}},"21":{"start":{"line":35,"column":12},"end":{"line":35,"column":175}},"22":{"start":{"line":36,"column":8},"end":{"line":36,"column":70}},"23":{"start":{"line":39,"column":8},"end":{"line":39,"column":30}},"24":{"start":{"line":42,"column":8},"end":{"line":52,"column":9}},"25":{"start":{"line":43,"column":26},"end":{"line":43,"column":46}},"26":{"start":{"line":44,"column":26},"end":{"line":44,"column":49}},"27":{"start":{"line":45,"column":12},"end":{"line":45,"column":25}},"28":{"start":{"line":48,"column":24},"end":{"line":50,"column":56}},"29":{"start":{"line":51,"column":12},"end":{"line":51,"column":128}},"30":{"start":{"line":55,"column":22},"end":{"line":55,"column":45}},"31":{"start":{"line":56,"column":8},"end":{"line":56,"column":33}},"32":{"start":{"line":57,"column":8},"end":{"line":57,"column":40}},"33":{"start":{"line":58,"column":8},"end":{"line":58,"column":21}},"34":{"start":{"line":61,"column":8},"end":{"line":61,"column":29}},"35":{"start":{"line":64,"column":0},"end":{"line":64,"column":26}}},"fnMap":{"0":{"name":"(anonymous_0)","decl":{"start":{"line":9,"column":4},"end":{"line":9,"column":5}},"loc":{"start":{"line":9,"column":52},"end":{"line":13,"column":5}},"line":9},"1":{"name":"(anonymous_1)","decl":{"start":{"line":14,"column":4},"end":{"line":14,"column":5}},"loc":{"start":{"line":14,"column":17},"end":{"line":28,"column":5}},"line":14},"2":{"name":"(anonymous_2)","decl":{"start":{"line":29,"column":4},"end":{"line":29,"column":5}},"loc":{"start":{"line":29,"column":45},"end":{"line":37,"column":5}},"line":29},"3":{"name":"(anonymous_3)","decl":{"start":{"line":30,"column":38},"end":{"line":30,"column":39}},"loc":{"start":{"line":30,"column":45},"end":{"line":30,"column":54}},"line":30},"4":{"name":"(anonymous_4)","decl":{"start":{"line":38,"column":4},"end":{"line":38,"column":5}},"loc":{"start":{"line":38,"column":36},"end":{"line":40,"column":5}},"line":38},"5":{"name":"(anonymous_5)","decl":{"start":{"line":41,"column":4},"end":{"line":41,"column":5}},"loc":{"start":{"line":41,"column":16},"end":{"line":53,"column":5}},"line":41},"6":{"name":"(anonymous_6)","decl":{"start":{"line":54,"column":4},"end":{"line":54,"column":5}},"loc":{"start":{"line":54,"column":20},"end":{"line":59,"column":5}},"line":54},"7":{"name":"(anonymous_7)","decl":{"start":{"line":60,"column":4},"end":{"line":60,"column":5}},"loc":{"start":{"line":60,"column":29},"end":{"line":62,"column":5}},"line":60}},"branchMap":{"0":{"loc":{"start":{"line":9,"column":22},"end":{"line":9,"column":34}},"type":"default-arg","locations":[{"start":{"line":9,"column":33},"end":{"line":9,"column":34}}],"line":9},"1":{"loc":{"start":{"line":15,"column":8},"end":{"line":27,"column":9}},"type":"switch","locations":[{"start":{"line":16,"column":12},"end":{"line":17,"column":46}},{"start":{"line":18,"column":12},"end":{"line":19,"column":40}},{"start":{"line":20,"column":12},"end":{"line":21,"column":39}},{"start":{"line":22,"column":12},"end":{"line":23,"column":38}},{"start":{"line":24,"column":12},"end":{"line":26,"column":50}}],"line":15},"2":{"loc":{"start":{"line":34,"column":8},"end":{"line":35,"column":175}},"type":"if","locations":[{"start":{"line":34,"column":8},"end":{"line":35,"column":175}},{"start":{"line":34,"column":8},"end":{"line":35,"column":175}}],"line":34},"3":{"loc":{"start":{"line":48,"column":24},"end":{"line":50,"column":56}},"type":"cond-expr","locations":[{"start":{"line":49,"column":18},"end":{"line":49,"column":31}},{"start":{"line":50,"column":18},"end":{"line":50,"column":56}}],"line":48}},"s":{"0":1,"1":1,"2":1,"3":1,"4":1,"5":1,"6":0,"7":0,"8":0,"9":0,"10":0,"11":0,"12":0,"13":0,"14":0,"15":0,"16":0,"17":0,"18":0,"19":0,"20":0,"21":0,"22":0,"23":0,"24":0,"25":0,"26":0,"27":0,"28":0,"29":0,"30":0,"31":0,"32":0,"33":0,"34":0,"35":1},"f":{"0":0,"1":0,"2":0,"3":0,"4":0,"5":0,"6":0,"7":0},"b":{"0":[0],"1":[0,0,0,0,0],"2":[0,0],"3":[0,0]},"inputSourceMap":{"version":3,"file":"/home/ncurtis/code/kidsloop/client_integration_layer_backend/cil-lib/src/lib/types/message.ts","sources":["/home/ncurtis/code/kidsloop/client_integration_layer_backend/cil-lib/src/lib/types/message.ts"],"names":[],"mappings":";;;AAAA,sCAKmB;AACnB,6CAAqD;AACrD,mDAA4C;AAE5C,wBAA2B;AAE3B,MAAa,OAAO;IAClB,YACkB,IAAuB,EAC/B,WAAmB,CAAC,EACZ,cAAuB;QAFvB,SAAI,GAAJ,IAAI,CAAmB;QAC/B,aAAQ,GAAR,QAAQ,CAAY;QACZ,mBAAc,GAAd,cAAc,CAAS;IACtC,CAAC;IAEJ,IAAI,MAAM;QACR,QAAQ,IAAI,CAAC,IAAI,CAAC,aAAa,EAAE,EAAE;YACjC,KAAK,0BAAiB,CAAC,UAAU,CAAC,YAAY;gBAC5C,OAAO,SAAM,CAAC,YAAY,CAAC;YAC7B,KAAK,0BAAiB,CAAC,UAAU,CAAC,MAAM;gBACtC,OAAO,SAAM,CAAC,MAAM,CAAC;YACvB,KAAK,0BAAiB,CAAC,UAAU,CAAC,KAAK;gBACrC,OAAO,SAAM,CAAC,KAAK,CAAC;YACtB,KAAK,0BAAiB,CAAC,UAAU,CAAC,IAAI;gBACpC,OAAO,SAAM,CAAC,IAAI,CAAC;YACrB;gBACE,cAAc;gBACd,MAAM,IAAA,oBAAW,GAAE,CAAC;SACvB;IACH,CAAC;IAEM,MAAM,CAAC,WAAW,CAAC,IAAY,EAAE,cAAuB;QAC7D,MAAM,CAAC,GAAG,IAAI,CAAC,KAAK,CAAC,GAAG,CAAC,CAAC,GAAG,CAAC,CAAC,CAAC,EAAE,EAAE,CAAC,MAAM,CAAC,CAAC,CAAC,CAAC,CAAC;QAChD,MAAM,KAAK,GAAG,IAAI,UAAU,CAAC,CAAC,CAAC,CAAC;QAChC,MAAM,GAAG,GAAG,iBAAK,CAAC,iBAAiB,CAAC,KAAK,CAAC,CAAC;QAC3C,MAAM,OAAO,GAAG,GAAG,CAAC,OAAO,EAAE,CAAC;QAC9B,IAAI,CAAC,OAAO;YACV,MAAM,IAAI,wBAAe,CACvB,qBAAY,CAAC,KAAK,EAClB,kDAAkD,EAClD,SAAM,CAAC,OAAO,EACd,iBAAQ,CAAC,QAAQ,CAClB,CAAC;QACJ,OAAO,IAAI,OAAO,CAAC,OAAO,EAAE,GAAG,CAAC,UAAU,EAAE,EAAE,cAAc,CAAC,CAAC;IAChE,CAAC;IAEM,MAAM,CAAC,qBAAqB,CAAC,CAAoB;QACtD,OAAO,IAAI,OAAO,CAAC,CAAC,CAAC,CAAC;IACxB,CAAC;IAEM,SAAS;QACd,IAAI;YACF,MAAM,KAAK,GAAG,IAAI,CAAC,aAAa,EAAE,CAAC;YACnC,MAAM,KAAK,GAAG,KAAK,CAAC,eAAe,EAAE,CAAC;YACtC,OAAO,KAAK,CAAC;SACd;QAAC,OAAO,KAAK,EAAE;YACd,MAAM,GAAG,GACP,KAAK,YAAY,KAAK;gBACpB,CAAC,CAAC,KAAK,CAAC,OAAO;gBACf,CAAC,CAAC,sCAAsC,CAAC;YAC7C,MAAM,IAAI,wBAAe,CACvB,qBAAY,CAAC,KAAK,EAClB,GAAG,EACH,SAAM,CAAC,OAAO,EACd,iBAAQ,CAAC,QAAQ,CAClB,CAAC;SACH;IACH,CAAC;IAEO,aAAa;QACnB,MAAM,KAAK,GAAG,IAAI,iBAAK,EAAE,CAAC;QAC1B,KAAK,CAAC,OAAO,CAAC,IAAI,CAAC,IAAI,CAAC,CAAC;QACzB,KAAK,CAAC,UAAU,CAAC,IAAI,CAAC,QAAQ,CAAC,CAAC;QAChC,OAAO,KAAK,CAAC;IACf,CAAC;IAED,IAAI,kBAAkB;QACpB,OAAO,IAAI,CAAC,QAAQ,CAAC;IACvB,CAAC;CACF;AAvED,0BAuEC","sourcesContent":["import {\n  Category,\n  MachineError,\n  OnboardingError,\n  UNREACHABLE,\n} from '../errors';\nimport { OnboardingRequest } from '../protos/api_pb';\nimport { Event } from '../protos/stream_pb';\n\nimport { Entity } from '.';\n\nexport class Message {\n  private constructor(\n    public readonly data: OnboardingRequest,\n    private attempts: number = 0,\n    public readonly redisMessageId?: string\n  ) {}\n\n  get entity(): Entity {\n    switch (this.data.getEntityCase()) {\n      case OnboardingRequest.EntityCase.ORGANIZATION:\n        return Entity.ORGANIZATION;\n      case OnboardingRequest.EntityCase.SCHOOL:\n        return Entity.SCHOOL;\n      case OnboardingRequest.EntityCase.CLASS:\n        return Entity.CLASS;\n      case OnboardingRequest.EntityCase.USER:\n        return Entity.USER;\n      default:\n        // Unreachable\n        throw UNREACHABLE();\n    }\n  }\n\n  public static deserialize(data: string, redisMessageId?: string): Message {\n    const d = data.split(',').map((n) => Number(n));\n    const bytes = new Uint8Array(d);\n    const msg = Event.deserializeBinary(bytes);\n    const message = msg.getData();\n    if (!message)\n      throw new OnboardingError(\n        MachineError.SERDE,\n        'Failed to deserialize binary message from stream',\n        Entity.UNKNOWN,\n        Category.PROTOBUF\n      );\n    return new Message(message, msg.getRetries(), redisMessageId);\n  }\n\n  public static fromOnboardingRequest(r: OnboardingRequest): Message {\n    return new Message(r);\n  }\n\n  public serialize(): Uint8Array {\n    try {\n      const event = this.toStreamEvent();\n      const bytes = event.serializeBinary();\n      return bytes;\n    } catch (error) {\n      const msg =\n        error instanceof Error\n          ? error.message\n          : 'Failed to serialize protobuf message';\n      throw new OnboardingError(\n        MachineError.SERDE,\n        msg,\n        Entity.UNKNOWN,\n        Category.PROTOBUF\n      );\n    }\n  }\n\n  private toStreamEvent(): Event {\n    const event = new Event();\n    event.setData(this.data);\n    event.setRetries(this.attempts);\n    return event;\n  }\n\n  get processingAttempts(): number {\n    return this.attempts;\n  }\n}\n"]},"_coverageSchema":"1a1c01bbd47fc00a2c39e90264f33305004495a9","hash":"712d5025b6c7362d978c60e77a0a1468499ad969"},"/home/ncurtis/code/kidsloop/client_integration_layer_backend/cil-lib/src/lib/protos/api_pb.js":{"path":"/home/ncurtis/code/kidsloop/client_integration_layer_backend/cil-lib/src/lib/protos/api_pb.js","statementMap":{"0":{"start":{"line":14,"column":11},"end":{"line":14,"column":37}},"1":{"start":{"line":15,"column":11},"end":{"line":15,"column":15}},"2":{"start":{"line":16,"column":13},"end":{"line":16,"column":38}},"3":{"start":{"line":18,"column":0},"end":{"line":18,"column":67}},"4":{"start":{"line":19,"column":0},"end":{"line":19,"column":76}},"5":{"start":{"line":20,"column":0},"end":{"line":20,"column":66}},"6":{"start":{"line":21,"column":0},"end":{"line":21,"column":69}},"7":{"start":{"line":22,"column":0},"end":{"line":22,"column":67}},"8":{"start":{"line":23,"column":0},"end":{"line":23,"column":85}},"9":{"start":{"line":24,"column":0},"end":{"line":24,"column":78}},"10":{"start":{"line":25,"column":0},"end":{"line":25,"column":66}},"11":{"start":{"line":26,"column":0},"end":{"line":26,"column":80}},"12":{"start":{"line":27,"column":0},"end":{"line":27,"column":67}},"13":{"start":{"line":28,"column":0},"end":{"line":28,"column":80}},"14":{"start":{"line":29,"column":0},"end":{"line":29,"column":73}},"15":{"start":{"line":30,"column":0},"end":{"line":30,"column":78}},"16":{"start":{"line":31,"column":0},"end":{"line":31,"column":89}},"17":{"start":{"line":32,"column":0},"end":{"line":32,"column":73}},"18":{"start":{"line":33,"column":0},"end":{"line":33,"column":69}},"19":{"start":{"line":34,"column":0},"end":{"line":34,"column":70}},"20":{"start":{"line":35,"column":0},"end":{"line":35,"column":67}},"21":{"start":{"line":36,"column":0},"end":{"line":36,"column":65}},"22":{"start":{"line":37,"column":0},"end":{"line":37,"column":76}},"23":{"start":{"line":48,"column":0},"end":{"line":50,"column":2}},"24":{"start":{"line":49,"column":2},"end":{"line":49,"column":61}},"25":{"start":{"line":51,"column":0},"end":{"line":51,"column":67}},"26":{"start":{"line":52,"column":0},"end":{"line":58,"column":1}},"27":{"start":{"line":57,"column":2},"end":{"line":57,"column":94}},"28":{"start":{"line":69,"column":0},"end":{"line":71,"column":2}},"29":{"start":{"line":70,"column":2},"end":{"line":70,"column":61}},"30":{"start":{"line":72,"column":0},"end":{"line":72,"column":61}},"31":{"start":{"line":73,"column":0},"end":{"line":79,"column":1}},"32":{"start":{"line":78,"column":2},"end":{"line":78,"column":82}},"33":{"start":{"line":90,"column":0},"end":{"line":92,"column":2}},"34":{"start":{"line":91,"column":2},"end":{"line":91,"column":61}},"35":{"start":{"line":93,"column":0},"end":{"line":93,"column":60}},"36":{"start":{"line":94,"column":0},"end":{"line":100,"column":1}},"37":{"start":{"line":99,"column":2},"end":{"line":99,"column":80}},"38":{"start":{"line":111,"column":0},"end":{"line":113,"column":2}},"39":{"start":{"line":112,"column":2},"end":{"line":112,"column":61}},"40":{"start":{"line":114,"column":0},"end":{"line":114,"column":59}},"41":{"start":{"line":115,"column":0},"end":{"line":121,"column":1}},"42":{"start":{"line":120,"column":2},"end":{"line":120,"column":78}},"43":{"start":{"line":132,"column":0},"end":{"line":134,"column":2}},"44":{"start":{"line":133,"column":2},"end":{"line":133,"column":61}},"45":{"start":{"line":135,"column":0},"end":{"line":135,"column":72}},"46":{"start":{"line":136,"column":0},"end":{"line":142,"column":1}},"47":{"start":{"line":141,"column":2},"end":{"line":141,"column":104}},"48":{"start":{"line":153,"column":0},"end":{"line":155,"column":2}},"49":{"start":{"line":154,"column":2},"end":{"line":154,"column":106}},"50":{"start":{"line":156,"column":0},"end":{"line":156,"column":63}},"51":{"start":{"line":157,"column":0},"end":{"line":163,"column":1}},"52":{"start":{"line":162,"column":2},"end":{"line":162,"column":86}},"53":{"start":{"line":174,"column":0},"end":{"line":176,"column":2}},"54":{"start":{"line":175,"column":2},"end":{"line":175,"column":61}},"55":{"start":{"line":177,"column":0},"end":{"line":177,"column":67}},"56":{"start":{"line":178,"column":0},"end":{"line":184,"column":1}},"57":{"start":{"line":183,"column":2},"end":{"line":183,"column":94}},"58":{"start":{"line":195,"column":0},"end":{"line":197,"column":2}},"59":{"start":{"line":196,"column":2},"end":{"line":196,"column":112}},"60":{"start":{"line":198,"column":0},"end":{"line":198,"column":72}},"61":{"start":{"line":199,"column":0},"end":{"line":205,"column":1}},"62":{"start":{"line":204,"column":2},"end":{"line":204,"column":104}},"63":{"start":{"line":216,"column":0},"end":{"line":218,"column":2}},"64":{"start":{"line":217,"column":2},"end":{"line":217,"column":113}},"65":{"start":{"line":219,"column":0},"end":{"line":219,"column":70}},"66":{"start":{"line":220,"column":0},"end":{"line":226,"column":1}},"67":{"start":{"line":225,"column":2},"end":{"line":225,"column":100}},"68":{"start":{"line":237,"column":0},"end":{"line":239,"column":2}},"69":{"start":{"line":238,"column":2},"end":{"line":238,"column":107}},"70":{"start":{"line":240,"column":0},"end":{"line":240,"column":64}},"71":{"start":{"line":241,"column":0},"end":{"line":247,"column":1}},"72":{"start":{"line":246,"column":2},"end":{"line":246,"column":88}},"73":{"start":{"line":258,"column":0},"end":{"line":260,"column":2}},"74":{"start":{"line":259,"column":2},"end":{"line":259,"column":61}},"75":{"start":{"line":261,"column":0},"end":{"line":261,"column":63}},"76":{"start":{"line":262,"column":0},"end":{"line":268,"column":1}},"77":{"start":{"line":267,"column":2},"end":{"line":267,"column":86}},"78":{"start":{"line":279,"column":0},"end":{"line":281,"column":2}},"79":{"start":{"line":280,"column":2},"end":{"line":280,"column":100}},"80":{"start":{"line":282,"column":0},"end":{"line":282,"column":60}},"81":{"start":{"line":283,"column":0},"end":{"line":289,"column":1}},"82":{"start":{"line":288,"column":2},"end":{"line":288,"column":80}},"83":{"start":{"line":300,"column":0},"end":{"line":302,"column":2}},"84":{"start":{"line":301,"column":2},"end":{"line":301,"column":113}},"85":{"start":{"line":303,"column":0},"end":{"line":303,"column":70}},"86":{"start":{"line":304,"column":0},"end":{"line":310,"column":1}},"87":{"start":{"line":309,"column":2},"end":{"line":309,"column":100}},"88":{"start":{"line":321,"column":0},"end":{"line":323,"column":2}},"89":{"start":{"line":322,"column":2},"end":{"line":322,"column":117}},"90":{"start":{"line":324,"column":0},"end":{"line":324,"column":74}},"91":{"start":{"line":325,"column":0},"end":{"line":331,"column":1}},"92":{"start":{"line":330,"column":2},"end":{"line":330,"column":108}},"93":{"start":{"line":342,"column":0},"end":{"line":344,"column":2}},"94":{"start":{"line":343,"column":2},"end":{"line":343,"column":122}},"95":{"start":{"line":345,"column":0},"end":{"line":345,"column":79}},"96":{"start":{"line":346,"column":0},"end":{"line":352,"column":1}},"97":{"start":{"line":351,"column":2},"end":{"line":351,"column":118}},"98":{"start":{"line":356,"column":0},"end":{"line":394,"column":1}},"99":{"start":{"line":369,"column":0},"end":{"line":371,"column":2}},"100":{"start":{"line":370,"column":2},"end":{"line":370,"column":83}},"101":{"start":{"line":383,"column":0},"end":{"line":393,"column":2}},"102":{"start":{"line":384,"column":15},"end":{"line":387,"column":3}},"103":{"start":{"line":389,"column":2},"end":{"line":391,"column":3}},"104":{"start":{"line":390,"column":4},"end":{"line":390,"column":35}},"105":{"start":{"line":392,"column":2},"end":{"line":392,"column":13}},"106":{"start":{"line":402,"column":0},"end":{"line":406,"column":2}},"107":{"start":{"line":403,"column":15},"end":{"line":403,"column":43}},"108":{"start":{"line":404,"column":12},"end":{"line":404,"column":53}},"109":{"start":{"line":405,"column":2},"end":{"line":405,"column":88}},"110":{"start":{"line":416,"column":0},"end":{"line":437,"column":2}},"111":{"start":{"line":417,"column":2},"end":{"line":435,"column":3}},"112":{"start":{"line":418,"column":4},"end":{"line":420,"column":5}},"113":{"start":{"line":419,"column":6},"end":{"line":419,"column":12}},"114":{"start":{"line":421,"column":16},"end":{"line":421,"column":39}},"115":{"start":{"line":422,"column":4},"end":{"line":434,"column":5}},"116":{"start":{"line":424,"column":41},"end":{"line":424,"column":60}},"117":{"start":{"line":425,"column":6},"end":{"line":425,"column":33}},"118":{"start":{"line":426,"column":6},"end":{"line":426,"column":12}},"119":{"start":{"line":428,"column":41},"end":{"line":428,"column":60}},"120":{"start":{"line":429,"column":6},"end":{"line":429,"column":25}},"121":{"start":{"line":430,"column":6},"end":{"line":430,"column":12}},"122":{"start":{"line":432,"column":6},"end":{"line":432,"column":25}},"123":{"start":{"line":433,"column":6},"end":{"line":433,"column":12}},"124":{"start":{"line":436,"column":2},"end":{"line":436,"column":13}},"125":{"start":{"line":444,"column":0},"end":{"line":448,"column":2}},"126":{"start":{"line":445,"column":15},"end":{"line":445,"column":38}},"127":{"start":{"line":446,"column":2},"end":{"line":446,"column":78}},"128":{"start":{"line":447,"column":2},"end":{"line":447,"column":34}},"129":{"start":{"line":458,"column":0},"end":{"line":474,"column":2}},"130":{"start":{"line":459,"column":10},"end":{"line":459,"column":19}},"131":{"start":{"line":460,"column":2},"end":{"line":460,"column":32}},"132":{"start":{"line":461,"column":2},"end":{"line":466,"column":3}},"133":{"start":{"line":462,"column":4},"end":{"line":465,"column":6}},"134":{"start":{"line":467,"column":2},"end":{"line":467,"column":24}},"135":{"start":{"line":468,"column":2},"end":{"line":473,"column":3}},"136":{"start":{"line":469,"column":4},"end":{"line":472,"column":6}},"137":{"start":{"line":481,"column":0},"end":{"line":483,"column":2}},"138":{"start":{"line":482,"column":2},"end":{"line":482,"column":79}},"139":{"start":{"line":490,"column":0},"end":{"line":492,"column":2}},"140":{"start":{"line":491,"column":2},"end":{"line":491,"column":59}},"141":{"start":{"line":499,"column":0},"end":{"line":501,"column":2}},"142":{"start":{"line":500,"column":2},"end":{"line":500,"column":79}},"143":{"start":{"line":508,"column":0},"end":{"line":510,"column":2}},"144":{"start":{"line":509,"column":2},"end":{"line":509,"column":59}},"145":{"start":{"line":516,"column":0},"end":{"line":556,"column":1}},"146":{"start":{"line":529,"column":0},"end":{"line":531,"column":2}},"147":{"start":{"line":530,"column":2},"end":{"line":530,"column":77}},"148":{"start":{"line":543,"column":0},"end":{"line":555,"column":2}},"149":{"start":{"line":544,"column":15},"end":{"line":549,"column":3}},"150":{"start":{"line":551,"column":2},"end":{"line":553,"column":3}},"151":{"start":{"line":552,"column":4},"end":{"line":552,"column":35}},"152":{"start":{"line":554,"column":2},"end":{"line":554,"column":13}},"153":{"start":{"line":564,"column":0},"end":{"line":568,"column":2}},"154":{"start":{"line":565,"column":15},"end":{"line":565,"column":43}},"155":{"start":{"line":566,"column":12},"end":{"line":566,"column":47}},"156":{"start":{"line":567,"column":2},"end":{"line":567,"column":82}},"157":{"start":{"line":578,"column":0},"end":{"line":607,"column":2}},"158":{"start":{"line":579,"column":2},"end":{"line":605,"column":3}},"159":{"start":{"line":580,"column":4},"end":{"line":582,"column":5}},"160":{"start":{"line":581,"column":6},"end":{"line":581,"column":12}},"161":{"start":{"line":583,"column":16},"end":{"line":583,"column":39}},"162":{"start":{"line":584,"column":4},"end":{"line":604,"column":5}},"163":{"start":{"line":586,"column":41},"end":{"line":586,"column":60}},"164":{"start":{"line":587,"column":6},"end":{"line":587,"column":33}},"165":{"start":{"line":588,"column":6},"end":{"line":588,"column":12}},"166":{"start":{"line":590,"column":41},"end":{"line":590,"column":60}},"167":{"start":{"line":591,"column":6},"end":{"line":591,"column":45}},"168":{"start":{"line":592,"column":6},"end":{"line":592,"column":12}},"169":{"start":{"line":594,"column":41},"end":{"line":594,"column":60}},"170":{"start":{"line":595,"column":6},"end":{"line":595,"column":25}},"171":{"start":{"line":596,"column":6},"end":{"line":596,"column":12}},"172":{"start":{"line":598,"column":41},"end":{"line":598,"column":60}},"173":{"start":{"line":599,"column":6},"end":{"line":599,"column":30}},"174":{"start":{"line":600,"column":6},"end":{"line":600,"column":12}},"175":{"start":{"line":602,"column":6},"end":{"line":602,"column":25}},"176":{"start":{"line":603,"column":6},"end":{"line":603,"column":12}},"177":{"start":{"line":606,"column":2},"end":{"line":606,"column":13}},"178":{"start":{"line":614,"column":0},"end":{"line":618,"column":2}},"179":{"start":{"line":615,"column":15},"end":{"line":615,"column":38}},"180":{"start":{"line":616,"column":2},"end":{"line":616,"column":72}},"181":{"start":{"line":617,"column":2},"end":{"line":617,"column":34}},"182":{"start":{"line":628,"column":0},"end":{"line":658,"column":2}},"183":{"start":{"line":629,"column":10},"end":{"line":629,"column":19}},"184":{"start":{"line":630,"column":2},"end":{"line":630,"column":32}},"185":{"start":{"line":631,"column":2},"end":{"line":636,"column":3}},"186":{"start":{"line":632,"column":4},"end":{"line":635,"column":6}},"187":{"start":{"line":637,"column":2},"end":{"line":637,"column":44}},"188":{"start":{"line":638,"column":2},"end":{"line":643,"column":3}},"189":{"start":{"line":639,"column":4},"end":{"line":642,"column":6}},"190":{"start":{"line":644,"column":2},"end":{"line":644,"column":24}},"191":{"start":{"line":645,"column":2},"end":{"line":650,"column":3}},"192":{"start":{"line":646,"column":4},"end":{"line":649,"column":6}},"193":{"start":{"line":651,"column":2},"end":{"line":651,"column":29}},"194":{"start":{"line":652,"column":2},"end":{"line":657,"column":3}},"195":{"start":{"line":653,"column":4},"end":{"line":656,"column":6}},"196":{"start":{"line":665,"column":0},"end":{"line":667,"column":2}},"197":{"start":{"line":666,"column":2},"end":{"line":666,"column":79}},"198":{"start":{"line":674,"column":0},"end":{"line":676,"column":2}},"199":{"start":{"line":675,"column":2},"end":{"line":675,"column":59}},"200":{"start":{"line":683,"column":0},"end":{"line":685,"column":2}},"201":{"start":{
[...]
Y,CAAC,CAAC;YAC7B,IAAI,KAAK,CAAC,MAAM,KAAK,GAAG,CAAC,MAAM;gBAAE,OAAO;YACxC,MAAM,KAAK,GAAG,IAAI,GAAG,CAAC,GAAG,CAAC,CAAC;YAC3B,KAAK,MAAM,EAAE,IAAI,KAAK,EAAE;gBACtB,KAAK,CAAC,MAAM,CAAC,EAAE,CAAC,CAAC;aAClB;YACD,MAAM,IAAI,KAAK,CACb,YAAY,CAAC,KAAK,CAAC,IAAI,CAAC,KAAK,CAAC,CAAC,IAAI,CAAC,IAAI,CAAC,CAAC,gBAAgB,CAC3D,CAAC;SACH;QAAC,OAAO,KAAK,EAAE;YACd,MAAM,GAAG,GAAG,KAAK,YAAY,KAAK,CAAC,CAAC,CAAC,KAAK,CAAC,OAAO,CAAC,CAAC,CAAC,GAAG,KAAK,EAAE,CAAC;YAChE,MAAM,IAAI,wBAAe,CACvB,qBAAY,CAAC,IAAI,EACjB,GAAG,EACH,cAAM,CAAC,KAAK,EACZ,iBAAQ,CAAC,QAAQ,EACjB,EAAE,SAAS,EAAE,GAAG,EAAE,SAAS,EAAE,WAAW,EAAE,CAC3C,CAAC;SACH;IACH,CAAC;CACF;AAjGD,sBAiGC","sourcesContent":["import { Class as DbClass, Prisma, PrismaClient } from '@prisma/client';\n\nimport { Category, MachineError, OnboardingError } from '../errors';\nimport { Entity } from '../types';\nimport { ExternalUuid } from '../utils';\n\nconst prisma = new PrismaClient();\n\nexport class Class {\n  public static async insertOne(c: Prisma.ClassCreateInput): Promise<void> {\n    try {\n      await prisma.class.create({\n        data: c,\n      });\n    } catch (error) {\n      const msg = error instanceof Error ? error.message : `${error}`;\n      throw new OnboardingError(\n        MachineError.WRITE,\n        msg,\n        Entity.CLASS,\n        Category.POSTGRES,\n        { entityId: c.externalUuid, operation: 'INSERT ONE' }\n      );\n    }\n  }\n\n  public static async findOne(id: ExternalUuid): Promise<DbClass> {\n    try {\n      const c = await prisma.class.findUnique({\n        where: {\n          externalUuid: id,\n        },\n      });\n      if (!c) throw new Error(`Class: ${id} not found`);\n      return c;\n    } catch (error) {\n      const msg = error instanceof Error ? error.message : `${error}`;\n      throw new OnboardingError(\n        MachineError.READ,\n        msg,\n        Entity.CLASS,\n        Category.POSTGRES,\n        { entityId: id, operation: 'FIND ONE' }\n      );\n    }\n  }\n\n  public static async isValid(id: ExternalUuid): Promise<void> {\n    try {\n      const count = await prisma.class.count({\n        where: {\n          externalUuid: id,\n        },\n      });\n      if (count === 1) return;\n      throw new Error(`Class: ${id} is not valid`);\n    } catch (error) {\n      const msg = error instanceof Error ? error.message : `${error}`;\n      throw new OnboardingError(\n        MachineError.READ,\n        msg,\n        Entity.CLASS,\n        Category.POSTGRES,\n        { entityId: id, operation: 'IS VALID' }\n      );\n    }\n  }\n\n  public static async areValid(\n    schoolId: ExternalUuid,\n    ids: ExternalUuid[]\n  ): Promise<void> {\n    try {\n      const count = (\n        await prisma.class.findMany({\n          where: {\n            externalUuid: {\n              in: ids,\n            },\n            externalSchoolUuid: schoolId,\n          },\n          select: {\n            externalUuid: true,\n          },\n        })\n      ).map((c) => c.externalUuid);\n      if (count.length === ids.length) return;\n      const idSet = new Set(ids);\n      for (const id of count) {\n        idSet.delete(id);\n      }\n      throw new Error(\n        `Classes: ${[Array.from(idSet).join(', ')]} are not valid`\n      );\n    } catch (error) {\n      const msg = error instanceof Error ? error.message : `${error}`;\n      throw new OnboardingError(\n        MachineError.READ,\n        msg,\n        Entity.CLASS,\n        Category.POSTGRES,\n        { entityIds: ids, operation: 'ARE VALID' }\n      );\n    }\n  }\n}\n"]},"_coverageSchema":"1a1c01bbd47fc00a2c39e90264f33305004495a9","hash":"e8b09937a8d0b0f7f19718a83cc3a4a41035c861"},"/home/ncurtis/code/kidsloop/client_integration_layer_backend/cil-lib/src/lib/entities/user.ts":{"path":"/home/ncurtis/code/kidsloop/client_integration_layer_backend/cil-lib/src/lib/entities/user.ts","statementMap":{"0":{"start":{"line":2,"column":0},"end":{"line":2,"column":62}},"1":{"start":{"line":3,"column":0},"end":{"line":3,"column":22}},"2":{"start":{"line":4,"column":17},"end":{"line":4,"column":42}},"3":{"start":{"line":5,"column":17},"end":{"line":5,"column":37}},"4":{"start":{"line":6,"column":16},"end":{"line":6,"column":35}},"5":{"start":{"line":7,"column":15},"end":{"line":7,"column":42}},"6":{"start":{"line":10,"column":8},"end":{"line":18,"column":9}},"7":{"start":{"line":11,"column":12},"end":{"line":13,"column":15}},"8":{"start":{"line":16,"column":24},"end":{"line":16,"column":75}},"9":{"start":{"line":17,"column":12},"end":{"line":17,"column":188}},"10":{"start":{"line":21,"column":8},"end":{"line":34,"column":9}},"11":{"start":{"line":22,"column":25},"end":{"line":26,"column":14}},"12":{"start":{"line":27,"column":12},"end":{"line":28,"column":57}},"13":{"start":{"line":28,"column":16},"end":{"line":28,"column":57}},"14":{"start":{"line":29,"column":12},"end":{"line":29,"column":24}},"15":{"start":{"line":32,"column":24},"end":{"line":32,"column":75}},"16":{"start":{"line":33,"column":12},"end":{"line":33,"column":170}},"17":{"start":{"line":37,"column":8},"end":{"line":50,"column":9}},"18":{"start":{"line":38,"column":26},"end":{"line":42,"column":14}},"19":{"start":{"line":43,"column":12},"end":{"line":44,"column":23}},"20":{"start":{"line":44,"column":16},"end":{"line":44,"column":23}},"21":{"start":{"line":45,"column":12},"end":{"line":45,"column":56}},"22":{"start":{"line":48,"column":24},"end":{"line":48,"column":75}},"23":{"start":{"line":49,"column":12},"end":{"line":49,"column":170}},"24":{"start":{"line":53,"column":0},"end":{"line":53,"column":20}}},"fnMap":{"0":{"name":"(anonymous_0)","decl":{"start":{"line":9,"column":4},"end":{"line":9,"column":5}},"loc":{"start":{"line":9,"column":33},"end":{"line":19,"column":5}},"line":9},"1":{"name":"(anonymous_1)","decl":{"start":{"line":20,"column":4},"end":{"line":20,"column":5}},"loc":{"start":{"line":20,"column":29},"end":{"line":35,"column":5}},"line":20},"2":{"name":"(anonymous_2)","decl":{"start":{"line":36,"column":4},"end":{"line":36,"column":5}},"loc":{"start":{"line":36,"column":29},"end":{"line":51,"column":5}},"line":36}},"branchMap":{"0":{"loc":{"start":{"line":16,"column":24},"end":{"line":16,"column":75}},"type":"cond-expr","locations":[{"start":{"line":16,"column":49},"end":{"line":16,"column":62}},{"start":{"line":16,"column":65},"end":{"line":16,"column":75}}],"line":16},"1":{"loc":{"start":{"line":27,"column":12},"end":{"line":28,"column":57}},"type":"if","locations":[{"start":{"line":27,"column":12},"end":{"line":28,"column":57}},{"start":{"line":27,"column":12},"end":{"line":28,"column":57}}],"line":27},"2":{"loc":{"start":{"line":32,"column":24},"end":{"line":32,"column":75}},"type":"cond-expr","locations":[{"start":{"line":32,"column":49},"end":{"line":32,"column":62}},{"start":{"line":32,"column":65},"end":{"line":32,"column":75}}],"line":32},"3":{"loc":{"start":{"line":43,"column":12},"end":{"line":44,"column":23}},"type":"if","locations":[{"start":{"line":43,"column":12},"end":{"line":44,"column":23}},{"start":{"line":43,"column":12},"end":{"line":44,"column":23}}],"line":43},"4":{"loc":{"start":{"line":48,"column":24},"end":{"line":48,"column":75}},"type":"cond-expr","locations":[{"start":{"line":48,"column":49},"end":{"line":48,"column":62}},{"start":{"line":48,"column":65},"end":{"line":48,"column":75}}],"line":48}},"s":{"0":1,"1":1,"2":1,"3":1,"4":1,"5":1,"6":0,"7":0,"8":0,"9":0,"10":0,"11":0,"12":0,"13":0,"14":0,"15":0,"16":0,"17":0,"18":0,"19":0,"20":0,"21":0,"22":0,"23":0,"24":1},"f":{"0":0,"1":0,"2":0},"b":{"0":[0,0],"1":[0,0],"2":[0,0],"3":[0,0],"4":[0,0]},"inputSourceMap":{"version":3,"file":"/home/ncurtis/code/kidsloop/client_integration_layer_backend/cil-lib/src/lib/entities/user.ts","sources":["/home/ncurtis/code/kidsloop/client_integration_layer_backend/cil-lib/src/lib/entities/user.ts"],"names":[],"mappings":";;;AAAA,2CAAsE;AAEtE,sCAAoE;AACpE,oCAAkC;AAGlC,MAAM,MAAM,GAAG,IAAI,qBAAY,EAAE,CAAC;AAElC,MAAa,IAAI;IACR,MAAM,CAAC,KAAK,CAAC,SAAS,CAAC,IAA4B;QACxD,IAAI;YACF,MAAM,MAAM,CAAC,IAAI,CAAC,MAAM,CAAC;gBACvB,IAAI,EAAE,IAAI;aACX,CAAC,CAAC;SACJ;QAAC,OAAO,KAAK,EAAE;YACd,MAAM,GAAG,GAAG,KAAK,YAAY,KAAK,CAAC,CAAC,CAAC,KAAK,CAAC,OAAO,CAAC,CAAC,CAAC,GAAG,KAAK,EAAE,CAAC;YAChE,MAAM,IAAI,wBAAe,CACvB,qBAAY,CAAC,KAAK,EAClB,GAAG,EACH,cAAM,CAAC,IAAI,EACX,iBAAQ,CAAC,QAAQ,EACjB,EAAE,QAAQ,EAAE,IAAI,CAAC,YAAY,EAAE,SAAS,EAAE,YAAY,EAAE,CACzD,CAAC;SACH;IACH,CAAC;IAEM,MAAM,CAAC,KAAK,CAAC,OAAO,CAAC,EAAgB;QAC1C,IAAI;YACF,MAAM,IAAI,GAAG,MAAM,MAAM,CAAC,IAAI,CAAC,UAAU,CAAC;gBACxC,KAAK,EAAE;oBACL,YAAY,EAAE,EAAE;iBACjB;aACF,CAAC,CAAC;YACH,IAAI,CAAC,IAAI;gBAAE,MAAM,IAAI,KAAK,CAAC,SAAS,EAAE,YAAY,CAAC,CAAC;YACpD,OAAO,IAAI,CAAC;SACb;QAAC,OAAO,KAAK,EAAE;YACd,MAAM,GAAG,GAAG,KAAK,YAAY,KAAK,CAAC,CAAC,CAAC,KAAK,CAAC,OAAO,CAAC,CAAC,CAAC,GAAG,KAAK,EAAE,CAAC;YAChE,MAAM,IAAI,wBAAe,CACvB,qBAAY,CAAC,IAAI,EACjB,GAAG,EACH,cAAM,CAAC,IAAI,EACX,iBAAQ,CAAC,QAAQ,EACjB,EAAE,QAAQ,EAAE,EAAE,EAAE,SAAS,EAAE,UAAU,EAAE,CACxC,CAAC;SACH;IACH,CAAC;IAEM,MAAM,CAAC,KAAK,CAAC,OAAO,CAAC,EAAgB;QAC1C,IAAI;YACF,MAAM,KAAK,GAAG,MAAM,MAAM,CAAC,IAAI,CAAC,KAAK,CAAC;gBACpC,KAAK,EAAE;oBACL,YAAY,EAAE,EAAE;iBACjB;aACF,CAAC,CAAC;YACH,IAAI,KAAK,KAAK,CAAC;gBAAE,OAAO;YACxB,MAAM,IAAI,KAAK,CAAC,SAAS,EAAE,eAAe,CAAC,CAAC;SAC7C;QAAC,OAAO,KAAK,EAAE;YACd,MAAM,GAAG,GAAG,KAAK,YAAY,KAAK,CAAC,CAAC,CAAC,KAAK,CAAC,OAAO,CAAC,CAAC,CAAC,GAAG,KAAK,EAAE,CAAC;YAChE,MAAM,IAAI,wBAAe,CACvB,qBAAY,CAAC,IAAI,EACjB,GAAG,EACH,cAAM,CAAC,IAAI,EACX,iBAAQ,CAAC,QAAQ,EACjB,EAAE,QAAQ,EAAE,EAAE,EAAE,SAAS,EAAE,UAAU,EAAE,CACxC,CAAC;SACH;IACH,CAAC;CACF;AA3DD,oBA2DC","sourcesContent":["import { User as DbUser, Prisma, PrismaClient } from '@prisma/client';\n\nimport { Category, MachineError, OnboardingError } from '../errors';\nimport { Entity } from '../types';\nimport { ExternalUuid } from '../utils';\n\nconst prisma = new PrismaClient();\n\nexport class User {\n  public static async insertOne(user: Prisma.UserCreateInput): Promise<void> {\n    try {\n      await prisma.user.create({\n        data: user,\n      });\n    } catch (error) {\n      const msg = error instanceof Error ? error.message : `${error}`;\n      throw new OnboardingError(\n        MachineError.WRITE,\n        msg,\n        Entity.USER,\n        Category.POSTGRES,\n        { entityId: user.externalUuid, operation: 'INSERT ONE' }\n      );\n    }\n  }\n\n  public static async findOne(id: ExternalUuid): Promise<DbUser> {\n    try {\n      const user = await prisma.user.findUnique({\n        where: {\n          externalUuid: id,\n        },\n      });\n      if (!user) throw new Error(`User: ${id} not found`);\n      return user;\n    } catch (error) {\n      const msg = error instanceof Error ? error.message : `${error}`;\n      throw new OnboardingError(\n        MachineError.READ,\n        msg,\n        Entity.USER,\n        Category.POSTGRES,\n        { entityId: id, operation: 'FIND ONE' }\n      );\n    }\n  }\n\n  public static async isValid(id: ExternalUuid): Promise<void> {\n    try {\n      const count = await prisma.user.count({\n        where: {\n          externalUuid: id,\n        },\n      });\n      if (count === 1) return;\n      throw new Error(`User: ${id} is not valid`);\n    } catch (error) {\n      const msg = error instanceof Error ? error.message : `${error}`;\n      throw new OnboardingError(\n        MachineError.READ,\n        msg,\n        Entity.USER,\n        Category.POSTGRES,\n        { entityId: id, operation: 'IS VALID' }\n      );\n    }\n  }\n}\n"]},"_coverageSchema":"1a1c01bbd47fc00a2c39e90264f33305004495a9","hash":"803dbe224989045de68642ee195a9dd2b5219e67"},"/home/ncurtis/code/kidsloop/client_integration_layer_backend/cil-lib/src/lib/protos/index.ts":{"path":"/home/ncurtis/code/kidsloop/client_integration_layer_backend/cil-lib/src/lib/protos/index.ts","statementMap":{"0":{"start":{"line":2,"column":22},"end":{"line":8,"column":3}},"1":{"start":{"line":3,"column":4},"end":{"line":3,"column":33}},"2":{"start":{"line":3,"column":26},"end":{"line":3,"column":33}},"3":{"start":{"line":4,"column":4},"end":{"line":4,"column":89}},"4":{"start":{"line":4,"column":71},"end":{"line":4,"column":83}},"5":{"start":{"line":6,"column":4},"end":{"line":6,"column":33}},"6":{"start":{"line":6,"column":26},"end":{"line":6,"column":33}},"7":{"start":{"line":7,"column":4},"end":{"line":7,"column":17}},"8":{"start":{"line":9,"column":19},"end":{"line":11,"column":1}},"9":{"start":{"line":10,"column":4},"end":{"line":10,"column":126}},"10":{"start":{"line":10,"column":21},"end":{"line":10,"column":126}},"11":{"start":{"line":10,"column":95},"end":{"line":10,"column":126}},"12":{"start":{"line":12,"column":0},"end":{"line":12,"column":62}},"13":{"start":{"line":13,"column":0},"end":{"line":13,"column":48}},"14":{"start":{"line":14,"column":0},"end":{"line":14,"column":43}},"15":{"start":{"line":15,"column":0},"end":{"line":15,"column":46}}},"fnMap":{"0":{"name":"(anonymous_0)","decl":{"start":{"line":2,"column":74},"end":{"line":2,"column":75}},"loc":{"start":{"line":2,"column":96},"end":{"line":5,"column":1}},"line":2},"1":{"name":"(anonymous_1)","decl":{"start":{"line":4,"column":58},"end":{"line":4,"column":59}},"loc":{"start":{"line":4,"column":69},"end":{"line":4,"column":85}},"line":4},"2":{"name":"(anonymous_2)","decl":{"start":{"line":5,"column":6},"end":{"line":5,"column":7}},"loc":{"start":{"line":5,"column":28},"end":{"line":8,"column":1}},"line":5},"3":{"name":"(anonymous_3)","decl":{"start":{"line":9,"column":50},"end":{"line":9,"column":51}},"loc":{"start":{"line":9,"column":71},"end":{"line":11,"column":1}},"line":9}},"branchMap":{"0":{"loc":{"start":{"line":2,"column":22},"end":{"line":8,"column":3}},"type":"binary-expr","locations":[{"start":{"line":2,"column":23},"end":{"line":2,"column":27}},{"start":{"line":2,"column":31},"end":{"line":2,"column":51}},{"start":{"line":2,"column":57},"end":{"line":8,"column":2}}],"line":2},"1":{"loc":{"start":{"line":2,"column":57},"end":{"line":8,"column":2}},"type":"cond-expr","locations":[{"start":{"line":2,"column":74},"end":{"line":5,"column":1}},{"start":{"line":5,"column":6},"end":{"line":8,"column":1}}],"line":2},"2":{"loc":{"start":{"line":3,"column":4},"end":{"line":3,"column":33}},"type":"if","locations":[{"start":{"line":3,"column":4},"end":{"line":3,"column":33}},{"start":{"line":3,"column":4},"end":{"line":3,"column":33}}],"line":3},"3":{"loc":{"start":{"line":6,"column":4},"end":{"line":6,"column":33}},"type":"if","locations":[{"start":{"line":6,"column":4},"end":{"line":6,"column":33}},{"start":{"line":6,"column":4},"end":{"line":6,"column":33}}],"line":6},"4":{"loc":{"start":{"line":9,"column":19},"end":{"line":11,"column":1}},"type":"binary-expr","locations":[{"start":{"line":9,"column":20},"end":{"line":9,"column":24}},{"start":{"line":9,"column":28},"end":{"line":9,"column":45}},{"start":{"line":9,"column":50},"end":{"line":11,"column":1}}],"line":9},"5":{"loc":{"start":{"line":10,"column":21},"end":{"line":10,"column":126}},"type":"if","locations":[{"start":{"line":10,"column":21},"end":{"line":10,"column":126}},{"start":{"line":10,"column":21},"end":{"line":10,"column":126}}],"line":10},"6":{"loc":{"start":{"line":10,"column":25},"end":{"line":10,"column":93}},"type":"binary-expr","locations":[{"start":{"line":10,"column":25},"end":{"line":10,"column":40}},{"start":{"line":10,"column":44},"end":{"line":10,"column":93}}],"line":10}},"s":{"0":1,"1":21,"2":21,"3":21,"4":8,"5":0,"6":0,"7":0,"8":1,"9":3,"10":21,"11":21,"12":1,"13":1,"14":1,"15":1},"f":{"0":21,"1":8,"2":0,"3":3},"b":{"0":[1,1,1],"1":[1,0],"2":[21,0],"3":[0,0],"4":[1,1,1],"5":[21,0],"6":[21,21]},"inputSourceMap":{"version":3,"file":"/home/ncurtis/code/kidsloop/client_integration_layer_backend/cil-lib/src/lib/protos/index.ts","sources":["/home/ncurtis/code/kidsloop/client_integration_layer_backend/cil-lib/src/lib/protos/index.ts"],"names":[],"mappings":";;;;;;;;;;;;AAAA,gDAA8B;AAC9B,2CAAyB;AACzB,8CAA4B","sourcesContent":["export * from './api_grpc_pb';\nexport * from './api_pb';\nexport * from './stream_pb';\n"]},"_coverageSchema":"1a1c01bbd47fc00a2c39e90264f33305004495a9","hash":"ef2c582b64bc090246e2d741c69acc3da3980bb4"},"/home/ncurtis/code/kidsloop/client_integration_layer_backend/cil-lib/src/lib/protos/api_grpc_pb.js":{"path":"/home/ncurtis/code/kidsloop/client_integration_layer_backend/cil-lib/src/lib/protos/api_grpc_pb.js","statementMap":{"0":{"start":{"line":4,"column":11},"end":{"line":4,"column":35}},"1":{"start":{"line":5,"column":13},"end":{"line":5,"column":35}},"2":{"start":{"line":8,"column":2},"end":{"line":10,"column":3}},"3":{"start":{"line":9,"column":4},"end":{"line":9,"column":84}},"4":{"start":{"line":11,"column":2},"end":{"line":11,"column":44}},"5":{"start":{"line":15,"column":2},"end":{"line":15,"column":78}},"6":{"start":{"line":19,"column":2},"end":{"line":21,"column":3}},"7":{"start":{"line":20,"column":4},"end":{"line":20,"column":78}},"8":{"start":{"line":22,"column":2},"end":{"line":22,"column":44}},"9":{"start":{"line":26,"column":2},"end":{"line":26,"column":72}},"10":{"start":{"line":30,"column":24},"end":{"line":53,"column":1}},"11":{"start":{"line":55,"column":0},"end":{"line":55,"column":80}}},"fnMap":{"0":{"name":"serialize_cil_onboarding_api_BatchOnboarding","decl":{"start":{"line":7,"column":9},"end":{"line":7,"column":53}},"loc":{"start":{"line":7,"column":59},"end":{"line":12,"column":1}},"line":7},"1":{"name":"deserialize_cil_onboarding_api_BatchOnboarding","decl":{"start":{"line":14,"column":9},"end":{"line":14,"column":55}},"loc":{"start":{"line":14,"column":68},"end":{"line":16,"column":1}},"line":14},"2":{"name":"serialize_cil_onboarding_api_Responses","decl":{"start":{"line":18,"column":9},"end":{"line":18,"column":47}},"loc":{"start":{"line":18,"column":53},"end":{"line":23,"column":1}},"line":18},"3":{"name":"deserialize_cil_onboarding_api_Responses","decl":{"start":{"line":25,"column":9},"end":{"line":25,"column":49}},"loc":{"start":{"line":25,"column":62},"end":{"line":27,"column":1}},"line":25}},"branchMap":{"0":{"loc":{"start":{"line":8,"column":2},"end":{"line":10,"column":3}},"type":"if","locations":[{"start":{"line":8,"column":2},"end":{"line":10,"column":3}},{"start":{"line":8,"column":2},"end":{"line":10,"column":3}}],"line":8},"1":{"loc":{"start":{"line":19,"column":2},"end":{"line":21,"column":3}},"type":"if","locations":[{"start":{"line":19,"column":2},"end":{"line":21,"column":3}},{"start":{"line":19,"column":2},"end":{"line":21,"column":3}}],"line":19}},"s":{"0":1,"1":1,"2":0,"3":0,"4":0,"5":0,"6":0,"7":0,"8":0,"9":0,"10":1,"11":1},"f":{"0":0,"1":0,"2":0,"3":0},"b":{"0":[0,0],"1":[0,0]},"_coverageSchema":"1a1c01bbd47fc00a2c39e90264f33305004495a9","hash":"a6ff80b2cbe07c113907554ab0d2327ab69b7202"},"/home/ncurtis/code/kidsloop/client_integration_layer_backend/cil-lib/src/lib/services/index.ts":{"path":"/home/ncurtis/code/kidsloop/client_integration_layer_backend/cil-lib/src/lib/services/index.ts","statementMap":{"0":{"start":{"line":2,"column":0},"end":{"line":2,"column":62}},"1":{"start":{"line":3,"column":0},"end":{"line":3,"column":30}},"2":{"start":{"line":4,"column":21},"end":{"line":4,"column":46}},"3":{"start":{"line":5,"column":0},"end":{"line":5,"column":127}},"4":{"start":{"line":5,"column":86},"end":{"line":5,"column":121}}},"fnMap":{"0":{"name":"(anonymous_0)","decl":{"start":{"line":5,"column":72},"end":{"line":5,"column":73}},"loc":{"start":{"line":5,"column":84},"end":{"line":5,"column":123}},"line":5}},"branchMap":{},"s":{"0":1,"1":1,"2":1,"3":1,"4":0},"f":{"0":0},"b":{},"inputSourceMap":{"version":3,"file":"/home/ncurtis/code/kidsloop/client_integration_layer_backend/cil-lib/src/lib/services/index.ts","sources":["/home/ncurtis/code/kidsloop/client_integration_layer_backend/cil-lib/src/lib/services/index.ts"],"names":[],"mappings":";;;AAAA,+CAA8C;AAArC,4GAAA,YAAY,OAAA","sourcesContent":["export { AdminService } from './adminService';\n"]},"_coverageSchema":"1a1c01bbd47fc00a2c39e90264f33305004495a9","hash":"4d8cbd489e4be5b95b4d829c4ab9ddf334f1c06b"}}