{"/home/ncurtis/code/kidsloop/client_integration_layer_backend/cil-lib/src/index.ts":{"path":"/home/ncurtis/code/kidsloop/client_integration_layer_backend/cil-lib/src/index.ts","statementMap":{"0":{"start":{"line":2,"column":22},"end":{"line":8,"column":3}},"1":{"start":{"line":3,"column":4},"end":{"line":3,"column":33}},"2":{"start":{"line":3,"column":26},"end":{"line":3,"column":33}},"3":{"start":{"line":4,"column":4},"end":{"line":4,"column":89}},"4":{"start":{"line":4,"column":71},"end":{"line":4,"column":83}},"5":{"start":{"line":6,"column":4},"end":{"line":6,"column":33}},"6":{"start":{"line":6,"column":26},"end":{"line":6,"column":33}},"7":{"start":{"line":7,"column":4},"end":{"line":7,"column":17}},"8":{"start":{"line":9,"column":25},"end":{"line":13,"column":2}},"9":{"start":{"line":10,"column":4},"end":{"line":10,"column":72}},"10":{"start":{"line":12,"column":4},"end":{"line":12,"column":21}},"11":{"start":{"line":14,"column":19},"end":{"line":16,"column":1}},"12":{"start":{"line":15,"column":4},"end":{"line":15,"column":126}},"13":{"start":{"line":15,"column":21},"end":{"line":15,"column":126}},"14":{"start":{"line":15,"column":95},"end":{"line":15,"column":126}},"15":{"start":{"line":17,"column":19},"end":{"line":23,"column":1}},"16":{"start":{"line":18,"column":4},"end":{"line":18,"column":42}},"17":{"start":{"line":18,"column":31},"end":{"line":18,"column":42}},"18":{"start":{"line":19,"column":17},"end":{"line":19,"column":19}},"19":{"start":{"line":20,"column":4},"end":{"line":20,"column":141}},"20":{"start":{"line":20,"column":21},"end":{"line":20,"column":141}},"21":{"start":{"line":20,"column":40},"end":{"line":20,"column":141}},"22":{"start":{"line":20,"column":109},"end":{"line":20,"column":141}},"23":{"start":{"line":21,"column":4},"end":{"line":21,"column":36}},"24":{"start":{"line":22,"column":4},"end":{"line":22,"column":18}},"25":{"start":{"line":24,"column":0},"end":{"line":24,"column":62}},"26":{"start":{"line":25,"column":0},"end":{"line":25,"column":77}},"27":{"start":{"line":26,"column":0},"end":{"line":26,"column":49}},"28":{"start":{"line":27,"column":0},"end":{"line":27,"column":47}},"29":{"start":{"line":28,"column":0},"end":{"line":28,"column":54}},"30":{"start":{"line":29,"column":0},"end":{"line":29,"column":46}},"31":{"start":{"line":30,"column":0},"end":{"line":30,"column":51}},"32":{"start":{"line":31,"column":0},"end":{"line":31,"column":46}},"33":{"start":{"line":32,"column":0},"end":{"line":32,"column":46}},"34":{"start":{"line":33,"column":0},"end":{"line":33,"column":49}},"35":{"start":{"line":34,"column":14},"end":{"line":34,"column":36}},"36":{"start":{"line":35,"column":0},"end":{"line":35,"column":102}},"37":{"start":{"line":35,"column":77},"end":{"line":35,"column":96}},"38":{"start":{"line":36,"column":15},"end":{"line":36,"column":40}},"39":{"start":{"line":37,"column":0},"end":{"line":37,"column":109}},"40":{"start":{"line":37,"column":80},"end":{"line":37,"column":103}},"41":{"start":{"line":38,"column":0},"end":{"line":38,"column":121}},"42":{"start":{"line":38,"column":86},"end":{"line":38,"column":115}}},"fnMap":{"0":{"name":"(anonymous_0)","decl":{"start":{"line":2,"column":74},"end":{"line":2,"column":75}},"loc":{"start":{"line":2,"column":96},"end":{"line":5,"column":1}},"line":2},"1":{"name":"(anonymous_1)","decl":{"start":{"line":4,"column":58},"end":{"line":4,"column":59}},"loc":{"start":{"line":4,"column":69},"end":{"line":4,"column":85}},"line":4},"2":{"name":"(anonymous_2)","decl":{"start":{"line":5,"column":6},"end":{"line":5,"column":7}},"loc":{"start":{"line":5,"column":28},"end":{"line":8,"column":1}},"line":5},"3":{"name":"(anonymous_3)","decl":{"start":{"line":9,"column":80},"end":{"line":9,"column":81}},"loc":{"start":{"line":9,"column":95},"end":{"line":11,"column":1}},"line":9},"4":{"name":"(anonymous_4)","decl":{"start":{"line":11,"column":5},"end":{"line":11,"column":6}},"loc":{"start":{"line":11,"column":20},"end":{"line":13,"column":1}},"line":11},"5":{"name":"(anonymous_5)","decl":{"start":{"line":14,"column":50},"end":{"line":14,"column":51}},"loc":{"start":{"line":14,"column":71},"end":{"line":16,"column":1}},"line":14},"6":{"name":"(anonymous_6)","decl":{"start":{"line":17,"column":50},"end":{"line":17,"column":51}},"loc":{"start":{"line":17,"column":65},"end":{"line":23,"column":1}},"line":17},"7":{"name":"(anonymous_7)","decl":{"start":{"line":35,"column":63},"end":{"line":35,"column":64}},"loc":{"start":{"line":35,"column":75},"end":{"line":35,"column":98}},"line":35},"8":{"name":"(anonymous_8)","decl":{"start":{"line":37,"column":66},"end":{"line":37,"column":67}},"loc":{"start":{"line":37,"column":78},"end":{"line":37,"column":105}},"line":37},"9":{"name":"(anonymous_9)","decl":{"start":{"line":38,"column":72},"end":{"line":38,"column":73}},"loc":{"start":{"line":38,"column":84},"end":{"line":38,"column":117}},"line":38}},"branchMap":{"0":{"loc":{"start":{"line":2,"column":22},"end":{"line":8,"column":3}},"type":"binary-expr","locations":[{"start":{"line":2,"column":23},"end":{"line":2,"column":27}},{"start":{"line":2,"column":31},"end":{"line":2,"column":51}},{"start":{"line":2,"column":57},"end":{"line":8,"column":2}}],"line":2},"1":{"loc":{"start":{"line":2,"column":57},"end":{"line":8,"column":2}},"type":"cond-expr","locations":[{"start":{"line":2,"column":74},"end":{"line":5,"column":1}},{"start":{"line":5,"column":6},"end":{"line":8,"column":1}}],"line":2},"2":{"loc":{"start":{"line":3,"column":4},"end":{"line":3,"column":33}},"type":"if","locations":[{"start":{"line":3,"column":4},"end":{"line":3,"column":33}},{"start":{"line":3,"column":4},"end":{"line":3,"column":33}}],"line":3},"3":{"loc":{"start":{"line":6,"column":4},"end":{"line":6,"column":33}},"type":"if","locations":[{"start":{"line":6,"column":4},"end":{"line":6,"column":33}},{"start":{"line":6,"column":4},"end":{"line":6,"column":33}}],"line":6},"4":{"loc":{"start":{"line":9,"column":25},"end":{"line":13,"column":2}},"type":"binary-expr","locations":[{"start":{"line":9,"column":26},"end":{"line":9,"column":30}},{"start":{"line":9,"column":34},"end":{"line":9,"column":57}},{"start":{"line":9,"column":63},"end":{"line":13,"column":1}}],"line":9},"5":{"loc":{"start":{"line":9,"column":63},"end":{"line":13,"column":1}},"type":"cond-expr","locations":[{"start":{"line":9,"column":80},"end":{"line":11,"column":1}},{"start":{"line":11,"column":5},"end":{"line":13,"column":1}}],"line":9},"6":{"loc":{"start":{"line":14,"column":19},"end":{"line":16,"column":1}},"type":"binary-expr","locations":[{"start":{"line":14,"column":20},"end":{"line":14,"column":24}},{"start":{"line":14,"column":28},"end":{"line":14,"column":45}},{"start":{"line":14,"column":50},"end":{"line":16,"column":1}}],"line":14},"7":{"loc":{"start":{"line":15,"column":21},"end":{"line":15,"column":126}},"type":"if","locations":[{"start":{"line":15,"column":21},"end":{"line":15,"column":126}},{"start":{"line":15,"column":21},"end":{"line":15,"column":126}}],"line":15},"8":{"loc":{"start":{"line":15,"column":25},"end":{"line":15,"column":93}},"type":"binary-expr","locations":[{"start":{"line":15,"column":25},"end":{"line":15,"column":40}},{"start":{"line":15,"column":44},"end":{"line":15,"column":93}}],"line":15},"9":{"loc":{"start":{"line":17,"column":19},"end":{"line":23,"column":1}},"type":"binary-expr","locations":[{"start":{"line":17,"column":20},"end":{"line":17,"column":24}},{"start":{"line":17,"column":28},"end":{"line":17,"column":45}},{"start":{"line":17,"column":50},"end":{"line":23,"column":1}}],"line":17},"10":{"loc":{"start":{"line":18,"column":4},"end":{"line":18,"column":42}},"type":"if","locations":[{"start":{"line":18,"column":4},"end":{"line":18,"column":42}},{"start":{"line":18,"column":4},"end":{"line":18,"column":42}}],"line":18},"11":{"loc":{"start":{"line":18,"column":8},"end":{"line":18,"column":29}},"type":"binary-expr","locations":[{"start":{"line":18,"column":8},"end":{"line":18,"column":11}},{"start":{"line":18,"column":15},"end":{"line":18,"column":29}}],"line":18},"12":{"loc":{"start":{"line":20,"column":4},"end":{"line":20,"column":141}},"type":"if","locations":[{"start":{"line":20,"column":4},"end":{"line":20,"column":141}},{"start":{"line":20,"column":4},"end":{"line":20,"column":141}}],"line":20},"13":{"loc":{"start":{"line":20,"column":40},"end":{"line":20,"column":141}},"type":"if","locations":[{"start":{"line":20,"column":40},"end":{"line":20,"column":141}},{"start":{"line":20,"column":40},"end":{"line":20,"column":141}}],"line":20},"14":{"loc":{"start":{"line":20,"column":44},"end":{"line":20,"column":107}},"type":"binary-expr","locations":[{"start":{"line":20,"column":44},"end":{"line":20,"column":59}},{"start":{"line":20,"column":63},"end":{"line":20,"column":107}}],"line":20}},"s":{"0":1,"1":27,"2":27,"3":27,"4":30,"5":0,"6":0,"7":0,"8":1,"9":0,"10":0,"11":1,"12":7,"13":28,"14":27,"15":1,"16":1,"17":1,"18":0,"19":0,"20":0,"21":0,"22":0,"23":0,"24":0,"25":1,"26":1,"27":1,"28":1,"29":1,"30":1,"31":1,"32":1,"33":1,"34":1,"35":1,"36":1,"37":1,"38":1,"39":1,"40":0,"41":1,"42":0},"f":{"0":27,"1":30,"2":0,"3":0,"4":0,"5":7,"6":1,"7":1,"8":0,"9":0},"b":{"0":[1,1,1],"1":[1,0],"2":[27,0],"3":[0,0],"4":[1,1,1],"5":[1,0],"6":[1,1,1],"7":[27,1],"8":[28,28],"9":[1,1,1],"10":[1,0],"11":[1,1],"12":[0,0],"13":[0,0],"14":[0,0]},"inputSourceMap":{"version":3,"file":"/home/ncurtis/code/kidsloop/client_integration_layer_backend/cil-lib/src/index.ts","sources":["/home/ncurtis/code/kidsloop/client_integration_layer_backend/cil-lib/src/index.ts"],"names":[],"mappings":";;;;;;;;;;;;;;;;;;;;;;;;;AAAA,iDAA+B;AAC/B,+CAA6B;AAC7B,sDAAsC;AACtC,8CAA4B;AAC5B,mDAAiC;AACjC,8CAA4B;AAC5B,8CAA4B;AAC5B,iDAA+B;AAC/B,qCAAkC;AAAzB,4FAAA,GAAG,OAAA;AACZ,yCAAsD;AAA7C,gGAAA,MAAM,OAAA;AAAE,sGAAA,YAAY,OAAA","sourcesContent":["export * from './lib/entities';\nexport * from './lib/errors';\nexport * as proto from './lib/protos';\nexport * from './lib/redis';\nexport * from './lib/validation';\nexport * from './lib/utils';\nexport * from './lib/types';\nexport * from './lib/services';\nexport { log } from './lib/utils';\nexport { Prisma, PrismaClient } from '@prisma/client';\n"]},"_coverageSchema":"1a1c01bbd47fc00a2c39e90264f33305004495a9","hash":"4fba96d597ce4979237ce4b50113fca6437df31e"},"/home/ncurtis/code/kidsloop/client_integration_layer_backend/cil-lib/src/lib/entities/index.ts":{"path":"/home/ncurtis/code/kidsloop/client_integration_layer_backend/cil-lib/src/lib/entities/index.ts","statementMap":{"0":{"start":{"line":2,"column":0},"end":{"line":2,"column":62}},"1":{"start":{"line":3,"column":0},"end":{"line":3,"column":111}},"2":{"start":{"line":4,"column":21},"end":{"line":4,"column":46}},"3":{"start":{"line":5,"column":0},"end":{"line":5,"column":127}},"4":{"start":{"line":5,"column":86},"end":{"line":5,"column":121}},"5":{"start":{"line":6,"column":15},"end":{"line":6,"column":34}},"6":{"start":{"line":7,"column":0},"end":{"line":7,"column":109}},"7":{"start":{"line":7,"column":80},"end":{"line":7,"column":103}},"8":{"start":{"line":8,"column":14},"end":{"line":8,"column":32}},"9":{"start":{"line":9,"column":0},"end":{"line":9,"column":106}},"10":{"start":{"line":9,"column":79},"end":{"line":9,"column":100}},"11":{"start":{"line":10,"column":13},"end":{"line":10,"column":30}},"12":{"start":{"line":11,"column":0},"end":{"line":11,"column":103}},"13":{"start":{"line":11,"column":78},"end":{"line":11,"column":97}},"14":{"start":{"line":12,"column":16},"end":{"line":12,"column":36}},"15":{"start":{"line":13,"column":0},"end":{"line":13,"column":112}},"16":{"start":{"line":13,"column":81},"end":{"line":13,"column":106}},"17":{"start":{"line":14,"column":13},"end":{"line":14,"column":30}},"18":{"start":{"line":15,"column":0},"end":{"line":15,"column":103}},"19":{"start":{"line":15,"column":78},"end":{"line":15,"column":97}}},"fnMap":{"0":{"name":"(anonymous_0)","decl":{"start":{"line":5,"column":72},"end":{"line":5,"column":73}},"loc":{"start":{"line":5,"column":84},"end":{"line":5,"column":123}},"line":5},"1":{"name":"(anonymous_1)","decl":{"start":{"line":7,"column":66},"end":{"line":7,"column":67}},"loc":{"start":{"line":7,"column":78},"end":{"line":7,"column":105}},"line":7},"2":{"name":"(anonymous_2)","decl":{"start":{"line":9,"column":65},"end":{"line":9,"column":66}},"loc":{"start":{"line":9,"column":77},"end":{"line":9,"column":102}},"line":9},"3":{"name":"(anonymous_3)","decl":{"start":{"line":11,"column":64},"end":{"line":11,"column":65}},"loc":{"start":{"line":11,"column":76},"end":{"line":11,"column":99}},"line":11},"4":{"name":"(anonymous_4)","decl":{"start":{"line":13,"column":67},"end":{"line":13,"column":68}},"loc":{"start":{"line":13,"column":79},"end":{"line":13,"column":108}},"line":13},"5":{"name":"(anonymous_5)","decl":{"start":{"line":15,"column":64},"end":{"line":15,"column":65}},"loc":{"start":{"line":15,"column":76},"end":{"line":15,"column":99}},"line":15}},"branchMap":{},"s":{"0":1,"1":1,"2":1,"3":1,"4":11,"5":1,"6":1,"7":0,"8":1,"9":1,"10":0,"11":1,"12":1,"13":0,"14":1,"15":1,"16":0,"17":1,"18":1,"19":0},"f":{"0":11,"1":0,"2":0,"3":0,"4":0,"5":0},"b":{},"inputSourceMap":{"version":3,"file":"/home/ncurtis/code/kidsloop/client_integration_layer_backend/cil-lib/src/lib/entities/index.ts","sources":["/home/ncurtis/code/kidsloop/client_integration_layer_backend/cil-lib/src/lib/entities/index.ts"],"names":[],"mappings":";;;AAAA,+CAA8C;AAArC,4GAAA,YAAY,OAAA;AACrB,mCAAkC;AAAzB,gGAAA,MAAM,OAAA;AACf,iCAAgC;AAAvB,8FAAA,KAAK,OAAA;AACd,+BAA8B;AAArB,4FAAA,IAAI,OAAA;AACb,qCAAoC;AAA3B,kGAAA,OAAO,OAAA;AAChB,+BAA8B;AAArB,4FAAA,IAAI,OAAA","sourcesContent":["export { Organization } from './organization';\nexport { School } from './school';\nexport { Class } from './class';\nexport { User } from './user';\nexport { Program } from './program';\nexport { Role } from './role';\n"]},"_coverageSchema":"1a1c01bbd47fc00a2c39e90264f33305004495a9","hash":"e18434ff39033f357626265170745dbf6d5b4f11"},"/home/ncurtis/code/kidsloop/client_integration_layer_backend/cil-lib/src/lib/entities/organization.ts":{"path":"/home/ncurtis/code/kidsloop/client_integration_layer_backend/cil-lib/src/lib/entities/organization.ts","statementMap":{"0":{"start":{"line":2,"column":0},"end":{"line":2,"column":62}},"1":{"start":{"line":3,"column":0},"end":{"line":3,"column":30}},"2":{"start":{"line":4,"column":17},"end":{"line":4,"column":42}},"3":{"start":{"line":5,"column":17},"end":{"line":5,"column":37}},"4":{"start":{"line":6,"column":23},"end":{"line":6,"column":58}},"5":{"start":{"line":7,"column":16},"end":{"line":7,"column":35}},"6":{"start":{"line":8,"column":18},"end":{"line":8,"column":38}},"7":{"start":{"line":9,"column":15},"end":{"line":9,"column":32}},"8":{"start":{"line":10,"column":15},"end":{"line":10,"column":42}},"9":{"start":{"line":13,"column":8},"end":{"line":21,"column":9}},"10":{"start":{"line":14,"column":12},"end":{"line":16,"column":15}},"11":{"start":{"line":19,"column":24},"end":{"line":19,"column":75}},"12":{"start":{"line":20,"column":12},"end":{"line":20,"column":184}},"13":{"start":{"line":24,"column":8},"end":{"line":37,"column":9}},"14":{"start":{"line":25,"column":24},"end":{"line":29,"column":14}},"15":{"start":{"line":30,"column":12},"end":{"line":31,"column":65}},"16":{"start":{"line":31,"column":16},"end":{"line":31,"column":65}},"17":{"start":{"line":32,"column":12},"end":{"line":32,"column":23}},"18":{"start":{"line":35,"column":24},"end":{"line":35,"column":75}},"19":{"start":{"line":36,"column":12},"end":{"line":36,"column":158}},"20":{"start":{"line":40,"column":8},"end":{"line":56,"column":9}},"21":{"start":{"line":41,"column":27},"end":{"line":48,"column":14}},"22":{"start":{"line":49,"column":12},"end":{"line":50,"column":28}},"23":{"start":{"line":50,"column":16},"end":{"line":50,"column":28}},"24":{"start":{"line":51,"column":12},"end":{"line":51,"column":66}},"25":{"start":{"line":54,"column":24},"end":{"line":54,"column":75}},"26":{"start":{"line":55,"column":12},"end":{"line":55,"column":83}},"27":{"start":{"line":59,"column":8},"end":{"line":77,"column":9}},"28":{"start":{"line":60,"column":27},"end":{"line":67,"column":14}},"29":{"start":{"line":68,"column":12},"end":{"line":69,"column":70}},"30":{"start":{"line":69,"column":16},"end":{"line":69,"column":70}},"31":{"start":{"line":70,"column":12},"end":{"line":71,"column":37}},"32":{"start":{"line":71,"column":16},"end":{"line":71,"column":37}},"33":{"start":{"line":72,"column":12},"end":{"line":72,"column":84}},"34":{"start":{"line":75,"column":24},"end":{"line":75,"column":75}},"35":{"start":{"line":76,"column":12},"end":{"line":76,"column":90}},"36":{"start":{"line":80,"column":8},"end":{"line":100,"column":9}},"37":{"start":{"line":81,"column":29},"end":{"line":92,"column":14}},"38":{"start":{"line":93,"column":12},"end":{"line":94,"column":65}},"39":{"start":{"line":94,"column":16},"end":{"line":94,"column":65}},"40":{"start":{"line":95,"column":12},"end":{"line":95,"column":58}},"41":{"start":{"line":95,"column":48},"end":{"line":95,"column":56}},"42":{"start":{"line":98,"column":24},"end":{"line":98,"column":75}},"43":{"start":{"line":99,"column":12},"end":{"line":99,"column":162}},"44":{"start":{"line":103,"column":30},"end":{"line":103,"column":81}},"45":{"start":{"line":104,"column":32},"end":{"line":104,"column":34}},"46":{"start":{"line":105,"column":8},"end":{"line":108,"column":9}},"47":{"start":{"line":106,"column":12},"end":{"line":107,"column":46}},"48":{"start":{"line":107,"column":16},"end":{"line":107,"column":46}},"49":{"start":{"line":109,"column":8},"end":{"line":110,"column":281}},"50":{"start":{"line":110,"column":12},"end":{"line":110,"column":281}},"51":{"start":{"line":113,"column":8},"end":{"line":133,"column":9}},"52":{"start":{"line":114,"column":26},"end":{"line":125,"column":14}},"53":{"start":{"line":126,"column":12},"end":{"line":127,"column":65}},"54":{"start":{"line":127,"column":16},"end":{"line":127,"column":65}},"55":{"start":{"line":128,"column":12},"end":{"line":128,"column":52}},"56":{"start":{"line":128,"column":42},"end":{"line":128,"column":50}},"57":{"start":{"line":131,"column":24},"end":{"line":131,"column":75}},"58":{"start":{"line":132,"column":12},"end":{"line":132,"column":159}},"59":{"start":{"line":136,"column":8},"end":{"line":159,"column":9}},"60":{"start":{"line":137,"column":26},"end":{"line":137,"column":73}},"61":{"start":{"line":138,"column":43},"end":{"line":138,"column":46}},"62":{"start":{"line":139,"column":27},"end":{"line":139,"column":65}},"63":{"start":{"line":140,"column":35},"end":{"line":140,"column":69}},"64":{"start":{"line":141,"column":32},"end":{"line":141,"column":63}},"65":{"start":{"line":142,"column":35},"end":{"line":142,"column":83}},"66":{"start":{"line":143,"column":32},"end":{"line":143,"column":77}},"67":{"start":{"line":144,"column":33},"end":{"line":144,"column":70}},"68":{"start":{"line":145,"column":30},"end":{"line":145,"column":61}},"69":{"start":{"line":146,"column":12},"end":{"line":150,"column":20}},"70":{"start":{"line":151,"column":12},"end":{"line":151,"column":80}},"71":{"start":{"line":152,"column":12},"end":{"line":152,"column":71}},"72":{"start":{"line":155,"column":12},"end":{"line":156,"column":28}},"73":{"start":{"line":156,"column":16},"end":{"line":156,"column":28}},"74":{"start":{"line":157,"column":24},"end":{"line":157,"column":75}},"75":{"start":{"line":158,"column":12},"end":{"line":158,"column":118}},"76":{"start":{"line":162,"column":0},"end":{"line":162,"column":36}},"77":{"start":{"line":163,"column":0},"end":{"line":163,"column":50}}},"fnMap":{"0":{"name":"(anonymous_0)","decl":{"start":{"line":12,"column":4},"end":{"line":12,"column":5}},"loc":{"start":{"line":12,"column":46},"end":{"line":22,"column":5}},"line":12},"1":{"name":"(anonymous_1)","decl":{"start":{"line":23,"column":4},"end":{"line":23,"column":5}},"loc":{"start":{"line":23,"column":34},"end":{"line":38,"column":5}},"line":23},"2":{"name":"(anonymous_2)","decl":{"start":{"line":39,"column":4},"end":{"line":39,"column":5}},"loc":{"start":{"line":39,"column":34},"end":{"line":57,"column":5}},"line":39},"3":{"name":"(anonymous_3)","decl":{"start":{"line":58,"column":4},"end":{"line":58,"column":5}},"loc":{"start":{"line":58,"column":32},"end":{"line":78,"column":5}},"line":58},"4":{"name":"(anonymous_4)","decl":{"start":{"line":79,"column":4},"end":{"line":79,"column":5}},"loc":{"start":{"line":79,"column":38},"end":{"line":101,"column":5}},"line":79},"5":{"name":"(anonymous_5)","decl":{"start":{"line":95,"column":41},"end":{"line":95,"column":42}},"loc":{"start":{"line":95,"column":48},"end":{"line":95,"column":56}},"line":95},"6":{"name":"(anonymous_6)","decl":{"start":{"line":102,"column":4},"end":{"line":102,"column":5}},"loc":{"start":{"line":102,"column":56},"end":{"line":111,"column":5}},"line":102},"7":{"name":"(anonymous_7)","decl":{"start":{"line":112,"column":4},"end":{"line":112,"column":5}},"loc":{"start":{"line":112,"column":35},"end":{"line":134,"column":5}},"line":112},"8":{"name":"(anonymous_8)","decl":{"start":{"line":128,"column":35},"end":{"line":128,"column":36}},"loc":{"start":{"line":128,"column":42},"end":{"line":128,"column":50}},"line":128},"9":{"name":"(anonymous_9)","decl":{"start":{"line":135,"column":4},"end":{"line":135,"column":5}},"loc":{"start":{"line":135,"column":50},"end":{"line":160,"column":5}},"line":135}},"branchMap":{"0":{"loc":{"start":{"line":19,"column":24},"end":{"line":19,"column":75}},"type":"cond-expr","locations":[{"start":{"line":19,"column":49},"end":{"line":19,"column":62}},{"start":{"line":19,"column":65},"end":{"line":19,"column":75}}],"line":19},"1":{"loc":{"start":{"line":30,"column":12},"end":{"line":31,"column":65}},"type":"if","locations":[{"start":{"line":30,"column":12},"end":{"line":31,"column":65}},{"start":{"line":30,"column":12},"end":{"line":31,"column":65}}],"line":30},"2":{"loc":{"start":{"line":35,"column":24},"end":{"line":35,"column":75}},"type":"cond-expr","locations":[{"start":{"line":35,"column":49},"end":{"line":35,"column":62}},{"start":{"line":35,"column":65},"end":{"line":35,"column":75}}],"line":35},"3":{"loc":{"start":{"line":49,"column":12},"end":{"line":50,"column":28}},"type":"if","locations":[{"start":{"line":49,"column":12},"end":{"line":50,"column":28}},{"start":{"line":49,"column":12},"end":{"line":50,"column":28}}],"line":49},"4":{"loc":{"start":{"line":54,"column":24},"end":{"line":54,"column":75}},"type":"cond-expr","locations":[{"start":{"line":54,"column":49},"end":{"line":54,"column":62}},{"start":{"line":54,"column":65},"end":{"line":54,"column":75}}],"line":54},"5":{"loc":{"start":{"line":68,"column":12},"end":{"line":69,"column":70}},"type":"if","locations":[{"start":{"line":68,"column":12},"end":{"line":69,"column":70}},{"start":{"line":68,"column":12},"end":{"line":69,"column":70}}],"line":68},"6":{"loc":{"start":{"line":70,"column":12},"end":{"line":71,"column":37}},"type":"if","locations":[{"start":{"line":70,"column":12},"end":{"line":71,"column":37}},{"start":{"line":70,"column":12},"end":{"line":71,"column":37}}],"line":70},"7":{"loc":{"start":{"line":70,"column":16},"end":{"line":70,"column":39}},"type":"binary-expr","locations":[{"start":{"line":70,"column":16},"end":{"line":70,"column":22}},{"start":{"line":70,"column":26},"end":{"line":70,"column":39}}],"line":70},"8":{"loc":{"start":{"line":75,"column":24},"end":{"line":75,"column":75}},"type":"cond-expr","locations":[{"start":{"line":75,"column":49},"end":{"line":75,"column":62}},{"start":{"line":75,"column":65},"end":{"line":75,"column":75}}],"line":75},"9":{"loc":{"start":{"line":93,"column":12},"end":{"line":94,"column":65}},"type":"if","locations":[{"start":{"line":93,"column":12},"end":{"line":94,"column":65}},{"start":{"line":93,"column":12},"end":{"line":94,"column":65}}],"line":93},"10":{"loc":{"start":{"line":98,"column":24},"end":{"line":98,"column":75}},"type":"cond-expr","locations":[{"start":{"line":98,"column":49},"end":{"line":98,"column":62}},{"start":{"line":98,"column":65},"end":{"line":98,"column":75}}],"line":98},"11":{"loc":{"start":{"line":106,"column":12},"end":{"line":107,"column":46}},"type":"if","locations":[{"start":{"line":106,"column":12},"end":{"line":107,"column":46}},{"start":{"line":106,"column":12},"end":{"line":107,"column":46}}],"line":106},"12":{"loc":{"start":{"line":109,"column":8},"end":{"line":110,"column":281}},"type":"if","locations":[{"start":{"line":109,"column":8},"end":{"line":110,"column":281}},{"start":{"line":109,"column":8},"end":{"line":110,"column":281}}],"line":109},"13":{"loc":{"start":{"line":126,"column":12},"end":{"line":127,"column":65}},"type":"if","locations":[{"start":{"line":126,"column":12},"end":{"line":127,"column":65}},{"start":{"line":126,"column":12},"end":{"line":127,"column":65}}],"line":126},"14":{"loc":{"start":{"line":131,"column":24},"end":{"line":131,"column":75}},"type":"cond-expr","locations":[{"start":{"line":131,"column":49},"end":{"line":131,"column":62}},{"start":{"line":131,"column":65},"end":{"line":131,"column":75}}],"line":131},"15":{"loc":{"start":{"line":155,"column":12},"end":{"line":156,"column":28}},"type":"if","locations":[{"start":{"line":155,"column":12},"end":{"line":156,"column":28}},{"start":{"line":155,"column":12},"end":{"line":156,"column":28}}],"line":155},"16":{"loc":{"start":{"line":157,"column":24},"end":{"line":157,"column":75}},"type":"cond-expr","locations":[{"start":{"line":157,"column":49},"end":{"line":157,"column":62}},{"start":{"line":157,"column":65},"end":{"line":157,"column":75}}],"line":157}},"s":{"0":1,"1":1,"2":1,"3":1,"4":1,"5":1,"6":1,"7":1,"8":1,"9":0,"10":0,"11":0,"12":0,"13":0,"14":0,"15":0,"16":0,"17":0,"18":0,"19":0,"20":0,"21":0,"22":0,"23":0,"24":0,"25":0,"26":0,"27":0,"28":0,"29":0,"30":0,"31":0,"32":0,"33":0,"34":0,"35":0,"36":0,"37":0,"38":0,"39":0,"40":0,"41":0,"42":0,"43":0,"44":0,"45":0,"46":0,"47":0,"48":0,"49":0,"50":0,"51":0,"52":0,"53":0,"54":0,"55":0,"56":0,"57":0,"58":0,"59":0,"60":0,"61":0,"62":0,"63":0,"64":0,"65":0,"66":0,"67":0,"68":0,"69":0,"70":0,"71":0,"72":0,"73":0,"74":0,"75":0,"76":1,"77":1},"f":{"0":0,"1":0,"2":0,"3":0,"4":0,"5":0,"6":0,"7":0,"8":0,"9":0},"b":{"0":[0,0],"1":[0,0],"2":[0,0],"3":[0,0],"4":[0,0],"5":[0,0],"6":[0,0],"7":[0,0],"8":[0,0],"9":[0,0],"10":[0,0],"11":[0,0],"12":[0,0],"13":[0,0],"14":[0,0],"15":[0,0],"16":[0,0]},"inputSourceMap":{"version":3,"file":"/home/ncurtis/code/kidsloop/client_integration_layer_backend/cil-lib/src/lib/entities/organization.ts","sources":["/home/ncurtis/code/kidsloop/client_integration_layer_backend/cil-lib/src/lib/entities/organization.ts"],"names":[],"mappings":";;;AAAA,2CAA6E;AAG7E,sCAMmB;AAEnB,2DAAwD;AACxD,oCAAkC;AAGlC,uCAAoC;AACpC,iCAA8B;AAE9B,MAAM,MAAM,GAAG,IAAI,qBAAY,EAAE,CAAC;AAElC,MAAa,YAAY;IAGhB,MAAM,CAAC,KAAK,CAAC,SAAS,CAC3B,YAA4C,EAC5C,GAAW;QAEX,IAAI;YACF,MAAM,MAAM,CAAC,YAAY,CAAC,MAAM,CAAC;gBAC/B,IAAI,EAAE,YAAY;aACnB,CAAC,CAAC;SACJ;QAAC,OAAO,KAAK,EAAE;YACd,MAAM,GAAG,GAAG,KAAK,YAAY,KAAK,CAAC,CAAC,CAAC,KAAK,CAAC,OAAO,CAAC,CAAC,CAAC,GAAG,KAAK,EAAE,CAAC;YAChE,MAAM,IAAI,wBAAe,CACvB,qBAAY,CAAC,KAAK,EAClB,GAAG,EACH,iBAAQ,CAAC,QAAQ,EACjB,GAAG,EACH,EAAE,EACF,EAAE,QAAQ,EAAE,YAAY,CAAC,YAAY,EAAE,SAAS,EAAE,YAAY,EAAE,CACjE,CAAC;SACH;IACH,CAAC;IAEM,MAAM,CAAC,KAAK,CAAC,OAAO,CAAC,EAAgB,EAAE,GAAW;QACvD,IAAI;YACF,MAAM,GAAG,GAAG,MAAM,MAAM,CAAC,YAAY,CAAC,UAAU,CAAC;gBAC/C,KAAK,EAAE;oBACL,YAAY,EAAE,EAAE;iBACjB;aACF,CAAC,CAAC;YACH,IAAI,CAAC,GAAG;gBAAE,MAAM,IAAI,KAAK,CAAC,iBAAiB,EAAE,YAAY,CAAC,CAAC;YAC3D,OAAO,GAAG,CAAC;SACZ;QAAC,OAAO,KAAK,EAAE;YACd,MAAM,GAAG,GAAG,KAAK,YAAY,KAAK,CAAC,CAAC,CAAC,KAAK,CAAC,OAAO,CAAC,CAAC,CAAC,GAAG,KAAK,EAAE,CAAC;YAChE,MAAM,IAAI,wBAAe,CACvB,qBAAY,CAAC,IAAI,EACjB,GAAG,EACH,iBAAQ,CAAC,QAAQ,EACjB,GAAG,EACH,EAAE,EACF,EAAE,QAAQ,EAAE,EAAE,EAAE,SAAS,EAAE,UAAU,EAAE,CACxC,CAAC;SACH;IACH,CAAC;IAEM,MAAM,CAAC,KAAK,CAAC,OAAO,CAAC,EAAgB,EAAE,GAAW;QACvD,IAAI;YACF,MAAM,MAAM,GAAG,MAAM,MAAM,CAAC,YAAY,CAAC,SAAS,CAAC;gBACjD,KAAK,EAAE;oBACL,YAAY,EAAE,EAAE;iBACjB;gBACD,MAAM,EAAE;oBACN,YAAY,EAAE,IAAI;iBACnB;aACF,CAAC,CAAC;YACH,IAAI,MAAM;gBAAE,OAAO,IAAI,CAAC;YACxB,MAAM,IAAI,KAAK,CAAC,GAAG,IAAI,CAAC,MAAM,KAAK,EAAE,eAAe,CAAC,CAAC;SACvD;QAAC,OAAO,KAAK,EAAE;YACd,MAAM,GAAG,GAAG,KAAK,YAAY,KAAK,CAAC,CAAC,CAAC,KAAK,CAAC,OAAO,CAAC,CAAC,CAAC,GAAG,KAAK,EAAE,CAAC;YAChE,MAAM,IAAA,gCAAuB,EAAC,EAAE,EAAE,IAAI,CAAC,MAAM,EAAE,GAAG,EAAE,GAAG,CAAC,CAAC;SAC1D;IACH,CAAC;IAEM,MAAM,CAAC,KAAK,CAAC,KAAK,CAAC,EAAgB,EAAE,GAAW;QACrD,IAAI;YACF,MAAM,MAAM,GAAG,MAAM,MAAM,CAAC,YAAY,CAAC,UAAU,CAAC;gBAClD,KAAK,EAAE;oBACL,YAAY,EAAE,EAAE;iBACjB;gBACD,MAAM,EAAE;oBACN,MAAM,EAAE,IAAI;iBACb;aACF,CAAC,CAAC;YACH,IAAI,CAAC,MAAM;gBAAE,MAAM,IAAI,KAAK,CAAC,GAAG,IAAI,CAAC,MAAM,KAAK,EAAE,eAAe,CAAC,CAAC;YACnE,IAAI,MAAM,IAAI,MAAM,CAAC,MAAM;gBAAE,OAAO,MAAM,CAAC,MAAM,CAAC;YAClD,MAAM,IAAI,KAAK,CAAC,kCAAkC,IAAI,CAAC,MAAM,KAAK,EAAE,EAAE,CAAC,CAAC;SACzE;QAAC,OAAO,KAAK,EAAE;YACd,MAAM,GAAG,GAAG,KAAK,YAAY,KAAK,CAAC,CAAC,CAAC,KAAK,CAAC,OAAO,CAAC,CAAC,CAAC,GAAG,KAAK,EAAE,CAAC;YAChE,MAAM,IAAA,uCAA8B,EAAC,EAAE,EAAE,IAAI,CAAC,MAAM,EAAE,GAAG,EAAE,GAAG,CAAC,CAAC;SACjE;IACH,CAAC;IAEM,MAAM,CAAC,KAAK,CAAC,WAAW,CAC7B,EAAgB,EAChB,GAAW;QAEX,IAAI;YACF,MAAM,QAAQ,GAAG,MAAM,MAAM,CAAC,YAAY,CAAC,UAAU,CAAC;gBACpD,KAAK,EAAE;oBACL,YAAY,EAAE,EAAE;iBACjB;gBACD,MAAM,EAAE;oBACN,QAAQ,EAAE;wBACR,MAAM,EAAE;4BACN,MAAM,EAAE,IAAI;yBACb;qBACF;iBACF;aACF,CAAC,CAAC;YACH,IAAI,CAAC,QAAQ;gBAAE,MAAM,IAAI,KAAK,CAAC,iBAAiB,EAAE,YAAY,CAAC,CAAC;YAChE,OAAO,QAAQ,CAAC,QAAQ,CAAC,GAAG,CAAC,CAAC,CAAC,EAAE,EAAE,CAAC,CAAC,CAAC,MAAM,CAAC,CAAC;SAC/C;QAAC,OAAO,KAAK,EAAE;YACd,MAAM,GAAG,GAAG,KAAK,YAAY,KAAK,CAAC,CAAC,CAAC,KAAK,CAAC,OAAO,CAAC,CAAC,CAAC,GAAG,KAAK,EAAE,CAAC;YAChE,MAAM,IAAI,wBAAe,CACvB,qBAAY,CAAC,IAAI,EACjB,GAAG,EACH,iBAAQ,CAAC,QAAQ,EACjB,GAAG,EACH,EAAE,EACF,EAAE,QAAQ,EAAE,EAAE,EAAE,SAAS,EAAE,cAAc,EAAE,CAC5C,CAAC;SACH;IACH,CAAC;IAEM,MAAM,CAAC,KAAK,CAAC,gBAAgB,CAClC,KAAmB,EACnB,QAAwB,EACxB,GAAW;QAEX,MAAM,aAAa,GAAG,IAAI,GAAG,CAAC,MAAM,YAAY,CAAC,WAAW,CAAC,KAAK,EAAE,GAAG,CAAC,CAAC,CAAC;QAC1E,MAAM,eAAe,GAAG,EAAE,CAAC;QAC3B,KAAK,MAAM,OAAO,IAAI,QAAQ,EAAE;YAC9B,IAAI,CAAC,aAAa,CAAC,GAAG,CAAC,OAAO,CAAC;gBAAE,eAAe,CAAC,IAAI,CAAC,OAAO,CAAC,CAAC;SAChE;QACD,IAAI,eAAe,CAAC,MAAM,GAAG,CAAC;YAC5B,MAAM,IAAI,wBAAe,CACvB,qBAAY,CAAC,UAAU,EACvB,aAAa,eAAe,CAAC,IAAI,CAC/B,IAAI,CACL,0DAA0D,KAAK,EAAE,EAClE,iBAAQ,CAAC,OAAO,EAChB,GAAG,EACH,EAAE,EACF,EAAE,SAAS,EAAE,QAAQ,EAAE,SAAS,EAAE,oBAAoB,EAAE,CACzD,CAAC;IACN,CAAC;IAEM,MAAM,CAAC,KAAK,CAAC,QAAQ,CAC1B,EAAgB,EAChB,GAAW;QAEX,IAAI;YACF,MAAM,KAAK,GAAG,MAAM,MAAM,CAAC,YAAY,CAAC,UAAU,CAAC;gBACjD,KAAK,EAAE;oBACL,YAAY,EAAE,EAAE;iBACjB;gBACD,MAAM,EAAE;oBACN,KAAK,EAAE;wBACL,MAAM,EAAE;4BACN,MAAM,EAAE,IAAI;yBACb;qBACF;iBACF;aACF,CAAC,CAAC;YACH,IAAI,CAAC,KAAK;gBAAE,MAAM,IAAI,KAAK,CAAC,iBAAiB,EAAE,YAAY,CAAC,CAAC;YAC7D,OAAO,KAAK,CAAC,KAAK,CAAC,GAAG,CAAC,CAAC,CAAC,EAAE,EAAE,CAAC,CAAC,CAAC,MAAM,CAAC,CAAC;SACzC;QAAC,OAAO,KAAK,EAAE;YACd,MAAM,GAAG,GAAG,KAAK,YAAY,KAAK,CAAC,CAAC,CAAC,KAAK,CAAC,OAAO,CAAC,CAAC,CAAC,GAAG,KAAK,EAAE,CAAC;YAChE,MAAM,IAAI,wBAAe,CACvB,qBAAY,CAAC,IAAI,EACjB,GAAG,EACH,iBAAQ,CAAC,QAAQ,EACjB,GAAG,EACH,EAAE,EACF,EAAE,QAAQ,EAAE,EAAE,EAAE,SAAS,EAAE,WAAW,EAAE,CACzC,CAAC;SACH;IACH,CAAC;IAEM,MAAM,CAAC,KAAK,CAAC,sBAAsB,CACxC,GAAiB,EACjB,GAAW;QAEX,IAAI;YACF,MAAM,KAAK,GAAG,MAAM,2BAAY,CAAC,WAAW,EAAE,CAAC;YAC/C,MAAM,EAAE,IAAI,EAAE,YAAY,EAAE,GAAG,GAAG,CAAC;YACnC,MAAM,MAAM,GAAG,MAAM,KAAK,CAAC,eAAe,CAAC,IAAI,EAAE,GAAG,CAAC,CAAC;YACtD,MAAM,cAAc,GAAG,MAAM,KAAK,CAAC,iBAAiB,CAAC,GAAG,CAAC,CAAC;YAC1D,MAAM,WAAW,GAAG,MAAM,KAAK,CAAC,cAAc,CAAC,GAAG,CAAC,CAAC;YACpD,MAAM,cAAc,GAAG,MAAM,KAAK,CAAC,uBAAuB,CAAC,MAAM,EAAE,GAAG,CAAC,CAAC;YACxE,MAAM,WAAW,GAAG,MAAM,KAAK,CAAC,oBAAoB,CAAC,MAAM,EAAE,GAAG,CAAC,CAAC;YAClE,MAAM,YAAY,GAAG,cAAc,CAAC,MAAM,CAAC,cAAc,CAAC,CAAC;YAC3D,MAAM,SAAS,GAAG,WAAW,CAAC,MAAM,CAAC,WAAW,CAAC,CAAC;YAElD,MAAM,YAAY,CAAC,SAAS,CAC1B;gBACE,YAAY;gBACZ,MAAM;gBACN,IAAI;aACL,EACD,GAAG,CACJ,CAAC;YACF,MAAM,iBAAO,CAAC,UAAU,CAAC,YAAY,EAAE,YAAY,EAAE,GAAG,CAAC,CAAC;YAC1D,MAAM,WAAI,CAAC,UAAU,CAAC,SAAS,EAAE,YAAY,EAAE,GAAG,CAAC,CAAC;SACrD;QAAC,OAAO,KAAK,EAAE;YACd,IAAI,KAAK,YAAY,wBAAe;gBAAE,MAAM,KAAK,CAAC;YAClD,MAAM,GAAG,GAAG,KAAK,YAAY,KAAK,CAAC,CAAC,CAAC,KAAK,CAAC,OAAO,CAAC,CAAC,CAAC,GAAG,KAAK,EAAE,CAAC;YAChE,MAAM,IAAI,wBAAe,CACvB,qBAAY,CAAC,UAAU,EACvB,GAAG,EACH,iBAAQ,CAAC,OAAO,EAChB,GAAG,CACJ,CAAC;SACH;IACH,CAAC;;AA7MH,oCA8MC;AA7Me,mBAAM,GAAG,cAAM,CAAC,YAAY,CAAC","sourcesContent":["import { Organization as DbOrg, Prisma, PrismaClient } from '@prisma/client';\nimport { Logger } from 'pino';\n\nimport {\n  Category,\n  MachineError,\n  OnboardingError,\n  POSTGRES_GET_KIDSLOOP_ID_QUERY,\n  POSTGRES_IS_VALID_QUERY,\n} from '../errors';\nimport { Organization as Org } from '../protos/api_pb';\nimport { AdminService } from '../services/adminService';\nimport { Entity } from '../types';\nimport { ExternalUuid, Uuid } from '../utils';\n\nimport { Program } from './program';\nimport { Role } from './role';\n\nconst prisma = new PrismaClient();\n\nexport class Organization {\n  public static entity = Entity.ORGANIZATION;\n\n  public static async insertOne(\n    organization: Prisma.OrganizationCreateInput,\n    log: Logger\n  ): Promise<void> {\n    try {\n      await prisma.organization.create({\n        data: organization,\n      });\n    } catch (error) {\n      const msg = error instanceof Error ? error.message : `${error}`;\n      throw new OnboardingError(\n        MachineError.WRITE,\n        msg,\n        Category.POSTGRES,\n        log,\n        [],\n        { entityId: organization.externalUuid, operation: 'INSERT ONE' }\n      );\n    }\n  }\n\n  public static async findOne(id: ExternalUuid, log: Logger): Promise<DbOrg> {\n    try {\n      const org = await prisma.organization.findUnique({\n        where: {\n          externalUuid: id,\n        },\n      });\n      if (!org) throw new Error(`Organization: ${id} not found`);\n      return org;\n    } catch (error) {\n      const msg = error instanceof Error ? error.message : `${error}`;\n      throw new OnboardingError(\n        MachineError.READ,\n        msg,\n        Category.POSTGRES,\n        log,\n        [],\n        { entityId: id, operation: 'FIND ONE' }\n      );\n    }\n  }\n\n  public static async isValid(id: ExternalUuid, log: Logger): Promise<boolean> {\n    try {\n      const school = await prisma.organization.findFirst({\n        where: {\n          externalUuid: id,\n        },\n        select: {\n          externalUuid: true,\n        },\n      });\n      if (school) return true;\n      throw new Error(`${this.entity}: ${id} is not valid`);\n    } catch (error) {\n      const msg = error instanceof Error ? error.message : `${error}`;\n      throw POSTGRES_IS_VALID_QUERY(id, this.entity, msg, log);\n    }\n  }\n\n  public static async getId(id: ExternalUuid, log: Logger): Promise<Uuid> {\n    try {\n      const klUuid = await prisma.organization.findUnique({\n        where: {\n          externalUuid: id,\n        },\n        select: {\n          klUuid: true,\n        },\n      });\n      if (!klUuid) throw new Error(`${this.entity}: ${id} is not valid`);\n      if (klUuid && klUuid.klUuid) return klUuid.klUuid;\n      throw new Error(`Unable to find KidsLoop ID for ${this.entity}: ${id}`);\n    } catch (error) {\n      const msg = error instanceof Error ? error.message : `${error}`;\n      throw POSTGRES_GET_KIDSLOOP_ID_QUERY(id, this.entity, msg, log);\n    }\n  }\n\n  public static async getPrograms(\n    id: ExternalUuid,\n    log: Logger\n  ): Promise<string[]> {\n    try {\n      const programs = await prisma.organization.findUnique({\n        where: {\n          externalUuid: id,\n        },\n        select: {\n          programs: {\n            select: {\n              klUuid: true,\n            },\n          },\n        },\n      });\n      if (!programs) throw new Error(`Organization: ${id} not found`);\n      return programs.programs.map((p) => p.klUuid);\n    } catch (error) {\n      const msg = error instanceof Error ? error.message : `${error}`;\n      throw new OnboardingError(\n        MachineError.READ,\n        msg,\n        Category.POSTGRES,\n        log,\n        [],\n        { entityId: id, operation: 'GET PROGRAMS' }\n      );\n    }\n  }\n\n  public static async programsAreValid(\n    orgId: ExternalUuid,\n    programs: ExternalUuid[],\n    log: Logger\n  ): Promise<void> {\n    const validPrograms = new Set(await Organization.getPrograms(orgId, log));\n    const invalidPrograms = [];\n    for (const program of programs) {\n      if (!validPrograms.has(program)) invalidPrograms.push(program);\n    }\n    if (invalidPrograms.length > 0)\n      throw new OnboardingError(\n        MachineError.VALIDATION,\n        `Programs: ${invalidPrograms.join(\n          ', '\n        )} are invalid when comparing to the parent Organization ${orgId}`,\n        Category.REQUEST,\n        log,\n        [],\n        { entityIds: programs, operation: 'PROGRAMS ARE VALID' }\n      );\n  }\n\n  public static async getRoles(\n    id: ExternalUuid,\n    log: Logger\n  ): Promise<ExternalUuid[]> {\n    try {\n      const roles = await prisma.organization.findUnique({\n        where: {\n          externalUuid: id,\n        },\n        select: {\n          roles: {\n            select: {\n              klUuid: true,\n            },\n          },\n        },\n      });\n      if (!roles) throw new Error(`Organization: ${id} not found`);\n      return roles.roles.map((r) => r.klUuid);\n    } catch (error) {\n      const msg = error instanceof Error ? error.message : `${error}`;\n      throw new OnboardingError(\n        MachineError.READ,\n        msg,\n        Category.POSTGRES,\n        log,\n        [],\n        { entityId: id, operation: 'GET ROLES' }\n      );\n    }\n  }\n\n  public static async initializeOrganization(\n    org: Org.AsObject,\n    log: Logger\n  ): Promise<void> {\n    try {\n      const admin = await AdminService.getInstance();\n      const { name, externalUuid } = org;\n      const klUuid = await admin.getOrganization(name, log);\n      const systemPrograms = await admin.getSystemPrograms(log);\n      const systemRoles = await admin.getSystemRoles(log);\n      const customPrograms = await admin.getOrganizationPrograms(klUuid, log);\n      const customRoles = await admin.getOrganizationRoles(klUuid, log);\n      const programUuids = systemPrograms.concat(customPrograms);\n      const roleUuids = systemRoles.concat(customRoles);\n\n      await Organization.insertOne(\n        {\n          externalUuid,\n          klUuid,\n          name,\n        },\n        log\n      );\n      await Program.insertMany(programUuids, externalUuid, log);\n      await Role.insertMany(roleUuids, externalUuid, log);\n    } catch (error) {\n      if (error instanceof OnboardingError) throw error;\n      const msg = error instanceof Error ? error.message : `${error}`;\n      throw new OnboardingError(\n        MachineError.VALIDATION,\n        msg,\n        Category.REQUEST,\n        log\n      );\n    }\n  }\n}\n"]},"_coverageSchema":"1a1c01bbd47fc00a2c39e90264f33305004495a9","hash":"60159d991cf041a04065f91e4eb584457d2ce7a3"},"/home/ncurtis/code/kidsloop/client_integration_layer_backend/cil-lib/src/lib/errors.ts":{"path":"/home/ncurtis/code/kidsloop/client_integration_layer_backend/cil-lib/src/lib/errors.ts","statementMap":{"0":{"start":{"line":2,"column":0},"end":{"line":2,"column":62}},"1":{"start":{"line":3,"column":0},"end":{"line":3,"column":316}},"2":{"start":{"line":4,"column":12},"end":{"line":4,"column":25}},"3":{"start":{"line":5,"column":0},"end":{"line":5,"column":41}},"4":{"start":{"line":7,"column":0},"end":{"line":15,"column":59}},"5":{"start":{"line":8,"column":4},"end":{"line":8,"column":36}},"6":{"start":{"line":9,"column":4},"end":{"line":9,"column":36}},"7":{"start":{"line":10,"column":4},"end":{"line":10,"column":32}},"8":{"start":{"line":11,"column":4},"end":{"line":11,"column":38}},"9":{"start":{"line":12,"column":4},"end":{"line":12,"column":48}},"10":{"start":{"line":13,"column":4},"end":{"line":13,"column":36}},"11":{"start":{"line":14,"column":4},"end":{"line":14,"column":38}},"12":{"start":{"line":17,"column":0},"end":{"line":28,"column":71}},"13":{"start":{"line":18,"column":4},"end":{"line":18,"column":46}},"14":{"start":{"line":19,"column":4},"end":{"line":19,"column":53}},"15":{"start":{"line":20,"column":4},"end":{"line":20,"column":44}},"16":{"start":{"line":21,"column":4},"end":{"line":21,"column":46}},"17":{"start":{"line":22,"column":4},"end":{"line":22,"column":43}},"18":{"start":{"line":23,"column":4},"end":{"line":23,"column":61}},"19":{"start":{"line":24,"column":4},"end":{"line":24,"column":36}},"20":{"start":{"line":25,"column":4},"end":{"line":25,"column":40}},"21":{"start":{"line":26,"column":4},"end":{"line":26,"column":44}},"22":{"start":{"line":27,"column":4},"end":{"line":27,"column":44}},"23":{"start":{"line":31,"column":8},"end":{"line":31,"column":29}},"24":{"start":{"line":34,"column":0},"end":{"line":34,"column":24}},"25":{"start":{"line":37,"column":8},"end":{"line":37,"column":27}},"26":{"start":{"line":38,"column":8},"end":{"line":38,"column":23}},"27":{"start":{"line":39,"column":8},"end":{"line":39,"column":33}},"28":{"start":{"line":40,"column":8},"end":{"line":40,"column":29}},"29":{"start":{"line":41,"column":8},"end":{"line":41,"column":25}},"30":{"start":{"line":42,"column":8},"end":{"line":42,"column":37}},"31":{"start":{"line":43,"column":8},"end":{"line":43,"column":31}},"32":{"start":{"line":44,"column":8},"end":{"line":44,"column":33}},"33":{"start":{"line":45,"column":8},"end":{"line":45,"column":43}},"34":{"start":{"line":46,"column":8},"end":{"line":46,"column":35}},"35":{"start":{"line":47,"column":8},"end":{"line":48,"column":23}},"36":{"start":{"line":48,"column":12},"end":{"line":48,"column":23}},"37":{"start":{"line":51,"column":8},"end":{"line":52,"column":19}},"38":{"start":{"line":52,"column":12},"end":{"line":52,"column":19}},"39":{"start":{"line":53,"column":22},"end":{"line":53,"column":146}},"40":{"start":{"line":54,"column":8},"end":{"line":55,"column":44}},"41":{"start":{"line":55,"column":12},"end":{"line":55,"column":44}},"42":{"start":{"line":56,"column":8},"end":{"line":73,"column":9}},"43":{"start":{"line":58,"column":16},"end":{"line":58,"column":50}},"44":{"start":{"line":59,"column":16},"end":{"line":59,"column":22}},"45":{"start":{"line":61,"column":16},"end":{"line":61,"column":50}},"46":{"start":{"line":62,"column":16},"end":{"line":62,"column":22}},"47":{"start":{"line":64,"column":16},"end":{"line":64,"column":51}},"48":{"start":{"line":65,"column":16},"end":{"line":65,"column":22}},"49":{"start":{"line":67,"column":16},"end":{"line":67,"column":51}},"50":{"start":{"line":68,"column":16},"end":{"line":68,"column":22}},"51":{"start":{"line":71,"column":16},"end":{"line":71,"column":51}},"52":{"start":{"line":72,"column":16},"end":{"line":72,"column":22}},"53":{"start":{"line":74,"column":8},"end":{"line":74,"column":34}},"54":{"start":{"line":77,"column":0},"end":{"line":77,"column":42}},"55":{"start":{"line":78,"column":20},"end":{"line":78,"column":128}},"56":{"start":{"line":78,"column":26},"end":{"line":78,"column":128}},"57":{"start":{"line":79,"column":0},"end":{"line":79,"column":34}},"58":{"start":{"line":80,"column":35},"end":{"line":80,"column":155}},"59":{"start":{"line":80,"column":47},"end":{"line":80,"column":155}},"60":{"start":{"line":81,"column":0},"end":{"line":81,"column":64}},"61":{"start":{"line":82,"column":20},"end":{"line":82,"column":134}},"62":{"start":{"line":82,"column":52},"end":{"line":82,"column":134}},"63":{"start":{"line":83,"column":0},"end":{"line":83,"column":34}},"64":{"start":{"line":84,"column":23},"end":{"line":84,"column":162}},"65":{"start":{"line":84,"column":44},"end":{"line":84,"column":162}},"66":{"start":{"line":85,"column":0},"end":{"line":85,"column":40}},"67":{"start":{"line":86,"column":32},"end":{"line":91,"column":1}},"68":{"start":{"line":87,"column":4},"end":{"line":89,"column":5}},"69":{"start":{"line":88,"column":8},"end":{"line":88,"column":166}},"70":{"start":{"line":90,"column":4},"end":{"line":90,"column":150}},"71":{"start":{"line":92,"column":0},"end":{"line":92,"column":58}},"72":{"start":{"line":93,"column":39},"end":{"line":106,"column":1}},"73":{"start":{"line":94,"column":4},"end":{"line":100,"column":5}},"74":{"start":{"line":95,"column":8},"end":{"line":99,"column":11}},"75":{"start":{"line":101,"column":4},"end":{"line":105,"column":7}},"76":{"start":{"line":107,"column":0},"end":{"line":107,"column":72}},"77":{"start":{"line":109,"column":4},"end":{"line":110,"column":138}},"78":{"start":{"line":110,"column":8},"end":{"line":110,"column":138}},"79":{"start":{"line":111,"column":4},"end":{"line":111,"column":13}},"80":{"start":{"line":113,"column":0},"end":{"line":113,"column":36}}},"fnMap":{"0":{"name":"(anonymous_0)","decl":{"start":{"line":7,"column":1},"end":{"line":7,"column":2}},"loc":{"start":{"line":7,"column":21},"end":{"line":15,"column":1}},"line":7},"1":{"name":"(anonymous_1)","decl":{"start":{"line":17,"column":1},"end":{"line":17,"column":2}},"loc":{"start":{"line":17,"column":25},"end":{"line":28,"column":1}},"line":17},"2":{"name":"(anonymous_2)","decl":{"start":{"line":30,"column":4},"end":{"line":30,"column":5}},"loc":{"start":{"line":30,"column":24},"end":{"line":32,"column":5}},"line":30},"3":{"name":"(anonymous_3)","decl":{"start":{"line":36,"column":4},"end":{"line":36,"column":5}},"loc":{"start":{"line":36,"column":140},"end":{"line":49,"column":5}},"line":36},"4":{"name":"(anonymous_4)","decl":{"start":{"line":50,"column":4},"end":{"line":50,"column":5}},"loc":{"start":{"line":50,"column":10},"end":{"line":75,"column":5}},"line":50},"5":{"name":"(anonymous_5)","decl":{"start":{"line":78,"column":20},"end":{"line":78,"column":21}},"loc":{"start":{"line":78,"column":26},"end":{"line":78,"column":128}},"line":78},"6":{"name":"(anonymous_6)","decl":{"start":{"line":80,"column":35},"end":{"line":80,"column":36}},"loc":{"start":{"line":80,"column":47},"end":{"line":80,"column":155}},"line":80},"7":{"name":"(anonymous_7)","decl":{"start":{"line":82,"column":20},"end":{"line":82,"column":21}},"loc":{"start":{"line":82,"column":52},"end":{"line":82,"column":134}},"line":82},"8":{"name":"(anonymous_8)","decl":{"start":{"line":84,"column":23},"end":{"line":84,"column":24}},"loc":{"start":{"line":84,"column":44},"end":{"line":84,"column":162}},"line":84},"9":{"name":"(anonymous_9)","decl":{"start":{"line":86,"column":32},"end":{"line":86,"column":33}},"loc":{"start":{"line":86,"column":64},"end":{"line":91,"column":1}},"line":86},"10":{"name":"(anonymous_10)","decl":{"start":{"line":93,"column":39},"end":{"line":93,"column":40}},"loc":{"start":{"line":93,"column":71},"end":{"line":106,"column":1}},"line":93},"11":{"name":"tryGetMember","decl":{"start":{"line":108,"column":9},"end":{"line":108,"column":21}},"loc":{"start":{"line":108,"column":41},"end":{"line":112,"column":1}},"line":108}},"branchMap":{"0":{"loc":{"start":{"line":15,"column":14},"end":{"line":15,"column":57}},"type":"binary-expr","locations":[{"start":{"line":15,"column":14},"end":{"line":15,"column":30}},{"start":{"line":15,"column":35},"end":{"line":15,"column":56}}],"line":15},"1":{"loc":{"start":{"line":28,"column":18},"end":{"line":28,"column":69}},"type":"binary-expr","locations":[{"start":{"line":28,"column":18},"end":{"line":28,"column":38}},{"start":{"line":28,"column":43},"end":{"line":28,"column":68}}],"line":28},"2":{"loc":{"start":{"line":36,"column":38},"end":{"line":36,"column":54}},"type":"default-arg","locations":[{"start":{"line":36,"column":47},"end":{"line":36,"column":54}}],"line":36},"3":{"loc":{"start":{"line":36,"column":56},"end":{"line":36,"column":65}},"type":"default-arg","locations":[{"start":{"line":36,"column":63},"end":{"line":36,"column":65}}],"line":36},"4":{"loc":{"start":{"line":36,"column":67},"end":{"line":36,"column":82}},"type":"default-arg","locations":[{"start":{"line":36,"column":80},"end":{"line":36,"column":82}}],"line":36},"5":{"loc":{"start":{"line":36,"column":84},"end":{"line":36,"column":96}},"type":"default-arg","locations":[{"start":{"line":36,"column":94},"end":{"line":36,"column":96}}],"line":36},"6":{"loc":{"start":{"line":36,"column":98},"end":{"line":36,"column":116}},"type":"default-arg","locations":[{"start":{"line":36,"column":109},"end":{"line":36,"column":116}}],"line":36},"7":{"loc":{"start":{"line":36,"column":118},"end":{"line":36,"column":138}},"type":"default-arg","locations":[{"start":{"line":36,"column":134},"end":{"line":36,"column":138}}],"line":36},"8":{"loc":{"start":{"line":47,"column":8},"end":{"line":48,"column":23}},"type":"if","locations":[{"start":{"line":47,"column":8},"end":{"line":48,"column":23}},{"start":{"line":47,"column":8},"end":{"line":48,"column":23}}],"line":47},"9":{"loc":{"start":{"line":51,"column":8},"end":{"line":52,"column":19}},"type":"if","locations":[{"start":{"line":51,"column":8},"end":{"line":52,"column":19}},{"start":{"line":51,"column":8},"end":{"line":52,"column":19}}],"line":51},"10":{"loc":{"start":{"line":54,"column":8},"end":{"line":55,"column":44}},"type":"if","locations":[{"start":{"line":54,"column":8},"end":{"line":55,"column":44}},{"start":{"line":54,"column":8},"end":{"line":55,"column":44}}],"line":54},"11":{"loc":{"start":{"line":56,"column":8},"end":{"line":73,"column":9}},"type":"switch","locations":[{"start":{"line":57,"column":12},"end":{"line":59,"column":22}},{"start":{"line":60,"column":12},"end":{"line":62,"column":22}},{"start":{"line":63,"column":12},"end":{"line":65,"column":22}},{"start":{"line":66,"column":12},"end":{"line":68,"column":22}},{"start":{"line":69,"column":12},"end":{"line":69,"column":25}},{"start":{"line":70,"column":12},"end":{"line":72,"column":22}}],"line":56},"12":{"loc":{"start":{"line":82,"column":37},"end":{"line":82,"column":47}},"type":"default-arg","locations":[{"start":{"line":82,"column":45},"end":{"line":82,"column":47}}],"line":82},"13":{"loc":{"start":{"line":87,"column":4},"end":{"line":89,"column":5}},"type":"if","locations":[{"start":{"line":87,"column":4},"end":{"line":89,"column":5}},{"start":{"line":87,"column":4},"end":{"line":89,"column":5}}],"line":87},"14":{"loc":{"start":{"line":94,"column":4},"end":{"line":100,"column":5}},"type":"if","locations":[{"start":{"line":94,"column":4},"end":{"line":100,"column":5}},{"start":{"line":94,"column":4},"end":{"line":100,"column":5}}],"line":94},"15":{"loc":{"start":{"line":108,"column":30},"end":{"line":108,"column":39}},"type":"default-arg","locations":[{"start":{"line":108,"column":37},"end":{"line":108,"column":39}}],"line":108},"16":{"loc":{"start":{"line":109,"column":4},"end":{"line":110,"column":138}},"type":"if","locations":[{"start":{"line":109,"column":4},"end":{"line":110,"column":138}},{"start":{"line":109,"column":4},"end":{"line":110,"column":138}}],"line":109}},"s":{"0":1,"1":1,"2":1,"3":1,"4":1,"5":1,"6":1,"7":1,"8":1,"9":1,"10":1,"11":1,"12":1,"13":1,"14":1,"15":1,"16":1,"17":1,"18":1,"19":1,"20":1,"21":1,"22":1,"23":0,"24":1,"25":8,"26":8,"27":8,"28":8,"29":8,"30":8,"31":8,"32":8,"33":8,"34":8,"35":8,"36":8,"37":8,"38":0,"39":8,"40":8,"41":7,"42":8,"43":0,"44":0,"45":0,"46":0,"47":0,"48":0,"49":0,"50":0,"51":8,"52":8,"53":8,"54":1,"55":1,"56":0,"57":1,"58":1,"59":0,"60":1,"61":1,"62":0,"63":1,"64":1,"65":0,"66":1,"67":1,"68":0,"69":0,"70":0,"71":1,"72":1,"73":0,"74":0,"75":0,"76":1,"77":9,"78":0,"79":9,"80":1},"f":{"0":1,"1":1,"2":0,"3":8,"4":8,"5":0,"6":0,"7":0,"8":0,"9":0,"10":0,"11":9},"b":{"0":[1,1],"1":[1,1],"2":[1],"3":[1],"4":[1],"5":[1],"6":[8],"7":[8],"8":[8,0],"9":[0,8],"10":[7,1],"11":[0,0,0,0,8,8],"12":[0],"13":[0,0],"14":[0,0],"15":[0],"16":[0,9]},"inputSourceMap":{"version":3,"file":"/home/ncurtis/code/kidsloop/client_integration_layer_backend/cil-lib/src/lib/errors.ts","sources":["/home/ncurtis/code/kidsloop/client_integration_layer_backend/cil-lib/src/lib/errors.ts"],"names":[],"mappings":";;;AAEA,0BAA+C;AAElC,QAAA,SAAS,GAAG,MAAM,CAAC,MAAM,CAAC,CAAC,GAAG,CAAC,CAAC,CAAC;AAE9C,IAAY,QAQX;AARD,WAAY,QAAQ;IAClB,+BAAmB,CAAA;IACnB,+BAAmB,CAAA;IACnB,2BAAe,CAAA;IACf,iCAAqB,CAAA;IACrB,2CAA+B,CAAA;IAC/B,+BAAmB,CAAA;IACnB,iCAAqB,CAAA;AACvB,CAAC,EARW,QAAQ,GAAR,gBAAQ,KAAR,gBAAQ,QAQnB;AAED,IAAY,YAWX;AAXD,WAAY,YAAY;IACtB,yCAAyB,CAAA;IACzB,gDAAgC,CAAA;IAChC,uCAAuB,CAAA;IACvB,yCAAyB,CAAA;IACzB,sCAAsB,CAAA;IACtB,wDAAwC,CAAA;IACxC,+BAAe,CAAA;IACf,mCAAmB,CAAA;IACnB,uCAAuB,CAAA;IACvB,uCAAuB,CAAA;AACzB,CAAC,EAXW,YAAY,GAAZ,oBAAY,KAAZ,oBAAY,QAWvB;AAMD,MAAa,MAAM;IACjB,YAAmB,MAAyB;QAAzB,WAAM,GAAN,MAAM,CAAmB;IAAG,CAAC;CACjD;AAFD,wBAEC;AAED,MAAa,eAAe;IAE1B,YACkB,KAAmB,EACnB,GAAW,EACX,QAAkB,EAC3B,SAAiB,OAAG,EACX,OAAiB,EAAE,EACnB,aAAa,EAAE,EACf,UAAoB,EAAE,EACtB,WAAqB,OAAO,EAC5B,gBAAgB,IAAI;QARpB,UAAK,GAAL,KAAK,CAAc;QACnB,QAAG,GAAH,GAAG,CAAQ;QACX,aAAQ,GAAR,QAAQ,CAAU;QAC3B,WAAM,GAAN,MAAM,CAAc;QACX,SAAI,GAAJ,IAAI,CAAe;QACnB,eAAU,GAAV,UAAU,CAAK;QACf,YAAO,GAAP,OAAO,CAAe;QACtB,aAAQ,GAAR,QAAQ,CAAoB;QAC5B,kBAAa,GAAb,aAAa,CAAO;QAV9B,kBAAa,GAAG,KAAK,CAAC;QAY5B,IAAI,aAAa;YAAE,IAAI,CAAC,GAAG,EAAE,CAAC;IAChC,CAAC;IAEM,GAAG;QACR,IAAI,IAAI,CAAC,aAAa;YAAE,OAAO;QAC/B,MAAM,KAAK,mCACN,IAAI,CAAC,UAAU,KAClB,QAAQ,EAAE,IAAI,CAAC,QAAQ,EACvB,KAAK,EAAE,IAAI,CAAC,KAAK,EACjB,IAAI,EAAE,IAAI,CAAC,IAAI,CAAC,IAAI,CAAC,GAAG,CAAC,GAC1B,CAAC;QACF,IAAI,IAAI,CAAC,OAAO,CAAC,MAAM,GAAG,CAAC;YAAE,KAAK,CAAC,SAAS,CAAC,GAAG,IAAI,CAAC,OAAO,CAAC;QAC7D,QAAQ,IAAI,CAAC,QAAQ,EAAE;YACrB,KAAK,MAAM;gBACT,IAAI,CAAC,MAAM,CAAC,IAAI,CAAC,KAAK,EAAE,IAAI,CAAC,GAAG,CAAC,CAAC;gBAClC,MAAM;YACR,KAAK,MAAM;gBACT,IAAI,CAAC,MAAM,CAAC,IAAI,CAAC,KAAK,EAAE,IAAI,CAAC,GAAG,CAAC,CAAC;gBAClC,MAAM;YACR,KAAK,OAAO;gBACV,IAAI,CAAC,MAAM,CAAC,KAAK,CAAC,KAAK,EAAE,IAAI,CAAC,GAAG,CAAC,CAAC;gBACnC,MAAM;YACR,KAAK,OAAO;gBACV,IAAI,CAAC,MAAM,CAAC,KAAK,CAAC,KAAK,EAAE,IAAI,CAAC,GAAG,CAAC,CAAC;gBACnC,MAAM;YACR,KAAK,OAAO,CAAC;YACb;gBACE,IAAI,CAAC,MAAM,CAAC,KAAK,CAAC,KAAK,EAAE,IAAI,CAAC,GAAG,CAAC,CAAC;gBACnC,MAAM;SACT;QACD,IAAI,CAAC,aAAa,GAAG,IAAI,CAAC;IAC5B,CAAC;CACF;AA7CD,0CA6CC;AAEM,MAAM,WAAW,GAAG,GAAG,EAAE,CAC9B,IAAI,eAAe,CACjB,YAAY,CAAC,gBAAgB,EAC7B,oCAAoC,EACpC,QAAQ,CAAC,GAAG,CACb,CAAC;AALS,QAAA,WAAW,eAKpB;AAEG,MAAM,0BAA0B,GAAG,CAAC,MAAc,EAAE,EAAE,CAC3D,IAAI,eAAe,CACjB,YAAY,CAAC,UAAU,EACvB,wBAAwB,MAAM,kBAAkB,EAChD,QAAQ,CAAC,GAAG,CACb,CAAC;AALS,QAAA,0BAA0B,8BAKnC;AAEG,MAAM,WAAW,GAAG,CACzB,GAAW,EACX,IAAc,EACd,GAAW,EACX,QAAe,EAAE,EACjB,EAAE,CACF,IAAI,eAAe,CACjB,YAAY,CAAC,OAAO,EACpB,GAAG,EACH,QAAQ,CAAC,OAAO,EAChB,GAAG,EACH,IAAI,EACJ,KAAK,CACN,CAAC;AAbS,QAAA,WAAW,eAapB;AAEG,MAAM,cAAc,GAAG,CAAC,EAAgB,EAAE,MAAc,EAAE,GAAW,EAAE,EAAE,CAC9E,IAAI,eAAe,CACjB,YAAY,CAAC,UAAU,EACvB,UAAU,MAAM,6BAA6B,EAAE,EAAE,EACjD,QAAQ,CAAC,OAAO,EAChB,GAAG,CACJ,CAAC;AANS,QAAA,cAAc,kBAMvB;AAEG,MAAM,uBAAuB,GAAG,CACrC,EAAiC,EACjC,YAAoB,EACpB,GAAW,EACX,GAAW,EACX,EAAE;IACF,IAAI,KAAK,CAAC,OAAO,CAAC,EAAE,CAAC,EAAE;QACrB,OAAO,IAAI,eAAe,CACxB,YAAY,CAAC,UAAU,EACvB,GAAG,EACH,QAAQ,CAAC,QAAQ,EACjB,GAAG,EACH,EAAE,EACF,EAAE,SAAS,EAAE,UAAU,EAAE,YAAY,EAAE,eAAe,EAAE,EAAE,CAAC,IAAI,CAAC,IAAI,CAAC,EAAE,CACxE,CAAC;KACH;IAED,OAAO,IAAI,eAAe,CACxB,YAAY,CAAC,UAAU,EACvB,GAAG,EACH,QAAQ,CAAC,QAAQ,EACjB,GAAG,EACH,EAAE,EACF,EAAE,SAAS,EAAE,UAAU,EAAE,YAAY,EAAE,cAAc,EAAE,EAAE,EAAE,CAC5D,CAAC;AACJ,CAAC,CAAA;AAzBY,QAAA,uBAAuB,2BAyBnC;AAEM,MAAM,8BAA8B,GAAG,CAC5C,EAAiC,EACjC,YAAoB,EACpB,GAAW,EACX,GAAW,EACX,EAAE;IACF,IAAI,KAAK,CAAC,OAAO,CAAC,EAAE,CAAC,EAAE;QACrB,OAAO,IAAI,eAAe,CAAC,YAAY,CAAC,IAAI,EAAE,GAAG,EAAE,QAAQ,CAAC,QAAQ,EAAE,GAAG,EAAE,EAAE,EAAE;YAC7E,SAAS,EAAE,kBAAkB;YAC7B,YAAY;YACZ,eAAe,EAAE,EAAE,CAAC,IAAI,CAAC,IAAI,CAAC;SAC/B,CAAC,CAAC;KACJ;IACD,OAAO,IAAI,eAAe,CAAC,YAAY,CAAC,IAAI,EAAE,GAAG,EAAE,QAAQ,CAAC,QAAQ,EAAE,GAAG,EAAE,EAAE,EAAE;QAC7E,SAAS,EAAE,iBAAiB;QAC5B,YAAY;QACZ,cAAc,EAAE,EAAE;KACnB,CAAC,CAAC;AACL,CAAC,CAAA;AAlBY,QAAA,8BAA8B,kCAkB1C;AAGD,SAAgB,YAAY,CAC1B,CAAgB,EAChB,GAAW,EACX,OAAiB,EAAE;IAEnB,IAAI,CAAC,KAAK,SAAS;QACjB,MAAM,IAAI,eAAe,CACvB,YAAY,CAAC,UAAU,EACvB,gDAAgD,EAChD,QAAQ,CAAC,OAAO,EAChB,GAAG,EACH,IAAI,CACL,CAAC;IACJ,OAAO,CAAC,CAAC;AACX,CAAC;AAdD,oCAcC","sourcesContent":["import { Logger } from 'pino';\n\nimport { Entity, ExternalUuid, log } from '..';\n\nexport const BASE_PATH = Object.freeze(['$']);\n\nexport enum Category {\n  REQUEST = 'REQUEST',\n  APP = 'APPLICATION',\n  REDIS = 'REDIS',\n  POSTGRES = 'POSTGRES',\n  ADMIN_SERVICE = 'ADMIN SERVICE',\n  UNKNOWN = 'UNKNOWN',\n  PROTOBUF = 'PROTOBUF',\n}\n\nexport enum MachineError {\n  VALIDATION = 'Validation',\n  UNREACHABLE_CODE = 'Unreachable',\n  READ = 'Read Operation',\n  WRITE = 'Write Operation',\n  STREAM = 'Data Stream',\n  APP_CONFIG = 'Application Configuration',\n  SERDE = 'Serde',\n  NETWORK = 'Network',\n  NOT_FOUND = 'Not Found',\n  REQUEST = 'Bad Request',\n}\n\ntype LogLevel = 'error' | 'warn' | 'info' | 'debug' | 'trace';\n\nexport type Props = Record<string, string | string[] | number | boolean>;\n\nexport class Errors {\n  constructor(public errors: OnboardingError[]) {}\n}\n\nexport class OnboardingError {\n  private hasBeenLogged = false;\n  constructor(\n    public readonly error: MachineError,\n    public readonly msg: string,\n    public readonly category: Category,\n    public logger: Logger = log,\n    public readonly path: string[] = [],\n    public readonly properties = {},\n    public readonly details: string[] = [],\n    public readonly logLevel: LogLevel = 'error',\n    public readonly logOnCreation = true\n  ) {\n    if (logOnCreation) this.log();\n  }\n\n  public log(): void {\n    if (this.hasBeenLogged) return;\n    const props: Props = {\n      ...this.properties,\n      category: this.category,\n      error: this.error,\n      path: this.path.join('.'),\n    };\n    if (this.details.length > 0) props['details'] = this.details;\n    switch (this.logLevel) {\n      case 'warn':\n        this.logger.warn(props, this.msg);\n        break;\n      case 'info':\n        this.logger.info(props, this.msg);\n        break;\n      case 'trace':\n        this.logger.trace(props, this.msg);\n        break;\n      case 'debug':\n        this.logger.debug(props, this.msg);\n        break;\n      case 'error':\n      default:\n        this.logger.error(props, this.msg);\n        break;\n    }\n    this.hasBeenLogged = true;\n  }\n}\n\nexport const UNREACHABLE = () =>\n  new OnboardingError(\n    MachineError.UNREACHABLE_CODE,\n    'This error should not be reachable',\n    Category.APP\n  );\n\nexport const ENVIRONMENT_VARIABLE_ERROR = (envVar: string) =>\n  new OnboardingError(\n    MachineError.APP_CONFIG,\n    `Environment Variable ${envVar} set incorrectly`,\n    Category.APP\n  );\n\nexport const BAD_REQUEST = (\n  msg: string,\n  path: string[],\n  log: Logger,\n  props: Props = {}\n) =>\n  new OnboardingError(\n    MachineError.REQUEST,\n    msg,\n    Category.REQUEST,\n    log,\n    path,\n    props\n  );\n\nexport const INVALID_ENTITY = (id: ExternalUuid, entity: Entity, log: Logger) =>\n  new OnboardingError(\n    MachineError.VALIDATION,\n    `Entity ${entity} has no valid item for id ${id}`,\n    Category.REQUEST,\n    log\n  );\n\nexport const POSTGRES_IS_VALID_QUERY = (\n  id: ExternalUuid | ExternalUuid[],\n  targetEntity: Entity,\n  msg: string,\n  log: Logger\n) => {\n  if (Array.isArray(id)) {\n    return new OnboardingError(\n      MachineError.VALIDATION,\n      msg,\n      Category.POSTGRES,\n      log,\n      [],\n      { operation: 'IS VALID', targetEntity, targetEntityIds: id.join(', ') }\n    );\n  }\n\n  return new OnboardingError(\n    MachineError.VALIDATION,\n    msg,\n    Category.POSTGRES,\n    log,\n    [],\n    { operation: 'IS VALID', targetEntity, targetEntityId: id }\n  );\n}\n\nexport const POSTGRES_GET_KIDSLOOP_ID_QUERY = (\n  id: ExternalUuid | ExternalUuid[],\n  targetEntity: Entity,\n  msg: string,\n  log: Logger\n) => {\n  if (Array.isArray(id)) {\n    return new OnboardingError(MachineError.READ, msg, Category.POSTGRES, log, [], {\n      operation: 'GET KIDSLOOP IDS',\n      targetEntity,\n      targetEntityIds: id.join(', '),\n    });\n  }\n  return new OnboardingError(MachineError.READ, msg, Category.POSTGRES, log, [], {\n    operation: 'GET KIDSLOOP ID',\n    targetEntity,\n    targetEntityId: id,\n  });\n}\n\n\nexport function tryGetMember<T>(\n  e: T | undefined,\n  log: Logger,\n  path: string[] = []\n): T {\n  if (e === undefined)\n    throw new OnboardingError(\n      MachineError.VALIDATION,\n      `Expected to find data however it was undefined`,\n      Category.REQUEST,\n      log,\n      path\n    );\n  return e;\n}\n"]},"_coverageSchema":"1a1c01bbd47fc00a2c39e90264f33305004495a9","hash":"801297e653b1659af40610794ba93ad8935eb90b"},"/home/ncurtis/code/kidsloop/client_integration_layer_backend/cil-lib/src/lib/services/adminService/index.ts":{"path":"/home/ncurtis/code/kidsloop/client_integration_layer_backend/cil-lib/src/lib/services/adminService/index.ts","statementMap":{"0":{"start":{"line":2,"column":22},"end":{"line":4,"column":1}},"1":{"start":{"line":3,"column":4},"end":{"line":3,"column":62}},"2":{"start":{"line":5,"column":0},"end":{"line":5,"column":62}},"3":{"start":{"line":6,"column":0},"end":{"line":6,"column":30}},"4":{"start":{"line":7,"column":15},"end":{"line":7,"column":45}},"5":{"start":{"line":8,"column":16},"end":{"line":8,"column":52}},"6":{"start":{"line":9,"column":16},"end":{"line":9,"column":52}},"7":{"start":{"line":10,"column":22},"end":{"line":10,"column":61}},"8":{"start":{"line":11,"column":17},"end":{"line":11,"column":40}},"9":{"start":{"line":12,"column":16},"end":{"line":12,"column":38}},"10":{"start":{"line":13,"column":16},"end":{"line":13,"column":38}},"11":{"start":{"line":14,"column":23},"end":{"line":14,"column":48}},"12":{"start":{"line":15,"column":19},"end":{"line":15,"column":40}},"13":{"start":{"line":16,"column":16},"end":{"line":16,"column":34}},"14":{"start":{"line":17,"column":26},"end":{"line":20,"column":2}},"15":{"start":{"line":17,"column":45},"end":{"line":20,"column":1}},"16":{"start":{"line":23,"column":8},"end":{"line":23,"column":31}},"17":{"start":{"line":24,"column":8},"end":{"line":24,"column":59}},"18":{"start":{"line":27,"column":8},"end":{"line":28,"column":34}},"19":{"start":{"line":28,"column":12},"end":{"line":28,"column":34}},"20":{"start":{"line":29,"column":20},"end":{"line":29,"column":49}},"21":{"start":{"line":30,"column":8},"end":{"line":32,"column":9}},"22":{"start":{"line":31,"column":12},"end":{"line":31,"column":80}},"23":{"start":{"line":33,"column":25},"end":{"line":36,"column":10}},"24":{"start":{"line":42,"column":26},"end":{"line":52,"column":10}},"25":{"start":{"line":50,"column":48},"end":{"line":50,"column":55}},"26":{"start":{"line":53,"column":26},"end":{"line":80,"column":10}},"27":{"start":{"line":63,"column":12},"end":{"line":68,"column":20}},"28":{"start":{"line":64,"column":16},"end":{"line":68,"column":20}},"29":{"start":{"line":64,"column":61},"end":{"line":68,"column":18}},"30":{"start":{"line":70,"column":12},"end":{"line":74,"column":19}},"31":{"start":{"line":71,"column":16},"end":{"line":74,"column":19}},"32":{"start":{"line":75,"column":12},"end":{"line":79,"column":19}},"33":{"start":{"line":76,"column":16},"end":{"line":79,"column":19}},"34":{"start":{"line":81,"column":8},"end":{"line":95,"column":9}},"35":{"start":{"line":82,"column":27},"end":{"line":85,"column":14}},"36":{"start":{"line":86,"column":12},"end":{"line":86,"column":59}},"37":{"start":{"line":87,"column":12},"end":{"line":87,"column":68}},"38":{"start":{"line":88,"column":12},"end":{"line":88,"column":34}},"39":{"start":{"line":91,"column":12},"end":{"line":93,"column":15}},"40":{"start":{"line":94,"column":12},"end":{"line":94,"column":24}},"41":{"start":{"line":98,"column":8},"end":{"line":98,"column":28}},"42":{"start":{"line":101,"column":24},"end":{"line":101,"column":135}},"43":{"start":{"line":102,"column":8},"end":{"line":102,"column":23}},"44":{"start":{"line":105,"column":24},"end":{"line":105,"column":155}},"45":{"start":{"line":106,"column":8},"end":{"line":106,"column":23}},"46":{"start":{"line":109,"column":24},"end":{"line":109,"column":126}},"47":{"start":{"line":110,"column":8},"end":{"line":110,"column":23}},"48":{"start":{"line":113,"column":24},"end":{"line":113,"column":143}},"49":{"start":{"line":114,"column":8},"end":{"line":114,"column":23}},"50":{"start":{"line":117,"column":28},"end":{"line":117,"column":42}},"51":{"start":{"line":117,"column":40},"end":{"line":117,"column":42}},"52":{"start":{"line":118,"column":20},"end":{"line":118,"column":143}},"53":{"start":{"line":119,"column":8},"end":{"line":120,"column":147}},"54":{"start":{"line":120,"column":12},"end":{"line":120,"column":147}},"55":{"start":{"line":121,"column":8},"end":{"line":122,"column":65}},"56":{"start":{"line":122,"column":12},"end":{"line":122,"column":65}},"57":{"start":{"line":123,"column":8},"end":{"line":123,"column":22}},"58":{"start":{"line":138,"column":26},"end":{"line":138,"column":30}},"59":{"start":{"line":139,"column":21},"end":{"line":139,"column":23}},"60":{"start":{"line":140,"column":23},"end":{"line":140,"column":25}},"61":{"start":{"line":141,"column":8},"end":{"line":176,"column":9}},"62":{"start":{"line":148,"column":29},"end":{"line":152,"column":14}},"63":{"start":{"line":153,"column":33},"end":{"line":153,"column":53}},"64":{"start":{"line":154,"column":12},"end":{"line":170,"column":13}},"65":{"start":{"line":155,"column":29},"end":{"line":155,"column":51}},"66":{"start":{"line":156,"column":16},"end":{"line":168,"column":17}},"67":{"start":{"line":158,"column":24},"end":{"line":158,"column":61}},"68":{"start":{"line":159,"column":24},"end":{"line":159,"column":30}},"69":{"start":{"line":161,"column":24},"end":{"line":161,"column":53}},"70":{"start":{"line":162,"column":24},"end":{"line":162,"column":30}},"71":{"start":{"line":164,"column":24},"end":{"line":164,"column":56}},"72":{"start":{"line":165,"column":24},"end":{"line":165,"column":30}},"73":{"start":{"line":167,"column":24},"end":{"line":167,"column":30}},"74":{"start":{"line":169,"column":16},"end":{"line":169,"column":209}},"75":{"start":{"line":171,"column":12},"end":{"line":171,"column":60}},"76":{"start":{"line":172,"column":12},"end":{"line":172,"column":53}},"77":{"start":{"line":173,"column":12},"end":{"line":175,"column":13}},"78":{"start":{"line":174,"column":16},"end":{"line":174,"column":47}},"79":{"start":{"line":177,"column":8},"end":{"line":177,"column":22}},"80":{"start":{"line":180,"column":0},"end":{"line":180,"column":36}}},"fnMap":{"0":{"name":"(anonymous_0)","decl":{"start":{"line":2,"column":56},"end":{"line":2,"column":57}},"loc":{"start":{"line":2,"column":71},"end":{"line":4,"column":1}},"line":2},"1":{"name":"(anonymous_1)","decl":{"start":{"line":17,"column":26},"end":{"line":17,"column":27}},"loc":{"start":{"line":17,"column":45},"end":{"line":20,"column":1}},"line":17},"2":{"name":"(anonymous_2)","decl":{"start":{"line":22,"column":4},"end":{"line":22,"column":5}},"loc":{"start":{"line":22,"column":30},"end":{"line":25,"column":5}},"line":22},"3":{"name":"(anonymous_3)","decl":{"start":{"line":26,"column":4},"end":{"line":26,"column":5}},"loc":{"start":{"line":26,"column":31},"end":{"line":96,"column":5}},"line":26},"4":{"name":"(anonymous_4)","decl":{"start":{"line":50,"column":25},"end":{"line":50,"column":26}},"loc":{"start":{"line":50,"column":48},"end":{"line":50,"column":55}},"line":50},"5":{"name":"(anonymous_5)","decl":{"start":{"line":53,"column":47},"end":{"line":53,"column":48}},"loc":{"start":{"line":53,"column":94},"end":{"line":80,"column":9}},"line":53},"6":{"name":"(anonymous_6)","decl":{"start":{"line":64,"column":38},"end":{"line":64,"column":39}},"loc":{"start":{"line":64,"column":61},"end":{"line":68,"column":18}},"line":64},"7":{"name":"(anonymous_7)","decl":{"start":{"line":97,"column":4},"end":{"line":97,"column":5}},"loc":{"start":{"line":97,"column":17},"end":{"line":99,"column":5}},"line":97},"8":{"name":"(anonymous_8)","decl":{"start":{"line":100,"column":4},"end":{"line":100,"column":5}},"loc":{"start":{"line":100,"column":33},"end":{"line":103,"column":5}},"line":100},"9":{"name":"(anonymous_9)","decl":{"start":{"line":104,"column":4},"end":{"line":104,"column":5}},"loc":{"start":{"line":104,"column":46},"end":{"line":107,"column":5}},"line":104},"10":{"name":"(anonymous_10)","decl":{"start":{"line":108,"column":4},"end":{"line":108,"column":5}},"loc":{"start":{"line":108,"column":30},"end":{"line":111,"column":5}},"line":108},"11":{"name":"(anonymous_11)","decl":{"start":{"line":112,"column":4},"end":{"line":112,"column":5}},"loc":{"start":{"line":112,"column":43},"end":{"line":115,"column":5}},"line":112},"12":{"name":"(anonymous_12)","decl":{"start":{"line":116,"column":4},"end":{"line":116,"column":5}},"loc":{"start":{"line":116,"column":40},"end":{"line":124,"column":5}},"line":116},"13":{"name":"(anonymous_13)","decl":{"start":{"line":117,"column":28},"end":{"line":117,"column":29}},"loc":{"start":{"line":117,"column":40},"end":{"line":117,"column":42}},"line":117},"14":{"name":"(anonymous_14)","decl":{"start":{"line":137,"column":4},"end":{"line":137,"column":5}},"loc":{"start":{"line":137,"column":88},"end":{"line":178,"column":5}},"line":137}},"branchMap":{"0":{"loc":{"start":{"line":2,"column":22},"end":{"line":4,"column":1}},"type":"binary-expr","locations":[{"start":{"line":2,"column":23},"end":{"line":2,"column":27}},{"start":{"line":2,"column":31},"end":{"line":2,"column":51}},{"start":{"line":2,"column":56},"end":{"line":4,"column":1}}],"line":2},"1":{"loc":{"start":{"line":3,"column":11},"end":{"line":3,"column":61}},"type":"cond-expr","locations":[{"start":{"line":3,"column":37},"end":{"line":3,"column":40}},{"start":{"line":3,"column":43},"end":{"line":3,"column":61}}],"line":3},"2":{"loc":{"start":{"line":3,"column":12},"end":{"line":3,"column":33}},"type":"binary-expr","locations":[{"start":{"line":3,"column":12},"end":{"line":3,"column":15}},{"start":{"line":3,"column":19},"end":{"line":3,"column":33}}],"line":3},"3":{"loc":{"start":{"line":27,"column":8},"end":{"line":28,"column":34}},"type":"if","locations":[{"start":{"line":27,"column":8},"end":{"line":28,"column":34}},{"start":{"line":27,"column":8},"end":{"line":28,"column":34}}],"line":27},"4":{"loc":{"start":{"line":30,"column":8},"end":{"line":32,"column":9}},"type":"if","locations":[{"start":{"line":30,"column":8},"end":{"line":32,"column":9}},{"start":{"line":30,"column":8},"end":{"line":32,"column":9}}],"line":30},"5":{"loc":{"start":{"line":30,"column":12},"end":{"line":30,"column":36}},"type":"binary-expr","locations":[{"start":{"line":30,"column":12},"end":{"line":30,"column":16}},{"start":{"line":30,"column":20},"end":{"line":30,"column":36}}],"line":30},"6":{"loc":{"start":{"line":63,"column":12},"end":{"line":68,"column":20}},"type":"if","locations":[{"start":{"line":63,"column":12},"end":{"line":68,"column":20}},{"start":{"line":63,"column":12},"end":{"line":68,"column":20}}],"line":63},"7":{"loc":{"start":{"line":70,"column":12},"end":{"line":74,"column":19}},"type":"if","locations":[{"start":{"line":70,"column":12},"end":{"line":74,"column":19}},{"start":{"line":70,"column":12},"end":{"line":74,"column":19}}],"line":70},"8":{"loc":{"start":{"line":75,"column":12},"end":{"line":79,"column":19}},"type":"if","locations":[{"start":{"line":75,"column":12},"end":{"line":79,"column":19}},{"start":{"line":75,"column":12},"end":{"line":79,"column":19}}],"line":75},"9":{"loc":{"start":{"line":119,"column":8},"end":{"line":120,"column":147}},"type":"if","locations":[{"start":{"line":119,"column":8},"end":{"line":120,"column":147}},{"start":{"line":119,"column":8},"end":{"line":120,"column":147}}],"line":119},"10":{"loc":{"start":{"line":121,"column":8},"end":{"line":122,"column":65}},"type":"if","locations":[{"start":{"line":121,"column":8},"end":{"line":122,"column":65}},{"start":{"line":121,"column":8},"end":{"line":122,"column":65}}],"line":121},"11":{"loc":{"start":{"line":154,"column":12},"end":{"line":170,"column":13}},"type":"if","locations":[{"start":{"line":154,"column":12},"end":{"line":170,"column":13}},{"start":{"line":154,"column":12},"end":{"line":170,"column":13}}],"line":154},"12":{"loc":{"start":{"line":154,"column":16},"end":{"line":154,"column":55}},"type":"binary-expr","locations":[{"start":{"line":154,"column":16},"end":{"line":154,"column":29}},{"start":{"line":154,"column":33},"end":{"line":154,"column":55}}],"line":154},"13":{"loc":{"start":{"line":156,"column":16},"end":{"line":168,"column":17}},"type":"switch","locations":[{"start":{"line":157,"column":20},"end":{"line":159,"column":30}},{"start":{"line":160,"column":20},"end":{"line":162,"column":30}},{"start":{"line":163,"column":20},"end":{"line":165,"column":30}},{"start":{"line":166,"column":20},"end":{"line":167,"column":30}}],"line":156}},"s":{"0":1,"1":1,"2":1,"3":1,"4":1,"5":1,"6":1,"7":1,"8":1,"9":1,"10":1,"11":1,"12":1,"13":1,"14":1,"15":0,"16":0,"17":0,"18":0,"19":0,"20":0,"21":0,"22":0,"23":0,"24":0,"25":0,"26":0,"27":0,"28":0,"29":0,"30":0,"31":0,"32":0,"33":0,"34":0,"35":0,"36":0,"37":0,"38":0,"39":0,"40":0,"41":0,"42":0,"43":0,"44":0,"45":0,"46":0,"47":0,"48":0,"49":0,"50":0,"51":0,"52":0,"53":0,"54":0,"55":0,"56":0,"57":0,"58":0,"59":0,"60":0,"61":0,"62":0,"63":0,"64":0,"65":0,"66":0,"67":0,"68":0,"69":0,"70":0,"71":0,"72":0,"73":0,"74":0,"75":0,"76":0,"77":0,"78":0,"79":0,"80":1},"f":{"0":1,"1":0,"2":0,"3":0,"4":0,"5":0,"6":0,"7":0,"8":0,"9":0,"10":0,"11":0,"12":0,"13":0,"14":0},"b":{"0":[1,1,1],"1":[0,1],"2":[1,1],"3":[0,0],"4":[0,0],"5":[0,0],"6":[0,0],"7":[0,0],"8":[0,0],"9":[0,0],"10":[0,0],"11":[0,0],"12":[0,0],"13":[0,0,0,0]},"inputSourceMap":{"version":3,"file":"/home/ncurtis/code/kidsloop/client_integration_layer_backend/cil-lib/src/lib/services/adminService/index.ts","sources":["/home/ncurtis/code/kidsloop/client_integration_layer_backend/cil-lib/src/lib/services/adminService/index.ts"],"names":[],"mappings":";;;;;;AAAA,8CAQ6B;AAC7B,qDAAoD;AACpD,qDAAsD;AACtD,8DAAgC;AAGhC,yCAKsB;AACtB,uCAAqC;AACrC,uCAAsD;AAEtD,iDAAkD;AAClD,yCAA+E;AAC/E,mCAAmE;AAYnE,MAAM,iBAAiB,GAAG,CAAC,EAAE,EAAE,EAAE,IAAI,EAAgB,EAAgB,EAAE,CAAC,CAAC;IACvE,EAAE;IACF,IAAI;CACL,CAAC,CAAC;AAEH,MAAa,YAAY;IAIvB,YACU,OAA4C,EACpD,GAAW;QADH,YAAO,GAAP,OAAO,CAAqC;QAGpD,IAAI,CAAC,OAAO,GAAG,EAAE,OAAO,EAAE,EAAE,aAAa,EAAE,GAAG,EAAE,EAAE,CAAC;IACrD,CAAC;IAEM,MAAM,CAAC,KAAK,CAAC,WAAW;QAC7B,IAAI,IAAI,CAAC,SAAS;YAAE,OAAO,IAAI,CAAC,SAAS,CAAC;QAE1C,MAAM,GAAG,GAAG,OAAO,CAAC,GAAG,CAAC,iBAAiB,CAAC;QAC1C,IAAI,CAAC,GAAG,IAAI,GAAG,CAAC,MAAM,KAAK,CAAC,EAAE;YAC5B,MAAM,IAAA,mCAA0B,EAAC,mBAAmB,CAAC,CAAC;SACvD;QAED,MAAM,QAAQ,GAAG,IAAI,eAAQ,CAAC;YAC5B,GAAG,EAAE,OAAO,CAAC,GAAG,CAAC,iBAAiB;YAClC,KAAK,EAAL,qBAAK;SACN,CAAC,CAAC;QACH;;;;WAIG;QACH,MAAM,SAAS,GAAG,IAAI,iBAAS,CAAC;YAC9B,KAAK,EAAE;gBACL,OAAO,EAAE,GAAG;gBACZ,GAAG,EAAE,QAAQ;gBACb,MAAM,EAAE,IAAI;aACb;YACD,QAAQ,EAAE;gBACR,GAAG,EAAE,CAAC;gBACN,OAAO,EAAE,CAAC,KAAK,EAAE,UAAU,EAAE,EAAE,CAAC,CAAC,CAAC,KAAK;aACxC;SACF,CAAC,CAAC;QACH,MAAM,SAAS,GAAG,IAAA,eAAO,EAAC,CAAC,EAAE,aAAa,EAAE,YAAY,EAAE,QAAQ,EAAE,EAAE,EAAE;YACtE;;;;;;;;eAQG;YACH,IAAI,aAAa;gBACf,aAAa,CAAC,OAAO,CAAC,CAAC,EAAE,OAAO,EAAE,IAAI,EAAE,EAAE,EAAE,CAC1C,WAAU,CAAC,KAAK,CAAC,sBAAsB,EAAE;oBACvC,KAAK,EAAE,OAAO;oBACd,GAAG,EAAE,OAAO;oBACZ,IAAI;iBACL,CAAC,CACH,CAAC;YAEJ,iBAAiB;YACjB,IAAI,YAAY;gBACd,WAAU,CAAC,KAAK,CAAC,+CAA+C,EAAE;oBAChE,KAAK,EAAE,YAAY;oBACnB,GAAG,EAAE,OAAO;iBACb,CAAC,CAAC;YAEL,IAAI,QAAQ;gBACV,WAAU,CAAC,KAAK,CAAC,sCAAsC,EAAE;oBACvD,KAAK,EAAE,QAAQ;oBACf,GAAG,EAAE,OAAO;iBACb,CAAC,CAAC;QACP,CAAC,CAAC,CAAC;QAEH,IAAI;YACF,MAAM,MAAM,GAAG,IAAI,mBAAY,CAAC;gBAC9B,IAAI,EAAE,IAAA,WAAI,EAAC,CAAC,SAAS,EAAE,SAAS,EAAE,QAAQ,CAAC,CAAC;gBAC5C,KAAK,EAAE,IAAI,oBAAa,EAAE;aAC3B,CAAC,CAAC;YAEH,IAAI,CAAC,SAAS,GAAG,IAAI,YAAY,CAAC,MAAM,EAAE,GAAG,CAAC,CAAC;YAC/C,WAAU,CAAC,IAAI,CAAC,qCAAqC,CAAC,CAAC;YACvD,OAAO,IAAI,CAAC,SAAS,CAAC;SACvB;QAAC,OAAO,KAAK,EAAE;YACd,WAAU,CAAC,KAAK,CAAC,4CAA4C,EAAE;gBAC7D,KAAK;aACN,CAAC,CAAC;YACH,MAAM,KAAK,CAAC;SACb;IACH,CAAC;IAED,IAAI,MAAM;QACR,OAAO,IAAI,CAAC,OAAO,CAAC;IACtB,CAAC;IAEM,KAAK,CAAC,iBAAiB,CAAC,GAAW;QACxC,MAAM,OAAO,GAAG,MAAM,IAAI,CAAC,sBAAsB,CAC/C,8BAAmB,EACnB,iBAAiB,EACjB,oBAAoB,EACpB,GAAG,CACJ,CAAC;QACF,OAAO,OAAO,CAAC;IACjB,CAAC;IAEM,KAAK,CAAC,uBAAuB,CAClC,KAAW,EACX,GAAW;QAEX,MAAM,OAAO,GAAG,MAAM,IAAI,CAAC,sBAAsB,CAC/C,uCAA4B,EAC5B,iBAAiB,EACjB,oBAAoB,EACpB,GAAG,EACH,EAAE,KAAK,EAAE,CACV,CAAC;QACF,OAAO,OAAO,CAAC;IACjB,CAAC;IAEM,KAAK,CAAC,cAAc,CAAC,GAAW;QACrC,MAAM,OAAO,GAAG,MAAM,IAAI,CAAC,sBAAsB,CAC/C,wBAAgB,EAChB,iBAAiB,EACjB,iBAAiB,EACjB,GAAG,CACJ,CAAC;QACF,OAAO,OAAO,CAAC;IACjB,CAAC;IAEM,KAAK,CAAC,oBAAoB,CAC/B,KAAW,EACX,GAAW;QAEX,MAAM,OAAO,GAAG,MAAM,IAAI,CAAC,sBAAsB,CAC/C,8BAAsB,EACtB,iBAAiB,EACjB,iBAAiB,EACjB,GAAG,EACH,EAAE,KAAK,EAAE,CACV,CAAC;QACF,OAAO,OAAO,CAAC;IACjB,CAAC;IAEM,KAAK,CAAC,eAAe,CAAC,OAAe,EAAE,GAAW;QACvD,MAAM,WAAW,GAAG,CAAC,EAAE,EAAE,EAAkB,EAAE,EAAE,CAAC,EAAE,CAAC;QACnD,MAAM,GAAG,GAAG,MAAM,IAAI,CAAC,sBAAsB,CAC3C,+BAAgB,EAChB,WAAW,EACX,wBAAwB,EACxB,GAAG,EACH,EAAE,OAAO,EAAE,CACZ,CAAC;QACF,IAAI,GAAG,CAAC,MAAM,GAAG,CAAC;YAChB,MAAM,IAAI,KAAK,CACb,+DAA+D,OAAO,+CAA+C,CACtH,CAAC;QACJ,IAAI,GAAG,CAAC,MAAM,KAAK,CAAC;YAAE,MAAM,IAAI,KAAK,CAAC,gBAAgB,OAAO,YAAY,CAAC,CAAC;QAC3E,OAAO,GAAG,CAAC,CAAC,CAAC,CAAC;IAChB,CAAC;IAED;;;;;;;;;;;OAWG;IACK,KAAK,CAAC,sBAAsB,CAClC,KAAuC,EACvC,WAAmC,EACnC,cAAoC,EACpC,MAAc,EACd,SAAmC;QAEnC,IAAI,WAAW,GAAG,IAAI,CAAC;QACvB,IAAI,MAAM,GAAG,EAAE,CAAC;QAEhB,MAAM,MAAM,GAAQ,EAAE,CAAC;QACvB,OAAO,WAAW,EAAE;YAClB;;;;;eAKG;YACH,MAAM,EAAE,IAAI,EAAE,GAAG,MAAM,IAAI,CAAC,MAAM,CAAC,KAAK,CAAC;gBACvC,KAAK;gBACL,SAAS,kBACP,KAAK,EAAE,EAAE,EACT,MAAM,IACH,SAAS,CACb;gBACD,OAAO,EAAE,IAAI,CAAC,OAAO;aACtB,CAAC,CAAC;YAEH,MAAM,YAAY,GAAG,IAAI,CAAC,cAAc,CAAC,CAAC;YAC1C,IAAI,CAAC,YAAY,IAAI,CAAC,YAAY,CAAC,QAAQ,EAAE;gBAC3C,IAAI,MAAM,GAAG,cAAM,CAAC,OAAO,CAAC;gBAC5B,QAAQ,cAAc,EAAE;oBACtB,KAAK,wBAAwB;wBAC3B,MAAM,GAAG,cAAM,CAAC,YAAY,CAAC;wBAC7B,MAAM;oBACR,KAAK,iBAAiB;wBACpB,MAAM,GAAG,cAAM,CAAC,IAAI,CAAC;wBACrB,MAAM;oBACR,KAAK,oBAAoB;wBACvB,MAAM,GAAG,cAAM,CAAC,OAAO,CAAC;wBACxB,MAAM;oBACR;wBACE,MAAM;iBACT;gBAED,MAAM,IAAI,wBAAe,CACvB,qBAAY,CAAC,SAAS,EACtB,kEAAkE,EAClE,iBAAQ,CAAC,aAAa,EACtB,MAAM,EACN,EAAE,EACF,EAAE,MAAM,EAAE,CACX,CAAC;aACH;YACD,WAAW,GAAG,YAAY,CAAC,QAAQ,CAAC,WAAW,CAAC;YAChD,MAAM,GAAG,YAAY,CAAC,QAAQ,CAAC,SAAS,CAAC;YAEzC,KAAK,MAAM,EAAE,IAAI,EAAE,IAAI,YAAY,CAAC,KAAK,EAAE;gBACzC,MAAM,CAAC,IAAI,CAAC,WAAW,CAAC,IAAI,CAAC,CAAC,CAAC;aAChC;SACF;QACD,OAAO,MAAM,CAAC;IAChB,CAAC;CACF;AAzOD,oCAyOC","sourcesContent":["import {\n  ApolloClient,\n  DocumentNode,\n  from,\n  HttpLink,\n  InMemoryCache,\n  NormalizedCacheObject,\n  TypedDocumentNode,\n} from '@apollo/client/core';\nimport { onError } from '@apollo/client/link/error';\nimport { RetryLink } from '@apollo/client/link/retry';\nimport fetch from 'cross-fetch';\nimport { Logger } from 'pino';\n\nimport {\n  Category,\n  ENVIRONMENT_VARIABLE_ERROR,\n  MachineError,\n  OnboardingError,\n} from '../../errors';\nimport { Entity } from '../../types';\nimport { log as baseLogger, Uuid } from '../../utils';\n\nimport { GET_ORGANIZATION } from './organization';\nimport { GET_PROGRAMS_BY_ORGANIZATION, GET_SYSTEM_PROGRAMS } from './programs';\nimport { GET_ORGANIZATION_ROLES, GET_SYSTEM_ROLES } from './roles';\n\ntype SupportedConnections =\n  | 'programsConnection'\n  | 'rolesConnection'\n  | 'organizationConnection';\n\nexport type IdNameMapper = {\n  id: Uuid;\n  name: string;\n};\n\nconst idNameTransformer = ({ id, name }: IdNameMapper): IdNameMapper => ({\n  id,\n  name,\n});\n\nexport class AdminService {\n  private static _instance: AdminService;\n  private context: { headers: { authorization: string } };\n\n  private constructor(\n    private _client: ApolloClient<NormalizedCacheObject>,\n    jwt: string\n  ) {\n    this.context = { headers: { authorization: jwt } };\n  }\n\n  public static async getInstance() {\n    if (this._instance) return this._instance;\n\n    const jwt = process.env.ADMIN_SERVICE_JWT;\n    if (!jwt || jwt.length === 0) {\n      throw ENVIRONMENT_VARIABLE_ERROR('ADMIN_SERVICE_JWT');\n    }\n\n    const httpLink = new HttpLink({\n      uri: process.env.ADMIN_SERVICE_URL,\n      fetch,\n    });\n    /**\n     * Only 
[...]
ib/src/lib/entities/class.ts"],"names":[],"mappings":";;;AAAA,2CAAwE;AAGxE,sCAMmB;AACnB,oCAAkC;AAGlC,MAAM,MAAM,GAAG,IAAI,qBAAY,EAAE,CAAC;AAElC,MAAa,KAAK;IAET,MAAM,CAAC,KAAK,CAAC,SAAS,CAC3B,CAA0B,EAC1B,GAAW;QAEX,IAAI;YACF,MAAM,MAAM,CAAC,KAAK,CAAC,MAAM,CAAC;gBACxB,IAAI,EAAE,CAAC;aACR,CAAC,CAAC;SACJ;QAAC,OAAO,KAAK,EAAE;YACd,MAAM,GAAG,GAAG,KAAK,YAAY,KAAK,CAAC,CAAC,CAAC,KAAK,CAAC,OAAO,CAAC,CAAC,CAAC,GAAG,KAAK,EAAE,CAAC;YAChE,MAAM,IAAI,wBAAe,CACvB,qBAAY,CAAC,KAAK,EAClB,GAAG,EACH,iBAAQ,CAAC,QAAQ,EACjB,GAAG,EACH,EAAE,EACF,EAAE,QAAQ,EAAE,CAAC,CAAC,YAAY,EAAE,SAAS,EAAE,YAAY,EAAE,CACtD,CAAC;SACH;IACH,CAAC;IAEM,MAAM,CAAC,KAAK,CAAC,OAAO,CAAC,EAAgB,EAAE,GAAW;QACvD,IAAI;YACF,MAAM,CAAC,GAAG,MAAM,MAAM,CAAC,KAAK,CAAC,UAAU,CAAC;gBACtC,KAAK,EAAE;oBACL,YAAY,EAAE,EAAE;iBACjB;aACF,CAAC,CAAC;YACH,IAAI,CAAC,CAAC;gBAAE,MAAM,IAAI,KAAK,CAAC,UAAU,EAAE,YAAY,CAAC,CAAC;YAClD,OAAO,CAAC,CAAC;SACV;QAAC,OAAO,KAAK,EAAE;YACd,MAAM,GAAG,GAAG,KAAK,YAAY,KAAK,CAAC,CAAC,CAAC,KAAK,CAAC,OAAO,CAAC,CAAC,CAAC,GAAG,KAAK,EAAE,CAAC;YAChE,MAAM,IAAI,wBAAe,CACvB,qBAAY,CAAC,IAAI,EACjB,GAAG,EACH,iBAAQ,CAAC,QAAQ,EACjB,GAAG,EACH,EAAE,EACF,EAAE,QAAQ,EAAE,EAAE,EAAE,SAAS,EAAE,UAAU,EAAE,CACxC,CAAC;SACH;IACH,CAAC;IAEM,MAAM,CAAC,KAAK,CAAC,OAAO,CAAC,EAAgB,EAAE,GAAW;QACvD,IAAI;YACF,MAAM,MAAM,GAAG,MAAM,MAAM,CAAC,KAAK,CAAC,SAAS,CAAC;gBAC1C,KAAK,EAAE;oBACL,YAAY,EAAE,EAAE;iBACjB;gBACD,MAAM,EAAE;oBACN,YAAY,EAAE,IAAI;iBACnB;aACF,CAAC,CAAC;YACH,IAAI,MAAM;gBAAE,OAAO,IAAI,CAAC;YACxB,MAAM,IAAI,KAAK,CAAC,GAAG,IAAI,CAAC,MAAM,KAAK,EAAE,eAAe,CAAC,CAAC;SACvD;QAAC,OAAO,KAAK,EAAE;YACd,MAAM,GAAG,GAAG,KAAK,YAAY,KAAK,CAAC,CAAC,CAAC,KAAK,CAAC,OAAO,CAAC,CAAC,CAAC,GAAG,KAAK,EAAE,CAAC;YAChE,MAAM,IAAA,gCAAuB,EAAC,EAAE,EAAE,IAAI,CAAC,MAAM,EAAE,GAAG,EAAE,GAAG,CAAC,CAAC;SAC1D;IACH,CAAC;IAEM,MAAM,CAAC,KAAK,CAAC,KAAK,CAAC,EAAgB,EAAE,GAAW;QACrD,IAAI;YACF,MAAM,MAAM,GAAG,MAAM,MAAM,CAAC,YAAY,CAAC,UAAU,CAAC;gBAClD,KAAK,EAAE;oBACL,YAAY,EAAE,EAAE;iBACjB;gBACD,MAAM,EAAE;oBACN,MAAM,EAAE,IAAI;iBACb;aACF,CAAC,CAAC;YACH,IAAI,CAAC,MAAM;gBAAE,MAAM,IAAI,KAAK,CAAC,GAAG,IAAI,CAAC,MAAM,KAAK,EAAE,eAAe,CAAC,CAAC;YACnE,IAAI,MAAM,IAAI,MAAM,CAAC,MAAM;gBAAE,OAAO,MAAM,CAAC,MAAM,CAAC;YAClD,MAAM,IAAI,KAAK,CAAC,kCAAkC,IAAI,CAAC,MAAM,KAAK,EAAE,EAAE,CAAC,CAAC;SACzE;QAAC,OAAO,KAAK,EAAE;YACd,MAAM,GAAG,GAAG,KAAK,YAAY,KAAK,CAAC,CAAC,CAAC,KAAK,CAAC,OAAO,CAAC,CAAC,CAAC,GAAG,KAAK,EAAE,CAAC;YAChE,MAAM,IAAA,uCAA8B,EAAC,EAAE,EAAE,IAAI,CAAC,MAAM,EAAE,GAAG,EAAE,GAAG,CAAC,CAAC;SACjE;IACH,CAAC;IAEM,MAAM,CAAC,KAAK,CAAC,QAAQ,CAC1B,QAAsB,EACtB,GAAmB,EACnB,GAAW;QAEX,IAAI;YACF,MAAM,KAAK,GAAG,CACZ,MAAM,MAAM,CAAC,KAAK,CAAC,QAAQ,CAAC;gBAC1B,KAAK,EAAE;oBACL,YAAY,EAAE;wBACZ,EAAE,EAAE,GAAG;qBACR;oBACD,kBAAkB,EAAE,QAAQ;iBAC7B;gBACD,MAAM,EAAE;oBACN,YAAY,EAAE,IAAI;iBACnB;aACF,CAAC,CACH,CAAC,GAAG,CAAC,CAAC,CAAC,EAAE,EAAE,CAAC,CAAC,CAAC,YAAY,CAAC,CAAC;YAC7B,IAAI,KAAK,CAAC,MAAM,KAAK,GAAG,CAAC,MAAM;gBAAE,OAAO;YACxC,MAAM,KAAK,GAAG,IAAI,GAAG,CAAC,GAAG,CAAC,CAAC;YAC3B,KAAK,MAAM,EAAE,IAAI,KAAK,EAAE;gBACtB,KAAK,CAAC,MAAM,CAAC,EAAE,CAAC,CAAC;aAClB;YACD,MAAM,IAAI,KAAK,CACb,YAAY,CAAC,KAAK,CAAC,IAAI,CAAC,KAAK,CAAC,CAAC,IAAI,CAAC,IAAI,CAAC,CAAC,gBAAgB,CAC3D,CAAC;SACH;QAAC,OAAO,KAAK,EAAE;YACd,MAAM,GAAG,GAAG,KAAK,YAAY,KAAK,CAAC,CAAC,CAAC,KAAK,CAAC,OAAO,CAAC,CAAC,CAAC,GAAG,KAAK,EAAE,CAAC;YAChE,MAAM,IAAI,wBAAe,CACvB,qBAAY,CAAC,IAAI,EACjB,GAAG,EACH,iBAAQ,CAAC,QAAQ,EACjB,GAAG,EACH,EAAE,EACF,EAAE,SAAS,EAAE,GAAG,EAAE,SAAS,EAAE,WAAW,EAAE,CAC3C,CAAC;SACH;IACH,CAAC;;AAxHH,sBAyHC;AAxHe,YAAM,GAAG,cAAM,CAAC,KAAK,CAAC","sourcesContent":["import { Class as DbClass, Prisma, PrismaClient } from '@prisma/client';\nimport { Logger } from 'pino';\n\nimport {\n  Category,\n  MachineError,\n  OnboardingError,\n  POSTGRES_GET_KIDSLOOP_ID_QUERY,\n  POSTGRES_IS_VALID_QUERY,\n} from '../errors';\nimport { Entity } from '../types';\nimport { ExternalUuid, Uuid } from '../utils';\n\nconst prisma = new PrismaClient();\n\nexport class Class {\n  public static entity = Entity.CLASS;\n  public static async insertOne(\n    c: Prisma.ClassCreateInput,\n    log: Logger\n  ): Promise<void> {\n    try {\n      await prisma.class.create({\n        data: c,\n      });\n    } catch (error) {\n      const msg = error instanceof Error ? error.message : `${error}`;\n      throw new OnboardingError(\n        MachineError.WRITE,\n        msg,\n        Category.POSTGRES,\n        log,\n        [],\n        { entityId: c.externalUuid, operation: 'INSERT ONE' }\n      );\n    }\n  }\n\n  public static async findOne(id: ExternalUuid, log: Logger): Promise<DbClass> {\n    try {\n      const c = await prisma.class.findUnique({\n        where: {\n          externalUuid: id,\n        },\n      });\n      if (!c) throw new Error(`Class: ${id} not found`);\n      return c;\n    } catch (error) {\n      const msg = error instanceof Error ? error.message : `${error}`;\n      throw new OnboardingError(\n        MachineError.READ,\n        msg,\n        Category.POSTGRES,\n        log,\n        [],\n        { entityId: id, operation: 'FIND ONE' }\n      );\n    }\n  }\n\n  public static async isValid(id: ExternalUuid, log: Logger): Promise<boolean> {\n    try {\n      const entity = await prisma.class.findFirst({\n        where: {\n          externalUuid: id,\n        },\n        select: {\n          externalUuid: true,\n        },\n      });\n      if (entity) return true;\n      throw new Error(`${this.entity}: ${id} is not valid`);\n    } catch (error) {\n      const msg = error instanceof Error ? error.message : `${error}`;\n      throw POSTGRES_IS_VALID_QUERY(id, this.entity, msg, log);\n    }\n  }\n\n  public static async getId(id: ExternalUuid, log: Logger): Promise<Uuid> {\n    try {\n      const klUuid = await prisma.organization.findUnique({\n        where: {\n          externalUuid: id,\n        },\n        select: {\n          klUuid: true,\n        },\n      });\n      if (!klUuid) throw new Error(`${this.entity}: ${id} is not valid`);\n      if (klUuid && klUuid.klUuid) return klUuid.klUuid;\n      throw new Error(`Unable to find KidsLoop ID for ${this.entity}: ${id}`);\n    } catch (error) {\n      const msg = error instanceof Error ? error.message : `${error}`;\n      throw POSTGRES_GET_KIDSLOOP_ID_QUERY(id, this.entity, msg, log);\n    }\n  }\n\n  public static async areValid(\n    schoolId: ExternalUuid,\n    ids: ExternalUuid[],\n    log: Logger\n  ): Promise<void> {\n    try {\n      const count = (\n        await prisma.class.findMany({\n          where: {\n            externalUuid: {\n              in: ids,\n            },\n            externalSchoolUuid: schoolId,\n          },\n          select: {\n            externalUuid: true,\n          },\n        })\n      ).map((c) => c.externalUuid);\n      if (count.length === ids.length) return;\n      const idSet = new Set(ids);\n      for (const id of count) {\n        idSet.delete(id);\n      }\n      throw new Error(\n        `Classes: ${[Array.from(idSet).join(', ')]} are not valid`\n      );\n    } catch (error) {\n      const msg = error instanceof Error ? error.message : `${error}`;\n      throw new OnboardingError(\n        MachineError.READ,\n        msg,\n        Category.POSTGRES,\n        log,\n        [],\n        { entityIds: ids, operation: 'ARE VALID' }\n      );\n    }\n  }\n}\n"]},"_coverageSchema":"1a1c01bbd47fc00a2c39e90264f33305004495a9","hash":"812a408ba236b4e08f73ebf9ff35f1f3717943e3"},"/home/ncurtis/code/kidsloop/client_integration_layer_backend/cil-lib/src/lib/entities/user.ts":{"path":"/home/ncurtis/code/kidsloop/client_integration_layer_backend/cil-lib/src/lib/entities/user.ts","statementMap":{"0":{"start":{"line":2,"column":0},"end":{"line":2,"column":62}},"1":{"start":{"line":3,"column":0},"end":{"line":3,"column":22}},"2":{"start":{"line":4,"column":17},"end":{"line":4,"column":42}},"3":{"start":{"line":5,"column":17},"end":{"line":5,"column":37}},"4":{"start":{"line":6,"column":16},"end":{"line":6,"column":35}},"5":{"start":{"line":7,"column":15},"end":{"line":7,"column":42}},"6":{"start":{"line":10,"column":8},"end":{"line":18,"column":9}},"7":{"start":{"line":11,"column":12},"end":{"line":13,"column":15}},"8":{"start":{"line":16,"column":24},"end":{"line":16,"column":75}},"9":{"start":{"line":17,"column":12},"end":{"line":17,"column":176}},"10":{"start":{"line":21,"column":8},"end":{"line":34,"column":9}},"11":{"start":{"line":22,"column":25},"end":{"line":26,"column":14}},"12":{"start":{"line":27,"column":12},"end":{"line":28,"column":57}},"13":{"start":{"line":28,"column":16},"end":{"line":28,"column":57}},"14":{"start":{"line":29,"column":12},"end":{"line":29,"column":24}},"15":{"start":{"line":32,"column":24},"end":{"line":32,"column":75}},"16":{"start":{"line":33,"column":12},"end":{"line":33,"column":158}},"17":{"start":{"line":37,"column":8},"end":{"line":53,"column":9}},"18":{"start":{"line":38,"column":27},"end":{"line":45,"column":14}},"19":{"start":{"line":46,"column":12},"end":{"line":47,"column":28}},"20":{"start":{"line":47,"column":16},"end":{"line":47,"column":28}},"21":{"start":{"line":48,"column":12},"end":{"line":48,"column":66}},"22":{"start":{"line":51,"column":24},"end":{"line":51,"column":75}},"23":{"start":{"line":52,"column":12},"end":{"line":52,"column":83}},"24":{"start":{"line":56,"column":8},"end":{"line":74,"column":9}},"25":{"start":{"line":57,"column":27},"end":{"line":64,"column":14}},"26":{"start":{"line":65,"column":12},"end":{"line":66,"column":70}},"27":{"start":{"line":66,"column":16},"end":{"line":66,"column":70}},"28":{"start":{"line":67,"column":12},"end":{"line":68,"column":37}},"29":{"start":{"line":68,"column":16},"end":{"line":68,"column":37}},"30":{"start":{"line":69,"column":12},"end":{"line":69,"column":84}},"31":{"start":{"line":72,"column":24},"end":{"line":72,"column":75}},"32":{"start":{"line":73,"column":12},"end":{"line":73,"column":90}},"33":{"start":{"line":77,"column":0},"end":{"line":77,"column":20}},"34":{"start":{"line":78,"column":0},"end":{"line":78,"column":34}}},"fnMap":{"0":{"name":"(anonymous_0)","decl":{"start":{"line":9,"column":4},"end":{"line":9,"column":5}},"loc":{"start":{"line":9,"column":38},"end":{"line":19,"column":5}},"line":9},"1":{"name":"(anonymous_1)","decl":{"start":{"line":20,"column":4},"end":{"line":20,"column":5}},"loc":{"start":{"line":20,"column":34},"end":{"line":35,"column":5}},"line":20},"2":{"name":"(anonymous_2)","decl":{"start":{"line":36,"column":4},"end":{"line":36,"column":5}},"loc":{"start":{"line":36,"column":34},"end":{"line":54,"column":5}},"line":36},"3":{"name":"(anonymous_3)","decl":{"start":{"line":55,"column":4},"end":{"line":55,"column":5}},"loc":{"start":{"line":55,"column":32},"end":{"line":75,"column":5}},"line":55}},"branchMap":{"0":{"loc":{"start":{"line":16,"column":24},"end":{"line":16,"column":75}},"type":"cond-expr","locations":[{"start":{"line":16,"column":49},"end":{"line":16,"column":62}},{"start":{"line":16,"column":65},"end":{"line":16,"column":75}}],"line":16},"1":{"loc":{"start":{"line":27,"column":12},"end":{"line":28,"column":57}},"type":"if","locations":[{"start":{"line":27,"column":12},"end":{"line":28,"column":57}},{"start":{"line":27,"column":12},"end":{"line":28,"column":57}}],"line":27},"2":{"loc":{"start":{"line":32,"column":24},"end":{"line":32,"column":75}},"type":"cond-expr","locations":[{"start":{"line":32,"column":49},"end":{"line":32,"column":62}},{"start":{"line":32,"column":65},"end":{"line":32,"column":75}}],"line":32},"3":{"loc":{"start":{"line":46,"column":12},"end":{"line":47,"column":28}},"type":"if","locations":[{"start":{"line":46,"column":12},"end":{"line":47,"column":28}},{"start":{"line":46,"column":12},"end":{"line":47,"column":28}}],"line":46},"4":{"loc":{"start":{"line":51,"column":24},"end":{"line":51,"column":75}},"type":"cond-expr","locations":[{"start":{"line":51,"column":49},"end":{"line":51,"column":62}},{"start":{"line":51,"column":65},"end":{"line":51,"column":75}}],"line":51},"5":{"loc":{"start":{"line":65,"column":12},"end":{"line":66,"column":70}},"type":"if","locations":[{"start":{"line":65,"column":12},"end":{"line":66,"column":70}},{"start":{"line":65,"column":12},"end":{"line":66,"column":70}}],"line":65},"6":{"loc":{"start":{"line":67,"column":12},"end":{"line":68,"column":37}},"type":"if","locations":[{"start":{"line":67,"column":12},"end":{"line":68,"column":37}},{"start":{"line":67,"column":12},"end":{"line":68,"column":37}}],"line":67},"7":{"loc":{"start":{"line":67,"column":16},"end":{"line":67,"column":39}},"type":"binary-expr","locations":[{"start":{"line":67,"column":16},"end":{"line":67,"column":22}},{"start":{"line":67,"column":26},"end":{"line":67,"column":39}}],"line":67},"8":{"loc":{"start":{"line":72,"column":24},"end":{"line":72,"column":75}},"type":"cond-expr","locations":[{"start":{"line":72,"column":49},"end":{"line":72,"column":62}},{"start":{"line":72,"column":65},"end":{"line":72,"column":75}}],"line":72}},"s":{"0":1,"1":1,"2":1,"3":1,"4":1,"5":1,"6":0,"7":0,"8":0,"9":0,"10":0,"11":0,"12":0,"13":0,"14":0,"15":0,"16":0,"17":0,"18":0,"19":0,"20":0,"21":0,"22":0,"23":0,"24":0,"25":0,"26":0,"27":0,"28":0,"29":0,"30":0,"31":0,"32":0,"33":1,"34":1},"f":{"0":0,"1":0,"2":0,"3":0},"b":{"0":[0,0],"1":[0,0],"2":[0,0],"3":[0,0],"4":[0,0],"5":[0,0],"6":[0,0],"7":[0,0],"8":[0,0]},"inputSourceMap":{"version":3,"file":"/home/ncurtis/code/kidsloop/client_integration_layer_backend/cil-lib/src/lib/entities/user.ts","sources":["/home/ncurtis/code/kidsloop/client_integration_layer_backend/cil-lib/src/lib/entities/user.ts"],"names":[],"mappings":";;;AAAA,2CAAsE;AAGtE,sCAMmB;AACnB,oCAAkC;AAGlC,MAAM,MAAM,GAAG,IAAI,qBAAY,EAAE,CAAC;AAElC,MAAa,IAAI;IAER,MAAM,CAAC,KAAK,CAAC,SAAS,CAC3B,IAA4B,EAC5B,GAAW;QAEX,IAAI;YACF,MAAM,MAAM,CAAC,IAAI,CAAC,MAAM,CAAC;gBACvB,IAAI,EAAE,IAAI;aACX,CAAC,CAAC;SACJ;QAAC,OAAO,KAAK,EAAE;YACd,MAAM,GAAG,GAAG,KAAK,YAAY,KAAK,CAAC,CAAC,CAAC,KAAK,CAAC,OAAO,CAAC,CAAC,CAAC,GAAG,KAAK,EAAE,CAAC;YAChE,MAAM,IAAI,wBAAe,CACvB,qBAAY,CAAC,KAAK,EAClB,GAAG,EACH,iBAAQ,CAAC,QAAQ,EACjB,GAAG,EACH,EAAE,EACF,EAAE,QAAQ,EAAE,IAAI,CAAC,YAAY,EAAE,SAAS,EAAE,YAAY,EAAE,CACzD,CAAC;SACH;IACH,CAAC;IAEM,MAAM,CAAC,KAAK,CAAC,OAAO,CAAC,EAAgB,EAAE,GAAW;QACvD,IAAI;YACF,MAAM,IAAI,GAAG,MAAM,MAAM,CAAC,IAAI,CAAC,UAAU,CAAC;gBACxC,KAAK,EAAE;oBACL,YAAY,EAAE,EAAE;iBACjB;aACF,CAAC,CAAC;YACH,IAAI,CAAC,IAAI;gBAAE,MAAM,IAAI,KAAK,CAAC,SAAS,EAAE,YAAY,CAAC,CAAC;YACpD,OAAO,IAAI,CAAC;SACb;QAAC,OAAO,KAAK,EAAE;YACd,MAAM,GAAG,GAAG,KAAK,YAAY,KAAK,CAAC,CAAC,CAAC,KAAK,CAAC,OAAO,CAAC,CAAC,CAAC,GAAG,KAAK,EAAE,CAAC;YAChE,MAAM,IAAI,wBAAe,CACvB,qBAAY,CAAC,IAAI,EACjB,GAAG,EACH,iBAAQ,CAAC,QAAQ,EACjB,GAAG,EACH,EAAE,EACF,EAAE,QAAQ,EAAE,EAAE,EAAE,SAAS,EAAE,UAAU,EAAE,CACxC,CAAC;SACH;IACH,CAAC;IAEM,MAAM,CAAC,KAAK,CAAC,OAAO,CAAC,EAAgB,EAAE,GAAW;QACvD,IAAI;YACF,MAAM,MAAM,GAAG,MAAM,MAAM,CAAC,IAAI,CAAC,SAAS,CAAC;gBACzC,KAAK,EAAE;oBACL,YAAY,EAAE,EAAE;iBACjB;gBACD,MAAM,EAAE;oBACN,YAAY,EAAE,IAAI;iBACnB;aACF,CAAC,CAAC;YACH,IAAI,MAAM;gBAAE,OAAO,IAAI,CAAC;YACxB,MAAM,IAAI,KAAK,CAAC,GAAG,IAAI,CAAC,MAAM,KAAK,EAAE,eAAe,CAAC,CAAC;SACvD;QAAC,OAAO,KAAK,EAAE;YACd,MAAM,GAAG,GAAG,KAAK,YAAY,KAAK,CAAC,CAAC,CAAC,KAAK,CAAC,OAAO,CAAC,CAAC,CAAC,GAAG,KAAK,EAAE,CAAC;YAChE,MAAM,IAAA,gCAAuB,EAAC,EAAE,EAAE,IAAI,CAAC,MAAM,EAAE,GAAG,EAAE,GAAG,CAAC,CAAC;SAC1D;IACH,CAAC;IAEM,MAAM,CAAC,KAAK,CAAC,KAAK,CAAC,EAAgB,EAAE,GAAW;QACrD,IAAI;YACF,MAAM,MAAM,GAAG,MAAM,MAAM,CAAC,IAAI,CAAC,UAAU,CAAC;gBAC1C,KAAK,EAAE;oBACL,YAAY,EAAE,EAAE;iBACjB;gBACD,MAAM,EAAE;oBACN,MAAM,EAAE,IAAI;iBACb;aACF,CAAC,CAAC;YACH,IAAI,CAAC,MAAM;gBAAE,MAAM,IAAI,KAAK,CAAC,GAAG,IAAI,CAAC,MAAM,KAAK,EAAE,eAAe,CAAC,CAAC;YACnE,IAAI,MAAM,IAAI,MAAM,CAAC,MAAM;gBAAE,OAAO,MAAM,CAAC,MAAM,CAAC;YAClD,MAAM,IAAI,KAAK,CAAC,kCAAkC,IAAI,CAAC,MAAM,KAAK,EAAE,EAAE,CAAC,CAAC;SACzE;QAAC,OAAO,KAAK,EAAE;YACd,MAAM,GAAG,GAAG,KAAK,YAAY,KAAK,CAAC,CAAC,CAAC,KAAK,CAAC,OAAO,CAAC,CAAC,CAAC,GAAG,KAAK,EAAE,CAAC;YAChE,MAAM,IAAA,uCAA8B,EAAC,EAAE,EAAE,IAAI,CAAC,MAAM,EAAE,GAAG,EAAE,GAAG,CAAC,CAAC;SACjE;IACH,CAAC;;AAhFH,oBAiFC;AAhFe,WAAM,GAAG,cAAM,CAAC,IAAI,CAAC","sourcesContent":["import { User as DbUser, Prisma, PrismaClient } from '@prisma/client';\nimport { Logger } from 'pino';\n\nimport {\n  Category,\n  MachineError,\n  OnboardingError,\n  POSTGRES_GET_KIDSLOOP_ID_QUERY,\n  POSTGRES_IS_VALID_QUERY,\n} from '../errors';\nimport { Entity } from '../types';\nimport { ExternalUuid, Uuid } from '../utils';\n\nconst prisma = new PrismaClient();\n\nexport class User {\n  public static entity = Entity.USER;\n  public static async insertOne(\n    user: Prisma.UserCreateInput,\n    log: Logger\n  ): Promise<void> {\n    try {\n      await prisma.user.create({\n        data: user,\n      });\n    } catch (error) {\n      const msg = error instanceof Error ? error.message : `${error}`;\n      throw new OnboardingError(\n        MachineError.WRITE,\n        msg,\n        Category.POSTGRES,\n        log,\n        [],\n        { entityId: user.externalUuid, operation: 'INSERT ONE' }\n      );\n    }\n  }\n\n  public static async findOne(id: ExternalUuid, log: Logger): Promise<DbUser> {\n    try {\n      const user = await prisma.user.findUnique({\n        where: {\n          externalUuid: id,\n        },\n      });\n      if (!user) throw new Error(`User: ${id} not found`);\n      return user;\n    } catch (error) {\n      const msg = error instanceof Error ? error.message : `${error}`;\n      throw new OnboardingError(\n        MachineError.READ,\n        msg,\n        Category.POSTGRES,\n        log,\n        [],\n        { entityId: id, operation: 'FIND ONE' }\n      );\n    }\n  }\n\n  public static async isValid(id: ExternalUuid, log: Logger): Promise<boolean> {\n    try {\n      const entity = await prisma.user.findFirst({\n        where: {\n          externalUuid: id,\n        },\n        select: {\n          externalUuid: true,\n        },\n      });\n      if (entity) return true;\n      throw new Error(`${this.entity}: ${id} is not valid`);\n    } catch (error) {\n      const msg = error instanceof Error ? error.message : `${error}`;\n      throw POSTGRES_IS_VALID_QUERY(id, this.entity, msg, log);\n    }\n  }\n\n  public static async getId(id: ExternalUuid, log: Logger): Promise<Uuid> {\n    try {\n      const klUuid = await prisma.user.findUnique({\n        where: {\n          externalUuid: id,\n        },\n        select: {\n          klUuid: true,\n        },\n      });\n      if (!klUuid) throw new Error(`${this.entity}: ${id} is not valid`);\n      if (klUuid && klUuid.klUuid) return klUuid.klUuid;\n      throw new Error(`Unable to find KidsLoop ID for ${this.entity}: ${id}`);\n    } catch (error) {\n      const msg = error instanceof Error ? error.message : `${error}`;\n      throw POSTGRES_GET_KIDSLOOP_ID_QUERY(id, this.entity, msg, log);\n    }\n  }\n}\n"]},"_coverageSchema":"1a1c01bbd47fc00a2c39e90264f33305004495a9","hash":"15c1cdc0d6048f86d2781cdcc56503b8e09a9788"},"/home/ncurtis/code/kidsloop/client_integration_layer_backend/cil-lib/src/lib/services/index.ts":{"path":"/home/ncurtis/code/kidsloop/client_integration_layer_backend/cil-lib/src/lib/services/index.ts","statementMap":{"0":{"start":{"line":2,"column":0},"end":{"line":2,"column":62}},"1":{"start":{"line":3,"column":0},"end":{"line":3,"column":30}},"2":{"start":{"line":4,"column":21},"end":{"line":4,"column":46}},"3":{"start":{"line":5,"column":0},"end":{"line":5,"column":127}},"4":{"start":{"line":5,"column":86},"end":{"line":5,"column":121}}},"fnMap":{"0":{"name":"(anonymous_0)","decl":{"start":{"line":5,"column":72},"end":{"line":5,"column":73}},"loc":{"start":{"line":5,"column":84},"end":{"line":5,"column":123}},"line":5}},"branchMap":{},"s":{"0":1,"1":1,"2":1,"3":1,"4":0},"f":{"0":0},"b":{},"inputSourceMap":{"version":3,"file":"/home/ncurtis/code/kidsloop/client_integration_layer_backend/cil-lib/src/lib/services/index.ts","sources":["/home/ncurtis/code/kidsloop/client_integration_layer_backend/cil-lib/src/lib/services/index.ts"],"names":[],"mappings":";;;AAAA,+CAA8C;AAArC,4GAAA,YAAY,OAAA","sourcesContent":["export { AdminService } from './adminService';\n"]},"_coverageSchema":"1a1c01bbd47fc00a2c39e90264f33305004495a9","hash":"4d8cbd489e4be5b95b4d829c4ab9ddf334f1c06b"}}